[rospy.client][INFO] 2020-11-09 08:05:06,628: init_node, name[/train_2008_1604909106624], pid[2008]
[xmlrpc][INFO] 2020-11-09 08:05:06,629: XML-RPC server binding to 0.0.0.0:0
[xmlrpc][INFO] 2020-11-09 08:05:06,629: Started XML-RPC server [http://luigi:35041/]
[rospy.init][INFO] 2020-11-09 08:05:06,629: ROS Slave URI: [http://luigi:35041/]
[rospy.impl.masterslave][INFO] 2020-11-09 08:05:06,630: _ready: http://luigi:35041/
[rospy.registration][INFO] 2020-11-09 08:05:06,631: Registering with master node http://192.168.0.201:11311
[xmlrpc][INFO] 2020-11-09 08:05:06,631: xml rpc node: starting XML-RPC server
[rospy.init][INFO] 2020-11-09 08:05:06,730: registered with master
[rospy.rosout][INFO] 2020-11-09 08:05:06,730: initializing /rosout core topic
[rospy.rosout][INFO] 2020-11-09 08:05:06,735: connected to core topic /rosout
[rospy.simtime][INFO] 2020-11-09 08:05:06,736: /use_sim_time is not set, will not subscribe to simulated time [/clock] topic
[rospy.internal][INFO] 2020-11-09 08:05:06,760: topic[/odom] adding connection to [http://192.168.0.201:42957/], count 0
[rospy.internal][INFO] 2020-11-09 08:05:06,761: topic[/bev/flow_image] adding connection to [http://192.168.0.201:42413/], count 0
[rospy.internal][INFO] 2020-11-09 08:05:06,764: topic[/bev/occupancy_image] adding connection to [http://192.168.0.201:42413/], count 0
[rospy.internal][INFO] 2020-11-09 08:05:06,950: topic[/rosout] adding connection to [/rosout], count 0
[rosout][ERROR] 2020-11-09 08:05:07,186: bad callback: <bound method ROSNode.occupancy_image_callback of <__main__.ROSNode object at 0x7fb9b75a7280>>
Traceback (most recent call last):
  File "/opt/ros/noetic/lib/python3/dist-packages/rospy/topics.py", line 750, in _invoke_callback
    cb(msg)
  File "/root/catkin_ws/src/flow_field_based_motion_planner/src/train.py", line 79, in occupancy_image_callback
    if math.sqrt(math.pow(i * self.map_grid_size - 0.5 * self.map_range, 2) + math.pow(j * self.map_grid_size - 0.5 * self.map_range, 2)) <= self.robot_rsize:
AttributeError: 'ROSNode' object has no attribute 'map_grid_size'

[rosout][ERROR] 2020-11-09 08:05:08,285: bad callback: <bound method ROSNode.occupancy_image_callback of <__main__.ROSNode object at 0x7fb9b75a7280>>
Traceback (most recent call last):
  File "/opt/ros/noetic/lib/python3/dist-packages/rospy/topics.py", line 750, in _invoke_callback
    cb(msg)
  File "/root/catkin_ws/src/flow_field_based_motion_planner/src/train.py", line 79, in occupancy_image_callback
    if math.sqrt(math.pow(i * self.map_grid_size - 0.5 * self.map_range, 2) + math.pow(j * self.map_grid_size - 0.5 * self.map_range, 2)) <= self.robot_rsize:
AttributeError: 'ROSNode' object has no attribute 'map_grid_size'

[rospy.core][INFO] 2020-11-09 08:05:09,094: signal_shutdown [signal-2]
[rospy.internal][INFO] 2020-11-09 08:05:09,098: topic[/rosout] removing connection to /rosout
[rospy.internal][INFO] 2020-11-09 08:05:09,098: topic[/bev/flow_image] removing connection to http://192.168.0.201:42413/
[rospy.internal][INFO] 2020-11-09 08:05:09,098: topic[/bev/occupancy_image] removing connection to http://192.168.0.201:42413/
[rospy.internal][INFO] 2020-11-09 08:05:09,098: topic[/odom] removing connection to http://192.168.0.201:42957/
[rospy.impl.masterslave][INFO] 2020-11-09 08:05:09,099: signal-2
[rospy.internal][WARNING] 2020-11-09 08:05:09,100: Unknown error initiating TCP/IP socket to 192.168.0.201:40509 (http://192.168.0.201:42413/): Traceback (most recent call last):
  File "/opt/ros/noetic/lib/python3/dist-packages/rospy/impl/tcpros_base.py", line 562, in connect
    self.read_header()
  File "/opt/ros/noetic/lib/python3/dist-packages/rospy/impl/tcpros_base.py", line 657, in read_header
    self._validate_header(read_ros_handshake_header(sock, self.read_buff, self.protocol.buff_size))
AttributeError: 'NoneType' object has no attribute 'buff_size'

[rospy.core][INFO] 2020-11-09 08:05:09,154: signal_shutdown [signal-2]
[rospy.core][INFO] 2020-11-09 08:05:09,186: signal_shutdown [signal-2]
[rospy.core][INFO] 2020-11-09 08:05:09,215: signal_shutdown [signal-2]
[rospy.core][INFO] 2020-11-09 08:05:09,246: signal_shutdown [signal-2]
[rospy.core][INFO] 2020-11-09 08:05:09,276: signal_shutdown [signal-2]
[rospy.core][INFO] 2020-11-09 08:05:09,308: signal_shutdown [signal-2]
[rospy.core][INFO] 2020-11-09 08:05:09,339: signal_shutdown [signal-2]
[rospy.core][INFO] 2020-11-09 08:05:09,371: signal_shutdown [signal-2]
[rospy.core][INFO] 2020-11-09 08:05:09,408: signal_shutdown [signal-2]
[rospy.core][INFO] 2020-11-09 08:05:09,433: signal_shutdown [signal-2]
[rospy.core][INFO] 2020-11-09 08:05:09,463: signal_shutdown [signal-2]
[rospy.core][INFO] 2020-11-09 08:05:09,495: signal_shutdown [signal-2]
[rospy.core][INFO] 2020-11-09 08:05:09,536: signal_shutdown [signal-2]
[rospy.core][INFO] 2020-11-09 08:05:09,566: signal_shutdown [signal-2]
[rospy.core][INFO] 2020-11-09 08:05:09,595: signal_shutdown [signal-2]
[rospy.core][INFO] 2020-11-09 08:05:09,625: signal_shutdown [signal-2]
[rospy.core][INFO] 2020-11-09 08:05:09,655: signal_shutdown [signal-2]
[rospy.core][INFO] 2020-11-09 08:05:09,740: signal_shutdown [atexit]
