[rospy.client][INFO] 2020-11-09 08:03:28,996: init_node, name[/train_1954_1604909008991], pid[1954]
[xmlrpc][INFO] 2020-11-09 08:03:28,996: XML-RPC server binding to 0.0.0.0:0
[xmlrpc][INFO] 2020-11-09 08:03:28,997: Started XML-RPC server [http://luigi:35415/]
[rospy.init][INFO] 2020-11-09 08:03:28,997: ROS Slave URI: [http://luigi:35415/]
[rospy.impl.masterslave][INFO] 2020-11-09 08:03:28,998: _ready: http://luigi:35415/
[rospy.registration][INFO] 2020-11-09 08:03:28,999: Registering with master node http://192.168.0.201:11311
[xmlrpc][INFO] 2020-11-09 08:03:28,999: xml rpc node: starting XML-RPC server
[rospy.init][INFO] 2020-11-09 08:03:29,098: registered with master
[rospy.rosout][INFO] 2020-11-09 08:03:29,098: initializing /rosout core topic
[rospy.rosout][INFO] 2020-11-09 08:03:29,102: connected to core topic /rosout
[rospy.simtime][INFO] 2020-11-09 08:03:29,104: /use_sim_time is not set, will not subscribe to simulated time [/clock] topic
[rospy.internal][INFO] 2020-11-09 08:03:29,127: topic[/bev/flow_image] adding connection to [http://192.168.0.201:42413/], count 0
[rospy.internal][INFO] 2020-11-09 08:03:29,132: topic[/bev/occupancy_image] adding connection to [http://192.168.0.201:42413/], count 0
[rospy.internal][INFO] 2020-11-09 08:03:29,134: topic[/odom] adding connection to [http://192.168.0.201:42957/], count 0
[rospy.internal][INFO] 2020-11-09 08:03:29,322: topic[/rosout] adding connection to [/rosout], count 0
[rosout][ERROR] 2020-11-09 08:03:30,556: bad callback: <bound method ROSNode.occupancy_image_callback of <__main__.ROSNode object at 0x7fc98cff8280>>
Traceback (most recent call last):
  File "/opt/ros/noetic/lib/python3/dist-packages/rospy/topics.py", line 750, in _invoke_callback
    cb(msg)
  File "/root/catkin_ws/src/flow_field_based_motion_planner/src/train.py", line 77, in occupancy_image_callback
    for i in range(cv_occupancy_image[0].size()):
TypeError: 'int' object is not callable

[rosout][ERROR] 2020-11-09 08:03:31,475: bad callback: <bound method ROSNode.occupancy_image_callback of <__main__.ROSNode object at 0x7fc98cff8280>>
Traceback (most recent call last):
  File "/opt/ros/noetic/lib/python3/dist-packages/rospy/topics.py", line 750, in _invoke_callback
    cb(msg)
  File "/root/catkin_ws/src/flow_field_based_motion_planner/src/train.py", line 77, in occupancy_image_callback
    for i in range(cv_occupancy_image[0].size()):
TypeError: 'int' object is not callable

[rospy.core][INFO] 2020-11-09 08:03:31,495: signal_shutdown [signal-2]
[rospy.internal][INFO] 2020-11-09 08:03:31,500: topic[/rosout] removing connection to /rosout
[rospy.internal][INFO] 2020-11-09 08:03:31,500: topic[/bev/flow_image] removing connection to http://192.168.0.201:42413/
[rospy.internal][INFO] 2020-11-09 08:03:31,500: topic[/bev/occupancy_image] removing connection to http://192.168.0.201:42413/
[rospy.internal][INFO] 2020-11-09 08:03:31,501: topic[/odom] removing connection to http://192.168.0.201:42957/
[rospy.impl.masterslave][INFO] 2020-11-09 08:03:31,501: signal-2
[rospy.core][INFO] 2020-11-09 08:03:31,996: signal_shutdown [signal-2]
[rospy.core][INFO] 2020-11-09 08:03:32,033: signal_shutdown [signal-2]
[rospy.core][INFO] 2020-11-09 08:03:32,060: signal_shutdown [signal-2]
[rospy.core][INFO] 2020-11-09 08:03:32,089: signal_shutdown [signal-2]
[rospy.core][INFO] 2020-11-09 08:03:32,128: signal_shutdown [signal-2]
[rospy.core][INFO] 2020-11-09 08:03:32,136: signal_shutdown [atexit]
