[rospy.client][INFO] 2020-10-05 06:46:15,973: init_node, name[/train_1260_1601880375946], pid[1260]
[xmlrpc][INFO] 2020-10-05 06:46:15,974: XML-RPC server binding to 0.0.0.0:0
[xmlrpc][INFO] 2020-10-05 06:46:15,975: Started XML-RPC server [http://luigi:33327/]
[rospy.init][INFO] 2020-10-05 06:46:15,975: ROS Slave URI: [http://luigi:33327/]
[rospy.impl.masterslave][INFO] 2020-10-05 06:46:15,975: _ready: http://luigi:33327/
[rospy.registration][INFO] 2020-10-05 06:46:15,976: Registering with master node http://localhost:11311
[xmlrpc][INFO] 2020-10-05 06:46:15,977: xml rpc node: starting XML-RPC server
[rospy.init][INFO] 2020-10-05 06:46:16,075: registered with master
[rospy.rosout][INFO] 2020-10-05 06:46:16,076: initializing /rosout core topic
[rospy.rosout][INFO] 2020-10-05 06:46:16,080: connected to core topic /rosout
[rospy.simtime][INFO] 2020-10-05 06:46:16,082: /use_sim_time is not set, will not subscribe to simulated time [/clock] topic
[rospy.internal][INFO] 2020-10-05 06:46:16,343: topic[/rosout] adding connection to [/rosout], count 0
[rospy.core][INFO] 2020-10-05 06:46:48,720: signal_shutdown [signal-2]
[rospy.internal][INFO] 2020-10-05 06:46:48,725: topic[/rosout] removing connection to /rosout
[rospy.impl.masterslave][INFO] 2020-10-05 06:46:48,725: signal-2
[rospy.core][INFO] 2020-10-05 06:46:49,220: signal_shutdown [signal-2]
[rospy.core][INFO] 2020-10-05 06:46:49,251: signal_shutdown [signal-2]
[rospy.core][INFO] 2020-10-05 06:46:49,285: signal_shutdown [signal-2]
[rospy.core][INFO] 2020-10-05 06:46:49,312: signal_shutdown [signal-2]
[rospy.core][INFO] 2020-10-05 06:46:49,322: signal_shutdown [atexit]
