[rospy.client][INFO] 2020-10-02 11:28:30,164: init_node, name[/train_1570_1601638110137], pid[1570]
[xmlrpc][INFO] 2020-10-02 11:28:30,165: XML-RPC server binding to 0.0.0.0:0
[xmlrpc][INFO] 2020-10-02 11:28:30,165: Started XML-RPC server [http://luigi:36733/]
[rospy.init][INFO] 2020-10-02 11:28:30,166: ROS Slave URI: [http://luigi:36733/]
[rospy.impl.masterslave][INFO] 2020-10-02 11:28:30,166: _ready: http://luigi:36733/
[rospy.registration][INFO] 2020-10-02 11:28:30,167: Registering with master node http://localhost:11311
[xmlrpc][INFO] 2020-10-02 11:28:30,167: xml rpc node: starting XML-RPC server
[rospy.init][INFO] 2020-10-02 11:28:30,266: registered with master
[rospy.rosout][INFO] 2020-10-02 11:28:30,267: initializing /rosout core topic
[rospy.rosout][INFO] 2020-10-02 11:28:30,272: connected to core topic /rosout
[rospy.simtime][INFO] 2020-10-02 11:28:30,274: /use_sim_time is not set, will not subscribe to simulated time [/clock] topic
[rospy.internal][INFO] 2020-10-02 11:28:30,477: topic[/rosout] adding connection to [/rosout], count 0
[rospy.core][INFO] 2020-10-02 11:28:33,467: signal_shutdown [signal-2]
[rospy.internal][INFO] 2020-10-02 11:28:33,471: topic[/rosout] removing connection to /rosout
[rospy.impl.masterslave][INFO] 2020-10-02 11:28:33,472: signal-2
[rospy.core][INFO] 2020-10-02 11:28:33,968: signal_shutdown [signal-2]
[rospy.core][INFO] 2020-10-02 11:28:34,008: signal_shutdown [signal-2]
[rospy.core][INFO] 2020-10-02 11:28:34,034: signal_shutdown [signal-2]
[rospy.core][INFO] 2020-10-02 11:28:34,066: signal_shutdown [signal-2]
[rospy.core][INFO] 2020-10-02 11:28:34,069: signal_shutdown [atexit]
