[rospy.client][INFO] 2020-11-24 07:49:51,249: init_node, name[/train_4506_1606204191218], pid[4506]
[xmlrpc][INFO] 2020-11-24 07:49:51,250: XML-RPC server binding to 0.0.0.0:0
[xmlrpc][INFO] 2020-11-24 07:49:51,251: Started XML-RPC server [http://192.168.0.191:41719/]
[rospy.init][INFO] 2020-11-24 07:49:51,251: ROS Slave URI: [http://192.168.0.191:41719/]
[rospy.impl.masterslave][INFO] 2020-11-24 07:49:51,251: _ready: http://192.168.0.191:41719/
[rospy.registration][INFO] 2020-11-24 07:49:51,253: Registering with master node http://192.168.0.201:11311
[xmlrpc][INFO] 2020-11-24 07:49:51,253: xml rpc node: starting XML-RPC server
[rospy.init][INFO] 2020-11-24 07:49:51,352: registered with master
[rospy.rosout][INFO] 2020-11-24 07:49:51,352: initializing /rosout core topic
[rospy.rosout][INFO] 2020-11-24 07:49:51,358: connected to core topic /rosout
[rospy.simtime][INFO] 2020-11-24 07:49:51,359: /use_sim_time is not set, will not subscribe to simulated time [/clock] topic
[rospy.internal][INFO] 2020-11-24 07:49:51,386: topic[/scan] adding connection to [http://192.168.0.201:41039/], count 0
[rospy.internal][INFO] 2020-11-24 07:49:51,388: topic[/bev/flow_image] adding connection to [http://192.168.0.201:37615/], count 0
[rospy.internal][INFO] 2020-11-24 07:49:51,390: topic[/scan] adding connection to [http://192.168.0.201:33433/], count 1
[rospy.internal][INFO] 2020-11-24 07:49:51,393: topic[/start_goal_points] adding connection to [http://192.168.0.201:38933/], count 0
[rospy.internal][INFO] 2020-11-24 07:49:51,399: topic[/odom] adding connection to [http://192.168.0.201:41039/], count 0
[rospy.internal][INFO] 2020-11-24 07:49:51,401: topic[/bev/occupancy_image] adding connection to [http://192.168.0.201:37615/], count 0
[rospy.internal][INFO] 2020-11-24 07:49:51,600: topic[/rosout] adding connection to [/rosout], count 0
[rospy.internal][INFO] 2020-11-24 07:49:51,601: topic[/cmd_vel] adding connection to [/gazebo], count 0
[rospy.internal][INFO] 2020-11-24 07:49:51,602: topic[/is_finish_episode] adding connection to [/episode_manager], count 0
[rospy.internal][INFO] 2020-11-24 07:49:51,603: topic[/cmd_vel] adding connection to [/bev_flow_estimator], count 1
[rospy.core][INFO] 2020-11-24 07:50:37,050: signal_shutdown [signal-2]
[rospy.internal][INFO] 2020-11-24 07:50:37,055: topic[/rosout] removing connection to /rosout
[rospy.internal][INFO] 2020-11-24 07:50:37,056: topic[/cmd_vel] removing connection to /gazebo
[rospy.internal][INFO] 2020-11-24 07:50:37,056: topic[/cmd_vel] removing connection to /bev_flow_estimator
[rospy.internal][INFO] 2020-11-24 07:50:37,056: topic[/is_finish_episode] removing connection to /episode_manager
[rospy.internal][INFO] 2020-11-24 07:50:37,057: topic[/bev/flow_image] removing connection to http://192.168.0.201:37615/
[rospy.internal][INFO] 2020-11-24 07:50:37,057: topic[/bev/occupancy_image] removing connection to http://192.168.0.201:37615/
[rospy.internal][INFO] 2020-11-24 07:50:37,057: topic[/odom] removing connection to http://192.168.0.201:41039/
[rospy.internal][INFO] 2020-11-24 07:50:37,058: topic[/start_goal_points] removing connection to http://192.168.0.201:38933/
[rospy.internal][INFO] 2020-11-24 07:50:37,058: topic[/scan] removing connection to http://192.168.0.201:41039/
[rospy.internal][INFO] 2020-11-24 07:50:37,059: topic[/scan] removing connection to http://192.168.0.201:33433/
[rospy.impl.masterslave][INFO] 2020-11-24 07:50:37,059: signal-2
[rospy.core][INFO] 2020-11-24 07:50:37,549: signal_shutdown [signal-2]
[rospy.core][INFO] 2020-11-24 07:50:37,591: signal_shutdown [signal-2]
[rospy.core][INFO] 2020-11-24 07:50:37,612: signal_shutdown [signal-2]
[rospy.core][INFO] 2020-11-24 07:50:37,640: signal_shutdown [signal-2]
[rospy.core][INFO] 2020-11-24 07:50:37,672: signal_shutdown [signal-2]
[rospy.core][INFO] 2020-11-24 07:50:37,707: signal_shutdown [signal-2]
[rospy.core][INFO] 2020-11-24 07:50:37,733: signal_shutdown [signal-2]
[rospy.core][INFO] 2020-11-24 07:50:37,764: signal_shutdown [signal-2]
[rospy.core][INFO] 2020-11-24 07:50:37,796: signal_shutdown [signal-2]
[rospy.core][INFO] 2020-11-24 07:50:37,828: signal_shutdown [signal-2]
[rospy.core][INFO] 2020-11-24 07:50:37,857: signal_shutdown [signal-2]
[rospy.core][INFO] 2020-11-24 07:50:37,887: signal_shutdown [signal-2]
[rospy.core][INFO] 2020-11-24 07:50:37,918: signal_shutdown [signal-2]
[rospy.core][INFO] 2020-11-24 07:50:37,949: signal_shutdown [signal-2]
[rospy.core][INFO] 2020-11-24 07:50:37,988: signal_shutdown [signal-2]
[rospy.core][INFO] 2020-11-24 07:50:38,015: signal_shutdown [signal-2]
[rospy.core][INFO] 2020-11-24 07:50:38,047: signal_shutdown [signal-2]
[rospy.core][INFO] 2020-11-24 07:50:38,074: signal_shutdown [signal-2]
[rospy.core][INFO] 2020-11-24 07:50:38,105: signal_shutdown [signal-2]
[rospy.core][INFO] 2020-11-24 07:50:38,154: signal_shutdown [signal-2]
[rospy.core][INFO] 2020-11-24 07:50:38,165: signal_shutdown [signal-2]
[rospy.core][INFO] 2020-11-24 07:50:38,196: signal_shutdown [signal-2]
[rospy.core][INFO] 2020-11-24 07:50:38,230: signal_shutdown [signal-2]
[rospy.core][INFO] 2020-11-24 07:50:38,259: signal_shutdown [signal-2]
[rospy.core][INFO] 2020-11-24 07:50:38,290: signal_shutdown [signal-2]
[rospy.core][INFO] 2020-11-24 07:50:38,321: signal_shutdown [signal-2]
[rospy.core][INFO] 2020-11-24 07:50:38,350: signal_shutdown [signal-2]
[rospy.core][INFO] 2020-11-24 07:50:38,388: signal_shutdown [signal-2]
[rospy.core][INFO] 2020-11-24 07:50:38,412: signal_shutdown [signal-2]
[rospy.core][INFO] 2020-11-24 07:50:38,442: signal_shutdown [signal-2]
[rospy.core][INFO] 2020-11-24 07:50:38,473: signal_shutdown [signal-2]
[rospy.core][INFO] 2020-11-24 07:50:38,507: signal_shutdown [signal-2]
[rospy.core][INFO] 2020-11-24 07:50:38,544: signal_shutdown [signal-2]
[rospy.core][INFO] 2020-11-24 07:50:38,568: signal_shutdown [signal-2]
[rospy.core][INFO] 2020-11-24 07:50:38,598: signal_shutdown [signal-2]
[rospy.core][INFO] 2020-11-24 07:50:38,628: signal_shutdown [signal-2]
[rospy.core][INFO] 2020-11-24 07:50:38,667: signal_shutdown [signal-2]
[rospy.core][INFO] 2020-11-24 07:50:38,691: signal_shutdown [signal-2]
[rospy.core][INFO] 2020-11-24 07:50:38,721: signal_shutdown [signal-2]
[rospy.core][INFO] 2020-11-24 07:50:38,751: signal_shutdown [signal-2]
[rospy.core][INFO] 2020-11-24 07:50:38,788: signal_shutdown [signal-2]
[rospy.core][INFO] 2020-11-24 07:50:38,814: signal_shutdown [signal-2]
[rospy.core][INFO] 2020-11-24 07:50:38,844: signal_shutdown [signal-2]
[rospy.core][INFO] 2020-11-24 07:50:38,875: signal_shutdown [signal-2]
[rospy.core][INFO] 2020-11-24 07:50:38,907: signal_shutdown [signal-2]
[rospy.core][INFO] 2020-11-24 07:50:38,941: signal_shutdown [signal-2]
[rospy.core][INFO] 2020-11-24 07:50:38,970: signal_shutdown [signal-2]
[rospy.core][INFO] 2020-11-24 07:50:39,002: signal_shutdown [signal-2]
[rospy.core][INFO] 2020-11-24 07:50:39,034: signal_shutdown [signal-2]
[rospy.core][INFO] 2020-11-24 07:50:39,072: signal_shutdown [signal-2]
[rospy.core][INFO] 2020-11-24 07:50:39,097: signal_shutdown [signal-2]
[rospy.core][INFO] 2020-11-24 07:50:39,126: signal_shutdown [signal-2]
[rospy.core][INFO] 2020-11-24 07:50:39,156: signal_shutdown [signal-2]
[rospy.core][INFO] 2020-11-24 07:50:39,196: signal_shutdown [signal-2]
[rospy.core][INFO] 2020-11-24 07:50:39,217: signal_shutdown [signal-2]
[rospy.core][INFO] 2020-11-24 07:50:39,248: signal_shutdown [signal-2]
[rospy.core][INFO] 2020-11-24 07:50:39,279: signal_shutdown [signal-2]
[rospy.core][INFO] 2020-11-24 07:50:39,320: signal_shutdown [signal-2]
[rospy.core][INFO] 2020-11-24 07:50:39,348: signal_shutdown [signal-2]
[rospy.core][INFO] 2020-11-24 07:50:39,378: signal_shutdown [signal-2]
[rospy.core][INFO] 2020-11-24 07:50:39,408: signal_shutdown [signal-2]
[rospy.core][INFO] 2020-11-24 07:50:39,439: signal_shutdown [signal-2]
[rospy.core][INFO] 2020-11-24 07:50:39,469: signal_shutdown [signal-2]
[rospy.core][INFO] 2020-11-24 07:50:39,504: signal_shutdown [signal-2]
[rospy.core][INFO] 2020-11-24 07:50:39,532: signal_shutdown [signal-2]
[rospy.core][INFO] 2020-11-24 07:50:39,563: signal_shutdown [signal-2]
[rospy.core][INFO] 2020-11-24 07:50:39,596: signal_shutdown [signal-2]
[rospy.core][INFO] 2020-11-24 07:50:39,627: signal_shutdown [signal-2]
[rospy.core][INFO] 2020-11-24 07:50:39,677: signal_shutdown [signal-2]
[rospy.core][INFO] 2020-11-24 07:50:39,687: signal_shutdown [signal-2]
[rospy.core][INFO] 2020-11-24 07:50:39,717: signal_shutdown [signal-2]
[rospy.core][INFO] 2020-11-24 07:50:39,750: signal_shutdown [signal-2]
[rospy.core][INFO] 2020-11-24 07:50:39,778: signal_shutdown [signal-2]
[rospy.core][INFO] 2020-11-24 07:50:39,810: signal_shutdown [signal-2]
[rospy.core][INFO] 2020-11-24 07:50:39,841: signal_shutdown [signal-2]
[rospy.core][INFO] 2020-11-24 07:50:39,873: signal_shutdown [signal-2]
[rospy.core][INFO] 2020-11-24 07:50:39,919: signal_shutdown [signal-2]
[rospy.core][INFO] 2020-11-24 07:50:39,935: signal_shutdown [signal-2]
[rospy.core][INFO] 2020-11-24 07:50:39,965: signal_shutdown [signal-2]
[rospy.core][INFO] 2020-11-24 07:50:39,995: signal_shutdown [signal-2]
[rospy.core][INFO] 2020-11-24 07:50:40,027: signal_shutdown [signal-2]
[rospy.core][INFO] 2020-11-24 07:50:40,072: signal_shutdown [signal-2]
[rospy.core][INFO] 2020-11-24 07:50:40,090: signal_shutdown [signal-2]
[rospy.core][INFO] 2020-11-24 07:50:40,120: signal_shutdown [signal-2]
[rospy.core][INFO] 2020-11-24 07:50:40,150: signal_shutdown [signal-2]
[rospy.core][INFO] 2020-11-24 07:50:40,190: signal_shutdown [signal-2]
[rospy.core][INFO] 2020-11-24 07:50:40,225: signal_shutdown [signal-2]
[rospy.core][INFO] 2020-11-24 07:50:40,249: signal_shutdown [signal-2]
[rospy.core][INFO] 2020-11-24 07:50:40,279: signal_shutdown [signal-2]
[rospy.core][INFO] 2020-11-24 07:50:40,311: signal_shutdown [signal-2]
[rospy.core][INFO] 2020-11-24 07:50:40,343: signal_shutdown [signal-2]
[rospy.core][INFO] 2020-11-24 07:50:40,388: signal_shutdown [signal-2]
[rospy.core][INFO] 2020-11-24 07:50:40,406: signal_shutdown [signal-2]
[rospy.core][INFO] 2020-11-24 07:50:40,436: signal_shutdown [signal-2]
[rospy.core][INFO] 2020-11-24 07:50:40,467: signal_shutdown [signal-2]
[rospy.core][INFO] 2020-11-24 07:50:40,502: signal_shutdown [signal-2]
[rospy.core][INFO] 2020-11-24 07:50:40,529: signal_shutdown [signal-2]
[rospy.core][INFO] 2020-11-24 07:50:40,561: signal_shutdown [signal-2]
[rospy.core][INFO] 2020-11-24 07:50:40,593: signal_shutdown [signal-2]
[rospy.core][INFO] 2020-11-24 07:50:40,624: signal_shutdown [signal-2]
[rospy.core][INFO] 2020-11-24 07:50:40,670: signal_shutdown [signal-2]
[rospy.core][INFO] 2020-11-24 07:50:40,686: signal_shutdown [signal-2]
[rospy.core][INFO] 2020-11-24 07:50:40,716: signal_shutdown [signal-2]
[rospy.core][INFO] 2020-11-24 07:50:40,755: signal_shutdown [signal-2]
[rospy.core][INFO] 2020-11-24 07:50:40,792: signal_shutdown [signal-2]
[rospy.core][INFO] 2020-11-24 07:50:40,816: signal_shutdown [signal-2]
[rospy.core][INFO] 2020-11-24 07:50:40,846: signal_shutdown [signal-2]
[rospy.core][INFO] 2020-11-24 07:50:40,876: signal_shutdown [signal-2]
[rospy.core][INFO] 2020-11-24 07:50:40,906: signal_shutdown [signal-2]
[rospy.core][INFO] 2020-11-24 07:50:40,942: signal_shutdown [signal-2]
[rospy.core][INFO] 2020-11-24 07:50:40,969: signal_shutdown [signal-2]
[rospy.core][INFO] 2020-11-24 07:50:41,002: signal_shutdown [signal-2]
[rospy.core][INFO] 2020-11-24 07:50:41,031: signal_shutdown [signal-2]
[rospy.core][INFO] 2020-11-24 07:50:41,062: signal_shutdown [signal-2]
[rospy.core][INFO] 2020-11-24 07:50:41,100: signal_shutdown [signal-2]
[rospy.core][INFO] 2020-11-24 07:50:41,126: signal_shutdown [signal-2]
[rospy.core][INFO] 2020-11-24 07:50:41,157: signal_shutdown [signal-2]
[rospy.core][INFO] 2020-11-24 07:50:41,187: signal_shutdown [signal-2]
[rospy.core][INFO] 2020-11-24 07:50:41,232: signal_shutdown [signal-2]
[rospy.core][INFO] 2020-11-24 07:50:41,258: signal_shutdown [signal-2]
[rospy.core][INFO] 2020-11-24 07:50:41,288: signal_shutdown [signal-2]
[rospy.core][INFO] 2020-11-24 07:50:41,318: signal_shutdown [signal-2]
[rospy.core][INFO] 2020-11-24 07:50:41,349: signal_shutdown [signal-2]
[rospy.core][INFO] 2020-11-24 07:50:41,386: signal_shutdown [signal-2]
[rospy.core][INFO] 2020-11-24 07:50:41,426: signal_shutdown [signal-2]
[rospy.core][INFO] 2020-11-24 07:50:41,446: signal_shutdown [signal-2]
[rospy.core][INFO] 2020-11-24 07:50:41,476: signal_shutdown [signal-2]
[rospy.core][INFO] 2020-11-24 07:50:41,508: signal_shutdown [signal-2]
[rospy.core][INFO] 2020-11-24 07:50:41,546: signal_shutdown [signal-2]
[rospy.core][INFO] 2020-11-24 07:50:41,575: signal_shutdown [signal-2]
[rospy.core][INFO] 2020-11-24 07:50:41,604: signal_shutdown [signal-2]
[rospy.core][INFO] 2020-11-24 07:50:41,636: signal_shutdown [signal-2]
[rospy.core][INFO] 2020-11-24 07:50:41,668: signal_shutdown [signal-2]
[rospy.core][INFO] 2020-11-24 07:50:41,714: signal_shutdown [signal-2]
[rospy.core][INFO] 2020-11-24 07:50:41,728: signal_shutdown [signal-2]
[rospy.core][INFO] 2020-11-24 07:50:41,758: signal_shutdown [signal-2]
[rospy.core][INFO] 2020-11-24 07:50:41,789: signal_shutdown [signal-2]
[rospy.core][INFO] 2020-11-24 07:50:41,827: signal_shutdown [signal-2]
[rospy.core][INFO] 2020-11-24 07:50:41,853: signal_shutdown [signal-2]
[rospy.core][INFO] 2020-11-24 07:50:41,884: signal_shutdown [signal-2]
[rospy.core][INFO] 2020-11-24 07:50:41,916: signal_shutdown [signal-2]
[rospy.core][INFO] 2020-11-24 07:50:41,946: signal_shutdown [signal-2]
[rospy.core][INFO] 2020-11-24 07:50:41,986: signal_shutdown [signal-2]
[rospy.core][INFO] 2020-11-24 07:50:42,008: signal_shutdown [signal-2]
[rospy.core][INFO] 2020-11-24 07:50:42,039: signal_shutdown [signal-2]
[rospy.core][INFO] 2020-11-24 07:50:42,070: signal_shutdown [signal-2]
[rospy.core][INFO] 2020-11-24 07:50:42,104: signal_shutdown [signal-2]
