[rospy.client][INFO] 2020-11-24 05:16:41,843: init_node, name[/train_4083_1606195001811], pid[4083]
[xmlrpc][INFO] 2020-11-24 05:16:41,844: XML-RPC server binding to 0.0.0.0:0
[xmlrpc][INFO] 2020-11-24 05:16:41,845: Started XML-RPC server [http://192.168.0.191:44053/]
[rospy.init][INFO] 2020-11-24 05:16:41,845: ROS Slave URI: [http://192.168.0.191:44053/]
[rospy.impl.masterslave][INFO] 2020-11-24 05:16:41,845: _ready: http://192.168.0.191:44053/
[rospy.registration][INFO] 2020-11-24 05:16:41,847: Registering with master node http://192.168.0.201:11311
[xmlrpc][INFO] 2020-11-24 05:16:41,847: xml rpc node: starting XML-RPC server
[rospy.init][INFO] 2020-11-24 05:16:41,946: registered with master
[rospy.rosout][INFO] 2020-11-24 05:16:41,946: initializing /rosout core topic
[rospy.rosout][INFO] 2020-11-24 05:16:41,952: connected to core topic /rosout
[rospy.simtime][INFO] 2020-11-24 05:16:41,953: /use_sim_time is not set, will not subscribe to simulated time [/clock] topic
[rospy.internal][INFO] 2020-11-24 05:16:41,973: topic[/bev/flow_image] adding connection to [http://192.168.0.201:44927/], count 0
[rospy.internal][INFO] 2020-11-24 05:16:41,980: topic[/scan] adding connection to [http://192.168.0.201:41579/], count 0
[rospy.internal][INFO] 2020-11-24 05:16:41,986: topic[/scan] adding connection to [http://192.168.0.201:42299/], count 1
[rospy.internal][INFO] 2020-11-24 05:16:41,989: topic[/start_goal_points] adding connection to [http://192.168.0.201:40621/], count 0
[rospy.internal][INFO] 2020-11-24 05:16:41,992: topic[/odom] adding connection to [http://192.168.0.201:41579/], count 0
[rospy.internal][INFO] 2020-11-24 05:16:41,993: topic[/bev/occupancy_image] adding connection to [http://192.168.0.201:44927/], count 0
[rospy.internal][INFO] 2020-11-24 05:16:42,136: topic[/cmd_vel] adding connection to [/gazebo], count 0
[rospy.internal][INFO] 2020-11-24 05:16:42,235: topic[/rosout] adding connection to [/rosout], count 0
[rospy.internal][INFO] 2020-11-24 05:16:42,236: topic[/cmd_vel] adding connection to [/bev_flow_estimator], count 1
[rospy.internal][INFO] 2020-11-24 05:16:42,237: topic[/is_created_scenarios] adding connection to [/episode_manager], count 0
[rospy.core][INFO] 2020-11-24 05:21:10,491: signal_shutdown [signal-2]
[rospy.internal][INFO] 2020-11-24 05:21:10,499: topic[/rosout] removing connection to /rosout
[rospy.internal][INFO] 2020-11-24 05:21:10,499: topic[/cmd_vel] removing connection to /gazebo
[rospy.internal][INFO] 2020-11-24 05:21:10,500: topic[/cmd_vel] removing connection to /bev_flow_estimator
[rospy.internal][INFO] 2020-11-24 05:21:10,500: topic[/is_created_scenarios] removing connection to /episode_manager
[rospy.internal][INFO] 2020-11-24 05:21:10,501: topic[/bev/flow_image] removing connection to http://192.168.0.201:44927/
[rospy.internal][INFO] 2020-11-24 05:21:10,503: topic[/bev/occupancy_image] removing connection to http://192.168.0.201:44927/
[rospy.internal][INFO] 2020-11-24 05:21:10,504: topic[/odom] removing connection to http://192.168.0.201:41579/
[rospy.internal][WARNING] 2020-11-24 05:21:10,505: Unknown error initiating TCP/IP socket to 192.168.0.201:58885 (http://192.168.0.201:44927/): Traceback (most recent call last):
  File "/opt/ros/noetic/lib/python3/dist-packages/rospy/impl/tcpros_base.py", line 562, in connect
    self.read_header()
  File "/opt/ros/noetic/lib/python3/dist-packages/rospy/impl/tcpros_base.py", line 657, in read_header
    self._validate_header(read_ros_handshake_header(sock, self.read_buff, self.protocol.buff_size))
AttributeError: 'NoneType' object has no attribute 'buff_size'

[rospy.internal][INFO] 2020-11-24 05:21:10,506: topic[/start_goal_points] removing connection to http://192.168.0.201:40621/
[rospy.internal][WARNING] 2020-11-24 05:21:10,508: Unknown error initiating TCP/IP socket to 192.168.0.201:58885 (http://192.168.0.201:44927/): Traceback (most recent call last):
  File "/opt/ros/noetic/lib/python3/dist-packages/rospy/impl/tcpros_base.py", line 562, in connect
    self.read_header()
  File "/opt/ros/noetic/lib/python3/dist-packages/rospy/impl/tcpros_base.py", line 657, in read_header
    self._validate_header(read_ros_handshake_header(sock, self.read_buff, self.protocol.buff_size))
AttributeError: 'NoneType' object has no attribute 'buff_size'

[rospy.internal][INFO] 2020-11-24 05:21:10,508: topic[/scan] removing connection to http://192.168.0.201:41579/
[rospy.internal][WARNING] 2020-11-24 05:21:10,509: Unknown error initiating TCP/IP socket to 192.168.0.201:58309 (http://192.168.0.201:41579/): Traceback (most recent call last):
  File "/opt/ros/noetic/lib/python3/dist-packages/rospy/impl/tcpros_base.py", line 563, in connect
    self.local_endpoint = self.socket.getsockname()
AttributeError: 'NoneType' object has no attribute 'getsockname'

[rospy.internal][INFO] 2020-11-24 05:21:10,509: topic[/scan] removing connection to http://192.168.0.201:42299/
[rospy.internal][WARNING] 2020-11-24 05:21:10,510: Unknown error initiating TCP/IP socket to 192.168.0.201:58309 (http://192.168.0.201:41579/): Traceback (most recent call last):
  File "/opt/ros/noetic/lib/python3/dist-packages/rospy/impl/tcpros_base.py", line 560, in connect
    self.socket.connect((dest_addr, dest_port))
OSError: [Errno 9] Bad file descriptor

[rospy.impl.masterslave][INFO] 2020-11-24 05:21:10,510: signal-2
[rospy.core][INFO] 2020-11-24 05:21:10,994: signal_shutdown [signal-2]
[rospy.core][INFO] 2020-11-24 05:21:11,035: signal_shutdown [signal-2]
[rospy.core][INFO] 2020-11-24 05:21:11,055: signal_shutdown [signal-2]
[rospy.core][INFO] 2020-11-24 05:21:11,088: signal_shutdown [signal-2]
[rospy.core][INFO] 2020-11-24 05:21:11,121: signal_shutdown [signal-2]
[rospy.core][INFO] 2020-11-24 05:21:11,149: signal_shutdown [signal-2]
[rospy.core][INFO] 2020-11-24 05:21:11,179: signal_shutdown [signal-2]
[rospy.core][INFO] 2020-11-24 05:21:11,210: signal_shutdown [signal-2]
[rospy.core][INFO] 2020-11-24 05:21:11,242: signal_shutdown [signal-2]
[rospy.core][INFO] 2020-11-24 05:21:11,282: signal_shutdown [signal-2]
[rospy.core][INFO] 2020-11-24 05:21:11,324: signal_shutdown [signal-2]
[rospy.core][INFO] 2020-11-24 05:21:11,343: signal_shutdown [signal-2]
[rospy.core][INFO] 2020-11-24 05:21:11,374: signal_shutdown [signal-2]
[rospy.core][INFO] 2020-11-24 05:21:11,408: signal_shutdown [signal-2]
[rospy.core][INFO] 2020-11-24 05:21:11,448: signal_shutdown [signal-2]
[rospy.core][INFO] 2020-11-24 05:21:11,470: signal_shutdown [signal-2]
[rospy.core][INFO] 2020-11-24 05:21:11,500: signal_shutdown [signal-2]
[rospy.core][INFO] 2020-11-24 05:21:11,531: signal_shutdown [signal-2]
[rospy.core][INFO] 2020-11-24 05:21:11,571: signal_shutdown [signal-2]
[rospy.core][INFO] 2020-11-24 05:21:11,593: signal_shutdown [signal-2]
[rospy.core][INFO] 2020-11-24 05:21:11,623: signal_shutdown [signal-2]
[rospy.core][INFO] 2020-11-24 05:21:11,653: signal_shutdown [signal-2]
[rospy.core][INFO] 2020-11-24 05:21:11,689: signal_shutdown [signal-2]
[rospy.core][INFO] 2020-11-24 05:21:11,719: signal_shutdown [signal-2]
[rospy.core][INFO] 2020-11-24 05:21:11,750: signal_shutdown [signal-2]
[rospy.core][INFO] 2020-11-24 05:21:11,781: signal_shutdown [signal-2]
[rospy.core][INFO] 2020-11-24 05:21:11,817: signal_shutdown [signal-2]
[rospy.core][INFO] 2020-11-24 05:21:11,843: signal_shutdown [signal-2]
[rospy.core][INFO] 2020-11-24 05:21:11,874: signal_shutdown [signal-2]
[rospy.core][INFO] 2020-11-24 05:21:11,904: signal_shutdown [signal-2]
[rospy.core][INFO] 2020-11-24 05:21:11,940: signal_shutdown [signal-2]
[rospy.core][INFO] 2020-11-24 05:21:11,967: signal_shutdown [signal-2]
[rospy.core][INFO] 2020-11-24 05:21:11,998: signal_shutdown [signal-2]
[rospy.core][INFO] 2020-11-24 05:21:12,028: signal_shutdown [signal-2]
[rospy.core][INFO] 2020-11-24 05:21:12,059: signal_shutdown [signal-2]
[rospy.core][INFO] 2020-11-24 05:21:12,100: signal_shutdown [signal-2]
[rospy.core][INFO] 2020-11-24 05:21:12,119: signal_shutdown [signal-2]
[rospy.core][INFO] 2020-11-24 05:21:12,148: signal_shutdown [signal-2]
[rospy.core][INFO] 2020-11-24 05:21:12,180: signal_shutdown [signal-2]
[rospy.core][INFO] 2020-11-24 05:21:12,217: signal_shutdown [signal-2]
[rospy.core][INFO] 2020-11-24 05:21:12,244: signal_shutdown [signal-2]
[rospy.core][INFO] 2020-11-24 05:21:12,274: signal_shutdown [signal-2]
[rospy.core][INFO] 2020-11-24 05:21:12,306: signal_shutdown [signal-2]
[rospy.core][INFO] 2020-11-24 05:21:12,341: signal_shutdown [signal-2]
[rospy.core][INFO] 2020-11-24 05:21:12,378: signal_shutdown [signal-2]
[rospy.core][INFO] 2020-11-24 05:21:12,401: signal_shutdown [signal-2]
[rospy.core][INFO] 2020-11-24 05:21:12,444: signal_shutdown [signal-2]
[rospy.core][INFO] 2020-11-24 05:21:12,469: signal_shutdown [signal-2]
[rospy.core][INFO] 2020-11-24 05:21:12,504: signal_shutdown [signal-2]
[rospy.core][INFO] 2020-11-24 05:21:12,534: signal_shutdown [signal-2]
[rospy.core][INFO] 2020-11-24 05:21:12,564: signal_shutdown [signal-2]
[rospy.core][INFO] 2020-11-24 05:21:12,606: signal_shutdown [signal-2]
[rospy.core][INFO] 2020-11-24 05:21:12,626: signal_shutdown [signal-2]
[rospy.core][INFO] 2020-11-24 05:21:12,656: signal_shutdown [signal-2]
[rospy.core][INFO] 2020-11-24 05:21:12,690: signal_shutdown [signal-2]
[rospy.core][INFO] 2020-11-24 05:21:12,732: signal_shutdown [signal-2]
[rospy.core][INFO] 2020-11-24 05:21:12,750: signal_shutdown [signal-2]
[rospy.core][INFO] 2020-11-24 05:21:12,780: signal_shutdown [signal-2]
[rospy.core][INFO] 2020-11-24 05:21:12,811: signal_shutdown [signal-2]
[rospy.core][INFO] 2020-11-24 05:21:12,848: signal_shutdown [signal-2]
[rospy.core][INFO] 2020-11-24 05:21:12,872: signal_shutdown [signal-2]
[rospy.core][INFO] 2020-11-24 05:21:12,904: signal_shutdown [signal-2]
[rospy.core][INFO] 2020-11-24 05:21:12,934: signal_shutdown [signal-2]
[rospy.core][INFO] 2020-11-24 05:21:12,973: signal_shutdown [signal-2]
[rospy.core][INFO] 2020-11-24 05:21:12,996: signal_shutdown [signal-2]
[rospy.core][INFO] 2020-11-24 05:21:13,027: signal_shutdown [signal-2]
[rospy.core][INFO] 2020-11-24 05:21:13,057: signal_shutdown [signal-2]
[rospy.core][INFO] 2020-11-24 05:21:13,087: signal_shutdown [signal-2]
[rospy.core][INFO] 2020-11-24 05:21:13,120: signal_shutdown [signal-2]
[rospy.core][INFO] 2020-11-24 05:21:13,149: signal_shutdown [signal-2]
[rospy.core][INFO] 2020-11-24 05:21:13,181: signal_shutdown [signal-2]
[rospy.core][INFO] 2020-11-24 05:21:13,209: signal_shutdown [signal-2]
[rospy.core][INFO] 2020-11-24 05:21:13,239: signal_shutdown [signal-2]
[rospy.core][INFO] 2020-11-24 05:21:13,271: signal_shutdown [signal-2]
[rospy.core][INFO] 2020-11-24 05:21:13,301: signal_shutdown [signal-2]
[rospy.core][INFO] 2020-11-24 05:21:13,331: signal_shutdown [signal-2]
[rospy.core][INFO] 2020-11-24 05:21:13,361: signal_shutdown [signal-2]
[rospy.core][INFO] 2020-11-24 05:21:13,392: signal_shutdown [signal-2]
[rospy.core][INFO] 2020-11-24 05:21:13,423: signal_shutdown [signal-2]
[rospy.core][INFO] 2020-11-24 05:21:13,454: signal_shutdown [signal-2]
[rospy.core][INFO] 2020-11-24 05:21:13,492: signal_shutdown [signal-2]
[rospy.core][INFO] 2020-11-24 05:21:13,517: signal_shutdown [signal-2]
[rospy.core][INFO] 2020-11-24 05:21:13,548: signal_shutdown [signal-2]
[rospy.core][INFO] 2020-11-24 05:21:13,578: signal_shutdown [signal-2]
[rospy.core][INFO] 2020-11-24 05:21:13,609: signal_shutdown [signal-2]
[rospy.core][INFO] 2020-11-24 05:21:13,643: signal_shutdown [signal-2]
[rospy.core][INFO] 2020-11-24 05:21:13,687: signal_shutdown [signal-2]
[rospy.core][INFO] 2020-11-24 05:21:13,705: signal_shutdown [signal-2]
[rospy.core][INFO] 2020-11-24 05:21:13,739: signal_shutdown [signal-2]
[rospy.core][INFO] 2020-11-24 05:21:13,778: signal_shutdown [signal-2]
[rospy.core][INFO] 2020-11-24 05:21:13,815: signal_shutdown [signal-2]
[rospy.core][INFO] 2020-11-24 05:21:13,839: signal_shutdown [signal-2]
[rospy.core][INFO] 2020-11-24 05:21:13,870: signal_shutdown [signal-2]
[rospy.core][INFO] 2020-11-24 05:21:13,908: signal_shutdown [signal-2]
[rospy.core][INFO] 2020-11-24 05:21:13,958: signal_shutdown [signal-2]
[rospy.core][INFO] 2020-11-24 05:21:13,968: signal_shutdown [signal-2]
[rospy.core][INFO] 2020-11-24 05:21:13,998: signal_shutdown [signal-2]
[rospy.core][INFO] 2020-11-24 05:21:14,031: signal_shutdown [signal-2]
[rospy.core][INFO] 2020-11-24 05:21:14,061: signal_shutdown [signal-2]
[rospy.core][INFO] 2020-11-24 05:21:14,092: signal_shutdown [signal-2]
[rospy.core][INFO] 2020-11-24 05:21:14,121: signal_shutdown [signal-2]
[rospy.core][INFO] 2020-11-24 05:21:14,151: signal_shutdown [signal-2]
[rospy.core][INFO] 2020-11-24 05:21:14,187: signal_shutdown [signal-2]
[rospy.core][INFO] 2020-11-24 05:21:14,214: signal_shutdown [signal-2]
[rospy.core][INFO] 2020-11-24 05:21:14,245: signal_shutdown [signal-2]
[rospy.core][INFO] 2020-11-24 05:21:14,278: signal_shutdown [signal-2]
[rospy.core][INFO] 2020-11-24 05:21:14,318: signal_shutdown [signal-2]
[rospy.core][INFO] 2020-11-24 05:21:14,353: signal_shutdown [signal-2]
[rospy.core][INFO] 2020-11-24 05:21:14,378: signal_shutdown [signal-2]
[rospy.core][INFO] 2020-11-24 05:21:14,409: signal_shutdown [signal-2]
[rospy.core][INFO] 2020-11-24 05:21:14,439: signal_shutdown [signal-2]
[rospy.core][INFO] 2020-11-24 05:21:14,472: signal_shutdown [signal-2]
[rospy.core][INFO] 2020-11-24 05:21:14,517: signal_shutdown [signal-2]
[rospy.core][INFO] 2020-11-24 05:21:14,536: signal_shutdown [signal-2]
[rospy.core][INFO] 2020-11-24 05:21:14,565: signal_shutdown [signal-2]
[rospy.core][INFO] 2020-11-24 05:21:14,599: signal_shutdown [signal-2]
[rospy.core][INFO] 2020-11-24 05:21:14,637: signal_shutdown [signal-2]
[rospy.core][INFO] 2020-11-24 05:21:14,661: signal_shutdown [signal-2]
[rospy.core][INFO] 2020-11-24 05:21:14,694: signal_shutdown [signal-2]
[rospy.core][INFO] 2020-11-24 05:21:14,725: signal_shutdown [signal-2]
[rospy.core][INFO] 2020-11-24 05:21:14,759: signal_shutdown [signal-2]
[rospy.core][INFO] 2020-11-24 05:21:14,785: signal_shutdown [signal-2]
[rospy.core][INFO] 2020-11-24 05:21:14,815: signal_shutdown [signal-2]
[rospy.core][INFO] 2020-11-24 05:21:14,845: signal_shutdown [signal-2]
[rospy.core][INFO] 2020-11-24 05:21:14,879: signal_shutdown [signal-2]
[rospy.core][INFO] 2020-11-24 05:21:14,911: signal_shutdown [signal-2]
[rospy.core][INFO] 2020-11-24 05:21:14,938: signal_shutdown [signal-2]
[rospy.core][INFO] 2020-11-24 05:21:14,968: signal_shutdown [signal-2]
[rospy.core][INFO] 2020-11-24 05:21:14,999: signal_shutdown [signal-2]
[rospy.core][INFO] 2020-11-24 05:21:15,031: signal_shutdown [signal-2]
[rospy.core][INFO] 2020-11-24 05:21:15,076: signal_shutdown [signal-2]
[rospy.core][INFO] 2020-11-24 05:21:15,093: signal_shutdown [signal-2]
[rospy.core][INFO] 2020-11-24 05:21:15,123: signal_shutdown [signal-2]
[rospy.core][INFO] 2020-11-24 05:21:15,160: signal_shutdown [signal-2]
[rospy.core][INFO] 2020-11-24 05:21:15,197: signal_shutdown [signal-2]
[rospy.core][INFO] 2020-11-24 05:21:15,219: signal_shutdown [signal-2]
[rospy.core][INFO] 2020-11-24 05:21:15,250: signal_shutdown [signal-2]
[rospy.core][INFO] 2020-11-24 05:21:15,282: signal_shutdown [signal-2]
[rospy.core][INFO] 2020-11-24 05:21:15,316: signal_shutdown [signal-2]
[rospy.core][INFO] 2020-11-24 05:21:15,343: signal_shutdown [signal-2]
[rospy.core][INFO] 2020-11-24 05:21:15,373: signal_shutdown [signal-2]
[rospy.core][INFO] 2020-11-24 05:21:15,404: signal_shutdown [signal-2]
[rospy.core][INFO] 2020-11-24 05:21:15,434: signal_shutdown [signal-2]
[rospy.core][INFO] 2020-11-24 05:21:15,465: signal_shutdown [signal-2]
[rospy.core][INFO] 2020-11-24 05:21:15,537: signal_shutdown [signal-2]
[rospy.core][INFO] 2020-11-24 05:21:15,559: signal_shutdown [signal-2]
[rospy.core][INFO] 2020-11-24 05:21:15,590: signal_shutdown [signal-2]
[rospy.core][INFO] 2020-11-24 05:21:15,621: signal_shutdown [signal-2]
[rospy.core][INFO] 2020-11-24 05:21:15,652: signal_shutdown [signal-2]
[rospy.core][INFO] 2020-11-24 05:21:15,688: signal_shutdown [signal-2]
[rospy.core][INFO] 2020-11-24 05:21:15,713: signal_shutdown [signal-2]
[rospy.core][INFO] 2020-11-24 05:21:15,745: signal_shutdown [signal-2]
[rospy.core][INFO] 2020-11-24 05:21:15,776: signal_shutdown [signal-2]
[rospy.core][INFO] 2020-11-24 05:21:15,806: signal_shutdown [signal-2]
[rospy.core][INFO] 2020-11-24 05:21:15,841: signal_shutdown [signal-2]
[rospy.core][INFO] 2020-11-24 05:21:15,868: signal_shutdown [signal-2]
[rospy.core][INFO] 2020-11-24 05:21:15,898: signal_shutdown [signal-2]
[rospy.core][INFO] 2020-11-24 05:21:15,928: signal_shutdown [signal-2]
[rospy.core][INFO] 2020-11-24 05:21:15,965: signal_shutdown [signal-2]
[rospy.core][INFO] 2020-11-24 05:21:15,990: signal_shutdown [signal-2]
[rospy.core][INFO] 2020-11-24 05:21:16,021: signal_shutdown [signal-2]
[rospy.core][INFO] 2020-11-24 05:21:16,051: signal_shutdown [signal-2]
[rospy.core][INFO] 2020-11-24 05:21:16,086: signal_shutdown [signal-2]
[rospy.core][INFO] 2020-11-24 05:21:16,115: signal_shutdown [signal-2]
[rospy.core][INFO] 2020-11-24 05:21:16,146: signal_shutdown [signal-2]
[rospy.core][INFO] 2020-11-24 05:21:16,179: signal_shutdown [signal-2]
[rospy.core][INFO] 2020-11-24 05:21:16,219: signal_shutdown [signal-2]
[rospy.core][INFO] 2020-11-24 05:21:16,242: signal_shutdown [signal-2]
[rospy.core][INFO] 2020-11-24 05:21:16,273: signal_shutdown [signal-2]
[rospy.core][INFO] 2020-11-24 05:21:16,304: signal_shutdown [signal-2]
[rospy.core][INFO] 2020-11-24 05:21:16,344: signal_shutdown [signal-2]
[rospy.core][INFO] 2020-11-24 05:21:16,366: signal_shutdown [signal-2]
[rospy.core][INFO] 2020-11-24 05:21:16,396: signal_shutdown [signal-2]
[rospy.core][INFO] 2020-11-24 05:21:16,428: signal_shutdown [signal-2]
[rospy.core][INFO] 2020-11-24 05:21:16,465: signal_shutdown [signal-2]
[rospy.core][INFO] 2020-11-24 05:21:16,493: signal_shutdown [signal-2]
[rospy.core][INFO] 2020-11-24 05:21:16,524: signal_shutdown [signal-2]
[rospy.core][INFO] 2020-11-24 05:21:16,557: signal_shutdown [signal-2]
[rospy.core][INFO] 2020-11-24 05:21:16,596: signal_shutdown [signal-2]
[rospy.core][INFO] 2020-11-24 05:21:16,620: signal_shutdown [signal-2]
[rospy.core][INFO] 2020-11-24 05:21:16,650: signal_shutdown [signal-2]
[rospy.core][INFO] 2020-11-24 05:21:16,681: signal_shutdown [signal-2]
[rospy.core][INFO] 2020-11-24 05:21:16,717: signal_shutdown [signal-2]
[rospy.core][INFO] 2020-11-24 05:21:16,740: signal_shutdown [signal-2]
[rospy.core][INFO] 2020-11-24 05:21:16,772: signal_shutdown [signal-2]
[rospy.core][INFO] 2020-11-24 05:21:16,803: signal_shutdown [signal-2]
[rospy.core][INFO] 2020-11-24 05:21:16,847: signal_shutdown [signal-2]
[rospy.core][INFO] 2020-11-24 05:21:16,867: signal_shutdown [signal-2]
[rospy.core][INFO] 2020-11-24 05:21:16,897: signal_shutdown [signal-2]
[rospy.core][INFO] 2020-11-24 05:21:16,926: signal_shutdown [signal-2]
[rospy.core][INFO] 2020-11-24 05:21:16,973: signal_shutdown [signal-2]
[rospy.core][INFO] 2020-11-24 05:21:16,989: signal_shutdown [signal-2]
[rospy.core][INFO] 2020-11-24 05:21:17,019: signal_shutdown [signal-2]
[rospy.core][INFO] 2020-11-24 05:21:17,057: signal_shutdown [signal-2]
[rospy.core][INFO] 2020-11-24 05:21:17,083: signal_shutdown [signal-2]
[rospy.core][INFO] 2020-11-24 05:21:17,113: signal_shutdown [signal-2]
[rospy.core][INFO] 2020-11-24 05:21:17,144: signal_shutdown [signal-2]
[rospy.core][INFO] 2020-11-24 05:21:17,178: signal_shutdown [signal-2]
[rospy.core][INFO] 2020-11-24 05:21:17,220: signal_shutdown [signal-2]
[rospy.core][INFO] 2020-11-24 05:21:17,238: signal_shutdown [signal-2]
[rospy.core][INFO] 2020-11-24 05:21:17,269: signal_shutdown [signal-2]
[rospy.core][INFO] 2020-11-24 05:21:17,301: signal_shutdown [signal-2]
[rospy.core][INFO] 2020-11-24 05:21:17,337: signal_shutdown [signal-2]
[rospy.core][INFO] 2020-11-24 05:21:17,363: signal_shutdown [signal-2]
[rospy.core][INFO] 2020-11-24 05:21:17,393: signal_shutdown [signal-2]
[rospy.core][INFO] 2020-11-24 05:21:17,423: signal_shutdown [signal-2]
[rospy.core][INFO] 2020-11-24 05:21:17,453: signal_shutdown [signal-2]
[rospy.core][INFO] 2020-11-24 05:21:17,484: signal_shutdown [signal-2]
[rospy.core][INFO] 2020-11-24 05:21:17,523: signal_shutdown [signal-2]
[rospy.core][INFO] 2020-11-24 05:21:17,546: signal_shutdown [signal-2]
[rospy.core][INFO] 2020-11-24 05:21:17,576: signal_shutdown [signal-2]
[rospy.core][INFO] 2020-11-24 05:21:17,606: signal_shutdown [signal-2]
[rospy.core][INFO] 2020-11-24 05:21:17,636: signal_shutdown [signal-2]
[rospy.core][INFO] 2020-11-24 05:21:17,678: signal_shutdown [signal-2]
[rospy.core][INFO] 2020-11-24 05:21:17,720: signal_shutdown [signal-2]
[rospy.core][INFO] 2020-11-24 05:21:17,738: signal_shutdown [signal-2]
[rospy.core][INFO] 2020-11-24 05:21:17,769: signal_shutdown [signal-2]
[rospy.core][INFO] 2020-11-24 05:21:17,800: signal_shutdown [signal-2]
[rospy.core][INFO] 2020-11-24 05:21:17,845: signal_shutdown [signal-2]
[rospy.core][INFO] 2020-11-24 05:21:17,863: signal_shutdown [signal-2]
[rospy.core][INFO] 2020-11-24 05:21:17,893: signal_shutdown [signal-2]
[rospy.core][INFO] 2020-11-24 05:21:17,924: signal_shutdown [signal-2]
[rospy.core][INFO] 2020-11-24 05:21:17,967: signal_shutdown [signal-2]
[rospy.core][INFO] 2020-11-24 05:21:17,986: signal_shutdown [signal-2]
[rospy.core][INFO] 2020-11-24 05:21:18,018: signal_shutdown [signal-2]
[rospy.core][INFO] 2020-11-24 05:21:18,051: signal_shutdown [signal-2]
[rospy.core][INFO] 2020-11-24 05:21:18,080: signal_shutdown [signal-2]
[rospy.core][INFO] 2020-11-24 05:21:18,110: signal_shutdown [signal-2]
[rospy.core][INFO] 2020-11-24 05:21:18,140: signal_shutdown [signal-2]
[rospy.core][INFO] 2020-11-24 05:21:18,174: signal_shutdown [signal-2]
[rospy.core][INFO] 2020-11-24 05:21:18,216: signal_shutdown [signal-2]
[rospy.core][INFO] 2020-11-24 05:21:18,235: signal_shutdown [signal-2]
[rospy.core][INFO] 2020-11-24 05:21:18,265: signal_shutdown [signal-2]
[rospy.core][INFO] 2020-11-24 05:21:18,296: signal_shutdown [signal-2]
[rospy.core][INFO] 2020-11-24 05:21:18,335: signal_shutdown [signal-2]
[rospy.core][INFO] 2020-11-24 05:21:18,358: signal_shutdown [signal-2]
[rospy.core][INFO] 2020-11-24 05:21:18,389: signal_shutdown [signal-2]
[rospy.core][INFO] 2020-11-24 05:21:18,421: signal_shutdown [signal-2]
[rospy.core][INFO] 2020-11-24 05:21:18,460: signal_shutdown [signal-2]
[rospy.core][INFO] 2020-11-24 05:21:18,507: signal_shutdown [signal-2]
[rospy.core][INFO] 2020-11-24 05:21:18,522: signal_shutdown [signal-2]
[rospy.core][INFO] 2020-11-24 05:21:18,553: signal_shutdown [signal-2]
[rospy.core][INFO] 2020-11-24 05:21:18,594: signal_shutdown [signal-2]
[rospy.core][INFO] 2020-11-24 05:21:18,622: signal_shutdown [signal-2]
[rospy.core][INFO] 2020-11-24 05:21:18,654: signal_shutdown [signal-2]
[rospy.core][INFO] 2020-11-24 05:21:18,686: signal_shutdown [signal-2]
[rospy.core][INFO] 2020-11-24 05:21:18,720: signal_shutdown [signal-2]
[rospy.core][INFO] 2020-11-24 05:21:18,755: signal_shutdown [signal-2]
[rospy.core][INFO] 2020-11-24 05:21:18,780: signal_shutdown [signal-2]
[rospy.core][INFO] 2020-11-24 05:21:18,809: signal_shutdown [signal-2]
[rospy.core][INFO] 2020-11-24 05:21:18,840: signal_shutdown [signal-2]
[rospy.core][INFO] 2020-11-24 05:21:18,874: signal_shutdown [signal-2]
[rospy.core][INFO] 2020-11-24 05:21:18,918: signal_shutdown [signal-2]
[rospy.core][INFO] 2020-11-24 05:21:18,934: signal_shutdown [signal-2]
[rospy.core][INFO] 2020-11-24 05:21:18,964: signal_shutdown [signal-2]
[rospy.core][INFO] 2020-11-24 05:21:18,995: signal_shutdown [signal-2]
[rospy.core][INFO] 2020-11-24 05:21:19,029: signal_shutdown [signal-2]
[rospy.core][INFO] 2020-11-24 05:21:19,058: signal_shutdown [signal-2]
[rospy.core][INFO] 2020-11-24 05:21:19,089: signal_shutdown [signal-2]
[rospy.core][INFO] 2020-11-24 05:21:19,118: signal_shutdown [signal-2]
[rospy.core][INFO] 2020-11-24 05:21:19,148: signal_shutdown [signal-2]
[rospy.core][INFO] 2020-11-24 05:21:19,185: signal_shutdown [signal-2]
[rospy.core][INFO] 2020-11-24 05:21:19,209: signal_shutdown [signal-2]
[rospy.core][INFO] 2020-11-24 05:21:19,242: signal_shutdown [signal-2]
[rospy.core][INFO] 2020-11-24 05:21:19,274: signal_shutdown [signal-2]
[rospy.core][INFO] 2020-11-24 05:21:19,304: signal_shutdown [signal-2]
[rospy.core][INFO] 2020-11-24 05:21:19,338: signal_shutdown [signal-2]
[rospy.core][INFO] 2020-11-24 05:21:19,367: signal_shutdown [signal-2]
[rospy.core][INFO] 2020-11-24 05:21:19,398: signal_shutdown [signal-2]
[rospy.core][INFO] 2020-11-24 05:21:19,427: signal_shutdown [signal-2]
[rospy.core][INFO] 2020-11-24 05:21:19,458: signal_shutdown [signal-2]
[rospy.core][INFO] 2020-11-24 05:21:19,496: signal_shutdown [signal-2]
[rospy.core][INFO] 2020-11-24 05:21:19,518: signal_shutdown [signal-2]
[rospy.core][INFO] 2020-11-24 05:21:19,548: signal_shutdown [signal-2]
[rospy.core][INFO] 2020-11-24 05:21:19,581: signal_shutdown [signal-2]
[rospy.core][INFO] 2020-11-24 05:21:19,621: signal_shutdown [signal-2]
[rospy.core][INFO] 2020-11-24 05:21:19,642: signal_shutdown [signal-2]
[rospy.core][INFO] 2020-11-24 05:21:19,672: signal_shutdown [signal-2]
[rospy.core][INFO] 2020-11-24 05:21:19,706: signal_shutdown [signal-2]
[rospy.core][INFO] 2020-11-24 05:21:19,749: signal_shutdown [signal-2]
[rospy.core][INFO] 2020-11-24 05:21:19,766: signal_shutdown [signal-2]
[rospy.core][INFO] 2020-11-24 05:21:19,796: signal_shutdown [signal-2]
[rospy.core][INFO] 2020-11-24 05:21:19,827: signal_shutdown [signal-2]
[rospy.core][INFO] 2020-11-24 05:21:19,867: signal_shutdown [signal-2]
[rospy.core][INFO] 2020-11-24 05:21:19,889: signal_shutdown [signal-2]
[rospy.core][INFO] 2020-11-24 05:21:19,919: signal_shutdown [signal-2]
[rospy.core][INFO] 2020-11-24 05:21:19,950: signal_shutdown [signal-2]
[rospy.core][INFO] 2020-11-24 05:21:19,995: signal_shutdown [signal-2]
[rospy.core][INFO] 2020-11-24 05:21:20,013: signal_shutdown [signal-2]
[rospy.core][INFO] 2020-11-24 05:21:20,044: signal_shutdown [signal-2]
[rospy.core][INFO] 2020-11-24 05:21:20,078: signal_shutdown [signal-2]
[rospy.core][INFO] 2020-11-24 05:21:20,133: signal_shutdown [signal-2]
[rospy.core][INFO] 2020-11-24 05:21:20,161: signal_shutdown [signal-2]
[rospy.core][INFO] 2020-11-24 05:21:20,179: signal_shutdown [signal-2]
[rospy.core][INFO] 2020-11-24 05:21:20,183: signal_shutdown [atexit]
