[rospy.client][INFO] 2020-11-09 08:01:42,434: init_node, name[/train_1900_1604908902430], pid[1900]
[xmlrpc][INFO] 2020-11-09 08:01:42,435: XML-RPC server binding to 0.0.0.0:0
[xmlrpc][INFO] 2020-11-09 08:01:42,435: Started XML-RPC server [http://luigi:41153/]
[rospy.init][INFO] 2020-11-09 08:01:42,435: ROS Slave URI: [http://luigi:41153/]
[rospy.impl.masterslave][INFO] 2020-11-09 08:01:42,436: _ready: http://luigi:41153/
[rospy.registration][INFO] 2020-11-09 08:01:42,437: Registering with master node http://192.168.0.201:11311
[xmlrpc][INFO] 2020-11-09 08:01:42,437: xml rpc node: starting XML-RPC server
[rospy.init][INFO] 2020-11-09 08:01:42,536: registered with master
[rospy.rosout][INFO] 2020-11-09 08:01:42,536: initializing /rosout core topic
[rospy.rosout][INFO] 2020-11-09 08:01:42,541: connected to core topic /rosout
[rospy.simtime][INFO] 2020-11-09 08:01:42,542: /use_sim_time is not set, will not subscribe to simulated time [/clock] topic
[rospy.internal][INFO] 2020-11-09 08:01:42,555: topic[/bev/flow_image] adding connection to [http://192.168.0.201:42413/], count 0
[rospy.internal][INFO] 2020-11-09 08:01:42,567: topic[/odom] adding connection to [http://192.168.0.201:42957/], count 0
[rospy.internal][INFO] 2020-11-09 08:01:42,569: topic[/bev/occupancy_image] adding connection to [http://192.168.0.201:42413/], count 0
[rospy.internal][INFO] 2020-11-09 08:01:42,786: topic[/rosout] adding connection to [/rosout], count 0
[rosout][ERROR] 2020-11-09 08:01:43,155: bad callback: <bound method ROSNode.occupancy_image_callback of <__main__.ROSNode object at 0x7fec093f8280>>
Traceback (most recent call last):
  File "/opt/ros/noetic/lib/python3/dist-packages/rospy/topics.py", line 750, in _invoke_callback
    cb(msg)
  File "/root/catkin_ws/src/flow_field_based_motion_planner/src/train.py", line 79, in occupancy_image_callback
    if math.sqrt(math.pow(i * self.map_grid_size - 0.5 * self.map_range, 2) + math.pow(j * self.map_grid_size - 0.5 * self.map_range, 2)) <= self.robot_rsize:
AttributeError: 'ROSNode' object has no attribute 'map_grid_size'

[rosout][ERROR] 2020-11-09 08:01:43,625: bad callback: <bound method ROSNode.occupancy_image_callback of <__main__.ROSNode object at 0x7fec093f8280>>
Traceback (most recent call last):
  File "/opt/ros/noetic/lib/python3/dist-packages/rospy/topics.py", line 750, in _invoke_callback
    cb(msg)
  File "/root/catkin_ws/src/flow_field_based_motion_planner/src/train.py", line 79, in occupancy_image_callback
    if math.sqrt(math.pow(i * self.map_grid_size - 0.5 * self.map_range, 2) + math.pow(j * self.map_grid_size - 0.5 * self.map_range, 2)) <= self.robot_rsize:
AttributeError: 'ROSNode' object has no attribute 'map_grid_size'

[rosout][ERROR] 2020-11-09 08:01:44,045: bad callback: <bound method ROSNode.occupancy_image_callback of <__main__.ROSNode object at 0x7fec093f8280>>
Traceback (most recent call last):
  File "/opt/ros/noetic/lib/python3/dist-packages/rospy/topics.py", line 750, in _invoke_callback
    cb(msg)
  File "/root/catkin_ws/src/flow_field_based_motion_planner/src/train.py", line 79, in occupancy_image_callback
    if math.sqrt(math.pow(i * self.map_grid_size - 0.5 * self.map_range, 2) + math.pow(j * self.map_grid_size - 0.5 * self.map_range, 2)) <= self.robot_rsize:
AttributeError: 'ROSNode' object has no attribute 'map_grid_size'

[rosout][ERROR] 2020-11-09 08:01:44,485: bad callback: <bound method ROSNode.occupancy_image_callback of <__main__.ROSNode object at 0x7fec093f8280>>
Traceback (most recent call last):
  File "/opt/ros/noetic/lib/python3/dist-packages/rospy/topics.py", line 750, in _invoke_callback
    cb(msg)
  File "/root/catkin_ws/src/flow_field_based_motion_planner/src/train.py", line 79, in occupancy_image_callback
    if math.sqrt(math.pow(i * self.map_grid_size - 0.5 * self.map_range, 2) + math.pow(j * self.map_grid_size - 0.5 * self.map_range, 2)) <= self.robot_rsize:
AttributeError: 'ROSNode' object has no attribute 'map_grid_size'

[rosout][ERROR] 2020-11-09 08:01:44,925: bad callback: <bound method ROSNode.occupancy_image_callback of <__main__.ROSNode object at 0x7fec093f8280>>
Traceback (most recent call last):
  File "/opt/ros/noetic/lib/python3/dist-packages/rospy/topics.py", line 750, in _invoke_callback
    cb(msg)
  File "/root/catkin_ws/src/flow_field_based_motion_planner/src/train.py", line 79, in occupancy_image_callback
    if math.sqrt(math.pow(i * self.map_grid_size - 0.5 * self.map_range, 2) + math.pow(j * self.map_grid_size - 0.5 * self.map_range, 2)) <= self.robot_rsize:
AttributeError: 'ROSNode' object has no attribute 'map_grid_size'

[rosout][ERROR] 2020-11-09 08:01:45,365: bad callback: <bound method ROSNode.occupancy_image_callback of <__main__.ROSNode object at 0x7fec093f8280>>
Traceback (most recent call last):
  File "/opt/ros/noetic/lib/python3/dist-packages/rospy/topics.py", line 750, in _invoke_callback
    cb(msg)
  File "/root/catkin_ws/src/flow_field_based_motion_planner/src/train.py", line 79, in occupancy_image_callback
    if math.sqrt(math.pow(i * self.map_grid_size - 0.5 * self.map_range, 2) + math.pow(j * self.map_grid_size - 0.5 * self.map_range, 2)) <= self.robot_rsize:
AttributeError: 'ROSNode' object has no attribute 'map_grid_size'

[rosout][ERROR] 2020-11-09 08:01:46,245: bad callback: <bound method ROSNode.occupancy_image_callback of <__main__.ROSNode object at 0x7fec093f8280>>
Traceback (most recent call last):
  File "/opt/ros/noetic/lib/python3/dist-packages/rospy/topics.py", line 750, in _invoke_callback
    cb(msg)
  File "/root/catkin_ws/src/flow_field_based_motion_planner/src/train.py", line 79, in occupancy_image_callback
    if math.sqrt(math.pow(i * self.map_grid_size - 0.5 * self.map_range, 2) + math.pow(j * self.map_grid_size - 0.5 * self.map_range, 2)) <= self.robot_rsize:
AttributeError: 'ROSNode' object has no attribute 'map_grid_size'

[rospy.core][INFO] 2020-11-09 08:01:46,753: signal_shutdown [signal-2]
[rospy.internal][INFO] 2020-11-09 08:01:46,758: topic[/rosout] removing connection to /rosout
[rospy.internal][INFO] 2020-11-09 08:01:46,758: topic[/bev/flow_image] removing connection to http://192.168.0.201:42413/
[rospy.internal][INFO] 2020-11-09 08:01:46,759: topic[/bev/occupancy_image] removing connection to http://192.168.0.201:42413/
[rospy.internal][INFO] 2020-11-09 08:01:46,759: topic[/odom] removing connection to http://192.168.0.201:42957/
[rospy.impl.masterslave][INFO] 2020-11-09 08:01:46,760: signal-2
[rospy.internal][WARNING] 2020-11-09 08:01:46,761: Unknown error initiating TCP/IP socket to 192.168.0.201:40509 (http://192.168.0.201:42413/): Traceback (most recent call last):
  File "/opt/ros/noetic/lib/python3/dist-packages/rospy/impl/tcpros_base.py", line 562, in connect
    self.read_header()
  File "/opt/ros/noetic/lib/python3/dist-packages/rospy/impl/tcpros_base.py", line 657, in read_header
    self._validate_header(read_ros_handshake_header(sock, self.read_buff, self.protocol.buff_size))
AttributeError: 'NoneType' object has no attribute 'buff_size'

[rospy.internal][WARNING] 2020-11-09 08:01:46,762: Unknown error initiating TCP/IP socket to 192.168.0.201:45869 (http://192.168.0.201:42957/): Traceback (most recent call last):
  File "/opt/ros/noetic/lib/python3/dist-packages/rospy/impl/tcpros_base.py", line 562, in connect
    self.read_header()
  File "/opt/ros/noetic/lib/python3/dist-packages/rospy/impl/tcpros_base.py", line 657, in read_header
    self._validate_header(read_ros_handshake_header(sock, self.read_buff, self.protocol.buff_size))
AttributeError: 'NoneType' object has no attribute 'buff_size'

[rospy.core][INFO] 2020-11-09 08:01:47,254: signal_shutdown [signal-2]
[rospy.core][INFO] 2020-11-09 08:01:47,286: signal_shutdown [signal-2]
[rospy.core][INFO] 2020-11-09 08:01:47,314: signal_shutdown [signal-2]
[rospy.core][INFO] 2020-11-09 08:01:47,345: signal_shutdown [signal-2]
[rospy.core][INFO] 2020-11-09 08:01:47,355: signal_shutdown [atexit]
