[rospy.client][INFO] 2020-11-08 08:53:10,759: init_node, name[/train_1621_1604825590752], pid[1621]
[xmlrpc][INFO] 2020-11-08 08:53:10,760: XML-RPC server binding to 0.0.0.0:0
[xmlrpc][INFO] 2020-11-08 08:53:10,760: Started XML-RPC server [http://luigi:43203/]
[rospy.init][INFO] 2020-11-08 08:53:10,761: ROS Slave URI: [http://luigi:43203/]
[rospy.impl.masterslave][INFO] 2020-11-08 08:53:10,761: _ready: http://luigi:43203/
[rospy.registration][INFO] 2020-11-08 08:53:10,762: Registering with master node reydeoro:11311
[xmlrpc][INFO] 2020-11-08 08:53:10,762: xml rpc node: starting XML-RPC server
[rospy.init][INFO] 2020-11-08 08:53:10,862: registered with master
[rospy.rosout][INFO] 2020-11-08 08:53:10,862: initializing /rosout core topic
[rospy.registration][ERROR] 2020-11-08 08:53:10,862: 'NoneType' object has no attribute 'registerPublisher'
Unable to register with master node [reydeoro:11311]: master may not be running yet. Will keep trying.
[rospy.core][INFO] 2020-11-08 08:53:18,543: signal_shutdown [signal-2]
[rospy.impl.masterslave][INFO] 2020-11-08 08:53:18,543: signal-2
[rospy.core][INFO] 2020-11-08 08:53:19,035: signal_shutdown [signal-2]
[rospy.core][INFO] 2020-11-08 08:53:19,077: signal_shutdown [signal-2]
[rospy.core][INFO] 2020-11-08 08:53:19,096: signal_shutdown [signal-2]
[rospy.core][INFO] 2020-11-08 08:53:19,127: signal_shutdown [signal-2]
[rospy.core][INFO] 2020-11-08 08:53:19,166: signal_shutdown [signal-2]
[rospy.core][INFO] 2020-11-08 08:53:19,191: signal_shutdown [signal-2]
[rospy.core][INFO] 2020-11-08 08:53:19,222: signal_shutdown [signal-2]
[rospy.core][INFO] 2020-11-08 08:53:19,253: signal_shutdown [signal-2]
[rospy.core][INFO] 2020-11-08 08:53:19,287: signal_shutdown [signal-2]
[rospy.core][INFO] 2020-11-08 08:53:19,314: signal_shutdown [signal-2]
[rospy.core][INFO] 2020-11-08 08:53:19,345: signal_shutdown [signal-2]
[rospy.core][INFO] 2020-11-08 08:53:19,375: signal_shutdown [signal-2]
[rospy.core][INFO] 2020-11-08 08:53:19,411: signal_shutdown [signal-2]
[rospy.core][INFO] 2020-11-08 08:53:19,455: signal_shutdown [signal-2]
[rospy.core][INFO] 2020-11-08 08:53:19,472: signal_shutdown [signal-2]
[rospy.core][INFO] 2020-11-08 08:53:19,504: signal_shutdown [signal-2]
[rospy.core][INFO] 2020-11-08 08:53:19,544: signal_shutdown [signal-2]
[rospy.core][INFO] 2020-11-08 08:53:19,587: signal_shutdown [signal-2]
[rospy.core][INFO] 2020-11-08 08:53:19,605: signal_shutdown [signal-2]
[rospy.core][INFO] 2020-11-08 08:53:19,636: signal_shutdown [signal-2]
[rospy.core][INFO] 2020-11-08 08:53:19,678: signal_shutdown [signal-2]
[rospy.core][INFO] 2020-11-08 08:53:19,703: signal_shutdown [signal-2]
[rospy.core][INFO] 2020-11-08 08:53:19,734: signal_shutdown [signal-2]
[rospy.core][INFO] 2020-11-08 08:53:19,767: signal_shutdown [signal-2]
[rospy.core][INFO] 2020-11-08 08:53:19,810: signal_shutdown [signal-2]
[rospy.core][INFO] 2020-11-08 08:53:19,828: signal_shutdown [signal-2]
[rospy.core][INFO] 2020-11-08 08:53:19,859: signal_shutdown [signal-2]
[rospy.core][INFO] 2020-11-08 08:53:19,900: signal_shutdown [signal-2]
[rospy.core][INFO] 2020-11-08 08:53:19,942: signal_shutdown [signal-2]
[rospy.core][INFO] 2020-11-08 08:53:19,960: signal_shutdown [signal-2]
[rospy.core][INFO] 2020-11-08 08:53:19,992: signal_shutdown [signal-2]
[rospy.core][INFO] 2020-11-08 08:53:20,022: signal_shutdown [signal-2]
[rospy.core][INFO] 2020-11-08 08:53:20,051: signal_shutdown [signal-2]
[rospy.core][INFO] 2020-11-08 08:53:20,082: signal_shutdown [signal-2]
[rospy.core][INFO] 2020-11-08 08:53:20,120: signal_shutdown [signal-2]
[rospy.core][INFO] 2020-11-08 08:53:20,146: signal_shutdown [signal-2]
[rospy.core][INFO] 2020-11-08 08:53:20,176: signal_shutdown [signal-2]
[rospy.core][INFO] 2020-11-08 08:53:20,207: signal_shutdown [signal-2]
[rospy.core][INFO] 2020-11-08 08:53:20,247: signal_shutdown [signal-2]
[rospy.core][INFO] 2020-11-08 08:53:20,291: signal_shutdown [signal-2]
[rospy.core][INFO] 2020-11-08 08:53:20,308: signal_shutdown [signal-2]
[rospy.core][INFO] 2020-11-08 08:53:20,339: signal_shutdown [signal-2]
[rospy.core][INFO] 2020-11-08 08:53:20,370: signal_shutdown [signal-2]
[rospy.core][INFO] 2020-11-08 08:53:20,414: signal_shutdown [signal-2]
[rospy.core][INFO] 2020-11-08 08:53:20,433: signal_shutdown [signal-2]
[rospy.core][INFO] 2020-11-08 08:53:20,463: signal_shutdown [signal-2]
[rospy.core][INFO] 2020-11-08 08:53:20,503: signal_shutdown [signal-2]
[rospy.core][INFO] 2020-11-08 08:53:20,528: signal_shutdown [signal-2]
[rospy.core][INFO] 2020-11-08 08:53:20,560: signal_shutdown [signal-2]
[rospy.core][INFO] 2020-11-08 08:53:20,593: signal_shutdown [signal-2]
[rospy.core][INFO] 2020-11-08 08:53:20,631: signal_shutdown [signal-2]
[rospy.core][INFO] 2020-11-08 08:53:20,654: signal_shutdown [signal-2]
[rospy.core][INFO] 2020-11-08 08:53:20,684: signal_shutdown [signal-2]
[rospy.core][INFO] 2020-11-08 08:53:20,720: signal_shutdown [signal-2]
[rospy.core][INFO] 2020-11-08 08:53:20,746: signal_shutdown [signal-2]
[rospy.core][INFO] 2020-11-08 08:53:20,777: signal_shutdown [signal-2]
[rospy.core][INFO] 2020-11-08 08:53:20,807: signal_shutdown [signal-2]
[rospy.core][INFO] 2020-11-08 08:53:20,847: signal_shutdown [signal-2]
[rospy.core][INFO] 2020-11-08 08:53:20,891: signal_shutdown [signal-2]
[rospy.core][INFO] 2020-11-08 08:53:20,909: signal_shutdown [signal-2]
[rospy.core][INFO] 2020-11-08 08:53:20,940: signal_shutdown [signal-2]
[rospy.core][INFO] 2020-11-08 08:53:20,981: signal_shutdown [signal-2]
[rospy.core][INFO] 2020-11-08 08:53:21,004: signal_shutdown [signal-2]
[rospy.core][INFO] 2020-11-08 08:53:21,035: signal_shutdown [signal-2]
[rospy.core][INFO] 2020-11-08 08:53:21,066: signal_shutdown [signal-2]
[rospy.core][INFO] 2020-11-08 08:53:21,105: signal_shutdown [signal-2]
[rospy.core][INFO] 2020-11-08 08:53:21,130: signal_shutdown [signal-2]
[rospy.core][INFO] 2020-11-08 08:53:21,162: signal_shutdown [signal-2]
[rospy.core][INFO] 2020-11-08 08:53:21,194: signal_shutdown [signal-2]
[rospy.core][INFO] 2020-11-08 08:53:21,236: signal_shutdown [signal-2]
[rospy.core][INFO] 2020-11-08 08:53:21,255: signal_shutdown [signal-2]
[rospy.core][INFO] 2020-11-08 08:53:21,286: signal_shutdown [signal-2]
[rospy.core][INFO] 2020-11-08 08:53:21,324: signal_shutdown [signal-2]
[rospy.core][INFO] 2020-11-08 08:53:21,349: signal_shutdown [signal-2]
[rospy.core][INFO] 2020-11-08 08:53:21,381: signal_shutdown [signal-2]
[rospy.core][INFO] 2020-11-08 08:53:21,411: signal_shutdown [signal-2]
[rospy.core][INFO] 2020-11-08 08:53:21,450: signal_shutdown [signal-2]
[rospy.core][INFO] 2020-11-08 08:53:21,475: signal_shutdown [signal-2]
[rospy.core][INFO] 2020-11-08 08:53:21,507: signal_shutdown [signal-2]
[rospy.core][INFO] 2020-11-08 08:53:21,537: signal_shutdown [signal-2]
[rospy.core][INFO] 2020-11-08 08:53:21,567: signal_shutdown [signal-2]
[rospy.core][INFO] 2020-11-08 08:53:21,616: signal_shutdown [signal-2]
[rospy.core][INFO] 2020-11-08 08:53:21,628: signal_shutdown [signal-2]
[rospy.core][INFO] 2020-11-08 08:53:21,658: signal_shutdown [signal-2]
[rospy.core][INFO] 2020-11-08 08:53:21,700: signal_shutdown [signal-2]
[rospy.core][INFO] 2020-11-08 08:53:21,726: signal_shutdown [signal-2]
[rospy.core][INFO] 2020-11-08 08:53:21,756: signal_shutdown [signal-2]
[rospy.core][INFO] 2020-11-08 08:53:21,788: signal_shutdown [signal-2]
[rospy.core][INFO] 2020-11-08 08:53:21,833: signal_shutdown [signal-2]
[rospy.core][INFO] 2020-11-08 08:53:21,849: signal_shutdown [signal-2]
[rospy.core][INFO] 2020-11-08 08:53:21,879: signal_shutdown [signal-2]
[rospy.core][INFO] 2020-11-08 08:53:21,915: signal_shutdown [signal-2]
[rospy.core][INFO] 2020-11-08 08:53:21,941: signal_shutdown [signal-2]
[rospy.core][INFO] 2020-11-08 08:53:21,972: signal_shutdown [signal-2]
[rospy.core][INFO] 2020-11-08 08:53:22,003: signal_shutdown [signal-2]
[rospy.core][INFO] 2020-11-08 08:53:22,041: signal_shutdown [signal-2]
[rospy.core][INFO] 2020-11-08 08:53:22,066: signal_shutdown [signal-2]
[rospy.core][INFO] 2020-11-08 08:53:22,097: signal_shutdown [signal-2]
[rospy.core][INFO] 2020-11-08 08:53:22,128: signal_shutdown [signal-2]
[rospy.core][INFO] 2020-11-08 08:53:22,169: signal_shutdown [signal-2]
[rospy.core][INFO] 2020-11-08 08:53:22,190: signal_shutdown [signal-2]
[rospy.core][INFO] 2020-11-08 08:53:22,221: signal_shutdown [signal-2]
[rospy.core][INFO] 2020-11-08 08:53:22,264: signal_shutdown [signal-2]
[rospy.core][INFO] 2020-11-08 08:53:22,288: signal_shutdown [signal-2]
[rospy.core][INFO] 2020-11-08 08:53:22,320: signal_shutdown [signal-2]
[rospy.core][INFO] 2020-11-08 08:53:22,353: signal_shutdown [signal-2]
[rospy.core][INFO] 2020-11-08 08:53:22,396: signal_shutdown [signal-2]
[rospy.core][INFO] 2020-11-08 08:53:22,415: signal_shutdown [signal-2]
[rospy.core][INFO] 2020-11-08 08:53:22,446: signal_shutdown [signal-2]
[rospy.core][INFO] 2020-11-08 08:53:22,487: signal_shutdown [signal-2]
[rospy.core][INFO] 2020-11-08 08:53:22,511: signal_shutdown [signal-2]
[rospy.core][INFO] 2020-11-08 08:53:22,542: signal_shutdown [signal-2]
[rospy.core][INFO] 2020-11-08 08:53:22,577: signal_shutdown [signal-2]
[rospy.core][INFO] 2020-11-08 08:53:22,621: signal_shutdown [signal-2]
[rospy.core][INFO] 2020-11-08 08:53:22,638: signal_shutdown [signal-2]
[rospy.core][INFO] 2020-11-08 08:53:22,669: signal_shutdown [signal-2]
[rospy.core][INFO] 2020-11-08 08:53:22,712: signal_shutdown [signal-2]
[rospy.core][INFO] 2020-11-08 08:53:22,731: signal_shutdown [signal-2]
[rospy.core][INFO] 2020-11-08 08:53:22,762: signal_shutdown [signal-2]
[rospy.core][INFO] 2020-11-08 08:53:22,800: signal_shutdown [signal-2]
[rospy.core][INFO] 2020-11-08 08:53:22,840: signal_shutdown [signal-2]
[rospy.core][INFO] 2020-11-08 08:53:22,861: signal_shutdown [signal-2]
[rospy.core][INFO] 2020-11-08 08:53:22,891: signal_shutdown [signal-2]
[rospy.core][INFO] 2020-11-08 08:53:22,923: signal_shutdown [signal-2]
[rospy.core][INFO] 2020-11-08 08:53:22,963: signal_shutdown [signal-2]
[rospy.core][INFO] 2020-11-08 08:53:22,984: signal_shutdown [signal-2]
[rospy.core][INFO] 2020-11-08 08:53:23,015: signal_shutdown [signal-2]
[rospy.core][INFO] 2020-11-08 08:53:23,046: signal_shutdown [signal-2]
[rospy.core][INFO] 2020-11-08 08:53:23,087: signal_shutdown [signal-2]
[rospy.core][INFO] 2020-11-08 08:53:23,106: signal_shutdown [signal-2]
[rospy.core][INFO] 2020-11-08 08:53:23,139: signal_shutdown [signal-2]
[rospy.core][INFO] 2020-11-08 08:53:23,167: signal_shutdown [signal-2]
[rospy.core][INFO] 2020-11-08 08:53:23,198: signal_shutdown [signal-2]
[rospy.core][INFO] 2020-11-08 08:53:23,228: signal_shutdown [signal-2]
[rospy.core][INFO] 2020-11-08 08:53:23,260: signal_shutdown [signal-2]
[rospy.core][INFO] 2020-11-08 08:53:23,293: signal_shutdown [signal-2]
[rospy.core][INFO] 2020-11-08 08:53:23,337: signal_shutdown [signal-2]
[rospy.core][INFO] 2020-11-08 08:53:23,355: signal_shutdown [signal-2]
[rospy.core][INFO] 2020-11-08 08:53:23,386: signal_shutdown [signal-2]
[rospy.core][INFO] 2020-11-08 08:53:23,426: signal_shutdown [signal-2]
[rospy.core][INFO] 2020-11-08 08:53:23,468: signal_shutdown [signal-2]
[rospy.core][INFO] 2020-11-08 08:53:23,487: signal_shutdown [signal-2]
[rospy.core][INFO] 2020-11-08 08:53:23,518: signal_shutdown [signal-2]
[rospy.core][INFO] 2020-11-08 08:53:23,559: signal_shutdown [signal-2]
[rospy.core][INFO] 2020-11-08 08:53:23,583: signal_shutdown [signal-2]
[rospy.core][INFO] 2020-11-08 08:53:23,614: signal_shutdown [signal-2]
[rospy.core][INFO] 2020-11-08 08:53:23,645: signal_shutdown [signal-2]
[rospy.rosout][INFO] 2020-11-08 08:53:23,646: connected to core topic /rosout
[rospy.simtime][ERROR] 2020-11-08 08:53:23,648: Unable to initialize /clock: 'NoneType' object has no attribute 'getParam'
Traceback (most recent call last):
  File "/opt/ros/noetic/lib/python3/dist-packages/rospy/impl/simtime.py", line 79, in init_simtime
    if not _is_use_simtime():
  File "/opt/ros/noetic/lib/python3/dist-packages/rospy/impl/simtime.py", line 60, in _is_use_simtime
    code, msg, val = m.getParam(rospy.names.get_caller_id(), _USE_SIMTIME)
AttributeError: 'NoneType' object has no attribute 'getParam'

[rospy.core][INFO] 2020-11-08 08:53:23,650: signal_shutdown [atexit]
