[rospy.client][INFO] 2020-11-08 09:06:18,989: init_node, name[/train_1667_1604826378982], pid[1667]
[xmlrpc][INFO] 2020-11-08 09:06:18,990: XML-RPC server binding to 0.0.0.0:0
[xmlrpc][INFO] 2020-11-08 09:06:18,991: Started XML-RPC server [http://luigi:35579/]
[rospy.init][INFO] 2020-11-08 09:06:18,991: ROS Slave URI: [http://luigi:35579/]
[rospy.impl.masterslave][INFO] 2020-11-08 09:06:18,992: _ready: http://luigi:35579/
[rospy.registration][INFO] 2020-11-08 09:06:18,993: Registering with master node http://192.168.0.201:11311
[xmlrpc][INFO] 2020-11-08 09:06:18,993: xml rpc node: starting XML-RPC server
[rospy.init][INFO] 2020-11-08 09:06:19,092: registered with master
[rospy.rosout][INFO] 2020-11-08 09:06:19,092: initializing /rosout core topic
[rospy.rosout][INFO] 2020-11-08 09:06:19,100: connected to core topic /rosout
[rospy.simtime][INFO] 2020-11-08 09:06:19,102: /use_sim_time is not set, will not subscribe to simulated time [/clock] topic
[rospy.internal][INFO] 2020-11-08 09:06:19,367: topic[/rosout] adding connection to [/rosout], count 0
[rospy.core][INFO] 2020-11-08 09:07:17,340: signal_shutdown [signal-2]
[rospy.internal][INFO] 2020-11-08 09:07:17,348: topic[/rosout] removing connection to /rosout
[rospy.impl.masterslave][INFO] 2020-11-08 09:07:17,348: signal-2
[rospy.core][INFO] 2020-11-08 09:07:17,840: signal_shutdown [signal-2]
[rospy.core][INFO] 2020-11-08 09:07:17,880: signal_shutdown [signal-2]
[rospy.core][INFO] 2020-11-08 09:07:17,900: signal_shutdown [signal-2]
[rospy.core][INFO] 2020-11-08 09:07:17,930: signal_shutdown [signal-2]
[rospy.core][INFO] 2020-11-08 09:07:17,942: signal_shutdown [atexit]
