[rospy.client][INFO] 2020-11-09 08:13:19,666: init_node, name[/train_2116_1604909599659], pid[2116]
[xmlrpc][INFO] 2020-11-09 08:13:19,667: XML-RPC server binding to 0.0.0.0:0
[xmlrpc][INFO] 2020-11-09 08:13:19,667: Started XML-RPC server [http://luigi:37179/]
[rospy.init][INFO] 2020-11-09 08:13:19,668: ROS Slave URI: [http://luigi:37179/]
[rospy.impl.masterslave][INFO] 2020-11-09 08:13:19,668: _ready: http://luigi:37179/
[rospy.registration][INFO] 2020-11-09 08:13:19,670: Registering with master node http://192.168.0.201:11311
[xmlrpc][INFO] 2020-11-09 08:13:19,670: xml rpc node: starting XML-RPC server
[rospy.init][INFO] 2020-11-09 08:13:19,768: registered with master
[rospy.rosout][INFO] 2020-11-09 08:13:19,769: initializing /rosout core topic
[rospy.rosout][INFO] 2020-11-09 08:13:19,775: connected to core topic /rosout
[rospy.simtime][INFO] 2020-11-09 08:13:19,776: /use_sim_time is not set, will not subscribe to simulated time [/clock] topic
[rospy.internal][INFO] 2020-11-09 08:13:19,791: topic[/bev/flow_image] adding connection to [http://192.168.0.201:42101/], count 0
[rospy.internal][INFO] 2020-11-09 08:13:19,806: topic[/bev/occupancy_image] adding connection to [http://192.168.0.201:42101/], count 0
[rospy.internal][INFO] 2020-11-09 08:13:19,807: topic[/odom] adding connection to [http://192.168.0.201:42957/], count 0
[rospy.internal][INFO] 2020-11-09 08:13:20,018: topic[/rosout] adding connection to [/rosout], count 0
[rosout][ERROR] 2020-11-09 08:13:20,668: bad callback: <bound method ROSNode.occupancy_image_callback of <__main__.ROSNode object at 0x7f11375a8280>>
Traceback (most recent call last):
  File "/opt/ros/noetic/lib/python3/dist-packages/rospy/topics.py", line 750, in _invoke_callback
    cb(msg)
  File "/root/catkin_ws/src/flow_field_based_motion_planner/src/train.py", line 86, in occupancy_image_callback
    tensor_occupancy_image[i][j] = 255
IndexError: index 23 is out of bounds for dimension 0 with size 1

[rosout][ERROR] 2020-11-09 08:13:21,356: bad callback: <bound method ROSNode.occupancy_image_callback of <__main__.ROSNode object at 0x7f11375a8280>>
Traceback (most recent call last):
  File "/opt/ros/noetic/lib/python3/dist-packages/rospy/topics.py", line 750, in _invoke_callback
    cb(msg)
  File "/root/catkin_ws/src/flow_field_based_motion_planner/src/train.py", line 86, in occupancy_image_callback
    tensor_occupancy_image[i][j] = 255
IndexError: index 23 is out of bounds for dimension 0 with size 1

[rosout][ERROR] 2020-11-09 08:13:22,446: bad callback: <bound method ROSNode.occupancy_image_callback of <__main__.ROSNode object at 0x7f11375a8280>>
Traceback (most recent call last):
  File "/opt/ros/noetic/lib/python3/dist-packages/rospy/topics.py", line 750, in _invoke_callback
    cb(msg)
  File "/root/catkin_ws/src/flow_field_based_motion_planner/src/train.py", line 86, in occupancy_image_callback
    tensor_occupancy_image[i][j] = 255
IndexError: index 23 is out of bounds for dimension 0 with size 1

[rospy.core][INFO] 2020-11-09 08:13:22,798: signal_shutdown [signal-2]
[rospy.internal][INFO] 2020-11-09 08:13:22,802: topic[/rosout] removing connection to /rosout
[rospy.internal][INFO] 2020-11-09 08:13:22,803: topic[/bev/flow_image] removing connection to http://192.168.0.201:42101/
[rospy.internal][INFO] 2020-11-09 08:13:22,803: topic[/bev/occupancy_image] removing connection to http://192.168.0.201:42101/
[rospy.internal][INFO] 2020-11-09 08:13:22,804: topic[/odom] removing connection to http://192.168.0.201:42957/
[rospy.impl.masterslave][INFO] 2020-11-09 08:13:22,805: signal-2
[rospy.internal][WARNING] 2020-11-09 08:13:22,806: Unknown error initiating TCP/IP socket to 192.168.0.201:41329 (http://192.168.0.201:42101/): Traceback (most recent call last):
  File "/opt/ros/noetic/lib/python3/dist-packages/rospy/impl/tcpros_base.py", line 562, in connect
    self.read_header()
  File "/opt/ros/noetic/lib/python3/dist-packages/rospy/impl/tcpros_base.py", line 657, in read_header
    self._validate_header(read_ros_handshake_header(sock, self.read_buff, self.protocol.buff_size))
AttributeError: 'NoneType' object has no attribute 'buff_size'

[rospy.internal][WARNING] 2020-11-09 08:13:22,807: Unknown error initiating TCP/IP socket to 192.168.0.201:45869 (http://192.168.0.201:42957/): Traceback (most recent call last):
  File "/opt/ros/noetic/lib/python3/dist-packages/rospy/impl/tcpros_base.py", line 562, in connect
    self.read_header()
  File "/opt/ros/noetic/lib/python3/dist-packages/rospy/impl/tcpros_base.py", line 657, in read_header
    self._validate_header(read_ros_handshake_header(sock, self.read_buff, self.protocol.buff_size))
AttributeError: 'NoneType' object has no attribute 'buff_size'

[rospy.core][INFO] 2020-11-09 08:13:23,298: signal_shutdown [signal-2]
[rospy.core][INFO] 2020-11-09 08:13:23,335: signal_shutdown [signal-2]
[rospy.core][INFO] 2020-11-09 08:13:23,362: signal_shutdown [signal-2]
[rospy.core][INFO] 2020-11-09 08:13:23,393: signal_shutdown [signal-2]
[rospy.core][INFO] 2020-11-09 08:13:23,399: signal_shutdown [atexit]
