[rospy.client][INFO] 2020-11-20 12:39:58,913: init_node, name[/train_2333_1605875998881], pid[2333]
[xmlrpc][INFO] 2020-11-20 12:39:58,913: XML-RPC server binding to 0.0.0.0:0
[xmlrpc][INFO] 2020-11-20 12:39:58,914: Started XML-RPC server [http://192.168.0.191:37825/]
[rospy.init][INFO] 2020-11-20 12:39:58,915: ROS Slave URI: [http://192.168.0.191:37825/]
[rospy.impl.masterslave][INFO] 2020-11-20 12:39:58,915: _ready: http://192.168.0.191:37825/
[rospy.registration][INFO] 2020-11-20 12:39:58,916: Registering with master node http://192.168.0.201:11311
[xmlrpc][INFO] 2020-11-20 12:39:58,916: xml rpc node: starting XML-RPC server
[rospy.init][INFO] 2020-11-20 12:39:59,015: registered with master
[rospy.rosout][INFO] 2020-11-20 12:39:59,015: initializing /rosout core topic
[rospy.rosout][INFO] 2020-11-20 12:39:59,021: connected to core topic /rosout
[rospy.simtime][INFO] 2020-11-20 12:39:59,022: /use_sim_time is not set, will not subscribe to simulated time [/clock] topic
[rospy.internal][INFO] 2020-11-20 12:39:59,045: topic[/bev/flow_image] adding connection to [http://192.168.0.201:37547/], count 0
[rospy.internal][INFO] 2020-11-20 12:39:59,051: topic[/scan] adding connection to [http://192.168.0.201:36467/], count 0
[rospy.internal][INFO] 2020-11-20 12:39:59,054: topic[/scan] adding connection to [http://192.168.0.201:41431/], count 1
[rospy.internal][INFO] 2020-11-20 12:39:59,061: topic[/start_goal_points] adding connection to [http://192.168.0.201:44137/], count 0
[rospy.internal][INFO] 2020-11-20 12:39:59,066: topic[/odom] adding connection to [http://192.168.0.201:36467/], count 0
[rospy.internal][INFO] 2020-11-20 12:39:59,067: topic[/bev/occupancy_image] adding connection to [http://192.168.0.201:37547/], count 0
[rosout][ERROR] 2020-11-20 12:39:59,100: bad callback: <bound method ROSNode.laser_callback of <__main__.ROSNode object at 0x7f338b6f81f0>>
Traceback (most recent call last):
  File "/opt/ros/noetic/lib/python3/dist-packages/rospy/topics.py", line 750, in _invoke_callback
    cb(msg)
  File "./train.py", line 151, in laser_callback
    print("ROS:scan_data[i]", self.scan_data[i])
IndexError: index 39 is out of bounds for axis 0 with size 5

[rosout][ERROR] 2020-11-20 12:39:59,131: bad callback: <bound method ROSNode.laser_callback of <__main__.ROSNode object at 0x7f338b6f81f0>>
Traceback (most recent call last):
  File "/opt/ros/noetic/lib/python3/dist-packages/rospy/topics.py", line 750, in _invoke_callback
    cb(msg)
  File "./train.py", line 151, in laser_callback
    print("ROS:scan_data[i]", self.scan_data[i])
IndexError: index 225 is out of bounds for axis 0 with size 6

[rospy.internal][INFO] 2020-11-20 12:39:59,199: topic[/cmd_vel] adding connection to [/gazebo], count 0
[rospy.internal][INFO] 2020-11-20 12:39:59,200: topic[/cmd_vel] adding connection to [/bev_flow_estimator], count 1
[rospy.internal][INFO] 2020-11-20 12:39:59,297: topic[/rosout] adding connection to [/rosout], count 0
[rospy.internal][INFO] 2020-11-20 12:39:59,298: topic[/is_created_scenarios] adding connection to [/episode_manager], count 0
[rosout][ERROR] 2020-11-20 12:39:59,331: bad callback: <bound method ROSNode.laser_callback of <__main__.ROSNode object at 0x7f338b6f81f0>>
Traceback (most recent call last):
  File "/opt/ros/noetic/lib/python3/dist-packages/rospy/topics.py", line 750, in _invoke_callback
    cb(msg)
  File "./train.py", line 151, in laser_callback
    print("ROS:scan_data[i]", self.scan_data[i])
IndexError: index 39 is out of bounds for axis 0 with size 10

[rosout][ERROR] 2020-11-20 12:39:59,367: bad callback: <bound method ROSNode.laser_callback of <__main__.ROSNode object at 0x7f338b6f81f0>>
Traceback (most recent call last):
  File "/opt/ros/noetic/lib/python3/dist-packages/rospy/topics.py", line 750, in _invoke_callback
    cb(msg)
  File "./train.py", line 151, in laser_callback
    print("ROS:scan_data[i]", self.scan_data[i])
IndexError: index 225 is out of bounds for axis 0 with size 11

[rosout][ERROR] 2020-11-20 12:39:59,576: bad callback: <bound method ROSNode.laser_callback of <__main__.ROSNode object at 0x7f338b6f81f0>>
Traceback (most recent call last):
  File "/opt/ros/noetic/lib/python3/dist-packages/rospy/topics.py", line 750, in _invoke_callback
    cb(msg)
  File "./train.py", line 151, in laser_callback
    print("ROS:scan_data[i]", self.scan_data[i])
IndexError: index 39 is out of bounds for axis 0 with size 15

[rosout][ERROR] 2020-11-20 12:39:59,610: bad callback: <bound method ROSNode.laser_callback of <__main__.ROSNode object at 0x7f338b6f81f0>>
Traceback (most recent call last):
  File "/opt/ros/noetic/lib/python3/dist-packages/rospy/topics.py", line 750, in _invoke_callback
    cb(msg)
  File "./train.py", line 151, in laser_callback
    print("ROS:scan_data[i]", self.scan_data[i])
IndexError: index 225 is out of bounds for axis 0 with size 16

[rosout][ERROR] 2020-11-20 12:39:59,815: bad callback: <bound method ROSNode.laser_callback of <__main__.ROSNode object at 0x7f338b6f81f0>>
Traceback (most recent call last):
  File "/opt/ros/noetic/lib/python3/dist-packages/rospy/topics.py", line 750, in _invoke_callback
    cb(msg)
  File "./train.py", line 151, in laser_callback
    print("ROS:scan_data[i]", self.scan_data[i])
IndexError: index 39 is out of bounds for axis 0 with size 20

[rosout][ERROR] 2020-11-20 12:39:59,853: bad callback: <bound method ROSNode.laser_callback of <__main__.ROSNode object at 0x7f338b6f81f0>>
Traceback (most recent call last):
  File "/opt/ros/noetic/lib/python3/dist-packages/rospy/topics.py", line 750, in _invoke_callback
    cb(msg)
  File "./train.py", line 151, in laser_callback
    print("ROS:scan_data[i]", self.scan_data[i])
IndexError: index 225 is out of bounds for axis 0 with size 21

[rosout][ERROR] 2020-11-20 12:40:00,057: bad callback: <bound method ROSNode.laser_callback of <__main__.ROSNode object at 0x7f338b6f81f0>>
Traceback (most recent call last):
  File "/opt/ros/noetic/lib/python3/dist-packages/rospy/topics.py", line 750, in _invoke_callback
    cb(msg)
  File "./train.py", line 151, in laser_callback
    print("ROS:scan_data[i]", self.scan_data[i])
IndexError: index 39 is out of bounds for axis 0 with size 25

[rosout][ERROR] 2020-11-20 12:40:00,087: bad callback: <bound method ROSNode.laser_callback of <__main__.ROSNode object at 0x7f338b6f81f0>>
Traceback (most recent call last):
  File "/opt/ros/noetic/lib/python3/dist-packages/rospy/topics.py", line 750, in _invoke_callback
    cb(msg)
  File "./train.py", line 151, in laser_callback
    print("ROS:scan_data[i]", self.scan_data[i])
IndexError: index 225 is out of bounds for axis 0 with size 26

[rosout][ERROR] 2020-11-20 12:40:00,288: bad callback: <bound method ROSNode.laser_callback of <__main__.ROSNode object at 0x7f338b6f81f0>>
Traceback (most recent call last):
  File "/opt/ros/noetic/lib/python3/dist-packages/rospy/topics.py", line 750, in _invoke_callback
    cb(msg)
  File "./train.py", line 151, in laser_callback
    print("ROS:scan_data[i]", self.scan_data[i])
IndexError: index 39 is out of bounds for axis 0 with size 30

[rosout][ERROR] 2020-11-20 12:40:00,321: bad callback: <bound method ROSNode.laser_callback of <__main__.ROSNode object at 0x7f338b6f81f0>>
Traceback (most recent call last):
  File "/opt/ros/noetic/lib/python3/dist-packages/rospy/topics.py", line 750, in _invoke_callback
    cb(msg)
  File "./train.py", line 151, in laser_callback
    print("ROS:scan_data[i]", self.scan_data[i])
IndexError: index 225 is out of bounds for axis 0 with size 31

[rosout][ERROR] 2020-11-20 12:40:00,523: bad callback: <bound method ROSNode.laser_callback of <__main__.ROSNode object at 0x7f338b6f81f0>>
Traceback (most recent call last):
  File "/opt/ros/noetic/lib/python3/dist-packages/rospy/topics.py", line 750, in _invoke_callback
    cb(msg)
  File "./train.py", line 151, in laser_callback
    print("ROS:scan_data[i]", self.scan_data[i])
IndexError: index 39 is out of bounds for axis 0 with size 35

[rosout][ERROR] 2020-11-20 12:40:00,553: bad callback: <bound method ROSNode.laser_callback of <__main__.ROSNode object at 0x7f338b6f81f0>>
Traceback (most recent call last):
  File "/opt/ros/noetic/lib/python3/dist-packages/rospy/topics.py", line 750, in _invoke_callback
    cb(msg)
  File "./train.py", line 151, in laser_callback
    print("ROS:scan_data[i]", self.scan_data[i])
IndexError: index 225 is out of bounds for axis 0 with size 36

[rosout][ERROR] 2020-11-20 12:40:00,772: bad callback: <bound method ROSNode.laser_callback of <__main__.ROSNode object at 0x7f338b6f81f0>>
Traceback (most recent call last):
  File "/opt/ros/noetic/lib/python3/dist-packages/rospy/topics.py", line 750, in _invoke_callback
    cb(msg)
  File "./train.py", line 151, in laser_callback
    print("ROS:scan_data[i]", self.scan_data[i])
IndexError: index 309 is out of bounds for axis 0 with size 294

[rosout][ERROR] 2020-11-20 12:40:00,790: bad callback: <bound method ROSNode.laser_callback of <__main__.ROSNode object at 0x7f338b6f81f0>>
Traceback (most recent call last):
  File "/opt/ros/noetic/lib/python3/dist-packages/rospy/topics.py", line 750, in _invoke_callback
    cb(msg)
  File "./train.py", line 151, in laser_callback
    print("ROS:scan_data[i]", self.scan_data[i])
IndexError: index 323 is out of bounds for axis 0 with size 310

[rospy.core][INFO] 2020-11-20 12:40:01,524: signal_shutdown [signal-2]
[rospy.internal][INFO] 2020-11-20 12:40:01,528: topic[/rosout] removing connection to /rosout
[rospy.internal][INFO] 2020-11-20 12:40:01,529: topic[/cmd_vel] removing connection to /gazebo
[rospy.internal][INFO] 2020-11-20 12:40:01,529: topic[/cmd_vel] removing connection to /bev_flow_estimator
[rospy.internal][INFO] 2020-11-20 12:40:01,529: topic[/is_created_scenarios] removing connection to /episode_manager
[rospy.internal][INFO] 2020-11-20 12:40:01,530: topic[/bev/flow_image] removing connection to http://192.168.0.201:37547/
[rospy.internal][INFO] 2020-11-20 12:40:01,530: topic[/bev/occupancy_image] removing connection to http://192.168.0.201:37547/
[rospy.internal][INFO] 2020-11-20 12:40:01,531: topic[/odom] removing connection to http://192.168.0.201:36467/
[rospy.internal][INFO] 2020-11-20 12:40:01,531: topic[/start_goal_points] removing connection to http://192.168.0.201:44137/
[rospy.internal][INFO] 2020-11-20 12:40:01,531: topic[/scan] removing connection to http://192.168.0.201:36467/
[rospy.internal][INFO] 2020-11-20 12:40:01,531: topic[/scan] removing connection to http://192.168.0.201:41431/
[rospy.impl.masterslave][INFO] 2020-11-20 12:40:01,532: signal-2
[rospy.internal][WARNING] 2020-11-20 12:40:01,532: Unknown error initiating TCP/IP socket to 192.168.0.201:44769 (http://192.168.0.201:36467/): Traceback (most recent call last):
  File "/opt/ros/noetic/lib/python3/dist-packages/rospy/impl/tcpros_base.py", line 562, in connect
    self.read_header()
  File "/opt/ros/noetic/lib/python3/dist-packages/rospy/impl/tcpros_base.py", line 657, in read_header
    self._validate_header(read_ros_handshake_header(sock, self.read_buff, self.protocol.buff_size))
AttributeError: 'NoneType' object has no attribute 'buff_size'

[rospy.core][INFO] 2020-11-20 12:40:01,700: signal_shutdown [signal-2]
[rospy.core][INFO] 2020-11-20 12:40:01,733: signal_shutdown [signal-2]
[rospy.core][INFO] 2020-11-20 12:40:01,762: signal_shutdown [signal-2]
[rospy.core][INFO] 2020-11-20 12:40:01,792: signal_shutdown [signal-2]
[rospy.core][INFO] 2020-11-20 12:40:01,831: signal_shutdown [signal-2]
[rospy.core][INFO] 2020-11-20 12:40:01,855: signal_shutdown [signal-2]
[rospy.core][INFO] 2020-11-20 12:40:01,886: signal_shutdown [signal-2]
[rospy.core][INFO] 2020-11-20 12:40:01,916: signal_shutdown [signal-2]
[rospy.core][INFO] 2020-11-20 12:40:01,960: signal_shutdown [signal-2]
[rospy.core][INFO] 2020-11-20 12:40:01,979: signal_shutdown [signal-2]
[rospy.core][INFO] 2020-11-20 12:40:02,009: signal_shutdown [signal-2]
[rospy.core][INFO] 2020-11-20 12:40:02,042: signal_shutdown [signal-2]
[rospy.core][INFO] 2020-11-20 12:40:02,085: signal_shutdown [signal-2]
[rospy.core][INFO] 2020-11-20 12:40:02,104: signal_shutdown [signal-2]
[rospy.core][INFO] 2020-11-20 12:40:02,133: signal_shutdown [signal-2]
[rospy.core][INFO] 2020-11-20 12:40:02,172: signal_shutdown [signal-2]
[rospy.core][INFO] 2020-11-20 12:40:02,225: signal_shutdown [signal-2]
[rospy.core][INFO] 2020-11-20 12:40:02,253: signal_shutdown [atexit]
