[rospy.client][INFO] 2020-11-09 08:18:45,538: init_node, name[/train_2279_1604909925529], pid[2279]
[xmlrpc][INFO] 2020-11-09 08:18:45,539: XML-RPC server binding to 0.0.0.0:0
[xmlrpc][INFO] 2020-11-09 08:18:45,540: Started XML-RPC server [http://luigi:40203/]
[rospy.init][INFO] 2020-11-09 08:18:45,540: ROS Slave URI: [http://luigi:40203/]
[rospy.impl.masterslave][INFO] 2020-11-09 08:18:45,541: _ready: http://luigi:40203/
[rospy.registration][INFO] 2020-11-09 08:18:45,542: Registering with master node http://192.168.0.201:11311
[xmlrpc][INFO] 2020-11-09 08:18:45,542: xml rpc node: starting XML-RPC server
[rospy.init][INFO] 2020-11-09 08:18:45,641: registered with master
[rospy.rosout][INFO] 2020-11-09 08:18:45,641: initializing /rosout core topic
[rospy.rosout][INFO] 2020-11-09 08:18:45,647: connected to core topic /rosout
[rospy.simtime][INFO] 2020-11-09 08:18:45,649: /use_sim_time is not set, will not subscribe to simulated time [/clock] topic
[rospy.internal][INFO] 2020-11-09 08:18:45,676: topic[/bev/flow_image] adding connection to [http://192.168.0.201:36967/], count 0
[rospy.internal][INFO] 2020-11-09 08:18:45,678: topic[/odom] adding connection to [http://192.168.0.201:42957/], count 0
[rospy.internal][INFO] 2020-11-09 08:18:45,683: topic[/bev/occupancy_image] adding connection to [http://192.168.0.201:36967/], count 0
[rospy.internal][INFO] 2020-11-09 08:18:45,925: topic[/rosout] adding connection to [/rosout], count 0
[rosout][ERROR] 2020-11-09 08:18:46,187: bad callback: <bound method ROSNode.occupancy_image_callback of <__main__.ROSNode object at 0x7fa7e6cc2280>>
Traceback (most recent call last):
  File "/opt/ros/noetic/lib/python3/dist-packages/rospy/topics.py", line 750, in _invoke_callback
    cb(msg)
  File "/root/catkin_ws/src/flow_field_based_motion_planner/src/train.py", line 87, in occupancy_image_callback
    cv_occupancy_image[0, i, j] = 1.0
ValueError: assignment destination is read-only

[rosout][ERROR] 2020-11-09 08:18:46,594: bad callback: <bound method ROSNode.occupancy_image_callback of <__main__.ROSNode object at 0x7fa7e6cc2280>>
Traceback (most recent call last):
  File "/opt/ros/noetic/lib/python3/dist-packages/rospy/topics.py", line 750, in _invoke_callback
    cb(msg)
  File "/root/catkin_ws/src/flow_field_based_motion_planner/src/train.py", line 87, in occupancy_image_callback
    cv_occupancy_image[0, i, j] = 1.0
ValueError: assignment destination is read-only

[rosout][ERROR] 2020-11-09 08:18:47,064: bad callback: <bound method ROSNode.occupancy_image_callback of <__main__.ROSNode object at 0x7fa7e6cc2280>>
Traceback (most recent call last):
  File "/opt/ros/noetic/lib/python3/dist-packages/rospy/topics.py", line 750, in _invoke_callback
    cb(msg)
  File "/root/catkin_ws/src/flow_field_based_motion_planner/src/train.py", line 87, in occupancy_image_callback
    cv_occupancy_image[0, i, j] = 1.0
ValueError: assignment destination is read-only

[rosout][ERROR] 2020-11-09 08:18:47,924: bad callback: <bound method ROSNode.occupancy_image_callback of <__main__.ROSNode object at 0x7fa7e6cc2280>>
Traceback (most recent call last):
  File "/opt/ros/noetic/lib/python3/dist-packages/rospy/topics.py", line 750, in _invoke_callback
    cb(msg)
  File "/root/catkin_ws/src/flow_field_based_motion_planner/src/train.py", line 87, in occupancy_image_callback
    cv_occupancy_image[0, i, j] = 1.0
ValueError: assignment destination is read-only

[rospy.core][INFO] 2020-11-09 08:18:48,241: signal_shutdown [signal-2]
[rospy.internal][INFO] 2020-11-09 08:18:48,246: topic[/rosout] removing connection to /rosout
[rospy.internal][INFO] 2020-11-09 08:18:48,247: topic[/bev/flow_image] removing connection to http://192.168.0.201:36967/
[rospy.internal][INFO] 2020-11-09 08:18:48,247: topic[/bev/occupancy_image] removing connection to http://192.168.0.201:36967/
[rospy.internal][INFO] 2020-11-09 08:18:48,248: topic[/odom] removing connection to http://192.168.0.201:42957/
[rospy.impl.masterslave][INFO] 2020-11-09 08:18:48,248: signal-2
[rospy.core][INFO] 2020-11-09 08:18:48,743: signal_shutdown [signal-2]
[rospy.core][INFO] 2020-11-09 08:18:48,780: signal_shutdown [signal-2]
[rospy.core][INFO] 2020-11-09 08:18:48,802: signal_shutdown [signal-2]
[rospy.core][INFO] 2020-11-09 08:18:48,833: signal_shutdown [signal-2]
[rospy.core][INFO] 2020-11-09 08:18:48,843: signal_shutdown [atexit]
