[rospy.client][INFO] 2020-11-24 05:24:21,916: init_node, name[/train_4208_1606195461884], pid[4208]
[xmlrpc][INFO] 2020-11-24 05:24:21,917: XML-RPC server binding to 0.0.0.0:0
[xmlrpc][INFO] 2020-11-24 05:24:21,918: Started XML-RPC server [http://192.168.0.191:39999/]
[rospy.init][INFO] 2020-11-24 05:24:21,918: ROS Slave URI: [http://192.168.0.191:39999/]
[rospy.impl.masterslave][INFO] 2020-11-24 05:24:21,919: _ready: http://192.168.0.191:39999/
[rospy.registration][INFO] 2020-11-24 05:24:21,920: Registering with master node http://192.168.0.201:11311
[xmlrpc][INFO] 2020-11-24 05:24:21,920: xml rpc node: starting XML-RPC server
[rospy.init][INFO] 2020-11-24 05:24:22,019: registered with master
[rospy.rosout][INFO] 2020-11-24 05:24:22,019: initializing /rosout core topic
[rospy.rosout][INFO] 2020-11-24 05:24:22,025: connected to core topic /rosout
[rospy.simtime][INFO] 2020-11-24 05:24:22,026: initializing /clock core topic
[rospy.simtime][INFO] 2020-11-24 05:24:22,029: connected to core topic /clock
[rospy.internal][INFO] 2020-11-24 05:24:22,033: topic[/clock] adding connection to [http://192.168.0.201:42491/], count 0
[rospy.internal][INFO] 2020-11-24 05:24:22,061: topic[/bev/flow_image] adding connection to [http://192.168.0.201:44927/], count 0
[rospy.internal][INFO] 2020-11-24 05:24:22,065: topic[/scan] adding connection to [http://192.168.0.201:42299/], count 0
[rospy.internal][INFO] 2020-11-24 05:24:22,068: topic[/start_goal_points] adding connection to [http://192.168.0.201:38307/], count 0
[rospy.internal][INFO] 2020-11-24 05:24:22,069: topic[/scan] adding connection to [http://192.168.0.201:42491/], count 1
[rospy.internal][INFO] 2020-11-24 05:24:22,073: topic[/odom] adding connection to [http://192.168.0.201:42491/], count 0
[rospy.internal][INFO] 2020-11-24 05:24:22,074: topic[/bev/occupancy_image] adding connection to [http://192.168.0.201:44927/], count 0
[rospy.internal][INFO] 2020-11-24 05:24:22,198: topic[/cmd_vel] adding connection to [/bev_flow_estimator], count 0
[rospy.internal][INFO] 2020-11-24 05:24:22,200: topic[/cmd_vel] adding connection to [/gazebo], count 1
[rospy.internal][INFO] 2020-11-24 05:24:22,296: topic[/rosout] adding connection to [/rosout], count 0
[rospy.internal][INFO] 2020-11-24 05:24:22,298: topic[/is_finish_episode] adding connection to [/episode_manager], count 0
[rospy.core][INFO] 2020-11-24 05:26:45,378: signal_shutdown [signal-2]
[rospy.internal][INFO] 2020-11-24 05:26:45,387: topic[/rosout] removing connection to /rosout
[rospy.internal][INFO] 2020-11-24 05:26:45,387: topic[/cmd_vel] removing connection to /bev_flow_estimator
[rospy.internal][INFO] 2020-11-24 05:26:45,388: topic[/cmd_vel] removing connection to /gazebo
[rospy.internal][INFO] 2020-11-24 05:26:45,388: topic[/is_finish_episode] removing connection to /episode_manager
[rospy.internal][INFO] 2020-11-24 05:26:45,390: topic[/clock] removing connection to http://192.168.0.201:42491/
[rospy.internal][INFO] 2020-11-24 05:26:45,390: topic[/bev/flow_image] removing connection to http://192.168.0.201:44927/
[rospy.internal][INFO] 2020-11-24 05:26:45,391: topic[/bev/occupancy_image] removing connection to http://192.168.0.201:44927/
[rospy.internal][INFO] 2020-11-24 05:26:45,391: topic[/odom] removing connection to http://192.168.0.201:42491/
[rospy.internal][INFO] 2020-11-24 05:26:45,392: topic[/start_goal_points] removing connection to http://192.168.0.201:38307/
[rospy.internal][INFO] 2020-11-24 05:26:45,393: topic[/scan] removing connection to http://192.168.0.201:42299/
[rospy.internal][WARNING] 2020-11-24 05:26:45,393: Unknown error initiating TCP/IP socket to 192.168.0.201:42225 (http://192.168.0.201:42491/): Traceback (most recent call last):
  File "/opt/ros/noetic/lib/python3/dist-packages/rospy/impl/tcpros_base.py", line 562, in connect
    self.read_header()
  File "/opt/ros/noetic/lib/python3/dist-packages/rospy/impl/tcpros_base.py", line 657, in read_header
    self._validate_header(read_ros_handshake_header(sock, self.read_buff, self.protocol.buff_size))
AttributeError: 'NoneType' object has no attribute 'buff_size'

[rospy.internal][WARNING] 2020-11-24 05:26:45,394: Unknown error initiating TCP/IP socket to 192.168.0.201:58551 (http://192.168.0.201:38307/): Traceback (most recent call last):
  File "/opt/ros/noetic/lib/python3/dist-packages/rospy/impl/tcpros_base.py", line 562, in connect
    self.read_header()
  File "/opt/ros/noetic/lib/python3/dist-packages/rospy/impl/tcpros_base.py", line 657, in read_header
    self._validate_header(read_ros_handshake_header(sock, self.read_buff, self.protocol.buff_size))
AttributeError: 'NoneType' object has no attribute 'buff_size'

[rospy.internal][INFO] 2020-11-24 05:26:45,394: topic[/scan] removing connection to http://192.168.0.201:42491/
[rospy.internal][WARNING] 2020-11-24 05:26:45,395: Unknown error initiating TCP/IP socket to 192.168.0.201:54955 (http://192.168.0.201:42299/): Traceback (most recent call last):
  File "/opt/ros/noetic/lib/python3/dist-packages/rospy/impl/tcpros_base.py", line 562, in connect
    self.read_header()
  File "/opt/ros/noetic/lib/python3/dist-packages/rospy/impl/tcpros_base.py", line 657, in read_header
    self._validate_header(read_ros_handshake_header(sock, self.read_buff, self.protocol.buff_size))
AttributeError: 'NoneType' object has no attribute 'buff_size'

[rospy.impl.masterslave][INFO] 2020-11-24 05:26:45,395: signal-2
[rospy.core][INFO] 2020-11-24 05:26:45,879: signal_shutdown [signal-2]
[rospy.core][INFO] 2020-11-24 05:26:45,921: signal_shutdown [signal-2]
[rospy.core][INFO] 2020-11-24 05:26:45,941: signal_shutdown [signal-2]
[rospy.core][INFO] 2020-11-24 05:26:45,972: signal_shutdown [signal-2]
[rospy.core][INFO] 2020-11-24 05:26:46,003: signal_shutdown [signal-2]
[rospy.core][INFO] 2020-11-24 05:26:46,033: signal_shutdown [signal-2]
[rospy.core][INFO] 2020-11-24 05:26:46,063: signal_shutdown [signal-2]
[rospy.core][INFO] 2020-11-24 05:26:46,095: signal_shutdown [signal-2]
[rospy.core][INFO] 2020-11-24 05:26:46,125: signal_shutdown [signal-2]
[rospy.core][INFO] 2020-11-24 05:26:46,156: signal_shutdown [signal-2]
[rospy.core][INFO] 2020-11-24 05:26:46,197: signal_shutdown [signal-2]
[rospy.core][INFO] 2020-11-24 05:26:46,218: signal_shutdown [signal-2]
[rospy.core][INFO] 2020-11-24 05:26:46,249: signal_shutdown [signal-2]
[rospy.core][INFO] 2020-11-24 05:26:46,279: signal_shutdown [signal-2]
[rospy.core][INFO] 2020-11-24 05:26:46,313: signal_shutdown [signal-2]
[rospy.core][INFO] 2020-11-24 05:26:46,340: signal_shutdown [signal-2]
[rospy.core][INFO] 2020-11-24 05:26:46,371: signal_shutdown [signal-2]
[rospy.core][INFO] 2020-11-24 05:26:46,401: signal_shutdown [signal-2]
[rospy.core][INFO] 2020-11-24 05:26:46,433: signal_shutdown [signal-2]
[rospy.core][INFO] 2020-11-24 05:26:46,493: signal_shutdown [signal-2]
[rospy.core][INFO] 2020-11-24 05:26:46,494: signal_shutdown [signal-2]
[rospy.core][INFO] 2020-11-24 05:26:46,529: signal_shutdown [signal-2]
[rospy.core][INFO] 2020-11-24 05:26:46,558: signal_shutdown [signal-2]
[rospy.core][INFO] 2020-11-24 05:26:46,589: signal_shutdown [signal-2]
[rospy.core][INFO] 2020-11-24 05:26:46,620: signal_shutdown [signal-2]
[rospy.core][INFO] 2020-11-24 05:26:46,658: signal_shutdown [signal-2]
[rospy.core][INFO] 2020-11-24 05:26:46,705: signal_shutdown [signal-2]
[rospy.core][INFO] 2020-11-24 05:26:46,720: signal_shutdown [signal-2]
[rospy.core][INFO] 2020-11-24 05:26:46,749: signal_shutdown [signal-2]
[rospy.core][INFO] 2020-11-24 05:26:46,781: signal_shutdown [signal-2]
[rospy.core][INFO] 2020-11-24 05:26:46,820: signal_shutdown [signal-2]
[rospy.core][INFO] 2020-11-24 05:26:46,842: signal_shutdown [signal-2]
[rospy.core][INFO] 2020-11-24 05:26:46,874: signal_shutdown [signal-2]
[rospy.core][INFO] 2020-11-24 05:26:46,905: signal_shutdown [signal-2]
[rospy.core][INFO] 2020-11-24 05:26:46,941: signal_shutdown [signal-2]
[rospy.core][INFO] 2020-11-24 05:26:46,968: signal_shutdown [signal-2]
[rospy.core][INFO] 2020-11-24 05:26:47,003: signal_shutdown [signal-2]
[rospy.core][INFO] 2020-11-24 05:26:47,033: signal_shutdown [signal-2]
[rospy.core][INFO] 2020-11-24 05:26:47,063: signal_shutdown [signal-2]
[rospy.core][INFO] 2020-11-24 05:26:47,100: signal_shutdown [signal-2]
[rospy.core][INFO] 2020-11-24 05:26:47,124: signal_shutdown [signal-2]
[rospy.core][INFO] 2020-11-24 05:26:47,155: signal_shutdown [signal-2]
[rospy.core][INFO] 2020-11-24 05:26:47,188: signal_shutdown [signal-2]
[rospy.core][INFO] 2020-11-24 05:26:47,226: signal_shutdown [signal-2]
[rospy.core][INFO] 2020-11-24 05:26:47,271: signal_shutdown [signal-2]
[rospy.core][INFO] 2020-11-24 05:26:47,289: signal_shutdown [signal-2]
[rospy.core][INFO] 2020-11-24 05:26:47,318: signal_shutdown [signal-2]
[rospy.core][INFO] 2020-11-24 05:26:47,350: signal_shutdown [signal-2]
[rospy.core][INFO] 2020-11-24 05:26:47,378: signal_shutdown [signal-2]
[rospy.core][INFO] 2020-11-24 05:26:47,409: signal_shutdown [signal-2]
[rospy.core][INFO] 2020-11-24 05:26:47,438: signal_shutdown [signal-2]
[rospy.core][INFO] 2020-11-24 05:26:47,471: signal_shutdown [signal-2]
[rospy.core][INFO] 2020-11-24 05:26:47,516: signal_shutdown [signal-2]
[rospy.core][INFO] 2020-11-24 05:26:47,535: signal_shutdown [signal-2]
[rospy.core][INFO] 2020-11-24 05:26:47,565: signal_shutdown [signal-2]
[rospy.core][INFO] 2020-11-24 05:26:47,594: signal_shutdown [signal-2]
[rospy.core][INFO] 2020-11-24 05:26:47,638: signal_shutdown [signal-2]
[rospy.core][INFO] 2020-11-24 05:26:47,658: signal_shutdown [signal-2]
[rospy.core][INFO] 2020-11-24 05:26:47,687: signal_shutdown [signal-2]
[rospy.core][INFO] 2020-11-24 05:26:47,719: signal_shutdown [signal-2]
[rospy.core][INFO] 2020-11-24 05:26:47,761: signal_shutdown [signal-2]
[rospy.core][INFO] 2020-11-24 05:26:47,786: signal_shutdown [signal-2]
[rospy.core][INFO] 2020-11-24 05:26:47,816: signal_shutdown [signal-2]
[rospy.core][INFO] 2020-11-24 05:26:47,846: signal_shutdown [signal-2]
[rospy.core][INFO] 2020-11-24 05:26:47,880: signal_shutdown [signal-2]
[rospy.core][INFO] 2020-11-24 05:26:47,909: signal_shutdown [signal-2]
[rospy.core][INFO] 2020-11-24 05:26:47,941: signal_shutdown [signal-2]
[rospy.core][INFO] 2020-11-24 05:26:47,971: signal_shutdown [signal-2]
[rospy.core][INFO] 2020-11-24 05:26:48,021: signal_shutdown [signal-2]
[rospy.core][INFO] 2020-11-24 05:26:48,032: signal_shutdown [signal-2]
[rospy.core][INFO] 2020-11-24 05:26:48,066: signal_shutdown [signal-2]
[rospy.core][INFO] 2020-11-24 05:26:48,104: signal_shutdown [signal-2]
[rospy.core][INFO] 2020-11-24 05:26:48,126: signal_shutdown [signal-2]
[rospy.core][INFO] 2020-11-24 05:26:48,155: signal_shutdown [signal-2]
[rospy.core][INFO] 2020-11-24 05:26:48,187: signal_shutdown [signal-2]
[rospy.core][INFO] 2020-11-24 05:26:48,221: signal_shutdown [signal-2]
[rospy.core][INFO] 2020-11-24 05:26:48,247: signal_shutdown [signal-2]
[rospy.core][INFO] 2020-11-24 05:26:48,277: signal_shutdown [signal-2]
[rospy.core][INFO] 2020-11-24 05:26:48,309: signal_shutdown [signal-2]
[rospy.core][INFO] 2020-11-24 05:26:48,344: signal_shutdown [signal-2]
[rospy.core][INFO] 2020-11-24 05:26:48,370: signal_shutdown [signal-2]
[rospy.core][INFO] 2020-11-24 05:26:48,400: signal_shutdown [signal-2]
[rospy.core][INFO] 2020-11-24 05:26:48,431: signal_shutdown [signal-2]
[rospy.core][INFO] 2020-11-24 05:26:48,471: signal_shutdown [signal-2]
[rospy.core][INFO] 2020-11-24 05:26:48,514: signal_shutdown [signal-2]
[rospy.core][INFO] 2020-11-24 05:26:48,532: signal_shutdown [signal-2]
[rospy.core][INFO] 2020-11-24 05:26:48,565: signal_shutdown [signal-2]
[rospy.core][INFO] 2020-11-24 05:26:48,595: signal_shutdown [signal-2]
[rospy.core][INFO] 2020-11-24 05:26:48,631: signal_shutdown [signal-2]
[rospy.core][INFO] 2020-11-24 05:26:48,656: signal_shutdown [signal-2]
[rospy.core][INFO] 2020-11-24 05:26:48,687: signal_shutdown [signal-2]
[rospy.core][INFO] 2020-11-24 05:26:48,717: signal_shutdown [signal-2]
[rospy.core][INFO] 2020-11-24 05:26:48,752: signal_shutdown [signal-2]
[rospy.core][INFO] 2020-11-24 05:26:48,778: signal_shutdown [signal-2]
[rospy.core][INFO] 2020-11-24 05:26:48,809: signal_shutdown [signal-2]
[rospy.core][INFO] 2020-11-24 05:26:48,845: signal_shutdown [signal-2]
[rospy.core][INFO] 2020-11-24 05:26:48,886: signal_shutdown [signal-2]
[rospy.core][INFO] 2020-11-24 05:26:48,905: signal_shutdown [signal-2]
[rospy.core][INFO] 2020-11-24 05:26:48,934: signal_shutdown [signal-2]
[rospy.core][INFO] 2020-11-24 05:26:48,966: signal_shutdown [signal-2]
[rospy.core][INFO] 2020-11-24 05:26:48,984: signal_shutdown [atexit]
