[rospy.client][INFO] 2020-11-20 08:01:01,760: init_node, name[/train_827_1605859261727], pid[827]
[xmlrpc][INFO] 2020-11-20 08:01:01,761: XML-RPC server binding to 0.0.0.0:0
[xmlrpc][INFO] 2020-11-20 08:01:01,761: Started XML-RPC server [http://192.168.0.191:39177/]
[rospy.init][INFO] 2020-11-20 08:01:01,762: ROS Slave URI: [http://192.168.0.191:39177/]
[rospy.impl.masterslave][INFO] 2020-11-20 08:01:01,762: _ready: http://192.168.0.191:39177/
[rospy.registration][INFO] 2020-11-20 08:01:01,763: Registering with master node http://192.168.0.201:11311
[xmlrpc][INFO] 2020-11-20 08:01:01,764: xml rpc node: starting XML-RPC server
[rospy.init][INFO] 2020-11-20 08:01:01,862: registered with master
[rospy.rosout][INFO] 2020-11-20 08:01:01,863: initializing /rosout core topic
[rospy.rosout][INFO] 2020-11-20 08:01:01,868: connected to core topic /rosout
[rospy.simtime][INFO] 2020-11-20 08:01:01,870: /use_sim_time is not set, will not subscribe to simulated time [/clock] topic
[rospy.internal][INFO] 2020-11-20 08:01:01,882: topic[/bev/flow_image] adding connection to [http://192.168.0.201:44375/], count 0
[rospy.internal][INFO] 2020-11-20 08:01:01,894: topic[/bev/occupancy_image] adding connection to [http://192.168.0.201:44375/], count 0
[rospy.internal][INFO] 2020-11-20 08:01:01,894: topic[/start_goal_points] adding connection to [http://192.168.0.201:46107/], count 0
[rosout][ERROR] 2020-11-20 08:01:01,903: bad callback: <bound method ROSNode.pose_array_callback of <__main__.ROSNode object at 0x7fc653c2ca90>>
Traceback (most recent call last):
  File "/opt/ros/noetic/lib/python3/dist-packages/rospy/topics.py", line 750, in _invoke_callback
    cb(msg)
  File "./train.py", line 129, in pose_array_callback
    self.global_start.pose.pose.position = msg.poses[0].position
AttributeError: 'Pose' object has no attribute 'pose'

[rosout][ERROR] 2020-11-20 08:01:01,912: bad callback: <bound method ROSNode.pose_array_callback of <__main__.ROSNode object at 0x7fc653c2ca90>>
Traceback (most recent call last):
  File "/opt/ros/noetic/lib/python3/dist-packages/rospy/topics.py", line 750, in _invoke_callback
    cb(msg)
  File "./train.py", line 129, in pose_array_callback
    self.global_start.pose.pose.position = msg.poses[0].position
AttributeError: 'Pose' object has no attribute 'pose'

[rosout][ERROR] 2020-11-20 08:01:01,922: bad callback: <bound method ROSNode.pose_array_callback of <__main__.ROSNode object at 0x7fc653c2ca90>>
Traceback (most recent call last):
  File "/opt/ros/noetic/lib/python3/dist-packages/rospy/topics.py", line 750, in _invoke_callback
    cb(msg)
  File "./train.py", line 129, in pose_array_callback
    self.global_start.pose.pose.position = msg.poses[0].position
AttributeError: 'Pose' object has no attribute 'pose'

[rosout][ERROR] 2020-11-20 08:01:01,934: bad callback: <bound method ROSNode.pose_array_callback of <__main__.ROSNode object at 0x7fc653c2ca90>>
Traceback (most recent call last):
  File "/opt/ros/noetic/lib/python3/dist-packages/rospy/topics.py", line 750, in _invoke_callback
    cb(msg)
  File "./train.py", line 129, in pose_array_callback
    self.global_start.pose.pose.position = msg.poses[0].position
AttributeError: 'Pose' object has no attribute 'pose'

[rosout][ERROR] 2020-11-20 08:01:01,945: bad callback: <bound method ROSNode.pose_array_callback of <__main__.ROSNode object at 0x7fc653c2ca90>>
Traceback (most recent call last):
  File "/opt/ros/noetic/lib/python3/dist-packages/rospy/topics.py", line 750, in _invoke_callback
    cb(msg)
  File "./train.py", line 129, in pose_array_callback
    self.global_start.pose.pose.position = msg.poses[0].position
AttributeError: 'Pose' object has no attribute 'pose'

[rosout][ERROR] 2020-11-20 08:01:01,956: bad callback: <bound method ROSNode.pose_array_callback of <__main__.ROSNode object at 0x7fc653c2ca90>>
Traceback (most recent call last):
  File "/opt/ros/noetic/lib/python3/dist-packages/rospy/topics.py", line 750, in _invoke_callback
    cb(msg)
  File "./train.py", line 129, in pose_array_callback
    self.global_start.pose.pose.position = msg.poses[0].position
AttributeError: 'Pose' object has no attribute 'pose'

[rosout][ERROR] 2020-11-20 08:01:01,965: bad callback: <bound method ROSNode.pose_array_callback of <__main__.ROSNode object at 0x7fc653c2ca90>>
Traceback (most recent call last):
  File "/opt/ros/noetic/lib/python3/dist-packages/rospy/topics.py", line 750, in _invoke_callback
    cb(msg)
  File "./train.py", line 129, in pose_array_callback
    self.global_start.pose.pose.position = msg.poses[0].position
AttributeError: 'Pose' object has no attribute 'pose'

[rosout][ERROR] 2020-11-20 08:01:01,976: bad callback: <bound method ROSNode.pose_array_callback of <__main__.ROSNode object at 0x7fc653c2ca90>>
Traceback (most recent call last):
  File "/opt/ros/noetic/lib/python3/dist-packages/rospy/topics.py", line 750, in _invoke_callback
    cb(msg)
  File "./train.py", line 129, in pose_array_callback
    self.global_start.pose.pose.position = msg.poses[0].position
AttributeError: 'Pose' object has no attribute 'pose'

[rosout][ERROR] 2020-11-20 08:01:01,987: bad callback: <bound method ROSNode.pose_array_callback of <__main__.ROSNode object at 0x7fc653c2ca90>>
Traceback (most recent call last):
  File "/opt/ros/noetic/lib/python3/dist-packages/rospy/topics.py", line 750, in _invoke_callback
    cb(msg)
  File "./train.py", line 129, in pose_array_callback
    self.global_start.pose.pose.position = msg.poses[0].position
AttributeError: 'Pose' object has no attribute 'pose'

[rosout][ERROR] 2020-11-20 08:01:01,998: bad callback: <bound method ROSNode.pose_array_callback of <__main__.ROSNode object at 0x7fc653c2ca90>>
Traceback (most recent call last):
  File "/opt/ros/noetic/lib/python3/dist-packages/rospy/topics.py", line 750, in _invoke_callback
    cb(msg)
  File "./train.py", line 129, in pose_array_callback
    self.global_start.pose.pose.position = msg.poses[0].position
AttributeError: 'Pose' object has no attribute 'pose'

[rosout][ERROR] 2020-11-20 08:01:02,008: bad callback: <bound method ROSNode.pose_array_callback of <__main__.ROSNode object at 0x7fc653c2ca90>>
Traceback (most recent call last):
  File "/opt/ros/noetic/lib/python3/dist-packages/rospy/topics.py", line 750, in _invoke_callback
    cb(msg)
  File "./train.py", line 129, in pose_array_callback
    self.global_start.pose.pose.position = msg.poses[0].position
AttributeError: 'Pose' object has no attribute 'pose'

[rosout][ERROR] 2020-11-20 08:01:02,018: bad callback: <bound method ROSNode.pose_array_callback of <__main__.ROSNode object at 0x7fc653c2ca90>>
Traceback (most recent call last):
  File "/opt/ros/noetic/lib/python3/dist-packages/rospy/topics.py", line 750, in _invoke_callback
    cb(msg)
  File "./train.py", line 129, in pose_array_callback
    self.global_start.pose.pose.position = msg.poses[0].position
AttributeError: 'Pose' object has no attribute 'pose'

[rosout][ERROR] 2020-11-20 08:01:02,056: bad callback: <bound method ROSNode.pose_array_callback of <__main__.ROSNode object at 0x7fc653c2ca90>>
Traceback (most recent call last):
  File "/opt/ros/noetic/lib/python3/dist-packages/rospy/topics.py", line 750, in _invoke_callback
    cb(msg)
  File "./train.py", line 129, in pose_array_callback
    self.global_start.pose.pose.position = msg.poses[0].position
AttributeError: 'Pose' object has no attribute 'pose'

[rosout][ERROR] 2020-11-20 08:01:02,067: bad callback: <bound method ROSNode.pose_array_callback of <__main__.ROSNode object at 0x7fc653c2ca90>>
Traceback (most recent call last):
  File "/opt/ros/noetic/lib/python3/dist-packages/rospy/topics.py", line 750, in _invoke_callback
    cb(msg)
  File "./train.py", line 129, in pose_array_callback
    self.global_start.pose.pose.position = msg.poses[0].position
AttributeError: 'Pose' object has no attribute 'pose'

[rosout][ERROR] 2020-11-20 08:01:02,078: bad callback: <bound method ROSNode.pose_array_callback of <__main__.ROSNode object at 0x7fc653c2ca90>>
Traceback (most recent call last):
  File "/opt/ros/noetic/lib/python3/dist-packages/rospy/topics.py", line 750, in _invoke_callback
    cb(msg)
  File "./train.py", line 129, in pose_array_callback
    self.global_start.pose.pose.position = msg.poses[0].position
AttributeError: 'Pose' object has no attribute 'pose'

[rosout][ERROR] 2020-11-20 08:01:02,088: bad callback: <bound method ROSNode.pose_array_callback of <__main__.ROSNode object at 0x7fc653c2ca90>>
Traceback (most recent call last):
  File "/opt/ros/noetic/lib/python3/dist-packages/rospy/topics.py", line 750, in _invoke_callback
    cb(msg)
  File "./train.py", line 129, in pose_array_callback
    self.global_start.pose.pose.position = msg.poses[0].position
AttributeError: 'Pose' object has no attribute 'pose'

[rosout][ERROR] 2020-11-20 08:01:02,099: bad callback: <bound method ROSNode.pose_array_callback of <__main__.ROSNode object at 0x7fc653c2ca90>>
Traceback (most recent call last):
  File "/opt/ros/noetic/lib/python3/dist-packages/rospy/topics.py", line 750, in _invoke_callback
    cb(msg)
  File "./train.py", line 129, in pose_array_callback
    self.global_start.pose.pose.position = msg.poses[0].position
AttributeError: 'Pose' object has no attribute 'pose'

[rosout][ERROR] 2020-11-20 08:01:02,109: bad callback: <bound method ROSNode.pose_array_callback of <__main__.ROSNode object at 0x7fc653c2ca90>>
Traceback (most recent call last):
  File "/opt/ros/noetic/lib/python3/dist-packages/rospy/topics.py", line 750, in _invoke_callback
    cb(msg)
  File "./train.py", line 129, in pose_array_callback
    self.global_start.pose.pose.position = msg.poses[0].position
AttributeError: 'Pose' object has no attribute 'pose'

[rosout][ERROR] 2020-11-20 08:01:02,120: bad callback: <bound method ROSNode.pose_array_callback of <__main__.ROSNode object at 0x7fc653c2ca90>>
Traceback (most recent call last):
  File "/opt/ros/noetic/lib/python3/dist-packages/rospy/topics.py", line 750, in _invoke_callback
    cb(msg)
  File "./train.py", line 129, in pose_array_callback
    self.global_start.pose.pose.position = msg.poses[0].position
AttributeError: 'Pose' object has no attribute 'pose'

[rosout][ERROR] 2020-11-20 08:01:02,130: bad callback: <bound method ROSNode.pose_array_callback of <__main__.ROSNode object at 0x7fc653c2ca90>>
Traceback (most recent call last):
  File "/opt/ros/noetic/lib/python3/dist-packages/rospy/topics.py", line 750, in _invoke_callback
    cb(msg)
  File "./train.py", line 129, in pose_array_callback
    self.global_start.pose.pose.position = msg.poses[0].position
AttributeError: 'Pose' object has no attribute 'pose'

[rosout][ERROR] 2020-11-20 08:01:02,141: bad callback: <bound method ROSNode.pose_array_callback of <__main__.ROSNode object at 0x7fc653c2ca90>>
Traceback (most recent call last):
  File "/opt/ros/noetic/lib/python3/dist-packages/rospy/topics.py", line 750, in _invoke_callback
    cb(msg)
  File "./train.py", line 129, in pose_array_callback
    self.global_start.pose.pose.position = msg.poses[0].position
AttributeError: 'Pose' object has no attribute 'pose'

[rosout][ERROR] 2020-11-20 08:01:02,151: bad callback: <bound method ROSNode.pose_array_callback of <__main__.ROSNode object at 0x7fc653c2ca90>>
Traceback (most recent call last):
  File "/opt/ros/noetic/lib/python3/dist-packages/rospy/topics.py", line 750, in _invoke_callback
    cb(msg)
  File "./train.py", line 129, in pose_array_callback
    self.global_start.pose.pose.position = msg.poses[0].position
AttributeError: 'Pose' object has no attribute 'pose'

[rospy.internal][INFO] 2020-11-20 08:01:02,156: topic[/rosout] adding connection to [/rosout], count 0
[rospy.internal][INFO] 2020-11-20 08:01:02,157: topic[/is_created_scenarios] adding connection to [/episode_manager], count 0
[rosout][ERROR] 2020-11-20 08:01:02,161: bad callback: <bound method ROSNode.pose_array_callback of <__main__.ROSNode object at 0x7fc653c2ca90>>
Traceback (most recent call last):
  File "/opt/ros/noetic/lib/python3/dist-packages/rospy/topics.py", line 750, in _invoke_callback
    cb(msg)
  File "./train.py", line 129, in pose_array_callback
    self.global_start.pose.pose.position = msg.poses[0].position
AttributeError: 'Pose' object has no attribute 'pose'

[rosout][ERROR] 2020-11-20 08:01:02,172: bad callback: <bound method ROSNode.pose_array_callback of <__main__.ROSNode object at 0x7fc653c2ca90>>
Traceback (most recent call last):
  File "/opt/ros/noetic/lib/python3/dist-packages/rospy/topics.py", line 750, in _invoke_callback
    cb(msg)
  File "./train.py", line 129, in pose_array_callback
    self.global_start.pose.pose.position = msg.poses[0].position
AttributeError: 'Pose' object has no attribute 'pose'

[rosout][ERROR] 2020-11-20 08:01:02,183: bad callback: <bound method ROSNode.pose_array_callback of <__main__.ROSNode object at 0x7fc653c2ca90>>
Traceback (most recent call last):
  File "/opt/ros/noetic/lib/python3/dist-packages/rospy/topics.py", line 750, in _invoke_callback
    cb(msg)
  File "./train.py", line 129, in pose_array_callback
    self.global_start.pose.pose.position = msg.poses[0].position
AttributeError: 'Pose' object has no attribute 'pose'

[rosout][ERROR] 2020-11-20 08:01:02,195: bad callback: <bound method ROSNode.pose_array_callback of <__main__.ROSNode object at 0x7fc653c2ca90>>
Traceback (most recent call last):
  File "/opt/ros/noetic/lib/python3/dist-packages/rospy/topics.py", line 750, in _invoke_callback
    cb(msg)
  File "./train.py", line 129, in pose_array_callback
    self.global_start.pose.pose.position = msg.poses[0].position
AttributeError: 'Pose' object has no attribute 'pose'

[rosout][ERROR] 2020-11-20 08:01:02,206: bad callback: <bound method ROSNode.pose_array_callback of <__main__.ROSNode object at 0x7fc653c2ca90>>
Traceback (most recent call last):
  File "/opt/ros/noetic/lib/python3/dist-packages/rospy/topics.py", line 750, in _invoke_callback
    cb(msg)
  File "./train.py", line 129, in pose_array_callback
    self.global_start.pose.pose.position = msg.poses[0].position
AttributeError: 'Pose' object has no attribute 'pose'

[rosout][ERROR] 2020-11-20 08:01:02,216: bad callback: <bound method ROSNode.pose_array_callback of <__main__.ROSNode object at 0x7fc653c2ca90>>
Traceback (most recent call last):
  File "/opt/ros/noetic/lib/python3/dist-packages/rospy/topics.py", line 750, in _invoke_callback
    cb(msg)
  File "./train.py", line 129, in pose_array_callback
    self.global_start.pose.pose.position = msg.poses[0].position
AttributeError: 'Pose' object has no attribute 'pose'

[rosout][ERROR] 2020-11-20 08:01:02,227: bad callback: <bound method ROSNode.pose_array_callback of <__main__.ROSNode object at 0x7fc653c2ca90>>
Traceback (most recent call last):
  File "/opt/ros/noetic/lib/python3/dist-packages/rospy/topics.py", line 750, in _invoke_callback
    cb(msg)
  File "./train.py", line 129, in pose_array_callback
    self.global_start.pose.pose.position = msg.poses[0].position
AttributeError: 'Pose' object has no attribute 'pose'

[rosout][ERROR] 2020-11-20 08:01:02,236: bad callback: <bound method ROSNode.pose_array_callback of <__main__.ROSNode object at 0x7fc653c2ca90>>
Traceback (most recent call last):
  File "/opt/ros/noetic/lib/python3/dist-packages/rospy/topics.py", line 750, in _invoke_callback
    cb(msg)
  File "./train.py", line 129, in pose_array_callback
    self.global_start.pose.pose.position = msg.poses[0].position
AttributeError: 'Pose' object has no attribute 'pose'

[rosout][ERROR] 2020-11-20 08:01:02,247: bad callback: <bound method ROSNode.pose_array_callback of <__main__.ROSNode object at 0x7fc653c2ca90>>
Traceback (most recent call last):
  File "/opt/ros/noetic/lib/python3/dist-packages/rospy/topics.py", line 750, in _invoke_callback
    cb(msg)
  File "./train.py", line 129, in pose_array_callback
    self.global_start.pose.pose.position = msg.poses[0].position
AttributeError: 'Pose' object has no attribute 'pose'

[rosout][ERROR] 2020-11-20 08:01:02,258: bad callback: <bound method ROSNode.pose_array_callback of <__main__.ROSNode object at 0x7fc653c2ca90>>
Traceback (most recent call last):
  File "/opt/ros/noetic/lib/python3/dist-packages/rospy/topics.py", line 750, in _invoke_callback
    cb(msg)
  File "./train.py", line 129, in pose_array_callback
    self.global_start.pose.pose.position = msg.poses[0].position
AttributeError: 'Pose' object has no attribute 'pose'

[rosout][ERROR] 2020-11-20 08:01:02,295: bad callback: <bound method ROSNode.pose_array_callback of <__main__.ROSNode object at 0x7fc653c2ca90>>
Traceback (most recent call last):
  File "/opt/ros/noetic/lib/python3/dist-packages/rospy/topics.py", line 750, in _invoke_callback
    cb(msg)
  File "./train.py", line 129, in pose_array_callback
    self.global_start.pose.pose.position = msg.poses[0].position
AttributeError: 'Pose' object has no attribute 'pose'

[rosout][ERROR] 2020-11-20 08:01:02,306: bad callback: <bound method ROSNode.pose_array_callback of <__main__.ROSNode object at 0x7fc653c2ca90>>
Traceback (most recent call last):
  File "/opt/ros/noetic/lib/python3/dist-packages/rospy/topics.py", line 750, in _invoke_callback
    cb(msg)
  File "./train.py", line 129, in pose_array_callback
    self.global_start.pose.pose.position = msg.poses[0].position
AttributeError: 'Pose' object has no attribute 'pose'

[rosout][ERROR] 2020-11-20 08:01:02,315: bad callback: <bound method ROSNode.pose_array_callback of <__main__.ROSNode object at 0x7fc653c2ca90>>
Traceback (most recent call last):
  File "/opt/ros/noetic/lib/python3/dist-packages/rospy/topics.py", line 750, in _invoke_callback
    cb(msg)
  File "./train.py", line 129, in pose_array_callback
    self.global_start.pose.pose.position = msg.poses[0].position
AttributeError: 'Pose' object has no attribute 'pose'

[rosout][ERROR] 2020-11-20 08:01:02,326: bad callback: <bound method ROSNode.pose_array_callback of <__main__.ROSNode object at 0x7fc653c2ca90>>
Traceback (most recent call last):
  File "/opt/ros/noetic/lib/python3/dist-packages/rospy/topics.py", line 750, in _invoke_callback
    cb(msg)
  File "./train.py", line 129, in pose_array_callback
    self.global_start.pose.pose.position = msg.poses[0].position
AttributeError: 'Pose' object has no attribute 'pose'

[rosout][ERROR] 2020-11-20 08:01:02,336: bad callback: <bound method ROSNode.pose_array_callback of <__main__.ROSNode object at 0x7fc653c2ca90>>
Traceback (most recent call last):
  File "/opt/ros/noetic/lib/python3/dist-packages/rospy/topics.py", line 750, in _invoke_callback
    cb(msg)
  File "./train.py", line 129, in pose_array_callback
    self.global_start.pose.pose.position = msg.poses[0].position
AttributeError: 'Pose' object has no attribute 'pose'

[rosout][ERROR] 2020-11-20 08:01:02,349: bad callback: <bound method ROSNode.pose_array_callback of <__main__.ROSNode object at 0x7fc653c2ca90>>
Traceback (most recent call last):
  File "/opt/ros/noetic/lib/python3/dist-packages/rospy/topics.py", line 750, in _invoke_callback
    cb(msg)
  File "./train.py", line 129, in pose_array_callback
    self.global_start.pose.pose.position = msg.poses[0].position
AttributeError: 'Pose' object has no attribute 'pose'

[rosout][ERROR] 2020-11-20 08:01:02,359: bad callback: <bound method ROSNode.pose_array_callback of <__main__.ROSNode object at 0x7fc653c2ca90>>
Traceback (most recent call last):
  File "/opt/ros/noetic/lib/python3/dist-packages/rospy/topics.py", line 750, in _invoke_callback
    cb(msg)
  File "./train.py", line 129, in pose_array_callback
    self.global_start.pose.pose.position = msg.poses[0].position
AttributeError: 'Pose' object has no attribute 'pose'

[rosout][ERROR] 2020-11-20 08:01:02,370: bad callback: <bound method ROSNode.pose_array_callback of <__main__.ROSNode object at 0x7fc653c2ca90>>
Traceback (most recent call last):
  File "/opt/ros/noetic/lib/python3/dist-packages/rospy/topics.py", line 750, in _invoke_callback
    cb(msg)
  File "./train.py", line 129, in pose_array_callback
    self.global_start.pose.pose.position = msg.poses[0].position
AttributeError: 'Pose' object has no attribute 'pose'

[rosout][ERROR] 2020-11-20 08:01:02,381: bad callback: <bound method ROSNode.pose_array_callback of <__main__.ROSNode object at 0x7fc653c2ca90>>
Traceback (most recent call last):
  File "/opt/ros/noetic/lib/python3/dist-packages/rospy/topics.py", line 750, in _invoke_callback
    cb(msg)
  File "./train.py", line 129, in pose_array_callback
    self.global_start.pose.pose.position = msg.poses[0].position
AttributeError: 'Pose' object has no attribute 'pose'

[rosout][ERROR] 2020-11-20 08:01:02,390: bad callback: <bound method ROSNode.pose_array_callback of <__main__.ROSNode object at 0x7fc653c2ca90>>
Traceback (most recent call last):
  File "/opt/ros/noetic/lib/python3/dist-packages/rospy/topics.py", line 750, in _invoke_callback
    cb(msg)
  File "./train.py", line 129, in pose_array_callback
    self.global_start.pose.pose.position = msg.poses[0].position
AttributeError: 'Pose' object has no attribute 'pose'

[rosout][ERROR] 2020-11-20 08:01:02,401: bad callback: <bound method ROSNode.pose_array_callback of <__main__.ROSNode object at 0x7fc653c2ca90>>
Traceback (most recent call last):
  File "/opt/ros/noetic/lib/python3/dist-packages/rospy/topics.py", line 750, in _invoke_callback
    cb(msg)
  File "./train.py", line 129, in pose_array_callback
    self.global_start.pose.pose.position = msg.poses[0].position
AttributeError: 'Pose' object has no attribute 'pose'

[rosout][ERROR] 2020-11-20 08:01:02,411: bad callback: <bound method ROSNode.pose_array_callback of <__main__.ROSNode object at 0x7fc653c2ca90>>
Traceback (most recent call last):
  File "/opt/ros/noetic/lib/python3/dist-packages/rospy/topics.py", line 750, in _invoke_callback
    cb(msg)
  File "./train.py", line 129, in pose_array_callback
    self.global_start.pose.pose.position = msg.poses[0].position
AttributeError: 'Pose' object has no attribute 'pose'

[rosout][ERROR] 2020-11-20 08:01:02,421: bad callback: <bound method ROSNode.pose_array_callback of <__main__.ROSNode object at 0x7fc653c2ca90>>
Traceback (most recent call last):
  File "/opt/ros/noetic/lib/python3/dist-packages/rospy/topics.py", line 750, in _invoke_callback
    cb(msg)
  File "./train.py", line 129, in pose_array_callback
    self.global_start.pose.pose.position = msg.poses[0].position
AttributeError: 'Pose' object has no attribute 'pose'

[rosout][ERROR] 2020-11-20 08:01:02,431: bad callback: <bound method ROSNode.pose_array_callback of <__main__.ROSNode object at 0x7fc653c2ca90>>
Traceback (most recent call last):
  File "/opt/ros/noetic/lib/python3/dist-packages/rospy/topics.py", line 750, in _invoke_callback
    cb(msg)
  File "./train.py", line 129, in pose_array_callback
    self.global_start.pose.pose.position = msg.poses[0].position
AttributeError: 'Pose' object has no attribute 'pose'

[rosout][ERROR] 2020-11-20 08:01:02,445: bad callback: <bound method ROSNode.pose_array_callback of <__main__.ROSNode object at 0x7fc653c2ca90>>
Traceback (most recent call last):
  File "/opt/ros/noetic/lib/python3/dist-packages/rospy/topics.py", line 750, in _invoke_callback
    cb(msg)
  File "./train.py", line 129, in pose_array_callback
    self.global_start.pose.pose.position = msg.poses[0].position
AttributeError: 'Pose' object has no attribute 'pose'

[rosout][ERROR] 2020-11-20 08:01:02,456: bad callback: <bound method ROSNode.pose_array_callback of <__main__.ROSNode object at 0x7fc653c2ca90>>
Traceback (most recent call last):
  File "/opt/ros/noetic/lib/python3/dist-packages/rospy/topics.py", line 750, in _invoke_callback
    cb(msg)
  File "./train.py", line 129, in pose_array_callback
    self.global_start.pose.pose.position = msg.poses[0].position
AttributeError: 'Pose' object has no attribute 'pose'

[rosout][ERROR] 2020-11-20 08:01:02,466: bad callback: <bound method ROSNode.pose_array_callback of <__main__.ROSNode object at 0x7fc653c2ca90>>
Traceback (most recent call last):
  File "/opt/ros/noetic/lib/python3/dist-packages/rospy/topics.py", line 750, in _invoke_callback
    cb(msg)
  File "./train.py", line 129, in pose_array_callback
    self.global_start.pose.pose.position = msg.poses[0].position
AttributeError: 'Pose' object has no attribute 'pose'

[rosout][ERROR] 2020-11-20 08:01:02,477: bad callback: <bound method ROSNode.pose_array_callback of <__main__.ROSNode object at 0x7fc653c2ca90>>
Traceback (most recent call last):
  File "/opt/ros/noetic/lib/python3/dist-packages/rospy/topics.py", line 750, in _invoke_callback
    cb(msg)
  File "./train.py", line 129, in pose_array_callback
    self.global_start.pose.pose.position = msg.poses[0].position
AttributeError: 'Pose' object has no attribute 'pose'

[rosout][ERROR] 2020-11-20 08:01:02,486: bad callback: <bound method ROSNode.pose_array_callback of <__main__.ROSNode object at 0x7fc653c2ca90>>
Traceback (most recent call last):
  File "/opt/ros/noetic/lib/python3/dist-packages/rospy/topics.py", line 750, in _invoke_callback
    cb(msg)
  File "./train.py", line 129, in pose_array_callback
    self.global_start.pose.pose.position = msg.poses[0].position
AttributeError: 'Pose' object has no attribute 'pose'

[rosout][ERROR] 2020-11-20 08:01:02,497: bad callback: <bound method ROSNode.pose_array_callback of <__main__.ROSNode object at 0x7fc653c2ca90>>
Traceback (most recent call last):
  File "/opt/ros/noetic/lib/python3/dist-packages/rospy/topics.py", line 750, in _invoke_callback
    cb(msg)
  File "./train.py", line 129, in pose_array_callback
    self.global_start.pose.pose.position = msg.poses[0].position
AttributeError: 'Pose' object has no attribute 'pose'

[rosout][ERROR] 2020-11-20 08:01:02,536: bad callback: <bound method ROSNode.pose_array_callback of <__main__.ROSNode object at 0x7fc653c2ca90>>
Traceback (most recent call last):
  File "/opt/ros/noetic/lib/python3/dist-packages/rospy/topics.py", line 750, in _invoke_callback
    cb(msg)
  File "./train.py", line 129, in pose_array_callback
    self.global_start.pose.pose.position = msg.poses[0].position
AttributeError: 'Pose' object has no attribute 'pose'

[rosout][ERROR] 2020-11-20 08:01:02,547: bad callback: <bound method ROSNode.pose_array_callback of <__main__.ROSNode object at 0x7fc653c2ca90>>
Traceback (most recent call last):
  File "/opt/ros/noetic/lib/python3/dist-packages/rospy/topics.py", line 750, in _invoke_callback
    cb(msg)
  File "./train.py", line 129, in pose_array_callback
    self.global_start.pose.pose.position = msg.poses[0].position
AttributeError: 'Pose' object has no attribute 'pose'

[rosout][ERROR] 2020-11-20 08:01:02,556: bad callback: <bound method ROSNode.pose_array_callback of <__main__.ROSNode object at 0x7fc653c2ca90>>
Traceback (most recent call last):
  File "/opt/ros/noetic/lib/python3/dist-packages/rospy/topics.py", line 750, in _invoke_callback
    cb(msg)
  File "./train.py", line 129, in pose_array_callback
    self.global_start.pose.pose.position = msg.poses[0].position
AttributeError: 'Pose' object has no attribute 'pose'

[rosout][ERROR] 2020-11-20 08:01:02,570: bad callback: <bound method ROSNode.pose_array_callback of <__main__.ROSNode object at 0x7fc653c2ca90>>
Traceback (most recent call last):
  File "/opt/ros/noetic/lib/python3/dist-packages/rospy/topics.py", line 750, in _invoke_callback
    cb(msg)
  File "./train.py", line 129, in pose_array_callback
    self.global_start.pose.pose.position = msg.poses[0].position
AttributeError: 'Pose' object has no attribute 'pose'

[rosout][ERROR] 2020-11-20 08:01:02,582: bad callback: <bound method ROSNode.pose_array_callback of <__main__.ROSNode object at 0x7fc653c2ca90>>
Traceback (most recent call last):
  File "/opt/ros/noetic/lib/python3/dist-packages/rospy/topics.py", line 750, in _invoke_callback
    cb(msg)
  File "./train.py", line 129, in pose_array_callback
    self.global_start.pose.pose.position = msg.poses[0].position
AttributeError: 'Pose' object has no attribute 'pose'

[rosout][ERROR] 2020-11-20 08:01:02,591: bad callback: <bound method ROSNode.pose_array_callback of <__main__.ROSNode object at 0x7fc653c2ca90>>
Traceback (most recent call last):
  File "/opt/ros/noetic/lib/python3/dist-packages/rospy/topics.py", line 750, in _invoke_callback
    cb(msg)
  File "./train.py", line 129, in pose_array_callback
    self.global_start.pose.pose.position = msg.poses[0].position
AttributeError: 'Pose' object has no attribute 'pose'

[rosout][ERROR] 2020-11-20 08:01:02,602: bad callback: <bound method ROSNode.pose_array_callback of <__main__.ROSNode object at 0x7fc653c2ca90>>
Traceback (most recent call last):
  File "/opt/ros/noetic/lib/python3/dist-packages/rospy/topics.py", line 750, in _invoke_callback
    cb(msg)
  File "./train.py", line 129, in pose_array_callback
    self.global_start.pose.pose.position = msg.poses[0].position
AttributeError: 'Pose' object has no attribute 'pose'

[rosout][ERROR] 2020-11-20 08:01:02,612: bad callback: <bound method ROSNode.pose_array_callback of <__main__.ROSNode object at 0x7fc653c2ca90>>
Traceback (most recent call last):
  File "/opt/ros/noetic/lib/python3/dist-packages/rospy/topics.py", line 750, in _invoke_callback
    cb(msg)
  File "./train.py", line 129, in pose_array_callback
    self.global_start.pose.pose.position = msg.poses[0].position
AttributeError: 'Pose' object has no attribute 'pose'

[rosout][ERROR] 2020-11-20 08:01:02,623: bad callback: <bound method ROSNode.pose_array_callback of <__main__.ROSNode object at 0x7fc653c2ca90>>
Traceback (most recent call last):
  File "/opt/ros/noetic/lib/python3/dist-packages/rospy/topics.py", line 750, in _invoke_callback
    cb(msg)
  File "./train.py", line 129, in pose_array_callback
    self.global_start.pose.pose.position = msg.poses[0].position
AttributeError: 'Pose' object has no attribute 'pose'

[rosout][ERROR] 2020-11-20 08:01:02,632: bad callback: <bound method ROSNode.pose_array_callback of <__main__.ROSNode object at 0x7fc653c2ca90>>
Traceback (most recent call last):
  File "/opt/ros/noetic/lib/python3/dist-packages/rospy/topics.py", line 750, in _invoke_callback
    cb(msg)
  File "./train.py", line 129, in pose_array_callback
    self.global_start.pose.pose.position = msg.poses[0].position
AttributeError: 'Pose' object has no attribute 'pose'

[rosout][ERROR] 2020-11-20 08:01:02,643: bad callback: <bound method ROSNode.pose_array_callback of <__main__.ROSNode object at 0x7fc653c2ca90>>
Traceback (most recent call last):
  File "/opt/ros/noetic/lib/python3/dist-packages/rospy/topics.py", line 750, in _invoke_callback
    cb(msg)
  File "./train.py", line 129, in pose_array_callback
    self.global_start.pose.pose.position = msg.poses[0].position
AttributeError: 'Pose' object has no attribute 'pose'

[rosout][ERROR] 2020-11-20 08:01:02,653: bad callback: <bound method ROSNode.pose_array_callback of <__main__.ROSNode object at 0x7fc653c2ca90>>
Traceback (most recent call last):
  File "/opt/ros/noetic/lib/python3/dist-packages/rospy/topics.py", line 750, in _invoke_callback
    cb(msg)
  File "./train.py", line 129, in pose_array_callback
    self.global_start.pose.pose.position = msg.poses[0].position
AttributeError: 'Pose' object has no attribute 'pose'

[rosout][ERROR] 2020-11-20 08:01:02,663: bad callback: <bound method ROSNode.pose_array_callback of <__main__.ROSNode object at 0x7fc653c2ca90>>
Traceback (most recent call last):
  File "/opt/ros/noetic/lib/python3/dist-packages/rospy/topics.py", line 750, in _invoke_callback
    cb(msg)
  File "./train.py", line 129, in pose_array_callback
    self.global_start.pose.pose.position = msg.poses[0].position
AttributeError: 'Pose' object has no attribute 'pose'

[rosout][ERROR] 2020-11-20 08:01:02,674: bad callback: <bound method ROSNode.pose_array_callback of <__main__.ROSNode object at 0x7fc653c2ca90>>
Traceback (most recent call last):
  File "/opt/ros/noetic/lib/python3/dist-packages/rospy/topics.py", line 750, in _invoke_callback
    cb(msg)
  File "./train.py", line 129, in pose_array_callback
    self.global_start.pose.pose.position = msg.poses[0].position
AttributeError: 'Pose' object has no attribute 'pose'

[rosout][ERROR] 2020-11-20 08:01:02,683: bad callback: <bound method ROSNode.pose_array_callback of <__main__.ROSNode object at 0x7fc653c2ca90>>
Traceback (most recent call last):
  File "/opt/ros/noetic/lib/python3/dist-packages/rospy/topics.py", line 750, in _invoke_callback
    cb(msg)
  File "./train.py", line 129, in pose_array_callback
    self.global_start.pose.pose.position = msg.poses[0].position
AttributeError: 'Pose' object has no attribute 'pose'

[rosout][ERROR] 2020-11-20 08:01:02,695: bad callback: <bound method ROSNode.pose_array_callback of <__main__.ROSNode object at 0x7fc653c2ca90>>
Traceback (most recent call last):
  File "/opt/ros/noetic/lib/python3/dist-packages/rospy/topics.py", line 750, in _invoke_callback
    cb(msg)
  File "./train.py", line 129, in pose_array_callback
    self.global_start.pose.pose.position = msg.poses[0].position
AttributeError: 'Pose' object has no attribute 'pose'

[rosout][ERROR] 2020-11-20 08:01:02,706: bad callback: <bound method ROSNode.pose_array_callback of <__main__.ROSNode object at 0x7fc653c2ca90>>
Traceback (most recent call last):
  File "/opt/ros/noetic/lib/python3/dist-packages/rospy/topics.py", line 750, in _invoke_callback
    cb(msg)
  File "./train.py", line 129, in pose_array_callback
    self.global_start.pose.pose.position = msg.poses[0].position
AttributeError: 'Pose' object has no attribute 'pose'

[rosout][ERROR] 2020-11-20 08:01:02,715: bad callback: <bound method ROSNode.pose_array_callback of <__main__.ROSNode object at 0x7fc653c2ca90>>
Traceback (most recent call last):
  File "/opt/ros/noetic/lib/python3/dist-packages/rospy/topics.py", line 750, in _invoke_callback
    cb(msg)
  File "./train.py", line 129, in pose_array_callback
    self.global_start.pose.pose.position = msg.poses[0].position
AttributeError: 'Pose' object has no attribute 'pose'

[rosout][ERROR] 2020-11-20 08:01:02,726: bad callback: <bound method ROSNode.pose_array_callback of <__main__.ROSNode object at 0x7fc653c2ca90>>
Traceback (most recent call last):
  File "/opt/ros/noetic/lib/python3/dist-packages/rospy/topics.py", line 750, in _invoke_callback
    cb(msg)
  File "./train.py", line 129, in pose_array_callback
    self.global_start.pose.pose.position = msg.poses[0].position
AttributeError: 'Pose' object has no attribute 'pose'

[rosout][ERROR] 2020-11-20 08:01:02,735: bad callback: <bound method ROSNode.pose_array_callback of <__main__.ROSNode object at 0x7fc653c2ca90>>
Traceback (most recent call last):
  File "/opt/ros/noetic/lib/python3/dist-packages/rospy/topics.py", line 750, in _invoke_callback
    cb(msg)
  File "./train.py", line 129, in pose_array_callback
    self.global_start.pose.pose.position = msg.poses[0].position
AttributeError: 'Pose' object has no attribute 'pose'

[rosout][ERROR] 2020-11-20 08:01:02,773: bad callback: <bound method ROSNode.pose_array_callback of <__main__.ROSNode object at 0x7fc653c2ca90>>
Traceback (most recent call last):
  File "/opt/ros/noetic/lib/python3/dist-packages/rospy/topics.py", line 750, in _invoke_callback
    cb(msg)
  File "./train.py", line 129, in pose_array_callback
    self.global_start.pose.pose.position = msg.poses[0].position
AttributeError: 'Pose' object has no attribute 'pose'

[rosout][ERROR] 2020-11-20 08:01:02,782: bad callback: <bound method ROSNode.pose_array_callback of <__main__.ROSNode object at 0x7fc653c2ca90>>
Traceback (most recent call last):
  File "/opt/ros/noetic/lib/python3/dist-packages/rospy/topics.py", line 750, in _invoke_callback
    cb(msg)
  File "./train.py", line 129, in pose_array_callback
    self.global_start.pose.pose.position = msg.poses[0].position
AttributeError: 'Pose' object has no attribute 'pose'

[rosout][ERROR] 2020-11-20 08:01:02,793: bad callback: <bound method ROSNode.pose_array_callback of <__main__.ROSNode object at 0x7fc653c2ca90>>
Traceback (most recent call last):
  File "/opt/ros/noetic/lib/python3/dist-packages/rospy/topics.py", line 750, in _invoke_callback
    cb(msg)
  File "./train.py", line 129, in pose_array_callback
    self.global_start.pose.pose.position = msg.poses[0].position
AttributeError: 'Pose' object has no attribute 'pose'

[rosout][ERROR] 2020-11-20 08:01:02,803: bad callback: <bound method ROSNode.pose_array_callback of <__main__.ROSNode object at 0x7fc653c2ca90>>
Traceback (most recent call last):
  File "/opt/ros/noetic/lib/python3/dist-packages/rospy/topics.py", line 750, in _invoke_callback
    cb(msg)
  File "./train.py", line 129, in pose_array_callback
    self.global_start.pose.pose.position = msg.poses[0].position
AttributeError: 'Pose' object has no attribute 'pose'

[rosout][ERROR] 2020-11-20 08:01:02,814: bad callback: <bound method ROSNode.pose_array_callback of <__main__.ROSNode object at 0x7fc653c2ca90>>
Traceback (most recent call last):
  File "/opt/ros/noetic/lib/python3/dist-packages/rospy/topics.py", line 750, in _invoke_callback
    cb(msg)
  File "./train.py", line 129, in pose_array_callback
    self.global_start.pose.pose.position = msg.poses[0].position
AttributeError: 'Pose' object has no attribute 'pose'

[rosout][ERROR] 2020-11-20 08:01:02,824: bad callback: <bound method ROSNode.pose_array_callback of <__main__.ROSNode object at 0x7fc653c2ca90>>
Traceback (most recent call last):
  File "/opt/ros/noetic/lib/python3/dist-packages/rospy/topics.py", line 750, in _invoke_callback
    cb(msg)
  File "./train.py", line 129, in pose_array_callback
    self.global_start.pose.pose.position = msg.poses[0].position
AttributeError: 'Pose' object has no attribute 'pose'

[rosout][ERROR] 2020-11-20 08:01:02,834: bad callback: <bound method ROSNode.pose_array_callback of <__main__.ROSNode object at 0x7fc653c2ca90>>
Traceback (most recent call last):
  File "/opt/ros/noetic/lib/python3/dist-packages/rospy/topics.py", line 750, in _invoke_callback
    cb(msg)
  File "./train.py", line 129, in pose_array_callback
    self.global_start.pose.pose.position = msg.poses[0].position
AttributeError: 'Pose' object has no attribute 'pose'

[rosout][ERROR] 2020-11-20 08:01:02,844: bad callback: <bound method ROSNode.pose_array_callback of <__main__.ROSNode object at 0x7fc653c2ca90>>
Traceback (most recent call last):
  File "/opt/ros/noetic/lib/python3/dist-packages/rospy/topics.py", line 750, in _invoke_callback
    cb(msg)
  File "./train.py", line 129, in pose_array_callback
    self.global_start.pose.pose.position = msg.poses[0].position
AttributeError: 'Pose' object has no attribute 'pose'

[rosout][ERROR] 2020-11-20 08:01:02,855: bad callback: <bound method ROSNode.pose_array_callback of <__main__.ROSNode object at 0x7fc653c2ca90>>
Traceback (most recent call last):
  File "/opt/ros/noetic/lib/python3/dist-packages/rospy/topics.py", line 750, in _invoke_callback
    cb(msg)
  File "./train.py", line 129, in pose_array_callback
    self.global_start.pose.pose.position = msg.poses[0].position
AttributeError: 'Pose' object has no attribute 'pose'

[rosout][ERROR] 2020-11-20 08:01:02,864: bad callback: <bound method ROSNode.pose_array_callback of <__main__.ROSNode object at 0x7fc653c2ca90>>
Traceback (most recent call last):
  File "/opt/ros/noetic/lib/python3/dist-packages/rospy/topics.py", line 750, in _invoke_callback
    cb(msg)
  File "./train.py", line 129, in pose_array_callback
    self.global_start.pose.pose.position = msg.poses[0].position
AttributeError: 'Pose' object has no attribute 'pose'

[rosout][ERROR] 2020-11-20 08:01:02,875: bad callback: <bound method ROSNode.pose_array_callback of <__main__.ROSNode object at 0x7fc653c2ca90>>
Traceback (most recent call last):
  File "/opt/ros/noetic/lib/python3/dist-packages/rospy/topics.py", line 750, in _invoke_callback
    cb(msg)
  File "./train.py", line 129, in pose_array_callback
    self.global_start.pose.pose.position = msg.poses[0].position
AttributeError: 'Pose' object has no attribute 'pose'

[rosout][ERROR] 2020-11-20 08:01:02,885: bad callback: <bound method ROSNode.pose_array_callback of <__main__.ROSNode object at 0x7fc653c2ca90>>
Traceback (most recent call last):
  File "/opt/ros/noetic/lib/python3/dist-packages/rospy/topics.py", line 750, in _invoke_callback
    cb(msg)
  File "./train.py", line 129, in pose_array_callback
    self.global_start.pose.pose.position = msg.poses[0].position
AttributeError: 'Pose' object has no attribute 'pose'

[rosout][ERROR] 2020-11-20 08:01:02,895: bad callback: <bound method ROSNode.pose_array_callback of <__main__.ROSNode object at 0x7fc653c2ca90>>
Traceback (most recent call last):
  File "/opt/ros/noetic/lib/python3/dist-packages/rospy/topics.py", line 750, in _invoke_callback
    cb(msg)
  File "./train.py", line 129, in pose_array_callback
    self.global_start.pose.pose.position = msg.poses[0].position
AttributeError: 'Pose' object has no attribute 'pose'

[rosout][ERROR] 2020-11-20 08:01:02,906: bad callback: <bound method ROSNode.pose_array_callback of <__main__.ROSNode object at 0x7fc653c2ca90>>
Traceback (most recent call last):
  File "/opt/ros/noetic/lib/python3/dist-packages/rospy/topics.py", line 750, in _invoke_callback
    cb(msg)
  File "./train.py", line 129, in pose_array_callback
    self.global_start.pose.pose.position = msg.poses[0].position
AttributeError: 'Pose' object has no attribute 'pose'

[rosout][ERROR] 2020-11-20 08:01:02,915: bad callback: <bound method ROSNode.pose_array_callback of <__main__.ROSNode object at 0x7fc653c2ca90>>
Traceback (most recent call last):
  File "/opt/ros/noetic/lib/python3/dist-packages/rospy/topics.py", line 750, in _invoke_callback
    cb(msg)
  File "./train.py", line 129, in pose_array_callback
    self.global_start.pose.pose.position = msg.poses[0].position
AttributeError: 'Pose' object has no attribute 'pose'

[rosout][ERROR] 2020-11-20 08:01:02,926: bad callback: <bound method ROSNode.pose_array_callback of <__main__.ROSNode object at 0x7fc653c2ca90>>
Traceback (most recent call last):
  File "/opt/ros/noetic/lib/python3/dist-packages/rospy/topics.py", line 750, in _invoke_callback
    cb(msg)
  File "./train.py", line 129, in pose_array_callback
    self.global_start.pose.pose.position = msg.poses[0].position
AttributeError: 'Pose' object has no attribute 'pose'

[rosout][ERROR] 2020-11-20 08:01:02,937: bad callback: <bound method ROSNode.pose_array_callback of <__main__.ROSNode object at 0x7fc653c2ca90>>
Traceback (most recent call last):
  File "/opt/ros/noetic/lib/python3/dist-packages/rospy/topics.py", line 750, in _invoke_callback
    cb(msg)
  File "./train.py", line 129, in pose_array_callback
    self.global_start.pose.pose.position = msg.poses[0].position
AttributeError: 'Pose' object has no attribute 'pose'

[rosout][ERROR] 2020-11-20 08:01:02,946: bad callback: <bound method ROSNode.pose_array_callback of <__main__.ROSNode object at 0x7fc653c2ca90>>
Traceback (most recent call last):
  File "/opt/ros/noetic/lib/python3/dist-packages/rospy/topics.py", line 750, in _invoke_callback
    cb(msg)
  File "./train.py", line 129, in pose_array_callback
    self.global_start.pose.pose.position = msg.poses[0].position
AttributeError: 'Pose' object has no attribute 'pose'

[rosout][ERROR] 2020-11-20 08:01:02,957: bad callback: <bound method ROSNode.pose_array_callback of <__main__.ROSNode object at 0x7fc653c2ca90>>
Traceback (most recent call last):
  File "/opt/ros/noetic/lib/python3/dist-packages/rospy/topics.py", line 750, in _invoke_callback
    cb(msg)
  File "./train.py", line 129, in pose_array_callback
    self.global_start.pose.pose.position = msg.poses[0].position
AttributeError: 'Pose' object has no attribute 'pose'

[rosout][ERROR] 2020-11-20 08:01:02,967: bad callback: <bound method ROSNode.pose_array_callback of <__main__.ROSNode object at 0x7fc653c2ca90>>
Traceback (most recent call last):
  File "/opt/ros/noetic/lib/python3/dist-packages/rospy/topics.py", line 750, in _invoke_callback
    cb(msg)
  File "./train.py", line 129, in pose_array_callback
    self.global_start.pose.pose.position = msg.poses[0].position
AttributeError: 'Pose' object has no attribute 'pose'

[rosout][ERROR] 2020-11-20 08:01:03,005: bad callback: <bound method ROSNode.pose_array_callback of <__main__.ROSNode object at 0x7fc653c2ca90>>
Traceback (most recent call last):
  File "/opt/ros/noetic/lib/python3/dist-packages/rospy/topics.py", line 750, in _invoke_callback
    cb(msg)
  File "./train.py", line 129, in pose_array_callback
    self.global_start.pose.pose.position = msg.poses[0].position
AttributeError: 'Pose' object has no attribute 'pose'

[rosout][ERROR] 2020-11-20 08:01:03,018: bad callback: <bound method ROSNode.pose_array_callback of <__main__.ROSNode object at 0x7fc653c2ca90>>
Traceback (most recent call last):
  File "/opt/ros/noetic/lib/python3/dist-packages/rospy/topics.py", line 750, in _invoke_callback
    cb(msg)
  File "./train.py", line 129, in pose_array_callback
    self.global_start.pose.pose.position = msg.poses[0].position
AttributeError: 'Pose' object has no attribute 'pose'

[rosout][ERROR] 2020-11-20 08:01:03,029: bad callback: <bound method ROSNode.pose_array_callback of <__main__.ROSNode object at 0x7fc653c2ca90>>
Traceback (most recent call last):
  File "/opt/ros/noetic/lib/python3/dist-packages/rospy/topics.py", line 750, in _invoke_callback
    cb(msg)
  File "./train.py", line 129, in pose_array_callback
    self.global_start.pose.pose.position = msg.poses[0].position
AttributeError: 'Pose' object has no attribute 'pose'

[rosout][ERROR] 2020-11-20 08:01:03,039: bad callback: <bound method ROSNode.pose_array_callback of <__main__.ROSNode object at 0x7fc653c2ca90>>
Traceback (most recent call last):
  File "/opt/ros/noetic/lib/python3/dist-packages/rospy/topics.py", line 750, in _invoke_callback
    cb(msg)
  File "./train.py", line 129, in pose_array_callback
    self.global_start.pose.pose.position = msg.poses[0].position
AttributeError: 'Pose' object has no attribute 'pose'

[rosout][ERROR] 2020-11-20 08:01:03,051: bad callback: <bound method ROSNode.pose_array_callback of <__main__.ROSNode object at 0x7fc653c2ca90>>
Traceback (most recent call last):
  File "/opt/ros/noetic/lib/python3/dist-packages/rospy/topics.py", line 750, in _invoke_callback
    cb(msg)
  File "./train.py", line 129, in pose_array_callback
    self.global_start.pose.pose.position = msg.poses[0].position
AttributeError: 'Pose' object has no attribute 'pose'

[rosout][ERROR] 2020-11-20 08:01:03,060: bad callback: <bound method ROSNode.pose_array_callback of <__main__.ROSNode object at 0x7fc653c2ca90>>
Traceback (most recent call last):
  File "/opt/ros/noetic/lib/python3/dist-packages/rospy/topics.py", line 750, in _invoke_callback
    cb(msg)
  File "./train.py", line 129, in pose_array_callback
    self.global_start.pose.pose.position = msg.poses[0].position
AttributeError: 'Pose' object has no attribute 'pose'

[rosout][ERROR] 2020-11-20 08:01:03,071: bad callback: <bound method ROSNode.pose_array_callback of <__main__.ROSNode object at 0x7fc653c2ca90>>
Traceback (most recent call last):
  File "/opt/ros/noetic/lib/python3/dist-packages/rospy/topics.py", line 750, in _invoke_callback
    cb(msg)
  File "./train.py", line 129, in pose_array_callback
    self.global_start.pose.pose.position = msg.poses[0].position
AttributeError: 'Pose' object has no attribute 'pose'

[rosout][ERROR] 2020-11-20 08:01:03,082: bad callback: <bound method ROSNode.pose_array_callback of <__main__.ROSNode object at 0x7fc653c2ca90>>
Traceback (most recent call last):
  File "/opt/ros/noetic/lib/python3/dist-packages/rospy/topics.py", line 750, in _invoke_callback
    cb(msg)
  File "./train.py", line 129, in pose_array_callback
    self.global_start.pose.pose.position = msg.poses[0].position
AttributeError: 'Pose' object has no attribute 'pose'

[rosout][ERROR] 2020-11-20 08:01:03,092: bad callback: <bound method ROSNode.pose_array_callback of <__main__.ROSNode object at 0x7fc653c2ca90>>
Traceback (most recent call last):
  File "/opt/ros/noetic/lib/python3/dist-packages/rospy/topics.py", line 750, in _invoke_callback
    cb(msg)
  File "./train.py", line 129, in pose_array_callback
    self.global_start.pose.pose.position = msg.poses[0].position
AttributeError: 'Pose' object has no attribute 'pose'

[rosout][ERROR] 2020-11-20 08:01:03,102: bad callback: <bound method ROSNode.pose_array_callback of <__main__.ROSNode object at 0x7fc653c2ca90>>
Traceback (most recent call last):
  File "/opt/ros/noetic/lib/python3/dist-packages/rospy/topics.py", line 750, in _invoke_callback
    cb(msg)
  File "./train.py", line 129, in pose_array_callback
    self.global_start.pose.pose.position = msg.poses[0].position
AttributeError: 'Pose' object has no attribute 'pose'

[rosout][ERROR] 2020-11-20 08:01:03,112: bad callback: <bound method ROSNode.pose_array_callback of <__main__.ROSNode object at 0x7fc653c2ca90>>
Traceback (most recent call last):
  File "/opt/ros/noetic/lib/python3/dist-packages/rospy/topics.py", line 750, in _invoke_callback
    cb(msg)
  File "./train.py", line 129, in pose_array_callback
    self.global_start.pose.pose.position = msg.poses[0].position
AttributeError: 'Pose' object has no attribute 'pose'

[rosout][ERROR] 2020-11-20 08:01:03,123: bad callback: <bound method ROSNode.pose_array_callback of <__main__.ROSNode object at 0x7fc653c2ca90>>
Traceback (most recent call last):
  File "/opt/ros/noetic/lib/python3/dist-packages/rospy/topics.py", line 750, in _invoke_callback
    cb(msg)
  File "./train.py", line 129, in pose_array_callback
    self.global_start.pose.pose.position = msg.poses[0].position
AttributeError: 'Pose' object has no attribute 'pose'

[rosout][ERROR] 2020-11-20 08:01:03,132: bad callback: <bound method ROSNode.pose_array_callback of <__main__.ROSNode object at 0x7fc653c2ca90>>
Traceback (most recent call last):
  File "/opt/ros/noetic/lib/python3/dist-packages/rospy/topics.py", line 750, in _invoke_callback
    cb(msg)
  File "./train.py", line 129, in pose_array_callback
    self.global_start.pose.pose.position = msg.poses[0].position
AttributeError: 'Pose' object has no attribute 'pose'

[rosout][ERROR] 2020-11-20 08:01:03,143: bad callback: <bound method ROSNode.pose_array_callback of <__main__.ROSNode object at 0x7fc653c2ca90>>
Traceback (most recent call last):
  File "/opt/ros/noetic/lib/python3/dist-packages/rospy/topics.py", line 750, in _invoke_callback
    cb(msg)
  File "./train.py", line 129, in pose_array_callback
    self.global_start.pose.pose.position = msg.poses[0].position
AttributeError: 'Pose' object has no attribute 'pose'

[rosout][ERROR] 2020-11-20 08:01:03,153: bad callback: <bound method ROSNode.pose_array_callback of <__main__.ROSNode object at 0x7fc653c2ca90>>
Traceback (most recent call last):
  File "/opt/ros/noetic/lib/python3/dist-packages/rospy/topics.py", line 750, in _invoke_callback
    cb(msg)
  File "./train.py", line 129, in pose_array_callback
    self.global_start.pose.pose.position = msg.poses[0].position
AttributeError: 'Pose' object has no attribute 'pose'

[rosout][ERROR] 2020-11-20 08:01:03,164: bad callback: <bound method ROSNode.pose_array_callback of <__main__.ROSNode object at 0x7fc653c2ca90>>
Traceback (most recent call last):
  File "/opt/ros/noetic/lib/python3/dist-packages/rospy/topics.py", line 750, in _invoke_callback
    cb(msg)
  File "./train.py", line 129, in pose_array_callback
    self.global_start.pose.pose.position = msg.poses[0].position
AttributeError: 'Pose' object has no attribute 'pose'

[rosout][ERROR] 2020-11-20 08:01:03,175: bad callback: <bound method ROSNode.pose_array_callback of <__main__.ROSNode object at 0x7fc653c2ca90>>
Traceback (most recent call last):
  File "/opt/ros/noetic/lib/python3/dist-packages/rospy/topics.py", line 750, in _invoke_callback
    cb(msg)
  File "./train.py", line 129, in pose_array_callback
    self.global_start.pose.pose.position = msg.poses[0].position
AttributeError: 'Pose' object has no attribute 'pose'

[rosout][ERROR] 2020-11-20 08:01:03,184: bad callback: <bound method ROSNode.pose_array_callback of <__main__.ROSNode object at 0x7fc653c2ca90>>
Traceback (most recent call last):
  File "/opt/ros/noetic/lib/python3/dist-packages/rospy/topics.py", line 750, in _invoke_callback
    cb(msg)
  File "./train.py", line 129, in pose_array_callback
    self.global_start.pose.pose.position = msg.poses[0].position
AttributeError: 'Pose' object has no attribute 'pose'

[rosout][ERROR] 2020-11-20 08:01:03,195: bad callback: <bound method ROSNode.pose_array_callback of <__main__.ROSNode object at 0x7fc653c2ca90>>
Traceback (most recent call last):
  File "/opt/ros/noetic/lib/python3/dist-packages/rospy/topics.py", line 750, in _invoke_callback
    cb(msg)
  File "./train.py", line 129, in pose_array_callback
    self.global_start.pose.pose.position = msg.poses[0].position
AttributeError: 'Pose' object has no attribute 'pose'

[rosout][ERROR] 2020-11-20 08:01:03,205: bad callback: <bound method ROSNode.pose_array_callback of <__main__.ROSNode object at 0x7fc653c2ca90>>
Traceback (most recent call last):
  File "/opt/ros/noetic/lib/python3/dist-packages/rospy/topics.py", line 750, in _invoke_callback
    cb(msg)
  File "./train.py", line 129, in pose_array_callback
    self.global_start.pose.pose.position = msg.poses[0].position
AttributeError: 'Pose' object has no attribute 'pose'

[rosout][ERROR] 2020-11-20 08:01:03,245: bad callback: <bound method ROSNode.pose_array_callback of <__main__.ROSNode object at 0x7fc653c2ca90>>
Traceback (most recent call last):
  File "/opt/ros/noetic/lib/python3/dist-packages/rospy/topics.py", line 750, in _invoke_callback
    cb(msg)
  File "./train.py", line 129, in pose_array_callback
    self.global_start.pose.pose.position = msg.poses[0].position
AttributeError: 'Pose' object has no attribute 'pose'

[rosout][ERROR] 2020-11-20 08:01:03,254: bad callback: <bound method ROSNode.pose_array_callback of <__main__.ROSNode object at 0x7fc653c2ca90>>
Traceback (most recent call last):
  File "/opt/ros/noetic/lib/python3/dist-packages/rospy/topics.py", line 750, in _invoke_callback
    cb(msg)
  File "./train.py", line 129, in pose_array_callback
    self.global_start.pose.pose.position = msg.poses[0].position
AttributeError: 'Pose' object has no attribute 'pose'

[rosout][ERROR] 2020-11-20 08:01:03,266: bad callback: <bound method ROSNode.pose_array_callback of <__main__.ROSNode object at 0x7fc653c2ca90>>
Traceback (most recent call last):
  File "/opt/ros/noetic/lib/python3/dist-packages/rospy/topics.py", line 750, in _invoke_callback
    cb(msg)
  File "./train.py", line 129, in pose_array_callback
    self.global_start.pose.pose.position = msg.poses[0].position
AttributeError: 'Pose' object has no attribute 'pose'

[rosout][ERROR] 2020-11-20 08:01:03,278: bad callback: <bound method ROSNode.pose_array_callback of <__main__.ROSNode object at 0x7fc653c2ca90>>
Traceback (most recent call last):
  File "/opt/ros/noetic/lib/python3/dist-packages/rospy/topics.py", line 750, in _invoke_callback
    cb(msg)
  File "./train.py", line 129, in pose_array_callback
    self.global_start.pose.pose.position = msg.poses[0].position
AttributeError: 'Pose' object has no attribute 'pose'

[rosout][ERROR] 2020-11-20 08:01:03,288: bad callback: <bound method ROSNode.pose_array_callback of <__main__.ROSNode object at 0x7fc653c2ca90>>
Traceback (most recent call last):
  File "/opt/ros/noetic/lib/python3/dist-packages/rospy/topics.py", line 750, in _invoke_callback
    cb(msg)
  File "./train.py", line 129, in pose_array_callback
    self.global_start.pose.pose.position = msg.poses[0].position
AttributeError: 'Pose' object has no attribute 'pose'

[rosout][ERROR] 2020-11-20 08:01:03,299: bad callback: <bound method ROSNode.pose_array_callback of <__main__.ROSNode object at 0x7fc653c2ca90>>
Traceback (most recent call last):
  File "/opt/ros/noetic/lib/python3/dist-packages/rospy/topics.py", line 750, in _invoke_callback
    cb(msg)
  File "./train.py", line 129, in pose_array_callback
    self.global_start.pose.pose.position = msg.poses[0].position
AttributeError: 'Pose' object has no attribute 'pose'

[rosout][ERROR] 2020-11-20 08:01:03,310: bad callback: <bound method ROSNode.pose_array_callback of <__main__.ROSNode object at 0x7fc653c2ca90>>
Traceback (most recent call last):
  File "/opt/ros/noetic/lib/python3/dist-packages/rospy/topics.py", line 750, in _invoke_callback
    cb(msg)
  File "./train.py", line 129, in pose_array_callback
    self.global_start.pose.pose.position = msg.poses[0].position
AttributeError: 'Pose' object has no attribute 'pose'

[rosout][ERROR] 2020-11-20 08:01:03,320: bad callback: <bound method ROSNode.pose_array_callback of <__main__.ROSNode object at 0x7fc653c2ca90>>
Traceback (most recent call last):
  File "/opt/ros/noetic/lib/python3/dist-packages/rospy/topics.py", line 750, in _invoke_callback
    cb(msg)
  File "./train.py", line 129, in pose_array_callback
    self.global_start.pose.pose.position = msg.poses[0].position
AttributeError: 'Pose' object has no attribute 'pose'

[rosout][ERROR] 2020-11-20 08:01:03,330: bad callback: <bound method ROSNode.pose_array_callback of <__main__.ROSNode object at 0x7fc653c2ca90>>
Traceback (most recent call last):
  File "/opt/ros/noetic/lib/python3/dist-packages/rospy/topics.py", line 750, in _invoke_callback
    cb(msg)
  File "./train.py", line 129, in pose_array_callback
    self.global_start.pose.pose.position = msg.poses[0].position
AttributeError: 'Pose' object has no attribute 'pose'

[rosout][ERROR] 2020-11-20 08:01:03,340: bad callback: <bound method ROSNode.pose_array_callback of <__main__.ROSNode object at 0x7fc653c2ca90>>
Traceback (most recent call last):
  File "/opt/ros/noetic/lib/python3/dist-packages/rospy/topics.py", line 750, in _invoke_callback
    cb(msg)
  File "./train.py", line 129, in pose_array_callback
    self.global_start.pose.pose.position = msg.poses[0].position
AttributeError: 'Pose' object has no attribute 'pose'

[rosout][ERROR] 2020-11-20 08:01:03,350: bad callback: <bound method ROSNode.pose_array_callback of <__main__.ROSNode object at 0x7fc653c2ca90>>
Traceback (most recent call last):
  File "/opt/ros/noetic/lib/python3/dist-packages/rospy/topics.py", line 750, in _invoke_callback
    cb(msg)
  File "./train.py", line 129, in pose_array_callback
    self.global_start.pose.pose.position = msg.poses[0].position
AttributeError: 'Pose' object has no attribute 'pose'

[rosout][ERROR] 2020-11-20 08:01:03,361: bad callback: <bound method ROSNode.pose_array_callback of <__main__.ROSNode object at 0x7fc653c2ca90>>
Traceback (most recent call last):
  File "/opt/ros/noetic/lib/python3/dist-packages/rospy/topics.py", line 750, in _invoke_callback
    cb(msg)
  File "./train.py", line 129, in pose_array_callback
    self.global_start.pose.pose.position = msg.poses[0].position
AttributeError: 'Pose' object has no attribute 'pose'

[rosout][ERROR] 2020-11-20 08:01:03,371: bad callback: <bound method ROSNode.pose_array_callback of <__main__.ROSNode object at 0x7fc653c2ca90>>
Traceback (most recent call last):
  File "/opt/ros/noetic/lib/python3/dist-packages/rospy/topics.py", line 750, in _invoke_callback
    cb(msg)
  File "./train.py", line 129, in pose_array_callback
    self.global_start.pose.pose.position = msg.poses[0].position
AttributeError: 'Pose' object has no attribute 'pose'

[rosout][ERROR] 2020-11-20 08:01:03,382: bad callback: <bound method ROSNode.pose_array_callback of <__main__.ROSNode object at 0x7fc653c2ca90>>
Traceback (most recent call last):
  File "/opt/ros/noetic/lib/python3/dist-packages/rospy/topics.py", line 750, in _invoke_callback
    cb(msg)
  File "./train.py", line 129, in pose_array_callback
    self.global_start.pose.pose.position = msg.poses[0].position
AttributeError: 'Pose' object has no attribute 'pose'

[rosout][ERROR] 2020-11-20 08:01:03,391: bad callback: <bound method ROSNode.pose_array_callback of <__main__.ROSNode object at 0x7fc653c2ca90>>
Traceback (most recent call last):
  File "/opt/ros/noetic/lib/python3/dist-packages/rospy/topics.py", line 750, in _invoke_callback
    cb(msg)
  File "./train.py", line 129, in pose_array_callback
    self.global_start.pose.pose.position = msg.poses[0].position
AttributeError: 'Pose' object has no attribute 'pose'

[rosout][ERROR] 2020-11-20 08:01:03,404: bad callback: <bound method ROSNode.pose_array_callback of <__main__.ROSNode object at 0x7fc653c2ca90>>
Traceback (most recent call last):
  File "/opt/ros/noetic/lib/python3/dist-packages/rospy/topics.py", line 750, in _invoke_callback
    cb(msg)
  File "./train.py", line 129, in pose_array_callback
    self.global_start.pose.pose.position = msg.poses[0].position
AttributeError: 'Pose' object has no attribute 'pose'

[rosout][ERROR] 2020-11-20 08:01:03,416: bad callback: <bound method ROSNode.pose_array_callback of <__main__.ROSNode object at 0x7fc653c2ca90>>
Traceback (most recent call last):
  File "/opt/ros/noetic/lib/python3/dist-packages/rospy/topics.py", line 750, in _invoke_callback
    cb(msg)
  File "./train.py", line 129, in pose_array_callback
    self.global_start.pose.pose.position = msg.poses[0].position
AttributeError: 'Pose' object has no attribute 'pose'

[rosout][ERROR] 2020-11-20 08:01:03,426: bad callback: <bound method ROSNode.pose_array_callback of <__main__.ROSNode object at 0x7fc653c2ca90>>
Traceback (most recent call last):
  File "/opt/ros/noetic/lib/python3/dist-packages/rospy/topics.py", line 750, in _invoke_callback
    cb(msg)
  File "./train.py", line 129, in pose_array_callback
    self.global_start.pose.pose.position = msg.poses[0].position
AttributeError: 'Pose' object has no attribute 'pose'

[rosout][ERROR] 2020-11-20 08:01:03,437: bad callback: <bound method ROSNode.pose_array_callback of <__main__.ROSNode object at 0x7fc653c2ca90>>
Traceback (most recent call last):
  File "/opt/ros/noetic/lib/python3/dist-packages/rospy/topics.py", line 750, in _invoke_callback
    cb(msg)
  File "./train.py", line 129, in pose_array_callback
    self.global_start.pose.pose.position = msg.poses[0].position
AttributeError: 'Pose' object has no attribute 'pose'

[rosout][ERROR] 2020-11-20 08:01:03,446: bad callback: <bound method ROSNode.pose_array_callback of <__main__.ROSNode object at 0x7fc653c2ca90>>
Traceback (most recent call last):
  File "/opt/ros/noetic/lib/python3/dist-packages/rospy/topics.py", line 750, in _invoke_callback
    cb(msg)
  File "./train.py", line 129, in pose_array_callback
    self.global_start.pose.pose.position = msg.poses[0].position
AttributeError: 'Pose' object has no attribute 'pose'

[rosout][ERROR] 2020-11-20 08:01:03,482: bad callback: <bound method ROSNode.pose_array_callback of <__main__.ROSNode object at 0x7fc653c2ca90>>
Traceback (most recent call last):
  File "/opt/ros/noetic/lib/python3/dist-packages/rospy/topics.py", line 750, in _invoke_callback
    cb(msg)
  File "./train.py", line 129, in pose_array_callback
    self.global_start.pose.pose.position = msg.poses[0].position
AttributeError: 'Pose' object has no attribute 'pose'

[rosout][ERROR] 2020-11-20 08:01:03,493: bad callback: <bound method ROSNode.pose_array_callback of <__main__.ROSNode object at 0x7fc653c2ca90>>
Traceback (most recent call last):
  File "/opt/ros/noetic/lib/python3/dist-packages/rospy/topics.py", line 750, in _invoke_callback
    cb(msg)
  File "./train.py", line 129, in pose_array_callback
    self.global_start.pose.pose.position = msg.poses[0].position
AttributeError: 'Pose' object has no attribute 'pose'

[rosout][ERROR] 2020-11-20 08:01:03,503: bad callback: <bound method ROSNode.pose_array_callback of <__main__.ROSNode object at 0x7fc653c2ca90>>
Traceback (most recent call last):
  File "/opt/ros/noetic/lib/python3/dist-packages/rospy/topics.py", line 750, in _invoke_callback
    cb(msg)
  File "./train.py", line 129, in pose_array_callback
    self.global_start.pose.pose.position = msg.poses[0].position
AttributeError: 'Pose' object has no attribute 'pose'

[rosout][ERROR] 2020-11-20 08:01:03,514: bad callback: <bound method ROSNode.pose_array_callback of <__main__.ROSNode object at 0x7fc653c2ca90>>
Traceback (most recent call last):
  File "/opt/ros/noetic/lib/python3/dist-packages/rospy/topics.py", line 750, in _invoke_callback
    cb(msg)
  File "./train.py", line 129, in pose_array_callback
    self.global_start.pose.pose.position = msg.poses[0].position
AttributeError: 'Pose' object has no attribute 'pose'

[rosout][ERROR] 2020-11-20 08:01:03,525: bad callback: <bound method ROSNode.pose_array_callback of <__main__.ROSNode object at 0x7fc653c2ca90>>
Traceback (most recent call last):
  File "/opt/ros/noetic/lib/python3/dist-packages/rospy/topics.py", line 750, in _invoke_callback
    cb(msg)
  File "./train.py", line 129, in pose_array_callback
    self.global_start.pose.pose.position = msg.poses[0].position
AttributeError: 'Pose' object has no attribute 'pose'

[rosout][ERROR] 2020-11-20 08:01:03,536: bad callback: <bound method ROSNode.pose_array_callback of <__main__.ROSNode object at 0x7fc653c2ca90>>
Traceback (most recent call last):
  File "/opt/ros/noetic/lib/python3/dist-packages/rospy/topics.py", line 750, in _invoke_callback
    cb(msg)
  File "./train.py", line 129, in pose_array_callback
    self.global_start.pose.pose.position = msg.poses[0].position
AttributeError: 'Pose' object has no attribute 'pose'

[rosout][ERROR] 2020-11-20 08:01:03,545: bad callback: <bound method ROSNode.pose_array_callback of <__main__.ROSNode object at 0x7fc653c2ca90>>
Traceback (most recent call last):
  File "/opt/ros/noetic/lib/python3/dist-packages/rospy/topics.py", line 750, in _invoke_callback
    cb(msg)
  File "./train.py", line 129, in pose_array_callback
    self.global_start.pose.pose.position = msg.poses[0].position
AttributeError: 'Pose' object has no attribute 'pose'

[rosout][ERROR] 2020-11-20 08:01:03,557: bad callback: <bound method ROSNode.pose_array_callback of <__main__.ROSNode object at 0x7fc653c2ca90>>
Traceback (most recent call last):
  File "/opt/ros/noetic/lib/python3/dist-packages/rospy/topics.py", line 750, in _invoke_callback
    cb(msg)
  File "./train.py", line 129, in pose_array_callback
    self.global_start.pose.pose.position = msg.poses[0].position
AttributeError: 'Pose' object has no attribute 'pose'

[rosout][ERROR] 2020-11-20 08:01:03,567: bad callback: <bound method ROSNode.pose_array_callback of <__main__.ROSNode object at 0x7fc653c2ca90>>
Traceback (most recent call last):
  File "/opt/ros/noetic/lib/python3/dist-packages/rospy/topics.py", line 750, in _invoke_callback
    cb(msg)
  File "./train.py", line 129, in pose_array_callback
    self.global_start.pose.pose.position = msg.poses[0].position
AttributeError: 'Pose' object has no attribute 'pose'

[rosout][ERROR] 2020-11-20 08:01:03,577: bad callback: <bound method ROSNode.pose_array_callback of <__main__.ROSNode object at 0x7fc653c2ca90>>
Traceback (most recent call last):
  File "/opt/ros/noetic/lib/python3/dist-packages/rospy/topics.py", line 750, in _invoke_callback
    cb(msg)
  File "./train.py", line 129, in pose_array_callback
    self.global_start.pose.pose.position = msg.poses[0].position
AttributeError: 'Pose' object has no attribute 'pose'

[rosout][ERROR] 2020-11-20 08:01:03,587: bad callback: <bound method ROSNode.pose_array_callback of <__main__.ROSNode object at 0x7fc653c2ca90>>
Traceback (most recent call last):
  File "/opt/ros/noetic/lib/python3/dist-packages/rospy/topics.py", line 750, in _invoke_callback
    cb(msg)
  File "./train.py", line 129, in pose_array_callback
    self.global_start.pose.pose.position = msg.poses[0].position
AttributeError: 'Pose' object has no attribute 'pose'

[rosout][ERROR] 2020-11-20 08:01:03,598: bad callback: <bound method ROSNode.pose_array_callback of <__main__.ROSNode object at 0x7fc653c2ca90>>
Traceback (most recent call last):
  File "/opt/ros/noetic/lib/python3/dist-packages/rospy/topics.py", line 750, in _invoke_callback
    cb(msg)
  File "./train.py", line 129, in pose_array_callback
    self.global_start.pose.pose.position = msg.poses[0].position
AttributeError: 'Pose' object has no attribute 'pose'

[rosout][ERROR] 2020-11-20 08:01:03,607: bad callback: <bound method ROSNode.pose_array_callback of <__main__.ROSNode object at 0x7fc653c2ca90>>
Traceback (most recent call last):
  File "/opt/ros/noetic/lib/python3/dist-packages/rospy/topics.py", line 750, in _invoke_callback
    cb(msg)
  File "./train.py", line 129, in pose_array_callback
    self.global_start.pose.pose.position = msg.poses[0].position
AttributeError: 'Pose' object has no attribute 'pose'

[rosout][ERROR] 2020-11-20 08:01:03,619: bad callback: <bound method ROSNode.pose_array_callback of <__main__.ROSNode object at 0x7fc653c2ca90>>
Traceback (most recent call last):
  File "/opt/ros/noetic/lib/python3/dist-packages/rospy/topics.py", line 750, in _invoke_callback
    cb(msg)
  File "./train.py", line 129, in pose_array_callback
    self.global_start.pose.pose.position = msg.poses[0].position
AttributeError: 'Pose' object has no attribute 'pose'

[rosout][ERROR] 2020-11-20 08:01:03,631: bad callback: <bound method ROSNode.pose_array_callback of <__main__.ROSNode object at 0x7fc653c2ca90>>
Traceback (most recent call last):
  File "/opt/ros/noetic/lib/python3/dist-packages/rospy/topics.py", line 750, in _invoke_callback
    cb(msg)
  File "./train.py", line 129, in pose_array_callback
    self.global_start.pose.pose.position = msg.poses[0].position
AttributeError: 'Pose' object has no attribute 'pose'

[rosout][ERROR] 2020-11-20 08:01:03,641: bad callback: <bound method ROSNode.pose_array_callback of <__main__.ROSNode object at 0x7fc653c2ca90>>
Traceback (most recent call last):
  File "/opt/ros/noetic/lib/python3/dist-packages/rospy/topics.py", line 750, in _invoke_callback
    cb(msg)
  File "./train.py", line 129, in pose_array_callback
    self.global_start.pose.pose.position = msg.poses[0].position
AttributeError: 'Pose' object has no attribute 'pose'

[rosout][ERROR] 2020-11-20 08:01:03,652: bad callback: <bound method ROSNode.pose_array_callback of <__main__.ROSNode object at 0x7fc653c2ca90>>
Traceback (most recent call last):
  File "/opt/ros/noetic/lib/python3/dist-packages/rospy/topics.py", line 750, in _invoke_callback
    cb(msg)
  File "./train.py", line 129, in pose_array_callback
    self.global_start.pose.pose.position = msg.poses[0].position
AttributeError: 'Pose' object has no attribute 'pose'

[rosout][ERROR] 2020-11-20 08:01:03,663: bad callback: <bound method ROSNode.pose_array_callback of <__main__.ROSNode object at 0x7fc653c2ca90>>
Traceback (most recent call last):
  File "/opt/ros/noetic/lib/python3/dist-packages/rospy/topics.py", line 750, in _invoke_callback
    cb(msg)
  File "./train.py", line 129, in pose_array_callback
    self.global_start.pose.pose.position = msg.poses[0].position
AttributeError: 'Pose' object has no attribute 'pose'

[rosout][ERROR] 2020-11-20 08:01:03,672: bad callback: <bound method ROSNode.pose_array_callback of <__main__.ROSNode object at 0x7fc653c2ca90>>
Traceback (most recent call last):
  File "/opt/ros/noetic/lib/python3/dist-packages/rospy/topics.py", line 750, in _invoke_callback
    cb(msg)
  File "./train.py", line 129, in pose_array_callback
    self.global_start.pose.pose.position = msg.poses[0].position
AttributeError: 'Pose' object has no attribute 'pose'

[rosout][ERROR] 2020-11-20 08:01:03,683: bad callback: <bound method ROSNode.pose_array_callback of <__main__.ROSNode object at 0x7fc653c2ca90>>
Traceback (most recent call last):
  File "/opt/ros/noetic/lib/python3/dist-packages/rospy/topics.py", line 750, in _invoke_callback
    cb(msg)
  File "./train.py", line 129, in pose_array_callback
    self.global_start.pose.pose.position = msg.poses[0].position
AttributeError: 'Pose' object has no attribute 'pose'

[rosout][ERROR] 2020-11-20 08:01:03,720: bad callback: <bound method ROSNode.pose_array_callback of <__main__.ROSNode object at 0x7fc653c2ca90>>
Traceback (most recent call last):
  File "/opt/ros/noetic/lib/python3/dist-packages/rospy/topics.py", line 750, in _invoke_callback
    cb(msg)
  File "./train.py", line 129, in pose_array_callback
    self.global_start.pose.pose.position = msg.poses[0].position
AttributeError: 'Pose' object has no attribute 'pose'

[rosout][ERROR] 2020-11-20 08:01:03,730: bad callback: <bound method ROSNode.pose_array_callback of <__main__.ROSNode object at 0x7fc653c2ca90>>
Traceback (most recent call last):
  File "/opt/ros/noetic/lib/python3/dist-packages/rospy/topics.py", line 750, in _invoke_callback
    cb(msg)
  File "./train.py", line 129, in pose_array_callback
    self.global_start.pose.pose.position = msg.poses[0].position
AttributeError: 'Pose' object has no attribute 'pose'

[rosout][ERROR] 2020-11-20 08:01:03,741: bad callback: <bound method ROSNode.pose_array_callback of <__main__.ROSNode object at 0x7fc653c2ca90>>
Traceback (most recent call last):
  File "/opt/ros/noetic/lib/python3/dist-packages/rospy/topics.py", line 750, in _invoke_callback
    cb(msg)
  File "./train.py", line 129, in pose_array_callback
    self.global_start.pose.pose.position = msg.poses[0].position
AttributeError: 'Pose' object has no attribute 'pose'

[rosout][ERROR] 2020-11-20 08:01:03,750: bad callback: <bound method ROSNode.pose_array_callback of <__main__.ROSNode object at 0x7fc653c2ca90>>
Traceback (most recent call last):
  File "/opt/ros/noetic/lib/python3/dist-packages/rospy/topics.py", line 750, in _invoke_callback
    cb(msg)
  File "./train.py", line 129, in pose_array_callback
    self.global_start.pose.pose.position = msg.poses[0].position
AttributeError: 'Pose' object has no attribute 'pose'

[rosout][ERROR] 2020-11-20 08:01:03,761: bad callback: <bound method ROSNode.pose_array_callback of <__main__.ROSNode object at 0x7fc653c2ca90>>
Traceback (most recent call last):
  File "/opt/ros/noetic/lib/python3/dist-packages/rospy/topics.py", line 750, in _invoke_callback
    cb(msg)
  File "./train.py", line 129, in pose_array_callback
    self.global_start.pose.pose.position = msg.poses[0].position
AttributeError: 'Pose' object has no attribute 'pose'

[rosout][ERROR] 2020-11-20 08:01:03,772: bad callback: <bound method ROSNode.pose_array_callback of <__main__.ROSNode object at 0x7fc653c2ca90>>
Traceback (most recent call last):
  File "/opt/ros/noetic/lib/python3/dist-packages/rospy/topics.py", line 750, in _invoke_callback
    cb(msg)
  File "./train.py", line 129, in pose_array_callback
    self.global_start.pose.pose.position = msg.poses[0].position
AttributeError: 'Pose' object has no attribute 'pose'

[rosout][ERROR] 2020-11-20 08:01:03,781: bad callback: <bound method ROSNode.pose_array_callback of <__main__.ROSNode object at 0x7fc653c2ca90>>
Traceback (most recent call last):
  File "/opt/ros/noetic/lib/python3/dist-packages/rospy/topics.py", line 750, in _invoke_callback
    cb(msg)
  File "./train.py", line 129, in pose_array_callback
    self.global_start.pose.pose.position = msg.poses[0].position
AttributeError: 'Pose' object has no attribute 'pose'

[rosout][ERROR] 2020-11-20 08:01:03,792: bad callback: <bound method ROSNode.pose_array_callback of <__main__.ROSNode object at 0x7fc653c2ca90>>
Traceback (most recent call last):
  File "/opt/ros/noetic/lib/python3/dist-packages/rospy/topics.py", line 750, in _invoke_callback
    cb(msg)
  File "./train.py", line 129, in pose_array_callback
    self.global_start.pose.pose.position = msg.poses[0].position
AttributeError: 'Pose' object has no attribute 'pose'

[rosout][ERROR] 2020-11-20 08:01:03,802: bad callback: <bound method ROSNode.pose_array_callback of <__main__.ROSNode object at 0x7fc653c2ca90>>
Traceback (most recent call last):
  File "/opt/ros/noetic/lib/python3/dist-packages/rospy/topics.py", line 750, in _invoke_callback
    cb(msg)
  File "./train.py", line 129, in pose_array_callback
    self.global_start.pose.pose.position = msg.poses[0].position
AttributeError: 'Pose' object has no attribute 'pose'

[rosout][ERROR] 2020-11-20 08:01:03,813: bad callback: <bound method ROSNode.pose_array_callback of <__main__.ROSNode object at 0x7fc653c2ca90>>
Traceback (most recent call last):
  File "/opt/ros/noetic/lib/python3/dist-packages/rospy/topics.py", line 750, in _invoke_callback
    cb(msg)
  File "./train.py", line 129, in pose_array_callback
    self.global_start.pose.pose.position = msg.poses[0].position
AttributeError: 'Pose' object has no attribute 'pose'

[rosout][ERROR] 2020-11-20 08:01:03,822: bad callback: <bound method ROSNode.pose_array_callback of <__main__.ROSNode object at 0x7fc653c2ca90>>
Traceback (most recent call last):
  File "/opt/ros/noetic/lib/python3/dist-packages/rospy/topics.py", line 750, in _invoke_callback
    cb(msg)
  File "./train.py", line 129, in pose_array_callback
    self.global_start.pose.pose.position = msg.poses[0].position
AttributeError: 'Pose' object has no attribute 'pose'

[rosout][ERROR] 2020-11-20 08:01:03,833: bad callback: <bound method ROSNode.pose_array_callback of <__main__.ROSNode object at 0x7fc653c2ca90>>
Traceback (most recent call last):
  File "/opt/ros/noetic/lib/python3/dist-packages/rospy/topics.py", line 750, in _invoke_callback
    cb(msg)
  File "./train.py", line 129, in pose_array_callback
    self.global_start.pose.pose.position = msg.poses[0].position
AttributeError: 'Pose' object has no attribute 'pose'

[rosout][ERROR] 2020-11-20 08:01:03,843: bad callback: <bound method ROSNode.pose_array_callback of <__main__.ROSNode object at 0x7fc653c2ca90>>
Traceback (most recent call last):
  File "/opt/ros/noetic/lib/python3/dist-packages/rospy/topics.py", line 750, in _invoke_callback
    cb(msg)
  File "./train.py", line 129, in pose_array_callback
    self.global_start.pose.pose.position = msg.poses[0].position
AttributeError: 'Pose' object has no attribute 'pose'

[rosout][ERROR] 2020-11-20 08:01:03,853: bad callback: <bound method ROSNode.pose_array_callback of <__main__.ROSNode object at 0x7fc653c2ca90>>
Traceback (most recent call last):
  File "/opt/ros/noetic/lib/python3/dist-packages/rospy/topics.py", line 750, in _invoke_callback
    cb(msg)
  File "./train.py", line 129, in pose_array_callback
    self.global_start.pose.pose.position = msg.poses[0].position
AttributeError: 'Pose' object has no attribute 'pose'

[rosout][ERROR] 2020-11-20 08:01:03,864: bad callback: <bound method ROSNode.pose_array_callback of <__main__.ROSNode object at 0x7fc653c2ca90>>
Traceback (most recent call last):
  File "/opt/ros/noetic/lib/python3/dist-packages/rospy/topics.py", line 750, in _invoke_callback
    cb(msg)
  File "./train.py", line 129, in pose_array_callback
    self.global_start.pose.pose.position = msg.poses[0].position
AttributeError: 'Pose' object has no attribute 'pose'

[rosout][ERROR] 2020-11-20 08:01:03,873: bad callback: <bound method ROSNode.pose_array_callback of <__main__.ROSNode object at 0x7fc653c2ca90>>
Traceback (most recent call last):
  File "/opt/ros/noetic/lib/python3/dist-packages/rospy/topics.py", line 750, in _invoke_callback
    cb(msg)
  File "./train.py", line 129, in pose_array_callback
    self.global_start.pose.pose.position = msg.poses[0].position
AttributeError: 'Pose' object has no attribute 'pose'

[rosout][ERROR] 2020-11-20 08:01:03,884: bad callback: <bound method ROSNode.pose_array_callback of <__main__.ROSNode object at 0x7fc653c2ca90>>
Traceback (most recent call last):
  File "/opt/ros/noetic/lib/python3/dist-packages/rospy/topics.py", line 750, in _invoke_callback
    cb(msg)
  File "./train.py", line 129, in pose_array_callback
    self.global_start.pose.pose.position = msg.poses[0].position
AttributeError: 'Pose' object has no attribute 'pose'

[rosout][ERROR] 2020-11-20 08:01:03,894: bad callback: <bound method ROSNode.pose_array_callback of <__main__.ROSNode object at 0x7fc653c2ca90>>
Traceback (most recent call last):
  File "/opt/ros/noetic/lib/python3/dist-packages/rospy/topics.py", line 750, in _invoke_callback
    cb(msg)
  File "./train.py", line 129, in pose_array_callback
    self.global_start.pose.pose.position = msg.poses[0].position
AttributeError: 'Pose' object has no attribute 'pose'

[rosout][ERROR] 2020-11-20 08:01:03,904: bad callback: <bound method ROSNode.pose_array_callback of <__main__.ROSNode object at 0x7fc653c2ca90>>
Traceback (most recent call last):
  File "/opt/ros/noetic/lib/python3/dist-packages/rospy/topics.py", line 750, in _invoke_callback
    cb(msg)
  File "./train.py", line 129, in pose_array_callback
    self.global_start.pose.pose.position = msg.poses[0].position
AttributeError: 'Pose' object has no attribute 'pose'

[rosout][ERROR] 2020-11-20 08:01:03,914: bad callback: <bound method ROSNode.pose_array_callback of <__main__.ROSNode object at 0x7fc653c2ca90>>
Traceback (most recent call last):
  File "/opt/ros/noetic/lib/python3/dist-packages/rospy/topics.py", line 750, in _invoke_callback
    cb(msg)
  File "./train.py", line 129, in pose_array_callback
    self.global_start.pose.pose.position = msg.poses[0].position
AttributeError: 'Pose' object has no attribute 'pose'

[rosout][ERROR] 2020-11-20 08:01:03,952: bad callback: <bound method ROSNode.pose_array_callback of <__main__.ROSNode object at 0x7fc653c2ca90>>
Traceback (most recent call last):
  File "/opt/ros/noetic/lib/python3/dist-packages/rospy/topics.py", line 750, in _invoke_callback
    cb(msg)
  File "./train.py", line 129, in pose_array_callback
    self.global_start.pose.pose.position = msg.poses[0].position
AttributeError: 'Pose' object has no attribute 'pose'

[rosout][ERROR] 2020-11-20 08:01:03,961: bad callback: <bound method ROSNode.pose_array_callback of <__main__.ROSNode object at 0x7fc653c2ca90>>
Traceback (most recent call last):
  File "/opt/ros/noetic/lib/python3/dist-packages/rospy/topics.py", line 750, in _invoke_callback
    cb(msg)
  File "./train.py", line 129, in pose_array_callback
    self.global_start.pose.pose.position = msg.poses[0].position
AttributeError: 'Pose' object has no attribute 'pose'

[rosout][ERROR] 2020-11-20 08:01:03,972: bad callback: <bound method ROSNode.pose_array_callback of <__main__.ROSNode object at 0x7fc653c2ca90>>
Traceback (most recent call last):
  File "/opt/ros/noetic/lib/python3/dist-packages/rospy/topics.py", line 750, in _invoke_callback
    cb(msg)
  File "./train.py", line 129, in pose_array_callback
    self.global_start.pose.pose.position = msg.poses[0].position
AttributeError: 'Pose' object has no attribute 'pose'

[rosout][ERROR] 2020-11-20 08:01:03,984: bad callback: <bound method ROSNode.pose_array_callback of <__main__.ROSNode object at 0x7fc653c2ca90>>
Traceback (most recent call last):
  File "/opt/ros/noetic/lib/python3/dist-packages/rospy/topics.py", line 750, in _invoke_callback
    cb(msg)
  File "./train.py", line 129, in pose_array_callback
    self.global_start.pose.pose.position = msg.poses[0].position
AttributeError: 'Pose' object has no attribute 'pose'

[rosout][ERROR] 2020-11-20 08:01:03,993: bad callback: <bound method ROSNode.pose_array_callback of <__main__.ROSNode object at 0x7fc653c2ca90>>
Traceback (most recent call last):
  File "/opt/ros/noetic/lib/python3/dist-packages/rospy/topics.py", line 750, in _invoke_callback
    cb(msg)
  File "./train.py", line 129, in pose_array_callback
    self.global_start.pose.pose.position = msg.poses[0].position
AttributeError: 'Pose' object has no attribute 'pose'

[rosout][ERROR] 2020-11-20 08:01:04,004: bad callback: <bound method ROSNode.pose_array_callback of <__main__.ROSNode object at 0x7fc653c2ca90>>
Traceback (most recent call last):
  File "/opt/ros/noetic/lib/python3/dist-packages/rospy/topics.py", line 750, in _invoke_callback
    cb(msg)
  File "./train.py", line 129, in pose_array_callback
    self.global_start.pose.pose.position = msg.poses[0].position
AttributeError: 'Pose' object has no attribute 'pose'

[rosout][ERROR] 2020-11-20 08:01:04,014: bad callback: <bound method ROSNode.pose_array_callback of <__main__.ROSNode object at 0x7fc653c2ca90>>
Traceback (most recent call last):
  File "/opt/ros/noetic/lib/python3/dist-packages/rospy/topics.py", line 750, in _invoke_callback
    cb(msg)
  File "./train.py", line 129, in pose_array_callback
    self.global_start.pose.pose.position = msg.poses[0].position
AttributeError: 'Pose' object has no attribute 'pose'

[rosout][ERROR] 2020-11-20 08:01:04,024: bad callback: <bound method ROSNode.pose_array_callback of <__main__.ROSNode object at 0x7fc653c2ca90>>
Traceback (most recent call last):
  File "/opt/ros/noetic/lib/python3/dist-packages/rospy/topics.py", line 750, in _invoke_callback
    cb(msg)
  File "./train.py", line 129, in pose_array_callback
    self.global_start.pose.pose.position = msg.poses[0].position
AttributeError: 'Pose' object has no attribute 'pose'

[rosout][ERROR] 2020-11-20 08:01:04,034: bad callback: <bound method ROSNode.pose_array_callback of <__main__.ROSNode object at 0x7fc653c2ca90>>
Traceback (most recent call last):
  File "/opt/ros/noetic/lib/python3/dist-packages/rospy/topics.py", line 750, in _invoke_callback
    cb(msg)
  File "./train.py", line 129, in pose_array_callback
    self.global_start.pose.pose.position = msg.poses[0].position
AttributeError: 'Pose' object has no attribute 'pose'

[rosout][ERROR] 2020-11-20 08:01:04,045: bad callback: <bound method ROSNode.pose_array_callback of <__main__.ROSNode object at 0x7fc653c2ca90>>
Traceback (most recent call last):
  File "/opt/ros/noetic/lib/python3/dist-packages/rospy/topics.py", line 750, in _invoke_callback
    cb(msg)
  File "./train.py", line 129, in pose_array_callback
    self.global_start.pose.pose.position = msg.poses[0].position
AttributeError: 'Pose' object has no attribute 'pose'

[rosout][ERROR] 2020-11-20 08:01:04,055: bad callback: <bound method ROSNode.pose_array_callback of <__main__.ROSNode object at 0x7fc653c2ca90>>
Traceback (most recent call last):
  File "/opt/ros/noetic/lib/python3/dist-packages/rospy/topics.py", line 750, in _invoke_callback
    cb(msg)
  File "./train.py", line 129, in pose_array_callback
    self.global_start.pose.pose.position = msg.poses[0].position
AttributeError: 'Pose' object has no attribute 'pose'

[rosout][ERROR] 2020-11-20 08:01:04,065: bad callback: <bound method ROSNode.pose_array_callback of <__main__.ROSNode object at 0x7fc653c2ca90>>
Traceback (most recent call last):
  File "/opt/ros/noetic/lib/python3/dist-packages/rospy/topics.py", line 750, in _invoke_callback
    cb(msg)
  File "./train.py", line 129, in pose_array_callback
    self.global_start.pose.pose.position = msg.poses[0].position
AttributeError: 'Pose' object has no attribute 'pose'

[rosout][ERROR] 2020-11-20 08:01:04,075: bad callback: <bound method ROSNode.pose_array_callback of <__main__.ROSNode object at 0x7fc653c2ca90>>
Traceback (most recent call last):
  File "/opt/ros/noetic/lib/python3/dist-packages/rospy/topics.py", line 750, in _invoke_callback
    cb(msg)
  File "./train.py", line 129, in pose_array_callback
    self.global_start.pose.pose.position = msg.poses[0].position
AttributeError: 'Pose' object has no attribute 'pose'

[rosout][ERROR] 2020-11-20 08:01:04,085: bad callback: <bound method ROSNode.pose_array_callback of <__main__.ROSNode object at 0x7fc653c2ca90>>
Traceback (most recent call last):
  File "/opt/ros/noetic/lib/python3/dist-packages/rospy/topics.py", line 750, in _invoke_callback
    cb(msg)
  File "./train.py", line 129, in pose_array_callback
    self.global_start.pose.pose.position = msg.poses[0].position
AttributeError: 'Pose' object has no attribute 'pose'

[rosout][ERROR] 2020-11-20 08:01:04,096: bad callback: <bound method ROSNode.pose_array_callback of <__main__.ROSNode object at 0x7fc653c2ca90>>
Traceback (most recent call last):
  File "/opt/ros/noetic/lib/python3/dist-packages/rospy/topics.py", line 750, in _invoke_callback
    cb(msg)
  File "./train.py", line 129, in pose_array_callback
    self.global_start.pose.pose.position = msg.poses[0].position
AttributeError: 'Pose' object has no attribute 'pose'

[rosout][ERROR] 2020-11-20 08:01:04,107: bad callback: <bound method ROSNode.pose_array_callback of <__main__.ROSNode object at 0x7fc653c2ca90>>
Traceback (most recent call last):
  File "/opt/ros/noetic/lib/python3/dist-packages/rospy/topics.py", line 750, in _invoke_callback
    cb(msg)
  File "./train.py", line 129, in pose_array_callback
    self.global_start.pose.pose.position = msg.poses[0].position
AttributeError: 'Pose' object has no attribute 'pose'

[rosout][ERROR] 2020-11-20 08:01:04,116: bad callback: <bound method ROSNode.pose_array_callback of <__main__.ROSNode object at 0x7fc653c2ca90>>
Traceback (most recent call last):
  File "/opt/ros/noetic/lib/python3/dist-packages/rospy/topics.py", line 750, in _invoke_callback
    cb(msg)
  File "./train.py", line 129, in pose_array_callback
    self.global_start.pose.pose.position = msg.poses[0].position
AttributeError: 'Pose' object has no attribute 'pose'

[rosout][ERROR] 2020-11-20 08:01:04,126: bad callback: <bound method ROSNode.pose_array_callback of <__main__.ROSNode object at 0x7fc653c2ca90>>
Traceback (most recent call last):
  File "/opt/ros/noetic/lib/python3/dist-packages/rospy/topics.py", line 750, in _invoke_callback
    cb(msg)
  File "./train.py", line 129, in pose_array_callback
    self.global_start.pose.pose.position = msg.poses[0].position
AttributeError: 'Pose' object has no attribute 'pose'

[rosout][ERROR] 2020-11-20 08:01:04,138: bad callback: <bound method ROSNode.pose_array_callback of <__main__.ROSNode object at 0x7fc653c2ca90>>
Traceback (most recent call last):
  File "/opt/ros/noetic/lib/python3/dist-packages/rospy/topics.py", line 750, in _invoke_callback
    cb(msg)
  File "./train.py", line 129, in pose_array_callback
    self.global_start.pose.pose.position = msg.poses[0].position
AttributeError: 'Pose' object has no attribute 'pose'

[rosout][ERROR] 2020-11-20 08:01:04,149: bad callback: <bound method ROSNode.pose_array_callback of <__main__.ROSNode object at 0x7fc653c2ca90>>
Traceback (most recent call last):
  File "/opt/ros/noetic/lib/python3/dist-packages/rospy/topics.py", line 750, in _invoke_callback
    cb(msg)
  File "./train.py", line 129, in pose_array_callback
    self.global_start.pose.pose.position = msg.poses[0].position
AttributeError: 'Pose' object has no attribute 'pose'

[rosout][ERROR] 2020-11-20 08:01:04,186: bad callback: <bound method ROSNode.pose_array_callback of <__main__.ROSNode object at 0x7fc653c2ca90>>
Traceback (most recent call last):
  File "/opt/ros/noetic/lib/python3/dist-packages/rospy/topics.py", line 750, in _invoke_callback
    cb(msg)
  File "./train.py", line 129, in pose_array_callback
    self.global_start.pose.pose.position = msg.poses[0].position
AttributeError: 'Pose' object has no attribute 'pose'

[rosout][ERROR] 2020-11-20 08:01:04,197: bad callback: <bound method ROSNode.pose_array_callback of <__main__.ROSNode object at 0x7fc653c2ca90>>
Traceback (most recent call last):
  File "/opt/ros/noetic/lib/python3/dist-packages/rospy/topics.py", line 750, in _invoke_callback
    cb(msg)
  File "./train.py", line 129, in pose_array_callback
    self.global_start.pose.pose.position = msg.poses[0].position
AttributeError: 'Pose' object has no attribute 'pose'

[rosout][ERROR] 2020-11-20 08:01:04,207: bad callback: <bound method ROSNode.pose_array_callback of <__main__.ROSNode object at 0x7fc653c2ca90>>
Traceback (most recent call last):
  File "/opt/ros/noetic/lib/python3/dist-packages/rospy/topics.py", line 750, in _invoke_callback
    cb(msg)
  File "./train.py", line 129, in pose_array_callback
    self.global_start.pose.pose.position = msg.poses[0].position
AttributeError: 'Pose' object has no attribute 'pose'

[rosout][ERROR] 2020-11-20 08:01:04,218: bad callback: <bound method ROSNode.pose_array_callback of <__main__.ROSNode object at 0x7fc653c2ca90>>
Traceback (most recent call last):
  File "/opt/ros/noetic/lib/python3/dist-packages/rospy/topics.py", line 750, in _invoke_callback
    cb(msg)
  File "./train.py", line 129, in pose_array_callback
    self.global_start.pose.pose.position = msg.poses[0].position
AttributeError: 'Pose' object has no attribute 'pose'

[rosout][ERROR] 2020-11-20 08:01:04,229: bad callback: <bound method ROSNode.pose_array_callback of <__main__.ROSNode object at 0x7fc653c2ca90>>
Traceback (most recent call last):
  File "/opt/ros/noetic/lib/python3/dist-packages/rospy/topics.py", line 750, in _invoke_callback
    cb(msg)
  File "./train.py", line 129, in pose_array_callback
    self.global_start.pose.pose.position = msg.poses[0].position
AttributeError: 'Pose' object has no attribute 'pose'

[rosout][ERROR] 2020-11-20 08:01:04,238: bad callback: <bound method ROSNode.pose_array_callback of <__main__.ROSNode object at 0x7fc653c2ca90>>
Traceback (most recent call last):
  File "/opt/ros/noetic/lib/python3/dist-packages/rospy/topics.py", line 750, in _invoke_callback
    cb(msg)
  File "./train.py", line 129, in pose_array_callback
    self.global_start.pose.pose.position = msg.poses[0].position
AttributeError: 'Pose' object has no attribute 'pose'

[rosout][ERROR] 2020-11-20 08:01:04,253: bad callback: <bound method ROSNode.pose_array_callback of <__main__.ROSNode object at 0x7fc653c2ca90>>
Traceback (most recent call last):
  File "/opt/ros/noetic/lib/python3/dist-packages/rospy/topics.py", line 750, in _invoke_callback
    cb(msg)
  File "./train.py", line 129, in pose_array_callback
    self.global_start.pose.pose.position = msg.poses[0].position
AttributeError: 'Pose' object has no attribute 'pose'

[rosout][ERROR] 2020-11-20 08:01:04,263: bad callback: <bound method ROSNode.pose_array_callback of <__main__.ROSNode object at 0x7fc653c2ca90>>
Traceback (most recent call last):
  File "/opt/ros/noetic/lib/python3/dist-packages/rospy/topics.py", line 750, in _invoke_callback
    cb(msg)
  File "./train.py", line 129, in pose_array_callback
    self.global_start.pose.pose.position = msg.poses[0].position
AttributeError: 'Pose' object has no attribute 'pose'

[rosout][ERROR] 2020-11-20 08:01:04,273: bad callback: <bound method ROSNode.pose_array_callback of <__main__.ROSNode object at 0x7fc653c2ca90>>
Traceback (most recent call last):
  File "/opt/ros/noetic/lib/python3/dist-packages/rospy/topics.py", line 750, in _invoke_callback
    cb(msg)
  File "./train.py", line 129, in pose_array_callback
    self.global_start.pose.pose.position = msg.poses[0].position
AttributeError: 'Pose' object has no attribute 'pose'

[rosout][ERROR] 2020-11-20 08:01:04,283: bad callback: <bound method ROSNode.pose_array_callback of <__main__.ROSNode object at 0x7fc653c2ca90>>
Traceback (most recent call last):
  File "/opt/ros/noetic/lib/python3/dist-packages/rospy/topics.py", line 750, in _invoke_callback
    cb(msg)
  File "./train.py", line 129, in pose_array_callback
    self.global_start.pose.pose.position = msg.poses[0].position
AttributeError: 'Pose' object has no attribute 'pose'

[rosout][ERROR] 2020-11-20 08:01:04,294: bad callback: <bound method ROSNode.pose_array_callback of <__main__.ROSNode object at 0x7fc653c2ca90>>
Traceback (most recent call last):
  File "/opt/ros/noetic/lib/python3/dist-packages/rospy/topics.py", line 750, in _invoke_callback
    cb(msg)
  File "./train.py", line 129, in pose_array_callback
    self.global_start.pose.pose.position = msg.poses[0].position
AttributeError: 'Pose' object has no attribute 'pose'

[rosout][ERROR] 2020-11-20 08:01:04,305: bad callback: <bound method ROSNode.pose_array_callback of <__main__.ROSNode object at 0x7fc653c2ca90>>
Traceback (most recent call last):
  File "/opt/ros/noetic/lib/python3/dist-packages/rospy/topics.py", line 750, in _invoke_callback
    cb(msg)
  File "./train.py", line 129, in pose_array_callback
    self.global_start.pose.pose.position = msg.poses[0].position
AttributeError: 'Pose' object has no attribute 'pose'

[rosout][ERROR] 2020-11-20 08:01:04,315: bad callback: <bound method ROSNode.pose_array_callback of <__main__.ROSNode object at 0x7fc653c2ca90>>
Traceback (most recent call last):
  File "/opt/ros/noetic/lib/python3/dist-packages/rospy/topics.py", line 750, in _invoke_callback
    cb(msg)
  File "./train.py", line 129, in pose_array_callback
    self.global_start.pose.pose.position = msg.poses[0].position
AttributeError: 'Pose' object has no attribute 'pose'

[rosout][ERROR] 2020-11-20 08:01:04,325: bad callback: <bound method ROSNode.pose_array_callback of <__main__.ROSNode object at 0x7fc653c2ca90>>
Traceback (most recent call last):
  File "/opt/ros/noetic/lib/python3/dist-packages/rospy/topics.py", line 750, in _invoke_callback
    cb(msg)
  File "./train.py", line 129, in pose_array_callback
    self.global_start.pose.pose.position = msg.poses[0].position
AttributeError: 'Pose' object has no attribute 'pose'

[rosout][ERROR] 2020-11-20 08:01:04,335: bad callback: <bound method ROSNode.pose_array_callback of <__main__.ROSNode object at 0x7fc653c2ca90>>
Traceback (most recent call last):
  File "/opt/ros/noetic/lib/python3/dist-packages/rospy/topics.py", line 750, in _invoke_callback
    cb(msg)
  File "./train.py", line 129, in pose_array_callback
    self.global_start.pose.pose.position = msg.poses[0].position
AttributeError: 'Pose' object has no attribute 'pose'

[rospy.core][INFO] 2020-11-20 08:01:04,338: signal_shutdown [signal-2]
[rospy.internal][INFO] 2020-11-20 08:01:04,341: topic[/rosout] removing connection to /rosout
[rospy.internal][INFO] 2020-11-20 08:01:04,341: topic[/is_created_scenarios] removing connection to /episode_manager
[rospy.internal][INFO] 2020-11-20 08:01:04,342: topic[/bev/flow_image] removing connection to http://192.168.0.201:44375/
[rospy.internal][INFO] 2020-11-20 08:01:04,342: topic[/bev/occupancy_image] removing connection to http://192.168.0.201:44375/
[rospy.internal][INFO] 2020-11-20 08:01:04,342: topic[/start_goal_points] removing connection to http://192.168.0.201:46107/
[rospy.impl.masterslave][INFO] 2020-11-20 08:01:04,342: signal-2
[rospy.core][INFO] 2020-11-20 08:01:04,516: signal_shutdown [signal-2]
[rospy.core][INFO] 2020-11-20 08:01:04,558: signal_shutdown [signal-2]
[rospy.core][INFO] 2020-11-20 08:01:04,578: signal_shutdown [signal-2]
[rospy.core][INFO] 2020-11-20 08:01:04,609: signal_shutdown [signal-2]
[rospy.core][INFO] 2020-11-20 08:01:04,647: signal_shutdown [signal-2]
[rospy.core][INFO] 2020-11-20 08:01:04,691: signal_shutdown [signal-2]
[rospy.core][INFO] 2020-11-20 08:01:04,708: signal_shutdown [signal-2]
[rospy.core][INFO] 2020-11-20 08:01:04,739: signal_shutdown [signal-2]
[rospy.core][INFO] 2020-11-20 08:01:04,779: signal_shutdown [signal-2]
[rospy.core][INFO] 2020-11-20 08:01:04,824: signal_shutdown [signal-2]
[rospy.core][INFO] 2020-11-20 08:01:04,840: signal_shutdown [signal-2]
[rospy.core][INFO] 2020-11-20 08:01:04,871: signal_shutdown [signal-2]
[rospy.core][INFO] 2020-11-20 08:01:04,901: signal_shutdown [signal-2]
[rospy.core][INFO] 2020-11-20 08:01:04,949: signal_shutdown [signal-2]
[rospy.core][INFO] 2020-11-20 08:01:04,988: signal_shutdown [signal-2]
[rospy.core][INFO] 2020-11-20 08:01:04,993: signal_shutdown [signal-2]
[rospy.core][INFO] 2020-11-20 08:01:05,046: signal_shutdown [signal-2]
[rospy.core][INFO] 2020-11-20 08:01:05,062: signal_shutdown [signal-2]
[rospy.core][INFO] 2020-11-20 08:01:05,065: signal_shutdown [atexit]
