[rospy.client][INFO] 2020-11-20 12:42:01,695: init_node, name[/train_2394_1605876121663], pid[2394]
[xmlrpc][INFO] 2020-11-20 12:42:01,696: XML-RPC server binding to 0.0.0.0:0
[xmlrpc][INFO] 2020-11-20 12:42:01,697: Started XML-RPC server [http://192.168.0.191:41427/]
[rospy.init][INFO] 2020-11-20 12:42:01,697: ROS Slave URI: [http://192.168.0.191:41427/]
[rospy.impl.masterslave][INFO] 2020-11-20 12:42:01,697: _ready: http://192.168.0.191:41427/
[rospy.registration][INFO] 2020-11-20 12:42:01,699: Registering with master node http://192.168.0.201:11311
[xmlrpc][INFO] 2020-11-20 12:42:01,699: xml rpc node: starting XML-RPC server
[rospy.init][INFO] 2020-11-20 12:42:01,798: registered with master
[rospy.rosout][INFO] 2020-11-20 12:42:01,798: initializing /rosout core topic
[rospy.rosout][INFO] 2020-11-20 12:42:01,803: connected to core topic /rosout
[rospy.simtime][INFO] 2020-11-20 12:42:01,804: /use_sim_time is not set, will not subscribe to simulated time [/clock] topic
[rospy.internal][INFO] 2020-11-20 12:42:01,823: topic[/bev/flow_image] adding connection to [http://192.168.0.201:37547/], count 0
[rospy.internal][INFO] 2020-11-20 12:42:01,832: topic[/scan] adding connection to [http://192.168.0.201:36467/], count 0
[rospy.internal][INFO] 2020-11-20 12:42:01,837: topic[/start_goal_points] adding connection to [http://192.168.0.201:44137/], count 0
[rospy.internal][INFO] 2020-11-20 12:42:01,839: topic[/scan] adding connection to [http://192.168.0.201:41431/], count 1
[rospy.internal][INFO] 2020-11-20 12:42:01,841: topic[/odom] adding connection to [http://192.168.0.201:36467/], count 0
[rospy.internal][INFO] 2020-11-20 12:42:01,844: topic[/bev/occupancy_image] adding connection to [http://192.168.0.201:37547/], count 0
[rospy.internal][INFO] 2020-11-20 12:42:01,959: topic[/cmd_vel] adding connection to [/gazebo], count 0
[rospy.internal][INFO] 2020-11-20 12:42:01,959: topic[/cmd_vel] adding connection to [/bev_flow_estimator], count 1
[rosout][ERROR] 2020-11-20 12:42:02,048: bad callback: <bound method ROSNode.laser_callback of <__main__.ROSNode object at 0x7f88ab9211f0>>
Traceback (most recent call last):
  File "/opt/ros/noetic/lib/python3/dist-packages/rospy/topics.py", line 750, in _invoke_callback
    cb(msg)
  File "./train.py", line 151, in laser_callback
    print("ROS:scan_data[",i,"] =" ,self.scan_data[i])
IndexError: index 39 is out of bounds for axis 0 with size 6

[rospy.internal][INFO] 2020-11-20 12:42:02,058: topic[/rosout] adding connection to [/rosout], count 0
[rospy.internal][INFO] 2020-11-20 12:42:02,059: topic[/is_created_scenarios] adding connection to [/episode_manager], count 0
[rosout][ERROR] 2020-11-20 12:42:02,068: bad callback: <bound method ROSNode.laser_callback of <__main__.ROSNode object at 0x7f88ab9211f0>>
Traceback (most recent call last):
  File "/opt/ros/noetic/lib/python3/dist-packages/rospy/topics.py", line 750, in _invoke_callback
    cb(msg)
  File "./train.py", line 151, in laser_callback
    print("ROS:scan_data[",i,"] =" ,self.scan_data[i])
IndexError: index 225 is out of bounds for axis 0 with size 7

[rosout][ERROR] 2020-11-20 12:42:02,272: bad callback: <bound method ROSNode.laser_callback of <__main__.ROSNode object at 0x7f88ab9211f0>>
Traceback (most recent call last):
  File "/opt/ros/noetic/lib/python3/dist-packages/rospy/topics.py", line 750, in _invoke_callback
    cb(msg)
  File "./train.py", line 151, in laser_callback
    print("ROS:scan_data[",i,"] =" ,self.scan_data[i])
IndexError: index 39 is out of bounds for axis 0 with size 12

[rosout][ERROR] 2020-11-20 12:42:02,299: bad callback: <bound method ROSNode.laser_callback of <__main__.ROSNode object at 0x7f88ab9211f0>>
Traceback (most recent call last):
  File "/opt/ros/noetic/lib/python3/dist-packages/rospy/topics.py", line 750, in _invoke_callback
    cb(msg)
  File "./train.py", line 151, in laser_callback
    print("ROS:scan_data[",i,"] =" ,self.scan_data[i])
IndexError: index 225 is out of bounds for axis 0 with size 13

[rosout][ERROR] 2020-11-20 12:42:02,513: bad callback: <bound method ROSNode.laser_callback of <__main__.ROSNode object at 0x7f88ab9211f0>>
Traceback (most recent call last):
  File "/opt/ros/noetic/lib/python3/dist-packages/rospy/topics.py", line 750, in _invoke_callback
    cb(msg)
  File "./train.py", line 151, in laser_callback
    print("ROS:scan_data[",i,"] =" ,self.scan_data[i])
IndexError: index 39 is out of bounds for axis 0 with size 18

[rosout][ERROR] 2020-11-20 12:42:02,542: bad callback: <bound method ROSNode.laser_callback of <__main__.ROSNode object at 0x7f88ab9211f0>>
Traceback (most recent call last):
  File "/opt/ros/noetic/lib/python3/dist-packages/rospy/topics.py", line 750, in _invoke_callback
    cb(msg)
  File "./train.py", line 151, in laser_callback
    print("ROS:scan_data[",i,"] =" ,self.scan_data[i])
IndexError: index 225 is out of bounds for axis 0 with size 19

[rosout][ERROR] 2020-11-20 12:42:02,749: bad callback: <bound method ROSNode.laser_callback of <__main__.ROSNode object at 0x7f88ab9211f0>>
Traceback (most recent call last):
  File "/opt/ros/noetic/lib/python3/dist-packages/rospy/topics.py", line 750, in _invoke_callback
    cb(msg)
  File "./train.py", line 151, in laser_callback
    print("ROS:scan_data[",i,"] =" ,self.scan_data[i])
IndexError: index 39 is out of bounds for axis 0 with size 24

[rosout][ERROR] 2020-11-20 12:42:02,780: bad callback: <bound method ROSNode.laser_callback of <__main__.ROSNode object at 0x7f88ab9211f0>>
Traceback (most recent call last):
  File "/opt/ros/noetic/lib/python3/dist-packages/rospy/topics.py", line 750, in _invoke_callback
    cb(msg)
  File "./train.py", line 151, in laser_callback
    print("ROS:scan_data[",i,"] =" ,self.scan_data[i])
IndexError: index 225 is out of bounds for axis 0 with size 25

[rosout][ERROR] 2020-11-20 12:42:02,981: bad callback: <bound method ROSNode.laser_callback of <__main__.ROSNode object at 0x7f88ab9211f0>>
Traceback (most recent call last):
  File "/opt/ros/noetic/lib/python3/dist-packages/rospy/topics.py", line 750, in _invoke_callback
    cb(msg)
  File "./train.py", line 151, in laser_callback
    print("ROS:scan_data[",i,"] =" ,self.scan_data[i])
IndexError: index 39 is out of bounds for axis 0 with size 30

[rosout][ERROR] 2020-11-20 12:42:03,016: bad callback: <bound method ROSNode.laser_callback of <__main__.ROSNode object at 0x7f88ab9211f0>>
Traceback (most recent call last):
  File "/opt/ros/noetic/lib/python3/dist-packages/rospy/topics.py", line 750, in _invoke_callback
    cb(msg)
  File "./train.py", line 151, in laser_callback
    print("ROS:scan_data[",i,"] =" ,self.scan_data[i])
IndexError: index 225 is out of bounds for axis 0 with size 31

[rosout][ERROR] 2020-11-20 12:42:03,214: bad callback: <bound method ROSNode.laser_callback of <__main__.ROSNode object at 0x7f88ab9211f0>>
Traceback (most recent call last):
  File "/opt/ros/noetic/lib/python3/dist-packages/rospy/topics.py", line 750, in _invoke_callback
    cb(msg)
  File "./train.py", line 151, in laser_callback
    print("ROS:scan_data[",i,"] =" ,self.scan_data[i])
IndexError: index 39 is out of bounds for axis 0 with size 36

[rosout][ERROR] 2020-11-20 12:42:03,246: bad callback: <bound method ROSNode.laser_callback of <__main__.ROSNode object at 0x7f88ab9211f0>>
Traceback (most recent call last):
  File "/opt/ros/noetic/lib/python3/dist-packages/rospy/topics.py", line 750, in _invoke_callback
    cb(msg)
  File "./train.py", line 151, in laser_callback
    print("ROS:scan_data[",i,"] =" ,self.scan_data[i])
IndexError: index 225 is out of bounds for axis 0 with size 37

[rosout][ERROR] 2020-11-20 12:42:03,459: bad callback: <bound method ROSNode.laser_callback of <__main__.ROSNode object at 0x7f88ab9211f0>>
Traceback (most recent call last):
  File "/opt/ros/noetic/lib/python3/dist-packages/rospy/topics.py", line 750, in _invoke_callback
    cb(msg)
  File "./train.py", line 151, in laser_callback
    print("ROS:scan_data[",i,"] =" ,self.scan_data[i])
IndexError: index 325 is out of bounds for axis 0 with size 296

[rosout][ERROR] 2020-11-20 12:42:03,487: bad callback: <bound method ROSNode.laser_callback of <__main__.ROSNode object at 0x7f88ab9211f0>>
Traceback (most recent call last):
  File "/opt/ros/noetic/lib/python3/dist-packages/rospy/topics.py", line 750, in _invoke_callback
    cb(msg)
  File "./train.py", line 151, in laser_callback
    print("ROS:scan_data[",i,"] =" ,self.scan_data[i])
IndexError: index 364 is out of bounds for axis 0 with size 312

[rospy.core][INFO] 2020-11-20 12:42:04,268: signal_shutdown [signal-2]
[rospy.internal][INFO] 2020-11-20 12:42:04,272: topic[/rosout] removing connection to /rosout
[rospy.internal][INFO] 2020-11-20 12:42:04,273: topic[/cmd_vel] removing connection to /gazebo
[rospy.internal][INFO] 2020-11-20 12:42:04,273: topic[/cmd_vel] removing connection to /bev_flow_estimator
[rospy.internal][INFO] 2020-11-20 12:42:04,273: topic[/is_created_scenarios] removing connection to /episode_manager
[rospy.internal][INFO] 2020-11-20 12:42:04,273: topic[/bev/flow_image] removing connection to http://192.168.0.201:37547/
[rospy.internal][INFO] 2020-11-20 12:42:04,274: topic[/bev/occupancy_image] removing connection to http://192.168.0.201:37547/
[rospy.internal][INFO] 2020-11-20 12:42:04,274: topic[/odom] removing connection to http://192.168.0.201:36467/
[rospy.internal][INFO] 2020-11-20 12:42:04,274: topic[/start_goal_points] removing connection to http://192.168.0.201:44137/
[rospy.internal][INFO] 2020-11-20 12:42:04,275: topic[/scan] removing connection to http://192.168.0.201:36467/
[rospy.internal][INFO] 2020-11-20 12:42:04,275: topic[/scan] removing connection to http://192.168.0.201:41431/
[rospy.impl.masterslave][INFO] 2020-11-20 12:42:04,275: signal-2
[rospy.core][INFO] 2020-11-20 12:42:04,408: signal_shutdown [signal-2]
[rospy.core][INFO] 2020-11-20 12:42:04,455: signal_shutdown [signal-2]
[rospy.core][INFO] 2020-11-20 12:42:04,470: signal_shutdown [signal-2]
[rospy.core][INFO] 2020-11-20 12:42:04,501: signal_shutdown [signal-2]
[rospy.core][INFO] 2020-11-20 12:42:04,531: signal_shutdown [signal-2]
[rospy.core][INFO] 2020-11-20 12:42:04,571: signal_shutdown [signal-2]
[rospy.core][INFO] 2020-11-20 12:42:04,592: signal_shutdown [signal-2]
[rospy.core][INFO] 2020-11-20 12:42:04,622: signal_shutdown [signal-2]
[rospy.core][INFO] 2020-11-20 12:42:04,654: signal_shutdown [signal-2]
[rospy.core][INFO] 2020-11-20 12:42:04,688: signal_shutdown [signal-2]
[rospy.core][INFO] 2020-11-20 12:42:04,724: signal_shutdown [signal-2]
[rospy.core][INFO] 2020-11-20 12:42:04,747: signal_shutdown [signal-2]
[rospy.core][INFO] 2020-11-20 12:42:04,778: signal_shutdown [signal-2]
[rospy.core][INFO] 2020-11-20 12:42:04,808: signal_shutdown [signal-2]
[rospy.core][INFO] 2020-11-20 12:42:04,850: signal_shutdown [signal-2]
[rospy.core][INFO] 2020-11-20 12:42:04,882: signal_shutdown [signal-2]
[rospy.core][INFO] 2020-11-20 12:42:04,926: signal_shutdown [signal-2]
[rospy.core][INFO] 2020-11-20 12:42:04,939: signal_shutdown [signal-2]
[rospy.core][INFO] 2020-11-20 12:42:04,982: signal_shutdown [signal-2]
[rospy.core][INFO] 2020-11-20 12:42:05,000: signal_shutdown [atexit]
