[rospy.client][INFO] 2020-11-20 12:01:36,336: init_node, name[/train_1782_1605873696303], pid[1782]
[xmlrpc][INFO] 2020-11-20 12:01:36,336: XML-RPC server binding to 0.0.0.0:0
[xmlrpc][INFO] 2020-11-20 12:01:36,337: Started XML-RPC server [http://192.168.0.191:36325/]
[rospy.init][INFO] 2020-11-20 12:01:36,338: ROS Slave URI: [http://192.168.0.191:36325/]
[rospy.impl.masterslave][INFO] 2020-11-20 12:01:36,338: _ready: http://192.168.0.191:36325/
[rospy.registration][INFO] 2020-11-20 12:01:36,340: Registering with master node http://192.168.0.201:11311
[xmlrpc][INFO] 2020-11-20 12:01:36,340: xml rpc node: starting XML-RPC server
[rospy.init][INFO] 2020-11-20 12:01:36,438: registered with master
[rospy.rosout][INFO] 2020-11-20 12:01:36,438: initializing /rosout core topic
[rospy.rosout][INFO] 2020-11-20 12:01:36,443: connected to core topic /rosout
[rospy.simtime][INFO] 2020-11-20 12:01:36,444: /use_sim_time is not set, will not subscribe to simulated time [/clock] topic
[rospy.internal][INFO] 2020-11-20 12:01:36,455: topic[/bev/flow_image] adding connection to [http://192.168.0.201:33717/], count 0
[rospy.internal][INFO] 2020-11-20 12:01:36,479: topic[/bev/occupancy_image] adding connection to [http://192.168.0.201:33717/], count 0
[rospy.internal][INFO] 2020-11-20 12:01:36,482: topic[/scan] adding connection to [http://192.168.0.201:37319/], count 0
[rospy.internal][INFO] 2020-11-20 12:01:36,483: topic[/scan] adding connection to [http://192.168.0.201:42031/], count 1
[rospy.internal][INFO] 2020-11-20 12:01:36,486: topic[/start_goal_points] adding connection to [http://192.168.0.201:33733/], count 0
[rospy.internal][INFO] 2020-11-20 12:01:36,490: topic[/odom] adding connection to [http://192.168.0.201:37319/], count 0
[rosout][ERROR] 2020-11-20 12:01:36,502: bad callback: <bound method ROSNode.laser_callback of <__main__.ROSNode object at 0x7f8318e371f0>>
Traceback (most recent call last):
  File "/opt/ros/noetic/lib/python3/dist-packages/rospy/topics.py", line 750, in _invoke_callback
    cb(msg)
  File "./train.py", line 150, in laser_callback
    print("msg.ranges = ", msg.ranges[i].data)
AttributeError: 'float' object has no attribute 'data'

[rosout][ERROR] 2020-11-20 12:01:36,535: bad callback: <bound method ROSNode.laser_callback of <__main__.ROSNode object at 0x7f8318e371f0>>
Traceback (most recent call last):
  File "/opt/ros/noetic/lib/python3/dist-packages/rospy/topics.py", line 750, in _invoke_callback
    cb(msg)
  File "./train.py", line 150, in laser_callback
    print("msg.ranges = ", msg.ranges[i].data)
AttributeError: 'float' object has no attribute 'data'

[rospy.internal][INFO] 2020-11-20 12:01:36,578: topic[/cmd_vel] adding connection to [/bev_flow_estimator], count 0
[rospy.internal][INFO] 2020-11-20 12:01:36,666: topic[/rosout] adding connection to [/rosout], count 0
[rospy.internal][INFO] 2020-11-20 12:01:36,668: topic[/is_created_scenarios] adding connection to [/episode_manager], count 0
[rospy.internal][INFO] 2020-11-20 12:01:36,692: topic[/cmd_vel] adding connection to [/gazebo], count 1
[rosout][ERROR] 2020-11-20 12:01:36,733: bad callback: <bound method ROSNode.laser_callback of <__main__.ROSNode object at 0x7f8318e371f0>>
Traceback (most recent call last):
  File "/opt/ros/noetic/lib/python3/dist-packages/rospy/topics.py", line 750, in _invoke_callback
    cb(msg)
  File "./train.py", line 150, in laser_callback
    print("msg.ranges = ", msg.ranges[i].data)
AttributeError: 'float' object has no attribute 'data'

[rosout][ERROR] 2020-11-20 12:01:36,765: bad callback: <bound method ROSNode.laser_callback of <__main__.ROSNode object at 0x7f8318e371f0>>
Traceback (most recent call last):
  File "/opt/ros/noetic/lib/python3/dist-packages/rospy/topics.py", line 750, in _invoke_callback
    cb(msg)
  File "./train.py", line 150, in laser_callback
    print("msg.ranges = ", msg.ranges[i].data)
AttributeError: 'float' object has no attribute 'data'

[rosout][ERROR] 2020-11-20 12:01:36,975: bad callback: <bound method ROSNode.laser_callback of <__main__.ROSNode object at 0x7f8318e371f0>>
Traceback (most recent call last):
  File "/opt/ros/noetic/lib/python3/dist-packages/rospy/topics.py", line 750, in _invoke_callback
    cb(msg)
  File "./train.py", line 150, in laser_callback
    print("msg.ranges = ", msg.ranges[i].data)
AttributeError: 'float' object has no attribute 'data'

[rosout][ERROR] 2020-11-20 12:01:37,014: bad callback: <bound method ROSNode.laser_callback of <__main__.ROSNode object at 0x7f8318e371f0>>
Traceback (most recent call last):
  File "/opt/ros/noetic/lib/python3/dist-packages/rospy/topics.py", line 750, in _invoke_callback
    cb(msg)
  File "./train.py", line 150, in laser_callback
    print("msg.ranges = ", msg.ranges[i].data)
AttributeError: 'float' object has no attribute 'data'

[rosout][ERROR] 2020-11-20 12:01:37,218: bad callback: <bound method ROSNode.laser_callback of <__main__.ROSNode object at 0x7f8318e371f0>>
Traceback (most recent call last):
  File "/opt/ros/noetic/lib/python3/dist-packages/rospy/topics.py", line 750, in _invoke_callback
    cb(msg)
  File "./train.py", line 150, in laser_callback
    print("msg.ranges = ", msg.ranges[i].data)
AttributeError: 'float' object has no attribute 'data'

[rosout][ERROR] 2020-11-20 12:01:37,249: bad callback: <bound method ROSNode.laser_callback of <__main__.ROSNode object at 0x7f8318e371f0>>
Traceback (most recent call last):
  File "/opt/ros/noetic/lib/python3/dist-packages/rospy/topics.py", line 750, in _invoke_callback
    cb(msg)
  File "./train.py", line 150, in laser_callback
    print("msg.ranges = ", msg.ranges[i].data)
AttributeError: 'float' object has no attribute 'data'

[rosout][ERROR] 2020-11-20 12:01:37,456: bad callback: <bound method ROSNode.laser_callback of <__main__.ROSNode object at 0x7f8318e371f0>>
Traceback (most recent call last):
  File "/opt/ros/noetic/lib/python3/dist-packages/rospy/topics.py", line 750, in _invoke_callback
    cb(msg)
  File "./train.py", line 150, in laser_callback
    print("msg.ranges = ", msg.ranges[i].data)
AttributeError: 'float' object has no attribute 'data'

[rosout][ERROR] 2020-11-20 12:01:37,481: bad callback: <bound method ROSNode.laser_callback of <__main__.ROSNode object at 0x7f8318e371f0>>
Traceback (most recent call last):
  File "/opt/ros/noetic/lib/python3/dist-packages/rospy/topics.py", line 750, in _invoke_callback
    cb(msg)
  File "./train.py", line 150, in laser_callback
    print("msg.ranges = ", msg.ranges[i].data)
AttributeError: 'float' object has no attribute 'data'

[rosout][ERROR] 2020-11-20 12:01:37,681: bad callback: <bound method ROSNode.laser_callback of <__main__.ROSNode object at 0x7f8318e371f0>>
Traceback (most recent call last):
  File "/opt/ros/noetic/lib/python3/dist-packages/rospy/topics.py", line 750, in _invoke_callback
    cb(msg)
  File "./train.py", line 150, in laser_callback
    print("msg.ranges = ", msg.ranges[i].data)
AttributeError: 'float' object has no attribute 'data'

[rosout][ERROR] 2020-11-20 12:01:37,710: bad callback: <bound method ROSNode.laser_callback of <__main__.ROSNode object at 0x7f8318e371f0>>
Traceback (most recent call last):
  File "/opt/ros/noetic/lib/python3/dist-packages/rospy/topics.py", line 750, in _invoke_callback
    cb(msg)
  File "./train.py", line 150, in laser_callback
    print("msg.ranges = ", msg.ranges[i].data)
AttributeError: 'float' object has no attribute 'data'

[rosout][ERROR] 2020-11-20 12:01:37,916: bad callback: <bound method ROSNode.laser_callback of <__main__.ROSNode object at 0x7f8318e371f0>>
Traceback (most recent call last):
  File "/opt/ros/noetic/lib/python3/dist-packages/rospy/topics.py", line 750, in _invoke_callback
    cb(msg)
  File "./train.py", line 150, in laser_callback
    print("msg.ranges = ", msg.ranges[i].data)
AttributeError: 'float' object has no attribute 'data'

[rosout][ERROR] 2020-11-20 12:01:37,943: bad callback: <bound method ROSNode.laser_callback of <__main__.ROSNode object at 0x7f8318e371f0>>
Traceback (most recent call last):
  File "/opt/ros/noetic/lib/python3/dist-packages/rospy/topics.py", line 750, in _invoke_callback
    cb(msg)
  File "./train.py", line 150, in laser_callback
    print("msg.ranges = ", msg.ranges[i].data)
AttributeError: 'float' object has no attribute 'data'

[rosout][ERROR] 2020-11-20 12:01:38,141: bad callback: <bound method ROSNode.laser_callback of <__main__.ROSNode object at 0x7f8318e371f0>>
Traceback (most recent call last):
  File "/opt/ros/noetic/lib/python3/dist-packages/rospy/topics.py", line 750, in _invoke_callback
    cb(msg)
  File "./train.py", line 150, in laser_callback
    print("msg.ranges = ", msg.ranges[i].data)
AttributeError: 'float' object has no attribute 'data'

[rosout][ERROR] 2020-11-20 12:01:38,174: bad callback: <bound method ROSNode.laser_callback of <__main__.ROSNode object at 0x7f8318e371f0>>
Traceback (most recent call last):
  File "/opt/ros/noetic/lib/python3/dist-packages/rospy/topics.py", line 750, in _invoke_callback
    cb(msg)
  File "./train.py", line 150, in laser_callback
    print("msg.ranges = ", msg.ranges[i].data)
AttributeError: 'float' object has no attribute 'data'

[rosout][ERROR] 2020-11-20 12:01:38,374: bad callback: <bound method ROSNode.laser_callback of <__main__.ROSNode object at 0x7f8318e371f0>>
Traceback (most recent call last):
  File "/opt/ros/noetic/lib/python3/dist-packages/rospy/topics.py", line 750, in _invoke_callback
    cb(msg)
  File "./train.py", line 150, in laser_callback
    print("msg.ranges = ", msg.ranges[i].data)
AttributeError: 'float' object has no attribute 'data'

[rosout][ERROR] 2020-11-20 12:01:38,405: bad callback: <bound method ROSNode.laser_callback of <__main__.ROSNode object at 0x7f8318e371f0>>
Traceback (most recent call last):
  File "/opt/ros/noetic/lib/python3/dist-packages/rospy/topics.py", line 750, in _invoke_callback
    cb(msg)
  File "./train.py", line 150, in laser_callback
    print("msg.ranges = ", msg.ranges[i].data)
AttributeError: 'float' object has no attribute 'data'

[rosout][ERROR] 2020-11-20 12:01:38,604: bad callback: <bound method ROSNode.laser_callback of <__main__.ROSNode object at 0x7f8318e371f0>>
Traceback (most recent call last):
  File "/opt/ros/noetic/lib/python3/dist-packages/rospy/topics.py", line 750, in _invoke_callback
    cb(msg)
  File "./train.py", line 150, in laser_callback
    print("msg.ranges = ", msg.ranges[i].data)
AttributeError: 'float' object has no attribute 'data'

[rosout][ERROR] 2020-11-20 12:01:38,640: bad callback: <bound method ROSNode.laser_callback of <__main__.ROSNode object at 0x7f8318e371f0>>
Traceback (most recent call last):
  File "/opt/ros/noetic/lib/python3/dist-packages/rospy/topics.py", line 750, in _invoke_callback
    cb(msg)
  File "./train.py", line 150, in laser_callback
    print("msg.ranges = ", msg.ranges[i].data)
AttributeError: 'float' object has no attribute 'data'

[rosout][ERROR] 2020-11-20 12:01:38,847: bad callback: <bound method ROSNode.laser_callback of <__main__.ROSNode object at 0x7f8318e371f0>>
Traceback (most recent call last):
  File "/opt/ros/noetic/lib/python3/dist-packages/rospy/topics.py", line 750, in _invoke_callback
    cb(msg)
  File "./train.py", line 150, in laser_callback
    print("msg.ranges = ", msg.ranges[i].data)
AttributeError: 'float' object has no attribute 'data'

[rosout][ERROR] 2020-11-20 12:01:38,878: bad callback: <bound method ROSNode.laser_callback of <__main__.ROSNode object at 0x7f8318e371f0>>
Traceback (most recent call last):
  File "/opt/ros/noetic/lib/python3/dist-packages/rospy/topics.py", line 750, in _invoke_callback
    cb(msg)
  File "./train.py", line 150, in laser_callback
    print("msg.ranges = ", msg.ranges[i].data)
AttributeError: 'float' object has no attribute 'data'

[rosout][ERROR] 2020-11-20 12:01:39,076: bad callback: <bound method ROSNode.laser_callback of <__main__.ROSNode object at 0x7f8318e371f0>>
Traceback (most recent call last):
  File "/opt/ros/noetic/lib/python3/dist-packages/rospy/topics.py", line 750, in _invoke_callback
    cb(msg)
  File "./train.py", line 150, in laser_callback
    print("msg.ranges = ", msg.ranges[i].data)
AttributeError: 'float' object has no attribute 'data'

[rosout][ERROR] 2020-11-20 12:01:39,107: bad callback: <bound method ROSNode.laser_callback of <__main__.ROSNode object at 0x7f8318e371f0>>
Traceback (most recent call last):
  File "/opt/ros/noetic/lib/python3/dist-packages/rospy/topics.py", line 750, in _invoke_callback
    cb(msg)
  File "./train.py", line 150, in laser_callback
    print("msg.ranges = ", msg.ranges[i].data)
AttributeError: 'float' object has no attribute 'data'

[rosout][ERROR] 2020-11-20 12:01:39,316: bad callback: <bound method ROSNode.laser_callback of <__main__.ROSNode object at 0x7f8318e371f0>>
Traceback (most recent call last):
  File "/opt/ros/noetic/lib/python3/dist-packages/rospy/topics.py", line 750, in _invoke_callback
    cb(msg)
  File "./train.py", line 150, in laser_callback
    print("msg.ranges = ", msg.ranges[i].data)
AttributeError: 'float' object has no attribute 'data'

[rosout][ERROR] 2020-11-20 12:01:39,344: bad callback: <bound method ROSNode.laser_callback of <__main__.ROSNode object at 0x7f8318e371f0>>
Traceback (most recent call last):
  File "/opt/ros/noetic/lib/python3/dist-packages/rospy/topics.py", line 750, in _invoke_callback
    cb(msg)
  File "./train.py", line 150, in laser_callback
    print("msg.ranges = ", msg.ranges[i].data)
AttributeError: 'float' object has no attribute 'data'

[rosout][ERROR] 2020-11-20 12:01:39,552: bad callback: <bound method ROSNode.laser_callback of <__main__.ROSNode object at 0x7f8318e371f0>>
Traceback (most recent call last):
  File "/opt/ros/noetic/lib/python3/dist-packages/rospy/topics.py", line 750, in _invoke_callback
    cb(msg)
  File "./train.py", line 150, in laser_callback
    print("msg.ranges = ", msg.ranges[i].data)
AttributeError: 'float' object has no attribute 'data'

[rosout][ERROR] 2020-11-20 12:01:39,582: bad callback: <bound method ROSNode.laser_callback of <__main__.ROSNode object at 0x7f8318e371f0>>
Traceback (most recent call last):
  File "/opt/ros/noetic/lib/python3/dist-packages/rospy/topics.py", line 750, in _invoke_callback
    cb(msg)
  File "./train.py", line 150, in laser_callback
    print("msg.ranges = ", msg.ranges[i].data)
AttributeError: 'float' object has no attribute 'data'

[rosout][ERROR] 2020-11-20 12:01:39,781: bad callback: <bound method ROSNode.laser_callback of <__main__.ROSNode object at 0x7f8318e371f0>>
Traceback (most recent call last):
  File "/opt/ros/noetic/lib/python3/dist-packages/rospy/topics.py", line 750, in _invoke_callback
    cb(msg)
  File "./train.py", line 150, in laser_callback
    print("msg.ranges = ", msg.ranges[i].data)
AttributeError: 'float' object has no attribute 'data'

[rosout][ERROR] 2020-11-20 12:01:39,812: bad callback: <bound method ROSNode.laser_callback of <__main__.ROSNode object at 0x7f8318e371f0>>
Traceback (most recent call last):
  File "/opt/ros/noetic/lib/python3/dist-packages/rospy/topics.py", line 750, in _invoke_callback
    cb(msg)
  File "./train.py", line 150, in laser_callback
    print("msg.ranges = ", msg.ranges[i].data)
AttributeError: 'float' object has no attribute 'data'

[rospy.core][INFO] 2020-11-20 12:01:39,930: signal_shutdown [signal-2]
[rospy.internal][INFO] 2020-11-20 12:01:39,935: topic[/rosout] removing connection to /rosout
[rospy.internal][INFO] 2020-11-20 12:01:39,935: topic[/cmd_vel] removing connection to /bev_flow_estimator
[rospy.internal][INFO] 2020-11-20 12:01:39,935: topic[/cmd_vel] removing connection to /gazebo
[rospy.internal][INFO] 2020-11-20 12:01:39,936: topic[/is_created_scenarios] removing connection to /episode_manager
[rospy.internal][INFO] 2020-11-20 12:01:39,936: topic[/bev/flow_image] removing connection to http://192.168.0.201:33717/
[rospy.internal][INFO] 2020-11-20 12:01:39,937: topic[/bev/occupancy_image] removing connection to http://192.168.0.201:33717/
[rospy.internal][INFO] 2020-11-20 12:01:39,937: topic[/odom] removing connection to http://192.168.0.201:37319/
[rospy.internal][INFO] 2020-11-20 12:01:39,937: topic[/start_goal_points] removing connection to http://192.168.0.201:33733/
[rospy.internal][INFO] 2020-11-20 12:01:39,938: topic[/scan] removing connection to http://192.168.0.201:37319/
[rospy.internal][INFO] 2020-11-20 12:01:39,939: topic[/scan] removing connection to http://192.168.0.201:42031/
[rospy.impl.masterslave][INFO] 2020-11-20 12:01:39,939: signal-2
[rospy.internal][WARNING] 2020-11-20 12:01:39,940: Unknown error initiating TCP/IP socket to 192.168.0.201:54625 (http://192.168.0.201:37319/): Traceback (most recent call last):
  File "/opt/ros/noetic/lib/python3/dist-packages/rospy/impl/tcpros_base.py", line 562, in connect
    self.read_header()
  File "/opt/ros/noetic/lib/python3/dist-packages/rospy/impl/tcpros_base.py", line 657, in read_header
    self._validate_header(read_ros_handshake_header(sock, self.read_buff, self.protocol.buff_size))
AttributeError: 'NoneType' object has no attribute 'buff_size'

[rospy.internal][WARNING] 2020-11-20 12:01:39,940: Unknown error initiating TCP/IP socket to 192.168.0.201:39309 (http://192.168.0.201:42031/): Traceback (most recent call last):
  File "/opt/ros/noetic/lib/python3/dist-packages/rospy/impl/tcpros_base.py", line 562, in connect
    self.read_header()
  File "/opt/ros/noetic/lib/python3/dist-packages/rospy/impl/tcpros_base.py", line 657, in read_header
    self._validate_header(read_ros_handshake_header(sock, self.read_buff, self.protocol.buff_size))
AttributeError: 'NoneType' object has no attribute 'buff_size'

[rospy.core][INFO] 2020-11-20 12:01:40,429: signal_shutdown [signal-2]
[rospy.core][INFO] 2020-11-20 12:01:40,472: signal_shutdown [signal-2]
[rospy.core][INFO] 2020-11-20 12:01:40,492: signal_shutdown [signal-2]
[rospy.core][INFO] 2020-11-20 12:01:40,522: signal_shutdown [signal-2]
[rospy.core][INFO] 2020-11-20 12:01:40,562: signal_shutdown [signal-2]
[rospy.core][INFO] 2020-11-20 12:01:40,589: signal_shutdown [signal-2]
[rospy.core][INFO] 2020-11-20 12:01:40,604: signal_shutdown [atexit]
