[rospy.client][INFO] 2020-11-08 08:54:16,487: init_node, name[/train_1636_1604825656483], pid[1636]
[xmlrpc][INFO] 2020-11-08 08:54:16,488: XML-RPC server binding to 0.0.0.0:0
[xmlrpc][INFO] 2020-11-08 08:54:16,489: Started XML-RPC server [http://luigi:39195/]
[rospy.init][INFO] 2020-11-08 08:54:16,489: ROS Slave URI: [http://luigi:39195/]
[rospy.impl.masterslave][INFO] 2020-11-08 08:54:16,489: _ready: http://luigi:39195/
[rospy.registration][INFO] 2020-11-08 08:54:16,491: Registering with master node http://reydeoro:11311
[xmlrpc][INFO] 2020-11-08 08:54:16,491: xml rpc node: starting XML-RPC server
[rospy.init][INFO] 2020-11-08 08:54:16,589: registered with master
[rospy.rosout][INFO] 2020-11-08 08:54:16,590: initializing /rosout core topic
[rospy.registration][ERROR] 2020-11-08 08:54:16,600: [Errno -2] Name or service not known
Unable to register with master node [http://reydeoro:11311]: master may not be running yet. Will keep trying.
[rospy.core][INFO] 2020-11-08 08:54:20,087: signal_shutdown [signal-2]
[rospy.registration][WARNING] 2020-11-08 08:54:20,091: unclean shutdown
Traceback (most recent call last):
  File "/opt/ros/noetic/lib/python3/dist-packages/rospy/impl/registration.py", line 446, in reg_added
    code, msg, val = master.registerPublisher(*args)
  File "/usr/lib/python3.8/xmlrpc/client.py", line 1109, in __call__
    return self.__send(self.__name, args)
  File "/opt/ros/noetic/lib/python3/dist-packages/rospy/core.py", line 665, in _ServerProxy__request
    return xmlrpcclient.ServerProxy._ServerProxy__request(
  File "/usr/lib/python3.8/xmlrpc/client.py", line 1450, in __request
    response = self.__transport.request(
  File "/usr/lib/python3.8/xmlrpc/client.py", line 1153, in request
    return self.single_request(host, handler, request_body, verbose)
  File "/usr/lib/python3.8/xmlrpc/client.py", line 1165, in single_request
    http_conn = self.send_request(host, handler, request_body, verbose)
  File "/usr/lib/python3.8/xmlrpc/client.py", line 1278, in send_request
    self.send_content(connection, request_body)
  File "/usr/lib/python3.8/xmlrpc/client.py", line 1308, in send_content
    connection.endheaders(request_body)
  File "/usr/lib/python3.8/http/client.py", line 1235, in endheaders
    self._send_output(message_body, encode_chunked=encode_chunked)
  File "/usr/lib/python3.8/http/client.py", line 1006, in _send_output
    self.send(msg)
  File "/usr/lib/python3.8/http/client.py", line 946, in send
    self.connect()
  File "/usr/lib/python3.8/http/client.py", line 917, in connect
    self.sock = self._create_connection(
  File "/usr/lib/python3.8/socket.py", line 787, in create_connection
    for res in getaddrinfo(host, port, 0, SOCK_STREAM):
  File "/usr/lib/python3.8/socket.py", line 918, in getaddrinfo
    for res in _socket.getaddrinfo(host, port, family, type, proto, flags):
socket.gaierror: [Errno -2] Name or service not known

During handling of the above exception, another exception occurred:

Traceback (most recent call last):
  File "/opt/ros/noetic/lib/python3/dist-packages/rospy/impl/registration.py", line 375, in cleanup
    multi()
  File "/usr/lib/python3.8/xmlrpc/client.py", line 879, in __call__
    return MultiCallIterator(self.__server.system.multicall(marshalled_list))
  File "/usr/lib/python3.8/xmlrpc/client.py", line 1109, in __call__
    return self.__send(self.__name, args)
  File "/opt/ros/noetic/lib/python3/dist-packages/rospy/core.py", line 665, in _ServerProxy__request
    return xmlrpcclient.ServerProxy._ServerProxy__request(
  File "/usr/lib/python3.8/xmlrpc/client.py", line 1450, in __request
    response = self.__transport.request(
  File "/usr/lib/python3.8/xmlrpc/client.py", line 1153, in request
    return self.single_request(host, handler, request_body, verbose)
  File "/usr/lib/python3.8/xmlrpc/client.py", line 1165, in single_request
    http_conn = self.send_request(host, handler, request_body, verbose)
  File "/usr/lib/python3.8/xmlrpc/client.py", line 1278, in send_request
    self.send_content(connection, request_body)
  File "/usr/lib/python3.8/xmlrpc/client.py", line 1308, in send_content
    connection.endheaders(request_body)
  File "/usr/lib/python3.8/http/client.py", line 1235, in endheaders
    self._send_output(message_body, encode_chunked=encode_chunked)
  File "/usr/lib/python3.8/http/client.py", line 1006, in _send_output
    self.send(msg)
  File "/usr/lib/python3.8/http/client.py", line 946, in send
    self.connect()
  File "/usr/lib/python3.8/http/client.py", line 917, in connect
    self.sock = self._create_connection(
  File "/usr/lib/python3.8/socket.py", line 787, in create_connection
    for res in getaddrinfo(host, port, 0, SOCK_STREAM):
  File "/usr/lib/python3.8/socket.py", line 918, in getaddrinfo
    for res in _socket.getaddrinfo(host, port, family, type, proto, flags):
socket.gaierror: [Errno -2] Name or service not known

[rospy.impl.masterslave][INFO] 2020-11-08 08:54:20,092: signal-2
[rospy.core][INFO] 2020-11-08 08:54:20,585: signal_shutdown [signal-2]
[rospy.core][INFO] 2020-11-08 08:54:20,619: signal_shutdown [signal-2]
[rospy.core][INFO] 2020-11-08 08:54:20,661: signal_shutdown [signal-2]
[rospy.core][INFO] 2020-11-08 08:54:20,682: signal_shutdown [signal-2]
[rospy.core][INFO] 2020-11-08 08:54:20,713: signal_shutdown [signal-2]
[rospy.core][INFO] 2020-11-08 08:54:20,750: signal_shutdown [signal-2]
[rospy.core][INFO] 2020-11-08 08:54:20,775: signal_shutdown [signal-2]
[rospy.core][INFO] 2020-11-08 08:54:20,807: signal_shutdown [signal-2]
[rospy.core][INFO] 2020-11-08 08:54:20,839: signal_shutdown [signal-2]
[rospy.core][INFO] 2020-11-08 08:54:20,883: signal_shutdown [signal-2]
[rospy.core][INFO] 2020-11-08 08:54:20,898: signal_shutdown [signal-2]
[rospy.core][INFO] 2020-11-08 08:54:20,929: signal_shutdown [signal-2]
[rospy.core][INFO] 2020-11-08 08:54:20,961: signal_shutdown [signal-2]
[rospy.core][INFO] 2020-11-08 08:54:21,002: signal_shutdown [signal-2]
[rospy.core][INFO] 2020-11-08 08:54:21,044: signal_shutdown [signal-2]
[rospy.core][INFO] 2020-11-08 08:54:21,063: signal_shutdown [signal-2]
[rospy.core][INFO] 2020-11-08 08:54:21,095: signal_shutdown [signal-2]
[rospy.core][INFO] 2020-11-08 08:54:21,134: signal_shutdown [signal-2]
[rospy.core][INFO] 2020-11-08 08:54:21,177: signal_shutdown [signal-2]
[rospy.core][INFO] 2020-11-08 08:54:21,195: signal_shutdown [signal-2]
[rospy.core][INFO] 2020-11-08 08:54:21,226: signal_shutdown [signal-2]
[rospy.core][INFO] 2020-11-08 08:54:21,267: signal_shutdown [signal-2]
[rospy.core][INFO] 2020-11-08 08:54:21,310: signal_shutdown [signal-2]
[rospy.core][INFO] 2020-11-08 08:54:21,329: signal_shutdown [signal-2]
[rospy.core][INFO] 2020-11-08 08:54:21,360: signal_shutdown [signal-2]
[rospy.core][INFO] 2020-11-08 08:54:21,402: signal_shutdown [signal-2]
[rospy.core][INFO] 2020-11-08 08:54:21,425: signal_shutdown [signal-2]
[rospy.core][INFO] 2020-11-08 08:54:21,455: signal_shutdown [signal-2]
[rospy.core][INFO] 2020-11-08 08:54:21,486: signal_shutdown [signal-2]
[rospy.core][INFO] 2020-11-08 08:54:21,516: signal_shutdown [signal-2]
[rospy.core][INFO] 2020-11-08 08:54:21,560: signal_shutdown [signal-2]
[rospy.core][INFO] 2020-11-08 08:54:21,579: signal_shutdown [signal-2]
[rospy.core][INFO] 2020-11-08 08:54:21,610: signal_shutdown [signal-2]
[rospy.core][INFO] 2020-11-08 08:54:21,650: signal_shutdown [signal-2]
[rospy.core][INFO] 2020-11-08 08:54:21,674: signal_shutdown [signal-2]
[rospy.core][INFO] 2020-11-08 08:54:21,704: signal_shutdown [signal-2]
[rospy.core][INFO] 2020-11-08 08:54:21,739: signal_shutdown [signal-2]
[rospy.core][INFO] 2020-11-08 08:54:21,779: signal_shutdown [signal-2]
[rospy.core][INFO] 2020-11-08 08:54:21,799: signal_shutdown [signal-2]
[rospy.core][INFO] 2020-11-08 08:54:21,830: signal_shutdown [signal-2]
[rospy.core][INFO] 2020-11-08 08:54:21,861: signal_shutdown [signal-2]
[rospy.core][INFO] 2020-11-08 08:54:21,906: signal_shutdown [signal-2]
[rospy.core][INFO] 2020-11-08 08:54:21,923: signal_shutdown [signal-2]
[rospy.core][INFO] 2020-11-08 08:54:21,955: signal_shutdown [signal-2]
[rospy.core][INFO] 2020-11-08 08:54:21,996: signal_shutdown [signal-2]
[rospy.core][INFO] 2020-11-08 08:54:22,020: signal_shutdown [signal-2]
[rospy.core][INFO] 2020-11-08 08:54:22,052: signal_shutdown [signal-2]
[rospy.core][INFO] 2020-11-08 08:54:22,082: signal_shutdown [signal-2]
[rospy.core][INFO] 2020-11-08 08:54:22,116: signal_shutdown [signal-2]
[rospy.core][INFO] 2020-11-08 08:54:22,143: signal_shutdown [signal-2]
[rospy.core][INFO] 2020-11-08 08:54:22,173: signal_shutdown [signal-2]
[rospy.core][INFO] 2020-11-08 08:54:22,219: signal_shutdown [signal-2]
[rospy.core][INFO] 2020-11-08 08:54:22,245: signal_shutdown [signal-2]
[rospy.core][INFO] 2020-11-08 08:54:22,276: signal_shutdown [signal-2]
[rospy.core][INFO] 2020-11-08 08:54:22,309: signal_shutdown [signal-2]
[rospy.core][INFO] 2020-11-08 08:54:22,348: signal_shutdown [signal-2]
[rospy.core][INFO] 2020-11-08 08:54:22,370: signal_shutdown [signal-2]
[rospy.core][INFO] 2020-11-08 08:54:22,400: signal_shutdown [signal-2]
[rospy.core][INFO] 2020-11-08 08:54:22,434: signal_shutdown [signal-2]
[rospy.core][INFO] 2020-11-08 08:54:22,478: signal_shutdown [signal-2]
[rospy.core][INFO] 2020-11-08 08:54:22,497: signal_shutdown [signal-2]
[rospy.core][INFO] 2020-11-08 08:54:22,527: signal_shutdown [signal-2]
[rospy.core][INFO] 2020-11-08 08:54:22,568: signal_shutdown [signal-2]
[rospy.core][INFO] 2020-11-08 08:54:22,611: signal_shutdown [signal-2]
[rospy.core][INFO] 2020-11-08 08:54:22,629: signal_shutdown [signal-2]
[rospy.core][INFO] 2020-11-08 08:54:22,658: signal_shutdown [signal-2]
[rospy.core][INFO] 2020-11-08 08:54:22,694: signal_shutdown [signal-2]
[rospy.core][INFO] 2020-11-08 08:54:22,720: signal_shutdown [signal-2]
[rospy.core][INFO] 2020-11-08 08:54:22,751: signal_shutdown [signal-2]
[rospy.core][INFO] 2020-11-08 08:54:22,782: signal_shutdown [signal-2]
[rospy.core][INFO] 2020-11-08 08:54:22,822: signal_shutdown [signal-2]
[rospy.core][INFO] 2020-11-08 08:54:22,846: signal_shutdown [signal-2]
[rospy.core][INFO] 2020-11-08 08:54:22,877: signal_shutdown [signal-2]
[rospy.core][INFO] 2020-11-08 08:54:22,908: signal_shutdown [signal-2]
[rospy.core][INFO] 2020-11-08 08:54:22,952: signal_shutdown [signal-2]
[rospy.core][INFO] 2020-11-08 08:54:22,970: signal_shutdown [signal-2]
[rospy.core][INFO] 2020-11-08 08:54:23,002: signal_shutdown [signal-2]
[rospy.core][INFO] 2020-11-08 08:54:23,039: signal_shutdown [signal-2]
[rospy.core][INFO] 2020-11-08 08:54:23,081: signal_shutdown [signal-2]
[rospy.core][INFO] 2020-11-08 08:54:23,101: signal_shutdown [signal-2]
[rospy.core][INFO] 2020-11-08 08:54:23,132: signal_shutdown [signal-2]
[rospy.core][INFO] 2020-11-08 08:54:23,170: signal_shutdown [signal-2]
[rospy.core][INFO] 2020-11-08 08:54:23,195: signal_shutdown [signal-2]
[rospy.core][INFO] 2020-11-08 08:54:23,227: signal_shutdown [signal-2]
[rospy.core][INFO] 2020-11-08 08:54:23,257: signal_shutdown [signal-2]
[rospy.core][INFO] 2020-11-08 08:54:23,299: signal_shutdown [signal-2]
[rospy.core][INFO] 2020-11-08 08:54:23,319: signal_shutdown [signal-2]
[rospy.core][INFO] 2020-11-08 08:54:23,349: signal_shutdown [signal-2]
[rospy.core][INFO] 2020-11-08 08:54:23,390: signal_shutdown [signal-2]
[rospy.core][INFO] 2020-11-08 08:54:23,433: signal_shutdown [signal-2]
[rospy.core][INFO] 2020-11-08 08:54:23,452: signal_shutdown [signal-2]
[rospy.core][INFO] 2020-11-08 08:54:23,482: signal_shutdown [signal-2]
[rospy.core][INFO] 2020-11-08 08:54:23,525: signal_shutdown [signal-2]
[rospy.core][INFO] 2020-11-08 08:54:23,545: signal_shutdown [signal-2]
[rospy.core][INFO] 2020-11-08 08:54:23,576: signal_shutdown [signal-2]
[rospy.core][INFO] 2020-11-08 08:54:23,615: signal_shutdown [signal-2]
[rospy.core][INFO] 2020-11-08 08:54:23,639: signal_shutdown [signal-2]
[rospy.core][INFO] 2020-11-08 08:54:23,669: signal_shutdown [signal-2]
[rospy.core][INFO] 2020-11-08 08:54:23,707: signal_shutdown [signal-2]
[rospy.core][INFO] 2020-11-08 08:54:23,734: signal_shutdown [signal-2]
[rospy.core][INFO] 2020-11-08 08:54:23,763: signal_shutdown [signal-2]
[rospy.core][INFO] 2020-11-08 08:54:23,794: signal_shutdown [signal-2]
[rospy.core][INFO] 2020-11-08 08:54:23,833: signal_shutdown [signal-2]
[rospy.core][INFO] 2020-11-08 08:54:23,857: signal_shutdown [signal-2]
[rospy.core][INFO] 2020-11-08 08:54:23,888: signal_shutdown [signal-2]
[rospy.core][INFO] 2020-11-08 08:54:23,922: signal_shutdown [signal-2]
[rospy.core][INFO] 2020-11-08 08:54:23,965: signal_shutdown [signal-2]
[rospy.core][INFO] 2020-11-08 08:54:23,983: signal_shutdown [signal-2]
[rospy.core][INFO] 2020-11-08 08:54:24,014: signal_shutdown [signal-2]
[rospy.core][INFO] 2020-11-08 08:54:24,056: signal_shutdown [signal-2]
[rospy.core][INFO] 2020-11-08 08:54:24,080: signal_shutdown [signal-2]
[rospy.core][INFO] 2020-11-08 08:54:24,111: signal_shutdown [signal-2]
[rospy.core][INFO] 2020-11-08 08:54:24,145: signal_shutdown [signal-2]
[rospy.core][INFO] 2020-11-08 08:54:24,188: signal_shutdown [signal-2]
[rospy.core][INFO] 2020-11-08 08:54:24,206: signal_shutdown [signal-2]
[rospy.core][INFO] 2020-11-08 08:54:24,237: signal_shutdown [signal-2]
[rospy.core][INFO] 2020-11-08 08:54:24,278: signal_shutdown [signal-2]
[rospy.core][INFO] 2020-11-08 08:54:24,322: signal_shutdown [signal-2]
[rospy.core][INFO] 2020-11-08 08:54:24,339: signal_shutdown [signal-2]
[rospy.core][INFO] 2020-11-08 08:54:24,371: signal_shutdown [signal-2]
[rospy.core][INFO] 2020-11-08 08:54:24,410: signal_shutdown [signal-2]
[rospy.core][INFO] 2020-11-08 08:54:24,453: signal_shutdown [signal-2]
[rospy.core][INFO] 2020-11-08 08:54:24,472: signal_shutdown [signal-2]
[rospy.core][INFO] 2020-11-08 08:54:24,502: signal_shutdown [signal-2]
[rospy.core][INFO] 2020-11-08 08:54:24,545: signal_shutdown [signal-2]
[rospy.core][INFO] 2020-11-08 08:54:24,569: signal_shutdown [signal-2]
[rospy.core][INFO] 2020-11-08 08:54:24,599: signal_shutdown [signal-2]
[rospy.core][INFO] 2020-11-08 08:54:24,633: signal_shutdown [signal-2]
[rospy.core][INFO] 2020-11-08 08:54:24,677: signal_shutdown [signal-2]
[rospy.core][INFO] 2020-11-08 08:54:24,694: signal_shutdown [signal-2]
[rospy.core][INFO] 2020-11-08 08:54:24,726: signal_shutdown [signal-2]
[rospy.core][INFO] 2020-11-08 08:54:24,766: signal_shutdown [signal-2]
[rospy.core][INFO] 2020-11-08 08:54:24,807: signal_shutdown [signal-2]
[rospy.core][INFO] 2020-11-08 08:54:24,826: signal_shutdown [signal-2]
[rospy.core][INFO] 2020-11-08 08:54:24,857: signal_shutdown [signal-2]
[rospy.core][INFO] 2020-11-08 08:54:24,899: signal_shutdown [signal-2]
[rospy.core][INFO] 2020-11-08 08:54:24,943: signal_shutdown [signal-2]
[rospy.core][INFO] 2020-11-08 08:54:24,961: signal_shutdown [signal-2]
[rospy.core][INFO] 2020-11-08 08:54:24,991: signal_shutdown [signal-2]
[rospy.core][INFO] 2020-11-08 08:54:25,034: signal_shutdown [signal-2]
[rospy.core][INFO] 2020-11-08 08:54:25,059: signal_shutdown [signal-2]
[rospy.core][INFO] 2020-11-08 08:54:25,089: signal_shutdown [signal-2]
[rospy.core][INFO] 2020-11-08 08:54:25,122: signal_shutdown [signal-2]
[rospy.core][INFO] 2020-11-08 08:54:25,165: signal_shutdown [signal-2]
[rospy.core][INFO] 2020-11-08 08:54:25,183: signal_shutdown [signal-2]
[rospy.rosout][INFO] 2020-11-08 08:54:25,193: connected to core topic /rosout
[rospy.simtime][ERROR] 2020-11-08 08:54:25,197: Unable to initialize /clock: [Errno -2] Name or service not known
Traceback (most recent call last):
  File "/opt/ros/noetic/lib/python3/dist-packages/rospy/impl/simtime.py", line 79, in init_simtime
    if not _is_use_simtime():
  File "/opt/ros/noetic/lib/python3/dist-packages/rospy/impl/simtime.py", line 60, in _is_use_simtime
    code, msg, val = m.getParam(rospy.names.get_caller_id(), _USE_SIMTIME)
  File "/usr/lib/python3.8/xmlrpc/client.py", line 1109, in __call__
    return self.__send(self.__name, args)
  File "/opt/ros/noetic/lib/python3/dist-packages/rospy/core.py", line 665, in _ServerProxy__request
    return xmlrpcclient.ServerProxy._ServerProxy__request(
  File "/usr/lib/python3.8/xmlrpc/client.py", line 1450, in __request
    response = self.__transport.request(
  File "/usr/lib/python3.8/xmlrpc/client.py", line 1153, in request
    return self.single_request(host, handler, request_body, verbose)
  File "/usr/lib/python3.8/xmlrpc/client.py", line 1165, in single_request
    http_conn = self.send_request(host, handler, request_body, verbose)
  File "/usr/lib/python3.8/xmlrpc/client.py", line 1278, in send_request
    self.send_content(connection, request_body)
  File "/usr/lib/python3.8/xmlrpc/client.py", line 1308, in send_content
    connection.endheaders(request_body)
  File "/usr/lib/python3.8/http/client.py", line 1235, in endheaders
    self._send_output(message_body, encode_chunked=encode_chunked)
  File "/usr/lib/python3.8/http/client.py", line 1006, in _send_output
    self.send(msg)
  File "/usr/lib/python3.8/http/client.py", line 946, in send
    self.connect()
  File "/usr/lib/python3.8/http/client.py", line 917, in connect
    self.sock = self._create_connection(
  File "/usr/lib/python3.8/socket.py", line 787, in create_connection
    for res in getaddrinfo(host, port, 0, SOCK_STREAM):
  File "/usr/lib/python3.8/socket.py", line 918, in getaddrinfo
    for res in _socket.getaddrinfo(host, port, family, type, proto, flags):
socket.gaierror: [Errno -2] Name or service not known

[rospy.core][INFO] 2020-11-08 08:54:25,199: signal_shutdown [atexit]
