[rospy.client][INFO] 2020-11-09 08:06:39,921: init_node, name[/train_2035_1604909199914], pid[2035]
[xmlrpc][INFO] 2020-11-09 08:06:39,922: XML-RPC server binding to 0.0.0.0:0
[xmlrpc][INFO] 2020-11-09 08:06:39,923: Started XML-RPC server [http://luigi:39947/]
[rospy.init][INFO] 2020-11-09 08:06:39,923: ROS Slave URI: [http://luigi:39947/]
[rospy.impl.masterslave][INFO] 2020-11-09 08:06:39,923: _ready: http://luigi:39947/
[rospy.registration][INFO] 2020-11-09 08:06:39,925: Registering with master node http://192.168.0.201:11311
[xmlrpc][INFO] 2020-11-09 08:06:39,925: xml rpc node: starting XML-RPC server
[rospy.init][INFO] 2020-11-09 08:06:40,024: registered with master
[rospy.rosout][INFO] 2020-11-09 08:06:40,024: initializing /rosout core topic
[rospy.rosout][INFO] 2020-11-09 08:06:40,030: connected to core topic /rosout
[rospy.simtime][INFO] 2020-11-09 08:06:40,032: /use_sim_time is not set, will not subscribe to simulated time [/clock] topic
[rospy.internal][INFO] 2020-11-09 08:06:40,054: topic[/bev/flow_image] adding connection to [http://192.168.0.201:42413/], count 0
[rospy.internal][INFO] 2020-11-09 08:06:40,058: topic[/odom] adding connection to [http://192.168.0.201:42957/], count 0
[rospy.internal][INFO] 2020-11-09 08:06:40,060: topic[/bev/occupancy_image] adding connection to [http://192.168.0.201:42413/], count 0
[rospy.internal][INFO] 2020-11-09 08:06:40,272: topic[/rosout] adding connection to [/rosout], count 0
[rosout][ERROR] 2020-11-09 08:06:40,446: bad callback: <bound method ROSNode.occupancy_image_callback of <__main__.ROSNode object at 0x7f67c9501280>>
Traceback (most recent call last):
  File "/opt/ros/noetic/lib/python3/dist-packages/rospy/topics.py", line 750, in _invoke_callback
    cb(msg)
  File "/root/catkin_ws/src/flow_field_based_motion_planner/src/train.py", line 80, in occupancy_image_callback
    if math.sqrt(math.pow(i * self.map_grid_size - 0.5 * self.map_range, 2) + math.pow(j * self.map_grid_size - 0.5 * self.map_range, 2)) <= self.robot_rsize:
AttributeError: 'ROSNode' object has no attribute 'map_range'

[rosout][ERROR] 2020-11-09 08:06:40,855: bad callback: <bound method ROSNode.occupancy_image_callback of <__main__.ROSNode object at 0x7f67c9501280>>
Traceback (most recent call last):
  File "/opt/ros/noetic/lib/python3/dist-packages/rospy/topics.py", line 750, in _invoke_callback
    cb(msg)
  File "/root/catkin_ws/src/flow_field_based_motion_planner/src/train.py", line 80, in occupancy_image_callback
    if math.sqrt(math.pow(i * self.map_grid_size - 0.5 * self.map_range, 2) + math.pow(j * self.map_grid_size - 0.5 * self.map_range, 2)) <= self.robot_rsize:
AttributeError: 'ROSNode' object has no attribute 'map_range'

[rosout][ERROR] 2020-11-09 08:06:41,735: bad callback: <bound method ROSNode.occupancy_image_callback of <__main__.ROSNode object at 0x7f67c9501280>>
Traceback (most recent call last):
  File "/opt/ros/noetic/lib/python3/dist-packages/rospy/topics.py", line 750, in _invoke_callback
    cb(msg)
  File "/root/catkin_ws/src/flow_field_based_motion_planner/src/train.py", line 80, in occupancy_image_callback
    if math.sqrt(math.pow(i * self.map_grid_size - 0.5 * self.map_range, 2) + math.pow(j * self.map_grid_size - 0.5 * self.map_range, 2)) <= self.robot_rsize:
AttributeError: 'ROSNode' object has no attribute 'map_range'

[rosout][ERROR] 2020-11-09 08:06:42,205: bad callback: <bound method ROSNode.occupancy_image_callback of <__main__.ROSNode object at 0x7f67c9501280>>
Traceback (most recent call last):
  File "/opt/ros/noetic/lib/python3/dist-packages/rospy/topics.py", line 750, in _invoke_callback
    cb(msg)
  File "/root/catkin_ws/src/flow_field_based_motion_planner/src/train.py", line 80, in occupancy_image_callback
    if math.sqrt(math.pow(i * self.map_grid_size - 0.5 * self.map_range, 2) + math.pow(j * self.map_grid_size - 0.5 * self.map_range, 2)) <= self.robot_rsize:
AttributeError: 'ROSNode' object has no attribute 'map_range'

[rospy.core][INFO] 2020-11-09 08:06:42,403: signal_shutdown [signal-2]
[rospy.internal][INFO] 2020-11-09 08:06:42,407: topic[/rosout] removing connection to /rosout
[rospy.internal][INFO] 2020-11-09 08:06:42,407: topic[/bev/flow_image] removing connection to http://192.168.0.201:42413/
[rospy.internal][INFO] 2020-11-09 08:06:42,407: topic[/bev/occupancy_image] removing connection to http://192.168.0.201:42413/
[rospy.internal][INFO] 2020-11-09 08:06:42,408: topic[/odom] removing connection to http://192.168.0.201:42957/
[rospy.impl.masterslave][INFO] 2020-11-09 08:06:42,408: signal-2
[rospy.internal][WARNING] 2020-11-09 08:06:42,409: Unknown error initiating TCP/IP socket to 192.168.0.201:40509 (http://192.168.0.201:42413/): Traceback (most recent call last):
  File "/opt/ros/noetic/lib/python3/dist-packages/rospy/impl/tcpros_base.py", line 562, in connect
    self.read_header()
  File "/opt/ros/noetic/lib/python3/dist-packages/rospy/impl/tcpros_base.py", line 657, in read_header
    self._validate_header(read_ros_handshake_header(sock, self.read_buff, self.protocol.buff_size))
AttributeError: 'NoneType' object has no attribute 'buff_size'

[rospy.internal][WARNING] 2020-11-09 08:06:42,410: Unknown error initiating TCP/IP socket to 192.168.0.201:45869 (http://192.168.0.201:42957/): Traceback (most recent call last):
  File "/opt/ros/noetic/lib/python3/dist-packages/rospy/impl/tcpros_base.py", line 562, in connect
    self.read_header()
  File "/opt/ros/noetic/lib/python3/dist-packages/rospy/impl/tcpros_base.py", line 657, in read_header
    self._validate_header(read_ros_handshake_header(sock, self.read_buff, self.protocol.buff_size))
AttributeError: 'NoneType' object has no attribute 'buff_size'

[rospy.core][INFO] 2020-11-09 08:06:42,664: signal_shutdown [signal-2]
[rospy.core][INFO] 2020-11-09 08:06:42,695: signal_shutdown [signal-2]
[rospy.core][INFO] 2020-11-09 08:06:42,742: signal_shutdown [signal-2]
[rospy.core][INFO] 2020-11-09 08:06:42,759: signal_shutdown [signal-2]
[rospy.core][INFO] 2020-11-09 08:06:42,787: signal_shutdown [signal-2]
[rospy.core][INFO] 2020-11-09 08:06:42,817: signal_shutdown [signal-2]
[rospy.core][INFO] 2020-11-09 08:06:42,847: signal_shutdown [signal-2]
[rospy.core][INFO] 2020-11-09 08:06:42,880: signal_shutdown [signal-2]
[rospy.core][INFO] 2020-11-09 08:06:42,909: signal_shutdown [signal-2]
[rospy.core][INFO] 2020-11-09 08:06:42,939: signal_shutdown [signal-2]
[rospy.core][INFO] 2020-11-09 08:06:42,969: signal_shutdown [signal-2]
[rospy.core][INFO] 2020-11-09 08:06:43,000: signal_shutdown [signal-2]
[rospy.core][INFO] 2020-11-09 08:06:43,037: signal_shutdown [signal-2]
[rospy.core][INFO] 2020-11-09 08:06:43,048: signal_shutdown [atexit]
