[rospy.client][INFO] 2020-11-20 12:52:33,267: init_node, name[/train_2676_1605876753234], pid[2676]
[xmlrpc][INFO] 2020-11-20 12:52:33,268: XML-RPC server binding to 0.0.0.0:0
[xmlrpc][INFO] 2020-11-20 12:52:33,269: Started XML-RPC server [http://192.168.0.191:44329/]
[rospy.init][INFO] 2020-11-20 12:52:33,269: ROS Slave URI: [http://192.168.0.191:44329/]
[rospy.impl.masterslave][INFO] 2020-11-20 12:52:33,270: _ready: http://192.168.0.191:44329/
[rospy.registration][INFO] 2020-11-20 12:52:33,271: Registering with master node http://192.168.0.201:11311
[xmlrpc][INFO] 2020-11-20 12:52:33,271: xml rpc node: starting XML-RPC server
[rospy.init][INFO] 2020-11-20 12:52:33,370: registered with master
[rospy.rosout][INFO] 2020-11-20 12:52:33,370: initializing /rosout core topic
[rospy.rosout][INFO] 2020-11-20 12:52:33,376: connected to core topic /rosout
[rospy.simtime][INFO] 2020-11-20 12:52:33,377: /use_sim_time is not set, will not subscribe to simulated time [/clock] topic
[rospy.internal][INFO] 2020-11-20 12:52:33,388: topic[/bev/flow_image] adding connection to [http://192.168.0.201:37547/], count 0
[rospy.internal][INFO] 2020-11-20 12:52:33,401: topic[/bev/occupancy_image] adding connection to [http://192.168.0.201:37547/], count 0
[rospy.internal][INFO] 2020-11-20 12:52:33,404: topic[/scan] adding connection to [http://192.168.0.201:36467/], count 0
[rospy.internal][INFO] 2020-11-20 12:52:33,411: topic[/scan] adding connection to [http://192.168.0.201:41431/], count 1
[rospy.internal][INFO] 2020-11-20 12:52:33,414: topic[/start_goal_points] adding connection to [http://192.168.0.201:44137/], count 0
[rospy.internal][INFO] 2020-11-20 12:52:33,415: topic[/odom] adding connection to [http://192.168.0.201:36467/], count 0
[rosout][ERROR] 2020-11-20 12:52:33,439: bad callback: <bound method ROSNode.laser_callback of <__main__.ROSNode object at 0x7fba63e191f0>>
Traceback (most recent call last):
  File "/opt/ros/noetic/lib/python3/dist-packages/rospy/topics.py", line 750, in _invoke_callback
    cb(msg)
  File "./train.py", line 152, in laser_callback
    print("ROS:scan_data[",i,"] =" ,self.scan_data[i])
IndexError: index 39 is out of bounds for axis 0 with size 5

[rosout][ERROR] 2020-11-20 12:52:33,477: bad callback: <bound method ROSNode.laser_callback of <__main__.ROSNode object at 0x7fba63e191f0>>
Traceback (most recent call last):
  File "/opt/ros/noetic/lib/python3/dist-packages/rospy/topics.py", line 750, in _invoke_callback
    cb(msg)
  File "./train.py", line 152, in laser_callback
    print("ROS:scan_data[",i,"] =" ,self.scan_data[i])
IndexError: index 221 is out of bounds for axis 0 with size 6

[rospy.internal][INFO] 2020-11-20 12:52:33,567: topic[/cmd_vel] adding connection to [/gazebo], count 0
[rospy.internal][INFO] 2020-11-20 12:52:33,569: topic[/cmd_vel] adding connection to [/bev_flow_estimator], count 1
[rospy.internal][INFO] 2020-11-20 12:52:33,667: topic[/rosout] adding connection to [/rosout], count 0
[rospy.internal][INFO] 2020-11-20 12:52:33,668: topic[/is_created_scenarios] adding connection to [/episode_manager], count 0
[rosout][ERROR] 2020-11-20 12:52:33,679: bad callback: <bound method ROSNode.laser_callback of <__main__.ROSNode object at 0x7fba63e191f0>>
Traceback (most recent call last):
  File "/opt/ros/noetic/lib/python3/dist-packages/rospy/topics.py", line 750, in _invoke_callback
    cb(msg)
  File "./train.py", line 152, in laser_callback
    print("ROS:scan_data[",i,"] =" ,self.scan_data[i])
IndexError: index 39 is out of bounds for axis 0 with size 10

[rosout][ERROR] 2020-11-20 12:52:33,716: bad callback: <bound method ROSNode.laser_callback of <__main__.ROSNode object at 0x7fba63e191f0>>
Traceback (most recent call last):
  File "/opt/ros/noetic/lib/python3/dist-packages/rospy/topics.py", line 750, in _invoke_callback
    cb(msg)
  File "./train.py", line 152, in laser_callback
    print("ROS:scan_data[",i,"] =" ,self.scan_data[i])
IndexError: index 221 is out of bounds for axis 0 with size 11

[rosout][ERROR] 2020-11-20 12:52:33,917: bad callback: <bound method ROSNode.laser_callback of <__main__.ROSNode object at 0x7fba63e191f0>>
Traceback (most recent call last):
  File "/opt/ros/noetic/lib/python3/dist-packages/rospy/topics.py", line 750, in _invoke_callback
    cb(msg)
  File "./train.py", line 152, in laser_callback
    print("ROS:scan_data[",i,"] =" ,self.scan_data[i])
IndexError: index 39 is out of bounds for axis 0 with size 15

[rosout][ERROR] 2020-11-20 12:52:33,950: bad callback: <bound method ROSNode.laser_callback of <__main__.ROSNode object at 0x7fba63e191f0>>
Traceback (most recent call last):
  File "/opt/ros/noetic/lib/python3/dist-packages/rospy/topics.py", line 750, in _invoke_callback
    cb(msg)
  File "./train.py", line 152, in laser_callback
    print("ROS:scan_data[",i,"] =" ,self.scan_data[i])
IndexError: index 221 is out of bounds for axis 0 with size 16

[rosout][ERROR] 2020-11-20 12:52:34,151: bad callback: <bound method ROSNode.laser_callback of <__main__.ROSNode object at 0x7fba63e191f0>>
Traceback (most recent call last):
  File "/opt/ros/noetic/lib/python3/dist-packages/rospy/topics.py", line 750, in _invoke_callback
    cb(msg)
  File "./train.py", line 152, in laser_callback
    print("ROS:scan_data[",i,"] =" ,self.scan_data[i])
IndexError: index 39 is out of bounds for axis 0 with size 20

[rosout][ERROR] 2020-11-20 12:52:34,188: bad callback: <bound method ROSNode.laser_callback of <__main__.ROSNode object at 0x7fba63e191f0>>
Traceback (most recent call last):
  File "/opt/ros/noetic/lib/python3/dist-packages/rospy/topics.py", line 750, in _invoke_callback
    cb(msg)
  File "./train.py", line 152, in laser_callback
    print("ROS:scan_data[",i,"] =" ,self.scan_data[i])
IndexError: index 225 is out of bounds for axis 0 with size 21

[rosout][ERROR] 2020-11-20 12:52:34,396: bad callback: <bound method ROSNode.laser_callback of <__main__.ROSNode object at 0x7fba63e191f0>>
Traceback (most recent call last):
  File "/opt/ros/noetic/lib/python3/dist-packages/rospy/topics.py", line 750, in _invoke_callback
    cb(msg)
  File "./train.py", line 152, in laser_callback
    print("ROS:scan_data[",i,"] =" ,self.scan_data[i])
IndexError: index 39 is out of bounds for axis 0 with size 25

[rosout][ERROR] 2020-11-20 12:52:34,428: bad callback: <bound method ROSNode.laser_callback of <__main__.ROSNode object at 0x7fba63e191f0>>
Traceback (most recent call last):
  File "/opt/ros/noetic/lib/python3/dist-packages/rospy/topics.py", line 750, in _invoke_callback
    cb(msg)
  File "./train.py", line 152, in laser_callback
    print("ROS:scan_data[",i,"] =" ,self.scan_data[i])
IndexError: index 225 is out of bounds for axis 0 with size 26

[rosout][ERROR] 2020-11-20 12:52:34,636: bad callback: <bound method ROSNode.laser_callback of <__main__.ROSNode object at 0x7fba63e191f0>>
Traceback (most recent call last):
  File "/opt/ros/noetic/lib/python3/dist-packages/rospy/topics.py", line 750, in _invoke_callback
    cb(msg)
  File "./train.py", line 152, in laser_callback
    print("ROS:scan_data[",i,"] =" ,self.scan_data[i])
IndexError: index 39 is out of bounds for axis 0 with size 30

[rosout][ERROR] 2020-11-20 12:52:34,666: bad callback: <bound method ROSNode.laser_callback of <__main__.ROSNode object at 0x7fba63e191f0>>
Traceback (most recent call last):
  File "/opt/ros/noetic/lib/python3/dist-packages/rospy/topics.py", line 750, in _invoke_callback
    cb(msg)
  File "./train.py", line 152, in laser_callback
    print("ROS:scan_data[",i,"] =" ,self.scan_data[i])
IndexError: index 221 is out of bounds for axis 0 with size 31

[rosout][ERROR] 2020-11-20 12:52:34,882: bad callback: <bound method ROSNode.laser_callback of <__main__.ROSNode object at 0x7fba63e191f0>>
Traceback (most recent call last):
  File "/opt/ros/noetic/lib/python3/dist-packages/rospy/topics.py", line 750, in _invoke_callback
    cb(msg)
  File "./train.py", line 152, in laser_callback
    print("ROS:scan_data[",i,"] =" ,self.scan_data[i])
IndexError: index 39 is out of bounds for axis 0 with size 35

[rosout][ERROR] 2020-11-20 12:52:34,913: bad callback: <bound method ROSNode.laser_callback of <__main__.ROSNode object at 0x7fba63e191f0>>
Traceback (most recent call last):
  File "/opt/ros/noetic/lib/python3/dist-packages/rospy/topics.py", line 750, in _invoke_callback
    cb(msg)
  File "./train.py", line 152, in laser_callback
    print("ROS:scan_data[",i,"] =" ,self.scan_data[i])
IndexError: index 225 is out of bounds for axis 0 with size 36

[rosout][ERROR] 2020-11-20 12:52:35,122: bad callback: <bound method ROSNode.laser_callback of <__main__.ROSNode object at 0x7fba63e191f0>>
Traceback (most recent call last):
  File "/opt/ros/noetic/lib/python3/dist-packages/rospy/topics.py", line 750, in _invoke_callback
    cb(msg)
  File "./train.py", line 152, in laser_callback
    print("ROS:scan_data[",i,"] =" ,self.scan_data[i])
IndexError: index 334 is out of bounds for axis 0 with size 294

[rosout][ERROR] 2020-11-20 12:52:35,148: bad callback: <bound method ROSNode.laser_callback of <__main__.ROSNode object at 0x7fba63e191f0>>
Traceback (most recent call last):
  File "/opt/ros/noetic/lib/python3/dist-packages/rospy/topics.py", line 750, in _invoke_callback
    cb(msg)
  File "./train.py", line 152, in laser_callback
    print("ROS:scan_data[",i,"] =" ,self.scan_data[i])
IndexError: index 319 is out of bounds for axis 0 with size 319

[rospy.core][INFO] 2020-11-20 12:52:35,968: signal_shutdown [atexit]
[rospy.internal][INFO] 2020-11-20 12:52:35,972: topic[/rosout] removing connection to /rosout
[rospy.internal][INFO] 2020-11-20 12:52:35,973: topic[/cmd_vel] removing connection to /gazebo
[rospy.internal][INFO] 2020-11-20 12:52:35,973: topic[/cmd_vel] removing connection to /bev_flow_estimator
[rospy.internal][INFO] 2020-11-20 12:52:35,973: topic[/is_created_scenarios] removing connection to /episode_manager
[rospy.internal][INFO] 2020-11-20 12:52:35,973: topic[/bev/flow_image] removing connection to http://192.168.0.201:37547/
[rospy.internal][INFO] 2020-11-20 12:52:35,974: topic[/bev/occupancy_image] removing connection to http://192.168.0.201:37547/
[rospy.internal][INFO] 2020-11-20 12:52:35,974: topic[/odom] removing connection to http://192.168.0.201:36467/
[rospy.internal][INFO] 2020-11-20 12:52:35,974: topic[/start_goal_points] removing connection to http://192.168.0.201:44137/
[rospy.internal][INFO] 2020-11-20 12:52:35,975: topic[/scan] removing connection to http://192.168.0.201:36467/
[rospy.internal][INFO] 2020-11-20 12:52:35,975: topic[/scan] removing connection to http://192.168.0.201:41431/
[rospy.impl.masterslave][INFO] 2020-11-20 12:52:35,975: atexit
[rospy.internal][WARNING] 2020-11-20 12:52:35,976: Unknown error initiating TCP/IP socket to 192.168.0.201:56079 (http://192.168.0.201:41431/): Traceback (most recent call last):
  File "/opt/ros/noetic/lib/python3/dist-packages/rospy/impl/tcpros_base.py", line 562, in connect
    self.read_header()
  File "/opt/ros/noetic/lib/python3/dist-packages/rospy/impl/tcpros_base.py", line 657, in read_header
    self._validate_header(read_ros_handshake_header(sock, self.read_buff, self.protocol.buff_size))
AttributeError: 'NoneType' object has no attribute 'buff_size'

