[rospy.client][INFO] 2020-11-09 08:13:43,553: init_node, name[/train_2143_1604909623548], pid[2143]
[xmlrpc][INFO] 2020-11-09 08:13:43,553: XML-RPC server binding to 0.0.0.0:0
[xmlrpc][INFO] 2020-11-09 08:13:43,554: Started XML-RPC server [http://luigi:36573/]
[rospy.init][INFO] 2020-11-09 08:13:43,554: ROS Slave URI: [http://luigi:36573/]
[rospy.impl.masterslave][INFO] 2020-11-09 08:13:43,554: _ready: http://luigi:36573/
[rospy.registration][INFO] 2020-11-09 08:13:43,556: Registering with master node http://192.168.0.201:11311
[xmlrpc][INFO] 2020-11-09 08:13:43,556: xml rpc node: starting XML-RPC server
[rospy.init][INFO] 2020-11-09 08:13:43,655: registered with master
[rospy.rosout][INFO] 2020-11-09 08:13:43,655: initializing /rosout core topic
[rospy.rosout][INFO] 2020-11-09 08:13:43,661: connected to core topic /rosout
[rospy.simtime][INFO] 2020-11-09 08:13:43,662: /use_sim_time is not set, will not subscribe to simulated time [/clock] topic
[rospy.internal][INFO] 2020-11-09 08:13:43,680: topic[/odom] adding connection to [http://192.168.0.201:42957/], count 0
[rospy.internal][INFO] 2020-11-09 08:13:43,949: topic[/rosout] adding connection to [/rosout], count 0
[rospy.internal][INFO] 2020-11-09 08:13:57,912: topic[/bev/flow_image] adding connection to [http://192.168.0.201:43537/], count 0
[rospy.internal][INFO] 2020-11-09 08:13:57,915: topic[/bev/occupancy_image] adding connection to [http://192.168.0.201:43537/], count 0
[rosout][ERROR] 2020-11-09 08:13:58,383: bad callback: <bound method ROSNode.occupancy_image_callback of <__main__.ROSNode object at 0x7fc84ebe3280>>
Traceback (most recent call last):
  File "/opt/ros/noetic/lib/python3/dist-packages/rospy/topics.py", line 750, in _invoke_callback
    cb(msg)
  File "/root/catkin_ws/src/flow_field_based_motion_planner/src/train.py", line 86, in occupancy_image_callback
    tensor_occupancy_image[i][j] = 1
IndexError: index 23 is out of bounds for dimension 0 with size 1

[rosout][ERROR] 2020-11-09 08:13:58,850: bad callback: <bound method ROSNode.occupancy_image_callback of <__main__.ROSNode object at 0x7fc84ebe3280>>
Traceback (most recent call last):
  File "/opt/ros/noetic/lib/python3/dist-packages/rospy/topics.py", line 750, in _invoke_callback
    cb(msg)
  File "/root/catkin_ws/src/flow_field_based_motion_planner/src/train.py", line 86, in occupancy_image_callback
    tensor_occupancy_image[i][j] = 1
IndexError: index 23 is out of bounds for dimension 0 with size 1

[rosout][ERROR] 2020-11-09 08:13:59,270: bad callback: <bound method ROSNode.occupancy_image_callback of <__main__.ROSNode object at 0x7fc84ebe3280>>
Traceback (most recent call last):
  File "/opt/ros/noetic/lib/python3/dist-packages/rospy/topics.py", line 750, in _invoke_callback
    cb(msg)
  File "/root/catkin_ws/src/flow_field_based_motion_planner/src/train.py", line 86, in occupancy_image_callback
    tensor_occupancy_image[i][j] = 1
IndexError: index 23 is out of bounds for dimension 0 with size 1

[rosout][ERROR] 2020-11-09 08:13:59,730: bad callback: <bound method ROSNode.occupancy_image_callback of <__main__.ROSNode object at 0x7fc84ebe3280>>
Traceback (most recent call last):
  File "/opt/ros/noetic/lib/python3/dist-packages/rospy/topics.py", line 750, in _invoke_callback
    cb(msg)
  File "/root/catkin_ws/src/flow_field_based_motion_planner/src/train.py", line 86, in occupancy_image_callback
    tensor_occupancy_image[i][j] = 1
IndexError: index 23 is out of bounds for dimension 0 with size 1

[rosout][ERROR] 2020-11-09 08:14:00,140: bad callback: <bound method ROSNode.occupancy_image_callback of <__main__.ROSNode object at 0x7fc84ebe3280>>
Traceback (most recent call last):
  File "/opt/ros/noetic/lib/python3/dist-packages/rospy/topics.py", line 750, in _invoke_callback
    cb(msg)
  File "/root/catkin_ws/src/flow_field_based_motion_planner/src/train.py", line 86, in occupancy_image_callback
    tensor_occupancy_image[i][j] = 1
IndexError: index 23 is out of bounds for dimension 0 with size 1

[rosout][ERROR] 2020-11-09 08:14:00,810: bad callback: <bound method ROSNode.occupancy_image_callback of <__main__.ROSNode object at 0x7fc84ebe3280>>
Traceback (most recent call last):
  File "/opt/ros/noetic/lib/python3/dist-packages/rospy/topics.py", line 750, in _invoke_callback
    cb(msg)
  File "/root/catkin_ws/src/flow_field_based_motion_planner/src/train.py", line 86, in occupancy_image_callback
    tensor_occupancy_image[i][j] = 1
IndexError: index 23 is out of bounds for dimension 0 with size 1

[rosout][ERROR] 2020-11-09 08:14:01,680: bad callback: <bound method ROSNode.occupancy_image_callback of <__main__.ROSNode object at 0x7fc84ebe3280>>
Traceback (most recent call last):
  File "/opt/ros/noetic/lib/python3/dist-packages/rospy/topics.py", line 750, in _invoke_callback
    cb(msg)
  File "/root/catkin_ws/src/flow_field_based_motion_planner/src/train.py", line 86, in occupancy_image_callback
    tensor_occupancy_image[i][j] = 1
IndexError: index 23 is out of bounds for dimension 0 with size 1

[rosout][ERROR] 2020-11-09 08:14:02,560: bad callback: <bound method ROSNode.occupancy_image_callback of <__main__.ROSNode object at 0x7fc84ebe3280>>
Traceback (most recent call last):
  File "/opt/ros/noetic/lib/python3/dist-packages/rospy/topics.py", line 750, in _invoke_callback
    cb(msg)
  File "/root/catkin_ws/src/flow_field_based_motion_planner/src/train.py", line 86, in occupancy_image_callback
    tensor_occupancy_image[i][j] = 1
IndexError: index 23 is out of bounds for dimension 0 with size 1

[rosout][ERROR] 2020-11-09 08:14:03,260: bad callback: <bound method ROSNode.occupancy_image_callback of <__main__.ROSNode object at 0x7fc84ebe3280>>
Traceback (most recent call last):
  File "/opt/ros/noetic/lib/python3/dist-packages/rospy/topics.py", line 750, in _invoke_callback
    cb(msg)
  File "/root/catkin_ws/src/flow_field_based_motion_planner/src/train.py", line 86, in occupancy_image_callback
    tensor_occupancy_image[i][j] = 1
IndexError: index 23 is out of bounds for dimension 0 with size 1

[rosout][ERROR] 2020-11-09 08:14:03,670: bad callback: <bound method ROSNode.occupancy_image_callback of <__main__.ROSNode object at 0x7fc84ebe3280>>
Traceback (most recent call last):
  File "/opt/ros/noetic/lib/python3/dist-packages/rospy/topics.py", line 750, in _invoke_callback
    cb(msg)
  File "/root/catkin_ws/src/flow_field_based_motion_planner/src/train.py", line 86, in occupancy_image_callback
    tensor_occupancy_image[i][j] = 1
IndexError: index 23 is out of bounds for dimension 0 with size 1

[rospy.core][INFO] 2020-11-09 08:14:04,381: signal_shutdown [signal-2]
[rospy.internal][INFO] 2020-11-09 08:14:04,385: topic[/rosout] removing connection to /rosout
[rospy.internal][INFO] 2020-11-09 08:14:04,386: topic[/bev/flow_image] removing connection to http://192.168.0.201:43537/
[rospy.internal][INFO] 2020-11-09 08:14:04,387: topic[/bev/occupancy_image] removing connection to http://192.168.0.201:43537/
[rospy.internal][INFO] 2020-11-09 08:14:04,387: topic[/odom] removing connection to http://192.168.0.201:42957/
[rospy.impl.masterslave][INFO] 2020-11-09 08:14:04,388: signal-2
[rospy.internal][WARNING] 2020-11-09 08:14:04,389: Unknown error initiating TCP/IP socket to 192.168.0.201:51507 (http://192.168.0.201:43537/): Traceback (most recent call last):
  File "/opt/ros/noetic/lib/python3/dist-packages/rospy/impl/tcpros_base.py", line 562, in connect
    self.read_header()
  File "/opt/ros/noetic/lib/python3/dist-packages/rospy/impl/tcpros_base.py", line 657, in read_header
    self._validate_header(read_ros_handshake_header(sock, self.read_buff, self.protocol.buff_size))
AttributeError: 'NoneType' object has no attribute 'buff_size'

[rospy.internal][WARNING] 2020-11-09 08:14:04,390: Unknown error initiating TCP/IP socket to 192.168.0.201:45869 (http://192.168.0.201:42957/): Traceback (most recent call last):
  File "/opt/ros/noetic/lib/python3/dist-packages/rospy/impl/tcpros_base.py", line 562, in connect
    self.read_header()
  File "/opt/ros/noetic/lib/python3/dist-packages/rospy/impl/tcpros_base.py", line 657, in read_header
    self._validate_header(read_ros_handshake_header(sock, self.read_buff, self.protocol.buff_size))
AttributeError: 'NoneType' object has no attribute 'buff_size'

[rospy.core][INFO] 2020-11-09 08:14:04,882: signal_shutdown [signal-2]
[rospy.core][INFO] 2020-11-09 08:14:04,917: signal_shutdown [signal-2]
[rospy.core][INFO] 2020-11-09 08:14:04,944: signal_shutdown [signal-2]
[rospy.core][INFO] 2020-11-09 08:14:04,974: signal_shutdown [signal-2]
[rospy.core][INFO] 2020-11-09 08:14:04,983: signal_shutdown [atexit]
