[rospy.client][INFO] 2020-11-09 08:02:41,733: init_node, name[/train_1927_1604908961726], pid[1927]
[xmlrpc][INFO] 2020-11-09 08:02:41,734: XML-RPC server binding to 0.0.0.0:0
[xmlrpc][INFO] 2020-11-09 08:02:41,735: Started XML-RPC server [http://luigi:44895/]
[rospy.init][INFO] 2020-11-09 08:02:41,735: ROS Slave URI: [http://luigi:44895/]
[rospy.impl.masterslave][INFO] 2020-11-09 08:02:41,735: _ready: http://luigi:44895/
[rospy.registration][INFO] 2020-11-09 08:02:41,737: Registering with master node http://192.168.0.201:11311
[xmlrpc][INFO] 2020-11-09 08:02:41,737: xml rpc node: starting XML-RPC server
[rospy.init][INFO] 2020-11-09 08:02:41,836: registered with master
[rospy.rosout][INFO] 2020-11-09 08:02:41,836: initializing /rosout core topic
[rospy.rosout][INFO] 2020-11-09 08:02:41,842: connected to core topic /rosout
[rospy.simtime][INFO] 2020-11-09 08:02:41,843: /use_sim_time is not set, will not subscribe to simulated time [/clock] topic
[rospy.internal][INFO] 2020-11-09 08:02:41,867: topic[/bev/flow_image] adding connection to [http://192.168.0.201:42413/], count 0
[rospy.internal][INFO] 2020-11-09 08:02:41,870: topic[/odom] adding connection to [http://192.168.0.201:42957/], count 0
[rospy.internal][INFO] 2020-11-09 08:02:41,871: topic[/bev/occupancy_image] adding connection to [http://192.168.0.201:42413/], count 0
[rospy.internal][INFO] 2020-11-09 08:02:42,062: topic[/rosout] adding connection to [/rosout], count 0
[rosout][ERROR] 2020-11-09 08:02:42,486: bad callback: <bound method ROSNode.occupancy_image_callback of <__main__.ROSNode object at 0x7f23a2f89280>>
Traceback (most recent call last):
  File "/opt/ros/noetic/lib/python3/dist-packages/rospy/topics.py", line 750, in _invoke_callback
    cb(msg)
  File "/root/catkin_ws/src/flow_field_based_motion_planner/src/train.py", line 77, in occupancy_image_callback
    for i in range(cv_occupancy_image.Size().width):
AttributeError: 'numpy.ndarray' object has no attribute 'Size'

[rosout][ERROR] 2020-11-09 08:02:42,955: bad callback: <bound method ROSNode.occupancy_image_callback of <__main__.ROSNode object at 0x7f23a2f89280>>
Traceback (most recent call last):
  File "/opt/ros/noetic/lib/python3/dist-packages/rospy/topics.py", line 750, in _invoke_callback
    cb(msg)
  File "/root/catkin_ws/src/flow_field_based_motion_planner/src/train.py", line 77, in occupancy_image_callback
    for i in range(cv_occupancy_image.Size().width):
AttributeError: 'numpy.ndarray' object has no attribute 'Size'

[rosout][ERROR] 2020-11-09 08:02:43,365: bad callback: <bound method ROSNode.occupancy_image_callback of <__main__.ROSNode object at 0x7f23a2f89280>>
Traceback (most recent call last):
  File "/opt/ros/noetic/lib/python3/dist-packages/rospy/topics.py", line 750, in _invoke_callback
    cb(msg)
  File "/root/catkin_ws/src/flow_field_based_motion_planner/src/train.py", line 77, in occupancy_image_callback
    for i in range(cv_occupancy_image.Size().width):
AttributeError: 'numpy.ndarray' object has no attribute 'Size'

[rosout][ERROR] 2020-11-09 08:02:43,835: bad callback: <bound method ROSNode.occupancy_image_callback of <__main__.ROSNode object at 0x7f23a2f89280>>
Traceback (most recent call last):
  File "/opt/ros/noetic/lib/python3/dist-packages/rospy/topics.py", line 750, in _invoke_callback
    cb(msg)
  File "/root/catkin_ws/src/flow_field_based_motion_planner/src/train.py", line 77, in occupancy_image_callback
    for i in range(cv_occupancy_image.Size().width):
AttributeError: 'numpy.ndarray' object has no attribute 'Size'

[rospy.core][INFO] 2020-11-09 08:02:44,284: signal_shutdown [signal-2]
[rospy.internal][INFO] 2020-11-09 08:02:44,288: topic[/rosout] removing connection to /rosout
[rospy.internal][INFO] 2020-11-09 08:02:44,288: topic[/bev/flow_image] removing connection to http://192.168.0.201:42413/
[rospy.internal][INFO] 2020-11-09 08:02:44,288: topic[/bev/occupancy_image] removing connection to http://192.168.0.201:42413/
[rospy.internal][INFO] 2020-11-09 08:02:44,289: topic[/odom] removing connection to http://192.168.0.201:42957/
[rospy.impl.masterslave][INFO] 2020-11-09 08:02:44,289: signal-2
[rospy.internal][WARNING] 2020-11-09 08:02:44,290: Unknown error initiating TCP/IP socket to 192.168.0.201:40509 (http://192.168.0.201:42413/): Traceback (most recent call last):
  File "/opt/ros/noetic/lib/python3/dist-packages/rospy/impl/tcpros_base.py", line 562, in connect
    self.read_header()
  File "/opt/ros/noetic/lib/python3/dist-packages/rospy/impl/tcpros_base.py", line 657, in read_header
    self._validate_header(read_ros_handshake_header(sock, self.read_buff, self.protocol.buff_size))
AttributeError: 'NoneType' object has no attribute 'buff_size'

[rospy.core][INFO] 2020-11-09 08:02:44,493: signal_shutdown [signal-2]
[rospy.core][INFO] 2020-11-09 08:02:44,536: signal_shutdown [signal-2]
[rospy.core][INFO] 2020-11-09 08:02:44,560: signal_shutdown [signal-2]
[rospy.core][INFO] 2020-11-09 08:02:44,591: signal_shutdown [signal-2]
[rospy.core][INFO] 2020-11-09 08:02:44,621: signal_shutdown [signal-2]
[rospy.core][INFO] 2020-11-09 08:02:44,651: signal_shutdown [signal-2]
[rospy.core][INFO] 2020-11-09 08:02:44,684: signal_shutdown [signal-2]
[rospy.core][INFO] 2020-11-09 08:02:44,712: signal_shutdown [signal-2]
[rospy.core][INFO] 2020-11-09 08:02:44,742: signal_shutdown [signal-2]
[rospy.core][INFO] 2020-11-09 08:02:44,773: signal_shutdown [signal-2]
[rospy.core][INFO] 2020-11-09 08:02:44,804: signal_shutdown [signal-2]
[rospy.core][INFO] 2020-11-09 08:02:44,834: signal_shutdown [signal-2]
[rospy.core][INFO] 2020-11-09 08:02:44,865: signal_shutdown [signal-2]
[rospy.core][INFO] 2020-11-09 08:02:44,916: signal_shutdown [signal-2]
[rospy.core][INFO] 2020-11-09 08:02:44,925: signal_shutdown [signal-2]
[rospy.core][INFO] 2020-11-09 08:02:44,926: signal_shutdown [atexit]
