[rospy.client][INFO] 2020-11-24 04:24:23,937: init_node, name[/train_3918_1606191863905], pid[3918]
[xmlrpc][INFO] 2020-11-24 04:24:23,938: XML-RPC server binding to 0.0.0.0:0
[xmlrpc][INFO] 2020-11-24 04:24:23,938: Started XML-RPC server [http://192.168.0.191:40109/]
[rospy.init][INFO] 2020-11-24 04:24:23,939: ROS Slave URI: [http://192.168.0.191:40109/]
[rospy.impl.masterslave][INFO] 2020-11-24 04:24:23,939: _ready: http://192.168.0.191:40109/
[rospy.registration][INFO] 2020-11-24 04:24:23,941: Registering with master node http://192.168.0.201:11311
[xmlrpc][INFO] 2020-11-24 04:24:23,941: xml rpc node: starting XML-RPC server
[rospy.init][INFO] 2020-11-24 04:24:24,040: registered with master
[rospy.rosout][INFO] 2020-11-24 04:24:24,040: initializing /rosout core topic
[rospy.rosout][INFO] 2020-11-24 04:24:24,046: connected to core topic /rosout
[rospy.simtime][INFO] 2020-11-24 04:24:24,047: /use_sim_time is not set, will not subscribe to simulated time [/clock] topic
[rospy.internal][INFO] 2020-11-24 04:24:24,075: topic[/bev/flow_image] adding connection to [http://192.168.0.201:45935/], count 0
[rospy.internal][INFO] 2020-11-24 04:24:24,078: topic[/scan] adding connection to [http://192.168.0.201:41579/], count 0
[rospy.internal][INFO] 2020-11-24 04:24:24,080: topic[/scan] adding connection to [http://192.168.0.201:38893/], count 1
[rospy.internal][INFO] 2020-11-24 04:24:24,086: topic[/odom] adding connection to [http://192.168.0.201:41579/], count 0
[rospy.internal][INFO] 2020-11-24 04:24:24,087: topic[/bev/occupancy_image] adding connection to [http://192.168.0.201:45935/], count 0
[rospy.internal][INFO] 2020-11-24 04:24:24,089: topic[/start_goal_points] adding connection to [http://192.168.0.201:40621/], count 0
[rospy.internal][INFO] 2020-11-24 04:24:24,283: topic[/rosout] adding connection to [/rosout], count 0
[rospy.internal][INFO] 2020-11-24 04:24:24,284: topic[/is_created_scenarios] adding connection to [/episode_manager], count 0
[rospy.internal][INFO] 2020-11-24 04:24:24,288: topic[/cmd_vel] adding connection to [/gazebo], count 0
[rospy.internal][INFO] 2020-11-24 04:24:24,289: topic[/cmd_vel] adding connection to [/bev_flow_estimator], count 1
[rospy.core][INFO] 2020-11-24 04:24:42,977: signal_shutdown [signal-2]
[rospy.internal][INFO] 2020-11-24 04:24:42,982: topic[/rosout] removing connection to /rosout
[rospy.internal][INFO] 2020-11-24 04:24:42,982: topic[/cmd_vel] removing connection to /gazebo
[rospy.internal][INFO] 2020-11-24 04:24:42,983: topic[/cmd_vel] removing connection to /bev_flow_estimator
[rospy.internal][INFO] 2020-11-24 04:24:42,983: topic[/is_created_scenarios] removing connection to /episode_manager
[rospy.internal][INFO] 2020-11-24 04:24:42,983: topic[/bev/flow_image] removing connection to http://192.168.0.201:45935/
[rospy.internal][INFO] 2020-11-24 04:24:42,984: topic[/bev/occupancy_image] removing connection to http://192.168.0.201:45935/
[rospy.internal][INFO] 2020-11-24 04:24:42,984: topic[/odom] removing connection to http://192.168.0.201:41579/
[rospy.internal][INFO] 2020-11-24 04:24:42,985: topic[/start_goal_points] removing connection to http://192.168.0.201:40621/
[rospy.internal][INFO] 2020-11-24 04:24:42,986: topic[/scan] removing connection to http://192.168.0.201:41579/
[rospy.internal][WARNING] 2020-11-24 04:24:42,988: Unknown error initiating TCP/IP socket to 192.168.0.201:57717 (http://192.168.0.201:40621/): Traceback (most recent call last):
  File "/opt/ros/noetic/lib/python3/dist-packages/rospy/impl/tcpros_base.py", line 562, in connect
    self.read_header()
  File "/opt/ros/noetic/lib/python3/dist-packages/rospy/impl/tcpros_base.py", line 657, in read_header
    self._validate_header(read_ros_handshake_header(sock, self.read_buff, self.protocol.buff_size))
AttributeError: 'NoneType' object has no attribute 'buff_size'

[rospy.internal][WARNING] 2020-11-24 04:24:42,988: Unknown error initiating TCP/IP socket to 192.168.0.201:58309 (http://192.168.0.201:41579/): Traceback (most recent call last):
  File "/opt/ros/noetic/lib/python3/dist-packages/rospy/impl/tcpros_base.py", line 562, in connect
    self.read_header()
  File "/opt/ros/noetic/lib/python3/dist-packages/rospy/impl/tcpros_base.py", line 657, in read_header
    self._validate_header(read_ros_handshake_header(sock, self.read_buff, self.protocol.buff_size))
AttributeError: 'NoneType' object has no attribute 'buff_size'

[rospy.internal][INFO] 2020-11-24 04:24:42,989: topic[/scan] removing connection to http://192.168.0.201:38893/
[rospy.impl.masterslave][INFO] 2020-11-24 04:24:42,989: signal-2
[rospy.internal][WARNING] 2020-11-24 04:24:42,990: Unknown error initiating TCP/IP socket to 192.168.0.201:53063 (http://192.168.0.201:38893/): Traceback (most recent call last):
  File "/opt/ros/noetic/lib/python3/dist-packages/rospy/impl/tcpros_base.py", line 560, in connect
    self.socket.connect((dest_addr, dest_port))
OSError: [Errno 9] Bad file descriptor

[rospy.internal][WARNING] 2020-11-24 04:24:42,991: Unknown error initiating TCP/IP socket to 192.168.0.201:58309 (http://192.168.0.201:41579/): Traceback (most recent call last):
  File "/opt/ros/noetic/lib/python3/dist-packages/rospy/impl/tcpros_base.py", line 563, in connect
    self.local_endpoint = self.socket.getsockname()
AttributeError: 'NoneType' object has no attribute 'getsockname'

[rospy.core][INFO] 2020-11-24 04:24:43,476: signal_shutdown [signal-2]
[rospy.core][INFO] 2020-11-24 04:24:43,521: signal_shutdown [signal-2]
[rospy.core][INFO] 2020-11-24 04:24:43,544: signal_shutdown [signal-2]
[rospy.core][INFO] 2020-11-24 04:24:43,574: signal_shutdown [signal-2]
[rospy.core][INFO] 2020-11-24 04:24:43,604: signal_shutdown [signal-2]
[rospy.core][INFO] 2020-11-24 04:24:43,639: signal_shutdown [signal-2]
[rospy.core][INFO] 2020-11-24 04:24:43,669: signal_shutdown [signal-2]
[rospy.core][INFO] 2020-11-24 04:24:43,700: signal_shutdown [signal-2]
[rospy.core][INFO] 2020-11-24 04:24:43,729: signal_shutdown [signal-2]
[rospy.core][INFO] 2020-11-24 04:24:43,770: signal_shutdown [signal-2]
[rospy.core][INFO] 2020-11-24 04:24:43,791: signal_shutdown [signal-2]
[rospy.core][INFO] 2020-11-24 04:24:43,822: signal_shutdown [signal-2]
[rospy.core][INFO] 2020-11-24 04:24:43,852: signal_shutdown [signal-2]
[rospy.core][INFO] 2020-11-24 04:24:43,887: signal_shutdown [signal-2]
[rospy.core][INFO] 2020-11-24 04:24:43,913: signal_shutdown [signal-2]
[rospy.core][INFO] 2020-11-24 04:24:44,854: signal_shutdown [signal-2]
[rospy.core][INFO] 2020-11-24 04:24:45,357: signal_shutdown [signal-2]
[rospy.core][INFO] 2020-11-24 04:24:45,399: signal_shutdown [signal-2]
[rospy.core][INFO] 2020-11-24 04:24:45,416: signal_shutdown [signal-2]
[rospy.core][INFO] 2020-11-24 04:24:45,447: signal_shutdown [signal-2]
[rospy.core][INFO] 2020-11-24 04:24:45,477: signal_shutdown [signal-2]
[rospy.core][INFO] 2020-11-24 04:24:45,516: signal_shutdown [signal-2]
[rospy.core][INFO] 2020-11-24 04:24:45,538: signal_shutdown [signal-2]
[rospy.core][INFO] 2020-11-24 04:24:45,568: signal_shutdown [signal-2]
[rospy.core][INFO] 2020-11-24 04:24:45,602: signal_shutdown [signal-2]
[rospy.core][INFO] 2020-11-24 04:24:45,630: signal_shutdown [signal-2]
[rospy.core][INFO] 2020-11-24 04:24:45,660: signal_shutdown [signal-2]
[rospy.core][INFO] 2020-11-24 04:24:45,692: signal_shutdown [signal-2]
[rospy.core][INFO] 2020-11-24 04:24:45,722: signal_shutdown [signal-2]
[rospy.core][INFO] 2020-11-24 04:24:45,755: signal_shutdown [signal-2]
[rospy.core][INFO] 2020-11-24 04:24:45,797: signal_shutdown [signal-2]
[rospy.core][INFO] 2020-11-24 04:24:45,815: signal_shutdown [signal-2]
[rospy.core][INFO] 2020-11-24 04:24:45,844: signal_shutdown [signal-2]
[rospy.core][INFO] 2020-11-24 04:24:45,886: signal_shutdown [signal-2]
[rospy.core][INFO] 2020-11-24 04:24:45,912: signal_shutdown [signal-2]
[rospy.core][INFO] 2020-11-24 04:24:45,944: signal_shutdown [signal-2]
[rospy.core][INFO] 2020-11-24 04:24:45,975: signal_shutdown [signal-2]
[rospy.core][INFO] 2020-11-24 04:24:46,014: signal_shutdown [signal-2]
[rospy.core][INFO] 2020-11-24 04:24:46,053: signal_shutdown [signal-2]
[rospy.core][INFO] 2020-11-24 04:24:46,074: signal_shutdown [signal-2]
[rospy.core][INFO] 2020-11-24 04:24:46,105: signal_shutdown [signal-2]
[rospy.core][INFO] 2020-11-24 04:24:46,136: signal_shutdown [signal-2]
[rospy.core][INFO] 2020-11-24 04:24:46,176: signal_shutdown [signal-2]
[rospy.core][INFO] 2020-11-24 04:24:46,198: signal_shutdown [signal-2]
[rospy.core][INFO] 2020-11-24 04:24:46,228: signal_shutdown [signal-2]
[rospy.core][INFO] 2020-11-24 04:24:46,259: signal_shutdown [signal-2]
[rospy.core][INFO] 2020-11-24 04:24:46,302: signal_shutdown [signal-2]
[rospy.core][INFO] 2020-11-24 04:24:46,320: signal_shutdown [signal-2]
[rospy.core][INFO] 2020-11-24 04:24:46,352: signal_shutdown [signal-2]
[rospy.core][INFO] 2020-11-24 04:24:46,390: signal_shutdown [signal-2]
[rospy.core][INFO] 2020-11-24 04:24:46,428: signal_shutdown [signal-2]
[rospy.core][INFO] 2020-11-24 04:24:46,450: signal_shutdown [signal-2]
[rospy.core][INFO] 2020-11-24 04:24:46,481: signal_shutdown [signal-2]
[rospy.core][INFO] 2020-11-24 04:24:46,512: signal_shutdown [signal-2]
[rospy.core][INFO] 2020-11-24 04:24:46,545: signal_shutdown [signal-2]
[rospy.core][INFO] 2020-11-24 04:24:46,588: signal_shutdown [signal-2]
[rospy.core][INFO] 2020-11-24 04:24:46,605: signal_shutdown [signal-2]
[rospy.core][INFO] 2020-11-24 04:24:46,635: signal_shutdown [signal-2]
[rospy.core][INFO] 2020-11-24 04:24:46,666: signal_shutdown [signal-2]
[rospy.core][INFO] 2020-11-24 04:24:46,707: signal_shutdown [signal-2]
[rospy.core][INFO] 2020-11-24 04:24:46,749: signal_shutdown [signal-2]
[rospy.core][INFO] 2020-11-24 04:24:46,769: signal_shutdown [signal-2]
[rospy.core][INFO] 2020-11-24 04:24:46,800: signal_shutdown [signal-2]
[rospy.core][INFO] 2020-11-24 04:24:46,836: signal_shutdown [signal-2]
[rospy.core][INFO] 2020-11-24 04:24:46,872: signal_shutdown [signal-2]
[rospy.core][INFO] 2020-11-24 04:24:46,896: signal_shutdown [signal-2]
[rospy.core][INFO] 2020-11-24 04:24:46,927: signal_shutdown [signal-2]
[rospy.core][INFO] 2020-11-24 04:24:46,957: signal_shutdown [signal-2]
[rospy.core][INFO] 2020-11-24 04:24:46,996: signal_shutdown [signal-2]
[rospy.core][INFO] 2020-11-24 04:24:47,022: signal_shutdown [signal-2]
[rospy.core][INFO] 2020-11-24 04:24:47,050: signal_shutdown [signal-2]
[rospy.core][INFO] 2020-11-24 04:24:47,083: signal_shutdown [signal-2]
[rospy.core][INFO] 2020-11-24 04:24:47,216: signal_shutdown [signal-2]
[rospy.core][INFO] 2020-11-24 04:24:47,717: signal_shutdown [signal-2]
[rospy.core][INFO] 2020-11-24 04:24:47,760: signal_shutdown [signal-2]
[rospy.core][INFO] 2020-11-24 04:24:47,780: signal_shutdown [signal-2]
[rospy.core][INFO] 2020-11-24 04:24:47,812: signal_shutdown [signal-2]
[rospy.core][INFO] 2020-11-24 04:24:47,848: signal_shutdown [signal-2]
[rospy.core][INFO] 2020-11-24 04:24:47,891: signal_shutdown [signal-2]
[rospy.core][INFO] 2020-11-24 04:24:47,909: signal_shutdown [signal-2]
[rospy.core][INFO] 2020-11-24 04:24:47,938: signal_shutdown [signal-2]
[rospy.core][INFO] 2020-11-24 04:24:47,968: signal_shutdown [signal-2]
[rospy.core][INFO] 2020-11-24 04:24:48,012: signal_shutdown [signal-2]
[rospy.core][INFO] 2020-11-24 04:24:48,054: signal_shutdown [signal-2]
[rospy.core][INFO] 2020-11-24 04:24:48,074: signal_shutdown [signal-2]
[rospy.core][INFO] 2020-11-24 04:24:48,104: signal_shutdown [signal-2]
[rospy.core][INFO] 2020-11-24 04:24:48,136: signal_shutdown [signal-2]
[rospy.core][INFO] 2020-11-24 04:24:48,166: signal_shutdown [signal-2]
[rospy.core][INFO] 2020-11-24 04:24:48,199: signal_shutdown [signal-2]
[rospy.core][INFO] 2020-11-24 04:24:48,230: signal_shutdown [signal-2]
[rospy.core][INFO] 2020-11-24 04:24:48,260: signal_shutdown [signal-2]
[rospy.core][INFO] 2020-11-24 04:24:48,296: signal_shutdown [signal-2]
[rospy.core][INFO] 2020-11-24 04:24:48,320: signal_shutdown [signal-2]
[rospy.core][INFO] 2020-11-24 04:24:48,351: signal_shutdown [signal-2]
[rospy.core][INFO] 2020-11-24 04:24:48,383: signal_shutdown [signal-2]
[rospy.core][INFO] 2020-11-24 04:24:48,417: signal_shutdown [signal-2]
[rospy.core][INFO] 2020-11-24 04:24:48,442: signal_shutdown [signal-2]
[rospy.core][INFO] 2020-11-24 04:24:48,473: signal_shutdown [signal-2]
[rospy.core][INFO] 2020-11-24 04:24:48,503: signal_shutdown [signal-2]
[rospy.core][INFO] 2020-11-24 04:24:48,535: signal_shutdown [signal-2]
[rospy.core][INFO] 2020-11-24 04:24:48,573: signal_shutdown [signal-2]
[rospy.core][INFO] 2020-11-24 04:24:48,617: signal_shutdown [signal-2]
[rospy.core][INFO] 2020-11-24 04:24:48,649: signal_shutdown [signal-2]
[rospy.core][INFO] 2020-11-24 04:24:48,659: signal_shutdown [signal-2]
[rospy.core][INFO] 2020-11-24 04:24:48,667: signal_shutdown [atexit]
