[rospy.client][INFO] 2020-11-20 12:12:25,411: init_node, name[/train_1952_1605874345379], pid[1952]
[xmlrpc][INFO] 2020-11-20 12:12:25,412: XML-RPC server binding to 0.0.0.0:0
[xmlrpc][INFO] 2020-11-20 12:12:25,412: Started XML-RPC server [http://192.168.0.191:41259/]
[rospy.init][INFO] 2020-11-20 12:12:25,413: ROS Slave URI: [http://192.168.0.191:41259/]
[rospy.impl.masterslave][INFO] 2020-11-20 12:12:25,413: _ready: http://192.168.0.191:41259/
[rospy.registration][INFO] 2020-11-20 12:12:25,415: Registering with master node http://192.168.0.201:11311
[xmlrpc][INFO] 2020-11-20 12:12:25,415: xml rpc node: starting XML-RPC server
[rospy.init][INFO] 2020-11-20 12:12:25,514: registered with master
[rospy.rosout][INFO] 2020-11-20 12:12:25,514: initializing /rosout core topic
[rospy.rosout][INFO] 2020-11-20 12:12:25,520: connected to core topic /rosout
[rospy.simtime][INFO] 2020-11-20 12:12:25,521: /use_sim_time is not set, will not subscribe to simulated time [/clock] topic
[rospy.internal][INFO] 2020-11-20 12:12:25,545: topic[/odom] adding connection to [http://192.168.0.201:37319/], count 0
[rospy.internal][INFO] 2020-11-20 12:12:25,553: topic[/scan] adding connection to [http://192.168.0.201:42031/], count 0
[rospy.internal][INFO] 2020-11-20 12:12:25,554: topic[/scan] adding connection to [http://192.168.0.201:37319/], count 1
[rospy.internal][INFO] 2020-11-20 12:12:25,558: topic[/start_goal_points] adding connection to [http://192.168.0.201:33733/], count 0
[rospy.internal][INFO] 2020-11-20 12:12:25,750: topic[/rosout] adding connection to [/rosout], count 0
[rospy.internal][INFO] 2020-11-20 12:12:25,752: topic[/is_created_scenarios] adding connection to [/episode_manager], count 0
[rospy.internal][INFO] 2020-11-20 12:12:25,756: topic[/cmd_vel] adding connection to [/gazebo], count 0
[rosout][ERROR] 2020-11-20 12:12:25,755: bad callback: <bound method ROSNode.laser_callback of <__main__.ROSNode object at 0x7f8ff68351f0>>
Traceback (most recent call last):
  File "/opt/ros/noetic/lib/python3/dist-packages/rospy/topics.py", line 750, in _invoke_callback
    cb(msg)
  File "./train.py", line 154, in laser_callback
    self.scan_data = np.empty(itr)
NameError: name 'itr' is not defined

[rosout][ERROR] 2020-11-20 12:12:25,782: bad callback: <bound method ROSNode.laser_callback of <__main__.ROSNode object at 0x7f8ff68351f0>>
Traceback (most recent call last):
  File "/opt/ros/noetic/lib/python3/dist-packages/rospy/topics.py", line 750, in _invoke_callback
    cb(msg)
  File "./train.py", line 154, in laser_callback
    self.scan_data = np.empty(itr)
NameError: name 'itr' is not defined

[rosout][ERROR] 2020-11-20 12:12:25,989: bad callback: <bound method ROSNode.laser_callback of <__main__.ROSNode object at 0x7f8ff68351f0>>
Traceback (most recent call last):
  File "/opt/ros/noetic/lib/python3/dist-packages/rospy/topics.py", line 750, in _invoke_callback
    cb(msg)
  File "./train.py", line 154, in laser_callback
    self.scan_data = np.empty(itr)
NameError: name 'itr' is not defined

[rosout][ERROR] 2020-11-20 12:12:26,018: bad callback: <bound method ROSNode.laser_callback of <__main__.ROSNode object at 0x7f8ff68351f0>>
Traceback (most recent call last):
  File "/opt/ros/noetic/lib/python3/dist-packages/rospy/topics.py", line 750, in _invoke_callback
    cb(msg)
  File "./train.py", line 154, in laser_callback
    self.scan_data = np.empty(itr)
NameError: name 'itr' is not defined

[rosout][ERROR] 2020-11-20 12:12:26,218: bad callback: <bound method ROSNode.laser_callback of <__main__.ROSNode object at 0x7f8ff68351f0>>
Traceback (most recent call last):
  File "/opt/ros/noetic/lib/python3/dist-packages/rospy/topics.py", line 750, in _invoke_callback
    cb(msg)
  File "./train.py", line 154, in laser_callback
    self.scan_data = np.empty(itr)
NameError: name 'itr' is not defined

[rosout][ERROR] 2020-11-20 12:12:26,253: bad callback: <bound method ROSNode.laser_callback of <__main__.ROSNode object at 0x7f8ff68351f0>>
Traceback (most recent call last):
  File "/opt/ros/noetic/lib/python3/dist-packages/rospy/topics.py", line 750, in _invoke_callback
    cb(msg)
  File "./train.py", line 154, in laser_callback
    self.scan_data = np.empty(itr)
NameError: name 'itr' is not defined

[rosout][ERROR] 2020-11-20 12:12:26,458: bad callback: <bound method ROSNode.laser_callback of <__main__.ROSNode object at 0x7f8ff68351f0>>
Traceback (most recent call last):
  File "/opt/ros/noetic/lib/python3/dist-packages/rospy/topics.py", line 750, in _invoke_callback
    cb(msg)
  File "./train.py", line 154, in laser_callback
    self.scan_data = np.empty(itr)
NameError: name 'itr' is not defined

[rosout][ERROR] 2020-11-20 12:12:26,489: bad callback: <bound method ROSNode.laser_callback of <__main__.ROSNode object at 0x7f8ff68351f0>>
Traceback (most recent call last):
  File "/opt/ros/noetic/lib/python3/dist-packages/rospy/topics.py", line 750, in _invoke_callback
    cb(msg)
  File "./train.py", line 154, in laser_callback
    self.scan_data = np.empty(itr)
NameError: name 'itr' is not defined

[rosout][ERROR] 2020-11-20 12:12:26,692: bad callback: <bound method ROSNode.laser_callback of <__main__.ROSNode object at 0x7f8ff68351f0>>
Traceback (most recent call last):
  File "/opt/ros/noetic/lib/python3/dist-packages/rospy/topics.py", line 750, in _invoke_callback
    cb(msg)
  File "./train.py", line 154, in laser_callback
    self.scan_data = np.empty(itr)
NameError: name 'itr' is not defined

[rosout][ERROR] 2020-11-20 12:12:26,725: bad callback: <bound method ROSNode.laser_callback of <__main__.ROSNode object at 0x7f8ff68351f0>>
Traceback (most recent call last):
  File "/opt/ros/noetic/lib/python3/dist-packages/rospy/topics.py", line 750, in _invoke_callback
    cb(msg)
  File "./train.py", line 154, in laser_callback
    self.scan_data = np.empty(itr)
NameError: name 'itr' is not defined

[rosout][ERROR] 2020-11-20 12:12:26,923: bad callback: <bound method ROSNode.laser_callback of <__main__.ROSNode object at 0x7f8ff68351f0>>
Traceback (most recent call last):
  File "/opt/ros/noetic/lib/python3/dist-packages/rospy/topics.py", line 750, in _invoke_callback
    cb(msg)
  File "./train.py", line 154, in laser_callback
    self.scan_data = np.empty(itr)
NameError: name 'itr' is not defined

[rosout][ERROR] 2020-11-20 12:12:26,951: bad callback: <bound method ROSNode.laser_callback of <__main__.ROSNode object at 0x7f8ff68351f0>>
Traceback (most recent call last):
  File "/opt/ros/noetic/lib/python3/dist-packages/rospy/topics.py", line 750, in _invoke_callback
    cb(msg)
  File "./train.py", line 154, in laser_callback
    self.scan_data = np.empty(itr)
NameError: name 'itr' is not defined

[rosout][ERROR] 2020-11-20 12:12:27,153: bad callback: <bound method ROSNode.laser_callback of <__main__.ROSNode object at 0x7f8ff68351f0>>
Traceback (most recent call last):
  File "/opt/ros/noetic/lib/python3/dist-packages/rospy/topics.py", line 750, in _invoke_callback
    cb(msg)
  File "./train.py", line 154, in laser_callback
    self.scan_data = np.empty(itr)
NameError: name 'itr' is not defined

[rosout][ERROR] 2020-11-20 12:12:27,184: bad callback: <bound method ROSNode.laser_callback of <__main__.ROSNode object at 0x7f8ff68351f0>>
Traceback (most recent call last):
  File "/opt/ros/noetic/lib/python3/dist-packages/rospy/topics.py", line 750, in _invoke_callback
    cb(msg)
  File "./train.py", line 154, in laser_callback
    self.scan_data = np.empty(itr)
NameError: name 'itr' is not defined

[rosout][ERROR] 2020-11-20 12:12:27,386: bad callback: <bound method ROSNode.laser_callback of <__main__.ROSNode object at 0x7f8ff68351f0>>
Traceback (most recent call last):
  File "/opt/ros/noetic/lib/python3/dist-packages/rospy/topics.py", line 750, in _invoke_callback
    cb(msg)
  File "./train.py", line 154, in laser_callback
    self.scan_data = np.empty(itr)
NameError: name 'itr' is not defined

[rosout][ERROR] 2020-11-20 12:12:27,413: bad callback: <bound method ROSNode.laser_callback of <__main__.ROSNode object at 0x7f8ff68351f0>>
Traceback (most recent call last):
  File "/opt/ros/noetic/lib/python3/dist-packages/rospy/topics.py", line 750, in _invoke_callback
    cb(msg)
  File "./train.py", line 154, in laser_callback
    self.scan_data = np.empty(itr)
NameError: name 'itr' is not defined

[rosout][ERROR] 2020-11-20 12:12:27,614: bad callback: <bound method ROSNode.laser_callback of <__main__.ROSNode object at 0x7f8ff68351f0>>
Traceback (most recent call last):
  File "/opt/ros/noetic/lib/python3/dist-packages/rospy/topics.py", line 750, in _invoke_callback
    cb(msg)
  File "./train.py", line 154, in laser_callback
    self.scan_data = np.empty(itr)
NameError: name 'itr' is not defined

[rosout][ERROR] 2020-11-20 12:12:27,645: bad callback: <bound method ROSNode.laser_callback of <__main__.ROSNode object at 0x7f8ff68351f0>>
Traceback (most recent call last):
  File "/opt/ros/noetic/lib/python3/dist-packages/rospy/topics.py", line 750, in _invoke_callback
    cb(msg)
  File "./train.py", line 154, in laser_callback
    self.scan_data = np.empty(itr)
NameError: name 'itr' is not defined

[rosout][ERROR] 2020-11-20 12:12:27,845: bad callback: <bound method ROSNode.laser_callback of <__main__.ROSNode object at 0x7f8ff68351f0>>
Traceback (most recent call last):
  File "/opt/ros/noetic/lib/python3/dist-packages/rospy/topics.py", line 750, in _invoke_callback
    cb(msg)
  File "./train.py", line 154, in laser_callback
    self.scan_data = np.empty(itr)
NameError: name 'itr' is not defined

[rosout][ERROR] 2020-11-20 12:12:27,877: bad callback: <bound method ROSNode.laser_callback of <__main__.ROSNode object at 0x7f8ff68351f0>>
Traceback (most recent call last):
  File "/opt/ros/noetic/lib/python3/dist-packages/rospy/topics.py", line 750, in _invoke_callback
    cb(msg)
  File "./train.py", line 154, in laser_callback
    self.scan_data = np.empty(itr)
NameError: name 'itr' is not defined

[rosout][ERROR] 2020-11-20 12:12:28,074: bad callback: <bound method ROSNode.laser_callback of <__main__.ROSNode object at 0x7f8ff68351f0>>
Traceback (most recent call last):
  File "/opt/ros/noetic/lib/python3/dist-packages/rospy/topics.py", line 750, in _invoke_callback
    cb(msg)
  File "./train.py", line 154, in laser_callback
    self.scan_data = np.empty(itr)
NameError: name 'itr' is not defined

[rosout][ERROR] 2020-11-20 12:12:28,108: bad callback: <bound method ROSNode.laser_callback of <__main__.ROSNode object at 0x7f8ff68351f0>>
Traceback (most recent call last):
  File "/opt/ros/noetic/lib/python3/dist-packages/rospy/topics.py", line 750, in _invoke_callback
    cb(msg)
  File "./train.py", line 154, in laser_callback
    self.scan_data = np.empty(itr)
NameError: name 'itr' is not defined

[rosout][ERROR] 2020-11-20 12:12:28,313: bad callback: <bound method ROSNode.laser_callback of <__main__.ROSNode object at 0x7f8ff68351f0>>
Traceback (most recent call last):
  File "/opt/ros/noetic/lib/python3/dist-packages/rospy/topics.py", line 750, in _invoke_callback
    cb(msg)
  File "./train.py", line 154, in laser_callback
    self.scan_data = np.empty(itr)
NameError: name 'itr' is not defined

[rosout][ERROR] 2020-11-20 12:12:28,356: bad callback: <bound method ROSNode.laser_callback of <__main__.ROSNode object at 0x7f8ff68351f0>>
Traceback (most recent call last):
  File "/opt/ros/noetic/lib/python3/dist-packages/rospy/topics.py", line 750, in _invoke_callback
    cb(msg)
  File "./train.py", line 154, in laser_callback
    self.scan_data = np.empty(itr)
NameError: name 'itr' is not defined

[rosout][ERROR] 2020-11-20 12:12:28,559: bad callback: <bound method ROSNode.laser_callback of <__main__.ROSNode object at 0x7f8ff68351f0>>
Traceback (most recent call last):
  File "/opt/ros/noetic/lib/python3/dist-packages/rospy/topics.py", line 750, in _invoke_callback
    cb(msg)
  File "./train.py", line 154, in laser_callback
    self.scan_data = np.empty(itr)
NameError: name 'itr' is not defined

[rosout][ERROR] 2020-11-20 12:12:28,588: bad callback: <bound method ROSNode.laser_callback of <__main__.ROSNode object at 0x7f8ff68351f0>>
Traceback (most recent call last):
  File "/opt/ros/noetic/lib/python3/dist-packages/rospy/topics.py", line 750, in _invoke_callback
    cb(msg)
  File "./train.py", line 154, in laser_callback
    self.scan_data = np.empty(itr)
NameError: name 'itr' is not defined

[rosout][ERROR] 2020-11-20 12:12:28,794: bad callback: <bound method ROSNode.laser_callback of <__main__.ROSNode object at 0x7f8ff68351f0>>
Traceback (most recent call last):
  File "/opt/ros/noetic/lib/python3/dist-packages/rospy/topics.py", line 750, in _invoke_callback
    cb(msg)
  File "./train.py", line 154, in laser_callback
    self.scan_data = np.empty(itr)
NameError: name 'itr' is not defined

[rosout][ERROR] 2020-11-20 12:12:28,827: bad callback: <bound method ROSNode.laser_callback of <__main__.ROSNode object at 0x7f8ff68351f0>>
Traceback (most recent call last):
  File "/opt/ros/noetic/lib/python3/dist-packages/rospy/topics.py", line 750, in _invoke_callback
    cb(msg)
  File "./train.py", line 154, in laser_callback
    self.scan_data = np.empty(itr)
NameError: name 'itr' is not defined

[rosout][ERROR] 2020-11-20 12:12:29,038: bad callback: <bound method ROSNode.laser_callback of <__main__.ROSNode object at 0x7f8ff68351f0>>
Traceback (most recent call last):
  File "/opt/ros/noetic/lib/python3/dist-packages/rospy/topics.py", line 750, in _invoke_callback
    cb(msg)
  File "./train.py", line 154, in laser_callback
    self.scan_data = np.empty(itr)
NameError: name 'itr' is not defined

[rosout][ERROR] 2020-11-20 12:12:29,071: bad callback: <bound method ROSNode.laser_callback of <__main__.ROSNode object at 0x7f8ff68351f0>>
Traceback (most recent call last):
  File "/opt/ros/noetic/lib/python3/dist-packages/rospy/topics.py", line 750, in _invoke_callback
    cb(msg)
  File "./train.py", line 154, in laser_callback
    self.scan_data = np.empty(itr)
NameError: name 'itr' is not defined

[rosout][ERROR] 2020-11-20 12:12:29,276: bad callback: <bound method ROSNode.laser_callback of <__main__.ROSNode object at 0x7f8ff68351f0>>
Traceback (most recent call last):
  File "/opt/ros/noetic/lib/python3/dist-packages/rospy/topics.py", line 750, in _invoke_callback
    cb(msg)
  File "./train.py", line 154, in laser_callback
    self.scan_data = np.empty(itr)
NameError: name 'itr' is not defined

[rosout][ERROR] 2020-11-20 12:12:29,298: bad callback: <bound method ROSNode.laser_callback of <__main__.ROSNode object at 0x7f8ff68351f0>>
Traceback (most recent call last):
  File "/opt/ros/noetic/lib/python3/dist-packages/rospy/topics.py", line 750, in _invoke_callback
    cb(msg)
  File "./train.py", line 154, in laser_callback
    self.scan_data = np.empty(itr)
NameError: name 'itr' is not defined

[rosout][ERROR] 2020-11-20 12:12:29,500: bad callback: <bound method ROSNode.laser_callback of <__main__.ROSNode object at 0x7f8ff68351f0>>
Traceback (most recent call last):
  File "/opt/ros/noetic/lib/python3/dist-packages/rospy/topics.py", line 750, in _invoke_callback
    cb(msg)
  File "./train.py", line 154, in laser_callback
    self.scan_data = np.empty(itr)
NameError: name 'itr' is not defined

[rosout][ERROR] 2020-11-20 12:12:29,531: bad callback: <bound method ROSNode.laser_callback of <__main__.ROSNode object at 0x7f8ff68351f0>>
Traceback (most recent call last):
  File "/opt/ros/noetic/lib/python3/dist-packages/rospy/topics.py", line 750, in _invoke_callback
    cb(msg)
  File "./train.py", line 154, in laser_callback
    self.scan_data = np.empty(itr)
NameError: name 'itr' is not defined

[rosout][ERROR] 2020-11-20 12:12:29,729: bad callback: <bound method ROSNode.laser_callback of <__main__.ROSNode object at 0x7f8ff68351f0>>
Traceback (most recent call last):
  File "/opt/ros/noetic/lib/python3/dist-packages/rospy/topics.py", line 750, in _invoke_callback
    cb(msg)
  File "./train.py", line 154, in laser_callback
    self.scan_data = np.empty(itr)
NameError: name 'itr' is not defined

[rosout][ERROR] 2020-11-20 12:12:29,758: bad callback: <bound method ROSNode.laser_callback of <__main__.ROSNode object at 0x7f8ff68351f0>>
Traceback (most recent call last):
  File "/opt/ros/noetic/lib/python3/dist-packages/rospy/topics.py", line 750, in _invoke_callback
    cb(msg)
  File "./train.py", line 154, in laser_callback
    self.scan_data = np.empty(itr)
NameError: name 'itr' is not defined

[rosout][ERROR] 2020-11-20 12:12:29,956: bad callback: <bound method ROSNode.laser_callback of <__main__.ROSNode object at 0x7f8ff68351f0>>
Traceback (most recent call last):
  File "/opt/ros/noetic/lib/python3/dist-packages/rospy/topics.py", line 750, in _invoke_callback
    cb(msg)
  File "./train.py", line 154, in laser_callback
    self.scan_data = np.empty(itr)
NameError: name 'itr' is not defined

[rosout][ERROR] 2020-11-20 12:12:29,993: bad callback: <bound method ROSNode.laser_callback of <__main__.ROSNode object at 0x7f8ff68351f0>>
Traceback (most recent call last):
  File "/opt/ros/noetic/lib/python3/dist-packages/rospy/topics.py", line 750, in _invoke_callback
    cb(msg)
  File "./train.py", line 154, in laser_callback
    self.scan_data = np.empty(itr)
NameError: name 'itr' is not defined

[rosout][ERROR] 2020-11-20 12:12:30,203: bad callback: <bound method ROSNode.laser_callback of <__main__.ROSNode object at 0x7f8ff68351f0>>
Traceback (most recent call last):
  File "/opt/ros/noetic/lib/python3/dist-packages/rospy/topics.py", line 750, in _invoke_callback
    cb(msg)
  File "./train.py", line 154, in laser_callback
    self.scan_data = np.empty(itr)
NameError: name 'itr' is not defined

[rosout][ERROR] 2020-11-20 12:12:30,232: bad callback: <bound method ROSNode.laser_callback of <__main__.ROSNode object at 0x7f8ff68351f0>>
Traceback (most recent call last):
  File "/opt/ros/noetic/lib/python3/dist-packages/rospy/topics.py", line 750, in _invoke_callback
    cb(msg)
  File "./train.py", line 154, in laser_callback
    self.scan_data = np.empty(itr)
NameError: name 'itr' is not defined

[rosout][ERROR] 2020-11-20 12:12:30,440: bad callback: <bound method ROSNode.laser_callback of <__main__.ROSNode object at 0x7f8ff68351f0>>
Traceback (most recent call last):
  File "/opt/ros/noetic/lib/python3/dist-packages/rospy/topics.py", line 750, in _invoke_callback
    cb(msg)
  File "./train.py", line 154, in laser_callback
    self.scan_data = np.empty(itr)
NameError: name 'itr' is not defined

[rosout][ERROR] 2020-11-20 12:12:30,468: bad callback: <bound method ROSNode.laser_callback of <__main__.ROSNode object at 0x7f8ff68351f0>>
Traceback (most recent call last):
  File "/opt/ros/noetic/lib/python3/dist-packages/rospy/topics.py", line 750, in _invoke_callback
    cb(msg)
  File "./train.py", line 154, in laser_callback
    self.scan_data = np.empty(itr)
NameError: name 'itr' is not defined

[rosout][ERROR] 2020-11-20 12:12:30,664: bad callback: <bound method ROSNode.laser_callback of <__main__.ROSNode object at 0x7f8ff68351f0>>
Traceback (most recent call last):
  File "/opt/ros/noetic/lib/python3/dist-packages/rospy/topics.py", line 750, in _invoke_callback
    cb(msg)
  File "./train.py", line 154, in laser_callback
    self.scan_data = np.empty(itr)
NameError: name 'itr' is not defined

[rosout][ERROR] 2020-11-20 12:12:30,701: bad callback: <bound method ROSNode.laser_callback of <__main__.ROSNode object at 0x7f8ff68351f0>>
Traceback (most recent call last):
  File "/opt/ros/noetic/lib/python3/dist-packages/rospy/topics.py", line 750, in _invoke_callback
    cb(msg)
  File "./train.py", line 154, in laser_callback
    self.scan_data = np.empty(itr)
NameError: name 'itr' is not defined

[rosout][ERROR] 2020-11-20 12:12:30,901: bad callback: <bound method ROSNode.laser_callback of <__main__.ROSNode object at 0x7f8ff68351f0>>
Traceback (most recent call last):
  File "/opt/ros/noetic/lib/python3/dist-packages/rospy/topics.py", line 750, in _invoke_callback
    cb(msg)
  File "./train.py", line 154, in laser_callback
    self.scan_data = np.empty(itr)
NameError: name 'itr' is not defined

[rosout][ERROR] 2020-11-20 12:12:30,935: bad callback: <bound method ROSNode.laser_callback of <__main__.ROSNode object at 0x7f8ff68351f0>>
Traceback (most recent call last):
  File "/opt/ros/noetic/lib/python3/dist-packages/rospy/topics.py", line 750, in _invoke_callback
    cb(msg)
  File "./train.py", line 154, in laser_callback
    self.scan_data = np.empty(itr)
NameError: name 'itr' is not defined

[rosout][ERROR] 2020-11-20 12:12:31,131: bad callback: <bound method ROSNode.laser_callback of <__main__.ROSNode object at 0x7f8ff68351f0>>
Traceback (most recent call last):
  File "/opt/ros/noetic/lib/python3/dist-packages/rospy/topics.py", line 750, in _invoke_callback
    cb(msg)
  File "./train.py", line 154, in laser_callback
    self.scan_data = np.empty(itr)
NameError: name 'itr' is not defined

[rosout][ERROR] 2020-11-20 12:12:31,166: bad callback: <bound method ROSNode.laser_callback of <__main__.ROSNode object at 0x7f8ff68351f0>>
Traceback (most recent call last):
  File "/opt/ros/noetic/lib/python3/dist-packages/rospy/topics.py", line 750, in _invoke_callback
    cb(msg)
  File "./train.py", line 154, in laser_callback
    self.scan_data = np.empty(itr)
NameError: name 'itr' is not defined

[rosout][ERROR] 2020-11-20 12:12:31,369: bad callback: <bound method ROSNode.laser_callback of <__main__.ROSNode object at 0x7f8ff68351f0>>
Traceback (most recent call last):
  File "/opt/ros/noetic/lib/python3/dist-packages/rospy/topics.py", line 750, in _invoke_callback
    cb(msg)
  File "./train.py", line 154, in laser_callback
    self.scan_data = np.empty(itr)
NameError: name 'itr' is not defined

[rosout][ERROR] 2020-11-20 12:12:31,400: bad callback: <bound method ROSNode.laser_callback of <__main__.ROSNode object at 0x7f8ff68351f0>>
Traceback (most recent call last):
  File "/opt/ros/noetic/lib/python3/dist-packages/rospy/topics.py", line 750, in _invoke_callback
    cb(msg)
  File "./train.py", line 154, in laser_callback
    self.scan_data = np.empty(itr)
NameError: name 'itr' is not defined

[rosout][ERROR] 2020-11-20 12:12:31,605: bad callback: <bound method ROSNode.laser_callback of <__main__.ROSNode object at 0x7f8ff68351f0>>
Traceback (most recent call last):
  File "/opt/ros/noetic/lib/python3/dist-packages/rospy/topics.py", line 750, in _invoke_callback
    cb(msg)
  File "./train.py", line 154, in laser_callback
    self.scan_data = np.empty(itr)
NameError: name 'itr' is not defined

[rosout][ERROR] 2020-11-20 12:12:31,625: bad callback: <bound method ROSNode.laser_callback of <__main__.ROSNode object at 0x7f8ff68351f0>>
Traceback (most recent call last):
  File "/opt/ros/noetic/lib/python3/dist-packages/rospy/topics.py", line 750, in _invoke_callback
    cb(msg)
  File "./train.py", line 154, in laser_callback
    self.scan_data = np.empty(itr)
NameError: name 'itr' is not defined

[rosout][ERROR] 2020-11-20 12:12:31,829: bad callback: <bound method ROSNode.laser_callback of <__main__.ROSNode object at 0x7f8ff68351f0>>
Traceback (most recent call last):
  File "/opt/ros/noetic/lib/python3/dist-packages/rospy/topics.py", line 750, in _invoke_callback
    cb(msg)
  File "./train.py", line 154, in laser_callback
    self.scan_data = np.empty(itr)
NameError: name 'itr' is not defined

[rosout][ERROR] 2020-11-20 12:12:31,857: bad callback: <bound method ROSNode.laser_callback of <__main__.ROSNode object at 0x7f8ff68351f0>>
Traceback (most recent call last):
  File "/opt/ros/noetic/lib/python3/dist-packages/rospy/topics.py", line 750, in _invoke_callback
    cb(msg)
  File "./train.py", line 154, in laser_callback
    self.scan_data = np.empty(itr)
NameError: name 'itr' is not defined

[rosout][ERROR] 2020-11-20 12:12:32,066: bad callback: <bound method ROSNode.laser_callback of <__main__.ROSNode object at 0x7f8ff68351f0>>
Traceback (most recent call last):
  File "/opt/ros/noetic/lib/python3/dist-packages/rospy/topics.py", line 750, in _invoke_callback
    cb(msg)
  File "./train.py", line 154, in laser_callback
    self.scan_data = np.empty(itr)
NameError: name 'itr' is not defined

[rosout][ERROR] 2020-11-20 12:12:32,094: bad callback: <bound method ROSNode.laser_callback of <__main__.ROSNode object at 0x7f8ff68351f0>>
Traceback (most recent call last):
  File "/opt/ros/noetic/lib/python3/dist-packages/rospy/topics.py", line 750, in _invoke_callback
    cb(msg)
  File "./train.py", line 154, in laser_callback
    self.scan_data = np.empty(itr)
NameError: name 'itr' is not defined

[rosout][ERROR] 2020-11-20 12:12:32,295: bad callback: <bound method ROSNode.laser_callback of <__main__.ROSNode object at 0x7f8ff68351f0>>
Traceback (most recent call last):
  File "/opt/ros/noetic/lib/python3/dist-packages/rospy/topics.py", line 750, in _invoke_callback
    cb(msg)
  File "./train.py", line 154, in laser_callback
    self.scan_data = np.empty(itr)
NameError: name 'itr' is not defined

[rosout][ERROR] 2020-11-20 12:12:32,315: bad callback: <bound method ROSNode.laser_callback of <__main__.ROSNode object at 0x7f8ff68351f0>>
Traceback (most recent call last):
  File "/opt/ros/noetic/lib/python3/dist-packages/rospy/topics.py", line 750, in _invoke_callback
    cb(msg)
  File "./train.py", line 154, in laser_callback
    self.scan_data = np.empty(itr)
NameError: name 'itr' is not defined

[rosout][ERROR] 2020-11-20 12:12:32,522: bad callback: <bound method ROSNode.laser_callback of <__main__.ROSNode object at 0x7f8ff68351f0>>
Traceback (most recent call last):
  File "/opt/ros/noetic/lib/python3/dist-packages/rospy/topics.py", line 750, in _invoke_callback
    cb(msg)
  File "./train.py", line 154, in laser_callback
    self.scan_data = np.empty(itr)
NameError: name 'itr' is not defined

[rosout][ERROR] 2020-11-20 12:12:32,549: bad callback: <bound method ROSNode.laser_callback of <__main__.ROSNode object at 0x7f8ff68351f0>>
Traceback (most recent call last):
  File "/opt/ros/noetic/lib/python3/dist-packages/rospy/topics.py", line 750, in _invoke_callback
    cb(msg)
  File "./train.py", line 154, in laser_callback
    self.scan_data = np.empty(itr)
NameError: name 'itr' is not defined

[rosout][ERROR] 2020-11-20 12:12:32,753: bad callback: <bound method ROSNode.laser_callback of <__main__.ROSNode object at 0x7f8ff68351f0>>
Traceback (most recent call last):
  File "/opt/ros/noetic/lib/python3/dist-packages/rospy/topics.py", line 750, in _invoke_callback
    cb(msg)
  File "./train.py", line 154, in laser_callback
    self.scan_data = np.empty(itr)
NameError: name 'itr' is not defined

[rosout][ERROR] 2020-11-20 12:12:32,793: bad callback: <bound method ROSNode.laser_callback of <__main__.ROSNode object at 0x7f8ff68351f0>>
Traceback (most recent call last):
  File "/opt/ros/noetic/lib/python3/dist-packages/rospy/topics.py", line 750, in _invoke_callback
    cb(msg)
  File "./train.py", line 154, in laser_callback
    self.scan_data = np.empty(itr)
NameError: name 'itr' is not defined

[rosout][ERROR] 2020-11-20 12:12:32,993: bad callback: <bound method ROSNode.laser_callback of <__main__.ROSNode object at 0x7f8ff68351f0>>
Traceback (most recent call last):
  File "/opt/ros/noetic/lib/python3/dist-packages/rospy/topics.py", line 750, in _invoke_callback
    cb(msg)
  File "./train.py", line 154, in laser_callback
    self.scan_data = np.empty(itr)
NameError: name 'itr' is not defined

[rosout][ERROR] 2020-11-20 12:12:33,029: bad callback: <bound method ROSNode.laser_callback of <__main__.ROSNode object at 0x7f8ff68351f0>>
Traceback (most recent call last):
  File "/opt/ros/noetic/lib/python3/dist-packages/rospy/topics.py", line 750, in _invoke_callback
    cb(msg)
  File "./train.py", line 154, in laser_callback
    self.scan_data = np.empty(itr)
NameError: name 'itr' is not defined

[rosout][ERROR] 2020-11-20 12:12:33,231: bad callback: <bound method ROSNode.laser_callback of <__main__.ROSNode object at 0x7f8ff68351f0>>
Traceback (most recent call last):
  File "/opt/ros/noetic/lib/python3/dist-packages/rospy/topics.py", line 750, in _invoke_callback
    cb(msg)
  File "./train.py", line 154, in laser_callback
    self.scan_data = np.empty(itr)
NameError: name 'itr' is not defined

[rosout][ERROR] 2020-11-20 12:12:33,257: bad callback: <bound method ROSNode.laser_callback of <__main__.ROSNode object at 0x7f8ff68351f0>>
Traceback (most recent call last):
  File "/opt/ros/noetic/lib/python3/dist-packages/rospy/topics.py", line 750, in _invoke_callback
    cb(msg)
  File "./train.py", line 154, in laser_callback
    self.scan_data = np.empty(itr)
NameError: name 'itr' is not defined

[rosout][ERROR] 2020-11-20 12:12:33,459: bad callback: <bound method ROSNode.laser_callback of <__main__.ROSNode object at 0x7f8ff68351f0>>
Traceback (most recent call last):
  File "/opt/ros/noetic/lib/python3/dist-packages/rospy/topics.py", line 750, in _invoke_callback
    cb(msg)
  File "./train.py", line 154, in laser_callback
    self.scan_data = np.empty(itr)
NameError: name 'itr' is not defined

[rosout][ERROR] 2020-11-20 12:12:33,485: bad callback: <bound method ROSNode.laser_callback of <__main__.ROSNode object at 0x7f8ff68351f0>>
Traceback (most recent call last):
  File "/opt/ros/noetic/lib/python3/dist-packages/rospy/topics.py", line 750, in _invoke_callback
    cb(msg)
  File "./train.py", line 154, in laser_callback
    self.scan_data = np.empty(itr)
NameError: name 'itr' is not defined

[rosout][ERROR] 2020-11-20 12:12:33,687: bad callback: <bound method ROSNode.laser_callback of <__main__.ROSNode object at 0x7f8ff68351f0>>
Traceback (most recent call last):
  File "/opt/ros/noetic/lib/python3/dist-packages/rospy/topics.py", line 750, in _invoke_callback
    cb(msg)
  File "./train.py", line 154, in laser_callback
    self.scan_data = np.empty(itr)
NameError: name 'itr' is not defined

[rosout][ERROR] 2020-11-20 12:12:33,716: bad callback: <bound method ROSNode.laser_callback of <__main__.ROSNode object at 0x7f8ff68351f0>>
Traceback (most recent call last):
  File "/opt/ros/noetic/lib/python3/dist-packages/rospy/topics.py", line 750, in _invoke_callback
    cb(msg)
  File "./train.py", line 154, in laser_callback
    self.scan_data = np.empty(itr)
NameError: name 'itr' is not defined

[rosout][ERROR] 2020-11-20 12:12:33,920: bad callback: <bound method ROSNode.laser_callback of <__main__.ROSNode object at 0x7f8ff68351f0>>
Traceback (most recent call last):
  File "/opt/ros/noetic/lib/python3/dist-packages/rospy/topics.py", line 750, in _invoke_callback
    cb(msg)
  File "./train.py", line 154, in laser_callback
    self.scan_data = np.empty(itr)
NameError: name 'itr' is not defined

[rosout][ERROR] 2020-11-20 12:12:33,950: bad callback: <bound method ROSNode.laser_callback of <__main__.ROSNode object at 0x7f8ff68351f0>>
Traceback (most recent call last):
  File "/opt/ros/noetic/lib/python3/dist-packages/rospy/topics.py", line 750, in _invoke_callback
    cb(msg)
  File "./train.py", line 154, in laser_callback
    self.scan_data = np.empty(itr)
NameError: name 'itr' is not defined

[rosout][ERROR] 2020-11-20 12:12:34,153: bad callback: <bound method ROSNode.laser_callback of <__main__.ROSNode object at 0x7f8ff68351f0>>
Traceback (most recent call last):
  File "/opt/ros/noetic/lib/python3/dist-packages/rospy/topics.py", line 750, in _invoke_callback
    cb(msg)
  File "./train.py", line 154, in laser_callback
    self.scan_data = np.empty(itr)
NameError: name 'itr' is not defined

[rosout][ERROR] 2020-11-20 12:12:34,184: bad callback: <bound method ROSNode.laser_callback of <__main__.ROSNode object at 0x7f8ff68351f0>>
Traceback (most recent call last):
  File "/opt/ros/noetic/lib/python3/dist-packages/rospy/topics.py", line 750, in _invoke_callback
    cb(msg)
  File "./train.py", line 154, in laser_callback
    self.scan_data = np.empty(itr)
NameError: name 'itr' is not defined

[rosout][ERROR] 2020-11-20 12:12:34,387: bad callback: <bound method ROSNode.laser_callback of <__main__.ROSNode object at 0x7f8ff68351f0>>
Traceback (most recent call last):
  File "/opt/ros/noetic/lib/python3/dist-packages/rospy/topics.py", line 750, in _invoke_callback
    cb(msg)
  File "./train.py", line 154, in laser_callback
    self.scan_data = np.empty(itr)
NameError: name 'itr' is not defined

[rosout][ERROR] 2020-11-20 12:12:34,418: bad callback: <bound method ROSNode.laser_callback of <__main__.ROSNode object at 0x7f8ff68351f0>>
Traceback (most recent call last):
  File "/opt/ros/noetic/lib/python3/dist-packages/rospy/topics.py", line 750, in _invoke_callback
    cb(msg)
  File "./train.py", line 154, in laser_callback
    self.scan_data = np.empty(itr)
NameError: name 'itr' is not defined

[rosout][ERROR] 2020-11-20 12:12:34,621: bad callback: <bound method ROSNode.laser_callback of <__main__.ROSNode object at 0x7f8ff68351f0>>
Traceback (most recent call last):
  File "/opt/ros/noetic/lib/python3/dist-packages/rospy/topics.py", line 750, in _invoke_callback
    cb(msg)
  File "./train.py", line 154, in laser_callback
    self.scan_data = np.empty(itr)
NameError: name 'itr' is not defined

[rosout][ERROR] 2020-11-20 12:12:34,650: bad callback: <bound method ROSNode.laser_callback of <__main__.ROSNode object at 0x7f8ff68351f0>>
Traceback (most recent call last):
  File "/opt/ros/noetic/lib/python3/dist-packages/rospy/topics.py", line 750, in _invoke_callback
    cb(msg)
  File "./train.py", line 154, in laser_callback
    self.scan_data = np.empty(itr)
NameError: name 'itr' is not defined

[rosout][ERROR] 2020-11-20 12:12:34,851: bad callback: <bound method ROSNode.laser_callback of <__main__.ROSNode object at 0x7f8ff68351f0>>
Traceback (most recent call last):
  File "/opt/ros/noetic/lib/python3/dist-packages/rospy/topics.py", line 750, in _invoke_callback
    cb(msg)
  File "./train.py", line 154, in laser_callback
    self.scan_data = np.empty(itr)
NameError: name 'itr' is not defined

[rosout][ERROR] 2020-11-20 12:12:34,871: bad callback: <bound method ROSNode.laser_callback of <__main__.ROSNode object at 0x7f8ff68351f0>>
Traceback (most recent call last):
  File "/opt/ros/noetic/lib/python3/dist-packages/rospy/topics.py", line 750, in _invoke_callback
    cb(msg)
  File "./train.py", line 154, in laser_callback
    self.scan_data = np.empty(itr)
NameError: name 'itr' is not defined

[rosout][ERROR] 2020-11-20 12:12:35,073: bad callback: <bound method ROSNode.laser_callback of <__main__.ROSNode object at 0x7f8ff68351f0>>
Traceback (most recent call last):
  File "/opt/ros/noetic/lib/python3/dist-packages/rospy/topics.py", line 750, in _invoke_callback
    cb(msg)
  File "./train.py", line 154, in laser_callback
    self.scan_data = np.empty(itr)
NameError: name 'itr' is not defined

[rosout][ERROR] 2020-11-20 12:12:35,099: bad callback: <bound method ROSNode.laser_callback of <__main__.ROSNode object at 0x7f8ff68351f0>>
Traceback (most recent call last):
  File "/opt/ros/noetic/lib/python3/dist-packages/rospy/topics.py", line 750, in _invoke_callback
    cb(msg)
  File "./train.py", line 154, in laser_callback
    self.scan_data = np.empty(itr)
NameError: name 'itr' is not defined

[rosout][ERROR] 2020-11-20 12:12:35,297: bad callback: <bound method ROSNode.laser_callback of <__main__.ROSNode object at 0x7f8ff68351f0>>
Traceback (most recent call last):
  File "/opt/ros/noetic/lib/python3/dist-packages/rospy/topics.py", line 750, in _invoke_callback
    cb(msg)
  File "./train.py", line 154, in laser_callback
    self.scan_data = np.empty(itr)
NameError: name 'itr' is not defined

[rosout][ERROR] 2020-11-20 12:12:35,328: bad callback: <bound method ROSNode.laser_callback of <__main__.ROSNode object at 0x7f8ff68351f0>>
Traceback (most recent call last):
  File "/opt/ros/noetic/lib/python3/dist-packages/rospy/topics.py", line 750, in _invoke_callback
    cb(msg)
  File "./train.py", line 154, in laser_callback
    self.scan_data = np.empty(itr)
NameError: name 'itr' is not defined

[rosout][ERROR] 2020-11-20 12:12:35,528: bad callback: <bound method ROSNode.laser_callback of <__main__.ROSNode object at 0x7f8ff68351f0>>
Traceback (most recent call last):
  File "/opt/ros/noetic/lib/python3/dist-packages/rospy/topics.py", line 750, in _invoke_callback
    cb(msg)
  File "./train.py", line 154, in laser_callback
    self.scan_data = np.empty(itr)
NameError: name 'itr' is not defined

[rosout][ERROR] 2020-11-20 12:12:35,558: bad callback: <bound method ROSNode.laser_callback of <__main__.ROSNode object at 0x7f8ff68351f0>>
Traceback (most recent call last):
  File "/opt/ros/noetic/lib/python3/dist-packages/rospy/topics.py", line 750, in _invoke_callback
    cb(msg)
  File "./train.py", line 154, in laser_callback
    self.scan_data = np.empty(itr)
NameError: name 'itr' is not defined

[rosout][ERROR] 2020-11-20 12:12:35,760: bad callback: <bound method ROSNode.laser_callback of <__main__.ROSNode object at 0x7f8ff68351f0>>
Traceback (most recent call last):
  File "/opt/ros/noetic/lib/python3/dist-packages/rospy/topics.py", line 750, in _invoke_callback
    cb(msg)
  File "./train.py", line 154, in laser_callback
    self.scan_data = np.empty(itr)
NameError: name 'itr' is not defined

[rosout][ERROR] 2020-11-20 12:12:35,797: bad callback: <bound method ROSNode.laser_callback of <__main__.ROSNode object at 0x7f8ff68351f0>>
Traceback (most recent call last):
  File "/opt/ros/noetic/lib/python3/dist-packages/rospy/topics.py", line 750, in _invoke_callback
    cb(msg)
  File "./train.py", line 154, in laser_callback
    self.scan_data = np.empty(itr)
NameError: name 'itr' is not defined

[rosout][ERROR] 2020-11-20 12:12:36,005: bad callback: <bound method ROSNode.laser_callback of <__main__.ROSNode object at 0x7f8ff68351f0>>
Traceback (most recent call last):
  File "/opt/ros/noetic/lib/python3/dist-packages/rospy/topics.py", line 750, in _invoke_callback
    cb(msg)
  File "./train.py", line 154, in laser_callback
    self.scan_data = np.empty(itr)
NameError: name 'itr' is not defined

[rosout][ERROR] 2020-11-20 12:12:36,027: bad callback: <bound method ROSNode.laser_callback of <__main__.ROSNode object at 0x7f8ff68351f0>>
Traceback (most recent call last):
  File "/opt/ros/noetic/lib/python3/dist-packages/rospy/topics.py", line 750, in _invoke_callback
    cb(msg)
  File "./train.py", line 154, in laser_callback
    self.scan_data = np.empty(itr)
NameError: name 'itr' is not defined

[rosout][ERROR] 2020-11-20 12:12:36,228: bad callback: <bound method ROSNode.laser_callback of <__main__.ROSNode object at 0x7f8ff68351f0>>
Traceback (most recent call last):
  File "/opt/ros/noetic/lib/python3/dist-packages/rospy/topics.py", line 750, in _invoke_callback
    cb(msg)
  File "./train.py", line 154, in laser_callback
    self.scan_data = np.empty(itr)
NameError: name 'itr' is not defined

[rosout][ERROR] 2020-11-20 12:12:36,259: bad callback: <bound method ROSNode.laser_callback of <__main__.ROSNode object at 0x7f8ff68351f0>>
Traceback (most recent call last):
  File "/opt/ros/noetic/lib/python3/dist-packages/rospy/topics.py", line 750, in _invoke_callback
    cb(msg)
  File "./train.py", line 154, in laser_callback
    self.scan_data = np.empty(itr)
NameError: name 'itr' is not defined

[rosout][ERROR] 2020-11-20 12:12:36,466: bad callback: <bound method ROSNode.laser_callback of <__main__.ROSNode object at 0x7f8ff68351f0>>
Traceback (most recent call last):
  File "/opt/ros/noetic/lib/python3/dist-packages/rospy/topics.py", line 750, in _invoke_callback
    cb(msg)
  File "./train.py", line 154, in laser_callback
    self.scan_data = np.empty(itr)
NameError: name 'itr' is not defined

[rosout][ERROR] 2020-11-20 12:12:36,494: bad callback: <bound method ROSNode.laser_callback of <__main__.ROSNode object at 0x7f8ff68351f0>>
Traceback (most recent call last):
  File "/opt/ros/noetic/lib/python3/dist-packages/rospy/topics.py", line 750, in _invoke_callback
    cb(msg)
  File "./train.py", line 154, in laser_callback
    self.scan_data = np.empty(itr)
NameError: name 'itr' is not defined

[rospy.core][INFO] 2020-11-20 12:12:36,629: signal_shutdown [signal-2]
[rospy.internal][INFO] 2020-11-20 12:12:36,634: topic[/rosout] removing connection to /rosout
[rospy.internal][INFO] 2020-11-20 12:12:36,635: topic[/cmd_vel] removing connection to /gazebo
[rospy.internal][INFO] 2020-11-20 12:12:36,635: topic[/is_created_scenarios] removing connection to /episode_manager
[rospy.internal][INFO] 2020-11-20 12:12:36,636: topic[/odom] removing connection to http://192.168.0.201:37319/
[rospy.internal][INFO] 2020-11-20 12:12:36,636: topic[/start_goal_points] removing connection to http://192.168.0.201:33733/
[rospy.internal][INFO] 2020-11-20 12:12:36,637: topic[/scan] removing connection to http://192.168.0.201:42031/
[rospy.internal][INFO] 2020-11-20 12:12:36,637: topic[/scan] removing connection to http://192.168.0.201:37319/
[rospy.topics][ERROR] 2020-11-20 12:12:36,639: Traceback (most recent call last):
  File "/opt/ros/noetic/lib/python3/dist-packages/rospy/topics.py", line 326, in close
    c.close()
  File "/opt/ros/noetic/lib/python3/dist-packages/rospy/impl/tcpros_base.py", line 846, in close
    self.socket.close()
AttributeError: 'NoneType' object has no attribute 'close'

[rospy.internal][WARNING] 2020-11-20 12:12:36,639: Unknown error initiating TCP/IP socket to 192.168.0.201:54625 (http://192.168.0.201:37319/): Traceback (most recent call last):
  File "/opt/ros/noetic/lib/python3/dist-packages/rospy/impl/tcpros_base.py", line 562, in connect
    self.read_header()
  File "/opt/ros/noetic/lib/python3/dist-packages/rospy/impl/tcpros_base.py", line 657, in read_header
    self._validate_header(read_ros_handshake_header(sock, self.read_buff, self.protocol.buff_size))
AttributeError: 'NoneType' object has no attribute 'buff_size'

[rospy.impl.masterslave][INFO] 2020-11-20 12:12:36,640: signal-2
[rospy.internal][WARNING] 2020-11-20 12:12:36,641: Unknown error initiating TCP/IP socket to 192.168.0.201:54625 (http://192.168.0.201:37319/): Traceback (most recent call last):
  File "/opt/ros/noetic/lib/python3/dist-packages/rospy/impl/tcpros_base.py", line 562, in connect
    self.read_header()
  File "/opt/ros/noetic/lib/python3/dist-packages/rospy/impl/tcpros_base.py", line 657, in read_header
    self._validate_header(read_ros_handshake_header(sock, self.read_buff, self.protocol.buff_size))
AttributeError: 'NoneType' object has no attribute 'buff_size'

[rospy.internal][WARNING] 2020-11-20 12:12:36,641: Unknown error initiating TCP/IP socket to 192.168.0.201:39309 (http://192.168.0.201:42031/): Traceback (most recent call last):
  File "/opt/ros/noetic/lib/python3/dist-packages/rospy/impl/tcpros_base.py", line 562, in connect
    self.read_header()
  File "/opt/ros/noetic/lib/python3/dist-packages/rospy/impl/tcpros_base.py", line 657, in read_header
    self._validate_header(read_ros_handshake_header(sock, self.read_buff, self.protocol.buff_size))
AttributeError: 'NoneType' object has no attribute 'buff_size'

[rospy.core][INFO] 2020-11-20 12:12:37,128: signal_shutdown [signal-2]
[rospy.core][INFO] 2020-11-20 12:12:37,171: signal_shutdown [signal-2]
[rospy.core][INFO] 2020-11-20 12:12:37,190: signal_shutdown [signal-2]
[rospy.core][INFO] 2020-11-20 12:12:37,220: signal_shutdown [signal-2]
[rospy.core][INFO] 2020-11-20 12:12:37,260: signal_shutdown [signal-2]
[rospy.core][INFO] 2020-11-20 12:12:37,297: signal_shutdown [signal-2]
[rospy.core][INFO] 2020-11-20 12:12:37,310: signal_shutdown [atexit]
