[rospy.client][INFO] 2020-11-29 07:55:36,564: init_node, name[/train_376_1606636536532], pid[376]
[xmlrpc][INFO] 2020-11-29 07:55:36,565: XML-RPC server binding to 0.0.0.0:0
[xmlrpc][INFO] 2020-11-29 07:55:36,566: Started XML-RPC server [http://192.168.0.191:39337/]
[rospy.init][INFO] 2020-11-29 07:55:36,566: ROS Slave URI: [http://192.168.0.191:39337/]
[rospy.impl.masterslave][INFO] 2020-11-29 07:55:36,567: _ready: http://192.168.0.191:39337/
[rospy.registration][INFO] 2020-11-29 07:55:36,568: Registering with master node http://192.168.0.191:11311
[xmlrpc][INFO] 2020-11-29 07:55:36,568: xml rpc node: starting XML-RPC server
[rospy.init][INFO] 2020-11-29 07:55:36,667: registered with master
[rospy.rosout][INFO] 2020-11-29 07:55:36,667: initializing /rosout core topic
[rospy.registration][ERROR] 2020-11-29 07:55:36,671: [Errno 111] Connection refused
Unable to register with master node [http://192.168.0.191:11311]: master may not be running yet. Will keep trying.
[rospy.core][INFO] 2020-11-29 07:56:01,114: signal_shutdown [signal-2]
[rospy.registration][WARNING] 2020-11-29 07:56:01,115: cannot unregister with master due to network issues
[rospy.impl.masterslave][INFO] 2020-11-29 07:56:01,115: signal-2
[rospy.core][INFO] 2020-11-29 07:56:01,614: signal_shutdown [signal-2]
[rospy.core][INFO] 2020-11-29 07:56:01,644: signal_shutdown [signal-2]
[rospy.core][INFO] 2020-11-29 07:56:01,675: signal_shutdown [signal-2]
[rospy.core][INFO] 2020-11-29 07:56:01,706: signal_shutdown [signal-2]
[rospy.core][INFO] 2020-11-29 07:56:01,735: signal_shutdown [signal-2]
[rospy.core][INFO] 2020-11-29 07:56:01,765: signal_shutdown [signal-2]
[rospy.core][INFO] 2020-11-29 07:56:01,796: signal_shutdown [signal-2]
[rospy.core][INFO] 2020-11-29 07:56:01,827: signal_shutdown [signal-2]
[rospy.core][INFO] 2020-11-29 07:56:01,856: signal_shutdown [signal-2]
[rospy.core][INFO] 2020-11-29 07:56:01,887: signal_shutdown [signal-2]
[rospy.core][INFO] 2020-11-29 07:56:01,917: signal_shutdown [signal-2]
[rospy.core][INFO] 2020-11-29 07:56:01,946: signal_shutdown [signal-2]
[rospy.core][INFO] 2020-11-29 07:56:01,977: signal_shutdown [signal-2]
[rospy.core][INFO] 2020-11-29 07:56:02,007: signal_shutdown [signal-2]
[rospy.core][INFO] 2020-11-29 07:56:02,037: signal_shutdown [signal-2]
[rospy.core][INFO] 2020-11-29 07:56:02,067: signal_shutdown [signal-2]
[rospy.core][INFO] 2020-11-29 07:56:02,096: signal_shutdown [signal-2]
[rospy.core][INFO] 2020-11-29 07:56:02,127: signal_shutdown [signal-2]
[rospy.core][INFO] 2020-11-29 07:56:02,157: signal_shutdown [signal-2]
[rospy.core][INFO] 2020-11-29 07:56:02,187: signal_shutdown [signal-2]
[rospy.core][INFO] 2020-11-29 07:56:02,217: signal_shutdown [signal-2]
[rospy.core][INFO] 2020-11-29 07:56:02,246: signal_shutdown [signal-2]
[rospy.core][INFO] 2020-11-29 07:56:02,277: signal_shutdown [signal-2]
[rospy.core][INFO] 2020-11-29 07:56:02,307: signal_shutdown [signal-2]
[rospy.core][INFO] 2020-11-29 07:56:02,336: signal_shutdown [signal-2]
[rospy.core][INFO] 2020-11-29 07:56:02,367: signal_shutdown [signal-2]
[rospy.core][INFO] 2020-11-29 07:56:02,397: signal_shutdown [signal-2]
[rospy.core][INFO] 2020-11-29 07:56:02,427: signal_shutdown [signal-2]
[rospy.core][INFO] 2020-11-29 07:56:02,457: signal_shutdown [signal-2]
[rospy.core][INFO] 2020-11-29 07:56:02,488: signal_shutdown [signal-2]
[rospy.core][INFO] 2020-11-29 07:56:02,517: signal_shutdown [signal-2]
[rospy.core][INFO] 2020-11-29 07:56:02,548: signal_shutdown [signal-2]
[rospy.core][INFO] 2020-11-29 07:56:02,578: signal_shutdown [signal-2]
[rospy.core][INFO] 2020-11-29 07:56:02,608: signal_shutdown [signal-2]
[rospy.core][INFO] 2020-11-29 07:56:02,637: signal_shutdown [signal-2]
[rospy.core][INFO] 2020-11-29 07:56:02,667: signal_shutdown [signal-2]
[rospy.core][INFO] 2020-11-29 07:56:02,697: signal_shutdown [signal-2]
[rospy.core][INFO] 2020-11-29 07:56:02,727: signal_shutdown [signal-2]
[rospy.core][INFO] 2020-11-29 07:56:02,758: signal_shutdown [signal-2]
[rospy.core][INFO] 2020-11-29 07:56:02,788: signal_shutdown [signal-2]
[rospy.core][INFO] 2020-11-29 07:56:02,818: signal_shutdown [signal-2]
[rospy.core][INFO] 2020-11-29 07:56:02,847: signal_shutdown [signal-2]
[rospy.core][INFO] 2020-11-29 07:56:02,878: signal_shutdown [signal-2]
[rospy.core][INFO] 2020-11-29 07:56:02,908: signal_shutdown [signal-2]
[rospy.core][INFO] 2020-11-29 07:56:02,939: signal_shutdown [signal-2]
[rospy.core][INFO] 2020-11-29 07:56:02,969: signal_shutdown [signal-2]
[rospy.core][INFO] 2020-11-29 07:56:02,998: signal_shutdown [signal-2]
[rospy.core][INFO] 2020-11-29 07:56:03,030: signal_shutdown [signal-2]
[rospy.core][INFO] 2020-11-29 07:56:03,060: signal_shutdown [signal-2]
[rospy.core][INFO] 2020-11-29 07:56:03,090: signal_shutdown [signal-2]
[rospy.core][INFO] 2020-11-29 07:56:03,121: signal_shutdown [signal-2]
[rospy.core][INFO] 2020-11-29 07:56:03,151: signal_shutdown [signal-2]
[rospy.core][INFO] 2020-11-29 07:56:03,181: signal_shutdown [signal-2]
[rospy.core][INFO] 2020-11-29 07:56:03,211: signal_shutdown [signal-2]
[rospy.core][INFO] 2020-11-29 07:56:03,240: signal_shutdown [signal-2]
[rospy.core][INFO] 2020-11-29 07:56:03,271: signal_shutdown [signal-2]
[rospy.core][INFO] 2020-11-29 07:56:03,300: signal_shutdown [signal-2]
[rospy.core][INFO] 2020-11-29 07:56:03,331: signal_shutdown [signal-2]
[rospy.core][INFO] 2020-11-29 07:56:03,361: signal_shutdown [signal-2]
[rospy.core][INFO] 2020-11-29 07:56:03,392: signal_shutdown [signal-2]
[rospy.core][INFO] 2020-11-29 07:56:03,422: signal_shutdown [signal-2]
[rospy.core][INFO] 2020-11-29 07:56:03,453: signal_shutdown [signal-2]
[rospy.core][INFO] 2020-11-29 07:56:03,482: signal_shutdown [signal-2]
[rospy.core][INFO] 2020-11-29 07:56:03,512: signal_shutdown [signal-2]
[rospy.core][INFO] 2020-11-29 07:56:03,543: signal_shutdown [signal-2]
[rospy.core][INFO] 2020-11-29 07:56:03,573: signal_shutdown [signal-2]
[rospy.core][INFO] 2020-11-29 07:56:03,604: signal_shutdown [signal-2]
[rospy.core][INFO] 2020-11-29 07:56:03,635: signal_shutdown [signal-2]
[rospy.core][INFO] 2020-11-29 07:56:03,665: signal_shutdown [signal-2]
[rospy.core][INFO] 2020-11-29 07:56:03,694: signal_shutdown [signal-2]
[rospy.core][INFO] 2020-11-29 07:56:03,725: signal_shutdown [signal-2]
[rospy.core][INFO] 2020-11-29 07:56:03,756: signal_shutdown [signal-2]
[rospy.core][INFO] 2020-11-29 07:56:03,786: signal_shutdown [signal-2]
[rospy.core][INFO] 2020-11-29 07:56:03,815: signal_shutdown [signal-2]
[rospy.core][INFO] 2020-11-29 07:56:03,846: signal_shutdown [signal-2]
[rospy.core][INFO] 2020-11-29 07:56:03,875: signal_shutdown [signal-2]
[rospy.core][INFO] 2020-11-29 07:56:03,906: signal_shutdown [signal-2]
[rospy.core][INFO] 2020-11-29 07:56:03,937: signal_shutdown [signal-2]
[rospy.core][INFO] 2020-11-29 07:56:03,967: signal_shutdown [signal-2]
[rospy.core][INFO] 2020-11-29 07:56:03,996: signal_shutdown [signal-2]
[rospy.core][INFO] 2020-11-29 07:56:04,027: signal_shutdown [signal-2]
[rospy.core][INFO] 2020-11-29 07:56:04,057: signal_shutdown [signal-2]
[rospy.core][INFO] 2020-11-29 07:56:04,086: signal_shutdown [signal-2]
[rospy.core][INFO] 2020-11-29 07:56:04,117: signal_shutdown [signal-2]
[rospy.core][INFO] 2020-11-29 07:56:04,148: signal_shutdown [signal-2]
[rospy.core][INFO] 2020-11-29 07:56:04,177: signal_shutdown [signal-2]
[rospy.core][INFO] 2020-11-29 07:56:04,207: signal_shutdown [signal-2]
[rospy.core][INFO] 2020-11-29 07:56:04,238: signal_shutdown [signal-2]
[rospy.core][INFO] 2020-11-29 07:56:04,267: signal_shutdown [signal-2]
[rospy.core][INFO] 2020-11-29 07:56:04,298: signal_shutdown [signal-2]
[rospy.core][INFO] 2020-11-29 07:56:04,328: signal_shutdown [signal-2]
[rospy.core][INFO] 2020-11-29 07:56:04,359: signal_shutdown [signal-2]
[rospy.core][INFO] 2020-11-29 07:56:04,390: signal_shutdown [signal-2]
[rospy.core][INFO] 2020-11-29 07:56:04,420: signal_shutdown [signal-2]
[rospy.core][INFO] 2020-11-29 07:56:04,450: signal_shutdown [signal-2]
[rospy.core][INFO] 2020-11-29 07:56:04,481: signal_shutdown [signal-2]
[rospy.core][INFO] 2020-11-29 07:56:04,512: signal_shutdown [signal-2]
[rospy.core][INFO] 2020-11-29 07:56:04,541: signal_shutdown [signal-2]
[rospy.core][INFO] 2020-11-29 07:56:04,572: signal_shutdown [signal-2]
[rospy.core][INFO] 2020-11-29 07:56:04,601: signal_shutdown [signal-2]
[rospy.core][INFO] 2020-11-29 07:56:04,631: signal_shutdown [signal-2]
[rospy.core][INFO] 2020-11-29 07:56:04,661: signal_shutdown [signal-2]
[rospy.core][INFO] 2020-11-29 07:56:04,692: signal_shutdown [signal-2]
[rospy.core][INFO] 2020-11-29 07:56:04,721: signal_shutdown [signal-2]
[rospy.core][INFO] 2020-11-29 07:56:04,751: signal_shutdown [signal-2]
[rospy.core][INFO] 2020-11-29 07:56:04,781: signal_shutdown [signal-2]
[rospy.core][INFO] 2020-11-29 07:56:04,811: signal_shutdown [signal-2]
[rospy.core][INFO] 2020-11-29 07:56:04,842: signal_shutdown [signal-2]
[rospy.core][INFO] 2020-11-29 07:56:04,872: signal_shutdown [signal-2]
[rospy.core][INFO] 2020-11-29 07:56:04,901: signal_shutdown [signal-2]
[rospy.core][INFO] 2020-11-29 07:56:04,932: signal_shutdown [signal-2]
[rospy.core][INFO] 2020-11-29 07:56:04,962: signal_shutdown [signal-2]
[rospy.core][INFO] 2020-11-29 07:56:04,992: signal_shutdown [signal-2]
[rospy.core][INFO] 2020-11-29 07:56:05,022: signal_shutdown [signal-2]
[rospy.core][INFO] 2020-11-29 07:56:05,052: signal_shutdown [signal-2]
[rospy.core][INFO] 2020-11-29 07:56:05,082: signal_shutdown [signal-2]
[rospy.core][INFO] 2020-11-29 07:56:05,111: signal_shutdown [signal-2]
[rospy.core][INFO] 2020-11-29 07:56:05,142: signal_shutdown [signal-2]
[rospy.core][INFO] 2020-11-29 07:56:05,172: signal_shutdown [signal-2]
[rospy.core][INFO] 2020-11-29 07:56:05,202: signal_shutdown [signal-2]
[rospy.core][INFO] 2020-11-29 07:56:05,232: signal_shutdown [signal-2]
[rospy.core][INFO] 2020-11-29 07:56:05,261: signal_shutdown [signal-2]
[rospy.core][INFO] 2020-11-29 07:56:05,292: signal_shutdown [signal-2]
[rospy.core][INFO] 2020-11-29 07:56:05,321: signal_shutdown [signal-2]
[rospy.core][INFO] 2020-11-29 07:56:05,352: signal_shutdown [signal-2]
[rospy.core][INFO] 2020-11-29 07:56:05,382: signal_shutdown [signal-2]
[rospy.core][INFO] 2020-11-29 07:56:05,413: signal_shutdown [signal-2]
[rospy.core][INFO] 2020-11-29 07:56:05,444: signal_shutdown [signal-2]
[rospy.core][INFO] 2020-11-29 07:56:05,473: signal_shutdown [signal-2]
[rospy.core][INFO] 2020-11-29 07:56:05,503: signal_shutdown [signal-2]
[rospy.core][INFO] 2020-11-29 07:56:05,533: signal_shutdown [signal-2]
[rospy.core][INFO] 2020-11-29 07:56:05,563: signal_shutdown [signal-2]
[rospy.core][INFO] 2020-11-29 07:56:05,594: signal_shutdown [signal-2]
[rospy.core][INFO] 2020-11-29 07:56:05,624: signal_shutdown [signal-2]
[rospy.core][INFO] 2020-11-29 07:56:05,654: signal_shutdown [signal-2]
[rospy.core][INFO] 2020-11-29 07:56:05,684: signal_shutdown [signal-2]
[rospy.core][INFO] 2020-11-29 07:56:05,714: signal_shutdown [signal-2]
[rospy.core][INFO] 2020-11-29 07:56:05,744: signal_shutdown [signal-2]
[rospy.core][INFO] 2020-11-29 07:56:05,774: signal_shutdown [signal-2]
[rospy.core][INFO] 2020-11-29 07:56:05,804: signal_shutdown [signal-2]
[rospy.core][INFO] 2020-11-29 07:56:05,835: signal_shutdown [signal-2]
[rospy.core][INFO] 2020-11-29 07:56:05,865: signal_shutdown [signal-2]
[rospy.core][INFO] 2020-11-29 07:56:05,896: signal_shutdown [signal-2]
[rospy.core][INFO] 2020-11-29 07:56:05,926: signal_shutdown [signal-2]
[rospy.core][INFO] 2020-11-29 07:56:05,956: signal_shutdown [signal-2]
[rospy.core][INFO] 2020-11-29 07:56:05,985: signal_shutdown [signal-2]
[rospy.core][INFO] 2020-11-29 07:56:06,016: signal_shutdown [signal-2]
[rospy.core][INFO] 2020-11-29 07:56:06,047: signal_shutdown [signal-2]
[rospy.core][INFO] 2020-11-29 07:56:06,076: signal_shutdown [signal-2]
[rospy.core][INFO] 2020-11-29 07:56:06,107: signal_shutdown [signal-2]
[rospy.core][INFO] 2020-11-29 07:56:06,137: signal_shutdown [signal-2]
[rospy.core][INFO] 2020-11-29 07:56:06,168: signal_shutdown [signal-2]
[rospy.core][INFO] 2020-11-29 07:56:06,198: signal_shutdown [signal-2]
[rospy.rosout][INFO] 2020-11-29 07:56:06,216: connected to core topic /rosout
[rospy.simtime][ERROR] 2020-11-29 07:56:06,223: Unable to initialize /clock: [Errno 111] Connection refused
Traceback (most recent call last):
  File "/opt/ros/noetic/lib/python3/dist-packages/rospy/impl/simtime.py", line 79, in init_simtime
    if not _is_use_simtime():
  File "/opt/ros/noetic/lib/python3/dist-packages/rospy/impl/simtime.py", line 60, in _is_use_simtime
    code, msg, val = m.getParam(rospy.names.get_caller_id(), _USE_SIMTIME)
  File "/usr/lib/python3.8/xmlrpc/client.py", line 1109, in __call__
    return self.__send(self.__name, args)
  File "/opt/ros/noetic/lib/python3/dist-packages/rospy/core.py", line 665, in _ServerProxy__request
    return xmlrpcclient.ServerProxy._ServerProxy__request(
  File "/usr/lib/python3.8/xmlrpc/client.py", line 1450, in __request
    response = self.__transport.request(
  File "/usr/lib/python3.8/xmlrpc/client.py", line 1153, in request
    return self.single_request(host, handler, request_body, verbose)
  File "/usr/lib/python3.8/xmlrpc/client.py", line 1165, in single_request
    http_conn = self.send_request(host, handler, request_body, verbose)
  File "/usr/lib/python3.8/xmlrpc/client.py", line 1278, in send_request
    self.send_content(connection, request_body)
  File "/usr/lib/python3.8/xmlrpc/client.py", line 1308, in send_content
    connection.endheaders(request_body)
  File "/usr/lib/python3.8/http/client.py", line 1235, in endheaders
    self._send_output(message_body, encode_chunked=encode_chunked)
  File "/usr/lib/python3.8/http/client.py", line 1006, in _send_output
    self.send(msg)
  File "/usr/lib/python3.8/http/client.py", line 946, in send
    self.connect()
  File "/usr/lib/python3.8/http/client.py", line 917, in connect
    self.sock = self._create_connection(
  File "/usr/lib/python3.8/socket.py", line 808, in create_connection
    raise err
  File "/usr/lib/python3.8/socket.py", line 796, in create_connection
    sock.connect(sa)
ConnectionRefusedError: [Errno 111] Connection refused

[rospy.core][INFO] 2020-11-29 07:56:06,225: signal_shutdown [atexit]
[rospy.core][INFO] 2020-11-29 07:56:06,229: signal_shutdown [signal-2]
