[rospy.client][INFO] 2020-11-20 12:50:38,370: init_node, name[/train_2618_1605876638337], pid[2618]
[xmlrpc][INFO] 2020-11-20 12:50:38,370: XML-RPC server binding to 0.0.0.0:0
[xmlrpc][INFO] 2020-11-20 12:50:38,371: Started XML-RPC server [http://192.168.0.191:41553/]
[rospy.init][INFO] 2020-11-20 12:50:38,372: ROS Slave URI: [http://192.168.0.191:41553/]
[rospy.impl.masterslave][INFO] 2020-11-20 12:50:38,372: _ready: http://192.168.0.191:41553/
[rospy.registration][INFO] 2020-11-20 12:50:38,373: Registering with master node http://192.168.0.201:11311
[xmlrpc][INFO] 2020-11-20 12:50:38,373: xml rpc node: starting XML-RPC server
[rospy.init][INFO] 2020-11-20 12:50:38,472: registered with master
[rospy.rosout][INFO] 2020-11-20 12:50:38,472: initializing /rosout core topic
[rospy.rosout][INFO] 2020-11-20 12:50:38,478: connected to core topic /rosout
[rospy.simtime][INFO] 2020-11-20 12:50:38,480: /use_sim_time is not set, will not subscribe to simulated time [/clock] topic
[rospy.internal][INFO] 2020-11-20 12:50:38,506: topic[/bev/flow_image] adding connection to [http://192.168.0.201:37547/], count 0
[rospy.internal][INFO] 2020-11-20 12:50:38,513: topic[/scan] adding connection to [http://192.168.0.201:41431/], count 0
[rospy.internal][INFO] 2020-11-20 12:50:38,515: topic[/scan] adding connection to [http://192.168.0.201:36467/], count 1
[rospy.internal][INFO] 2020-11-20 12:50:38,518: topic[/odom] adding connection to [http://192.168.0.201:36467/], count 0
[rospy.internal][INFO] 2020-11-20 12:50:38,520: topic[/start_goal_points] adding connection to [http://192.168.0.201:44137/], count 0
[rospy.internal][INFO] 2020-11-20 12:50:38,526: topic[/bev/occupancy_image] adding connection to [http://192.168.0.201:37547/], count 0
[rospy.internal][INFO] 2020-11-20 12:50:38,628: topic[/cmd_vel] adding connection to [/bev_flow_estimator], count 0
[rosout][ERROR] 2020-11-20 12:50:38,627: bad callback: <bound method ROSNode.laser_callback of <__main__.ROSNode object at 0x7f0fdfed11f0>>
Traceback (most recent call last):
  File "/opt/ros/noetic/lib/python3/dist-packages/rospy/topics.py", line 750, in _invoke_callback
    cb(msg)
  File "./train.py", line 152, in laser_callback
    print("ROS:scan_data[",i,"] =" ,self.scan_data[i])
IndexError: index 39 is out of bounds for axis 0 with size 7

[rosout][ERROR] 2020-11-20 12:50:38,658: bad callback: <bound method ROSNode.laser_callback of <__main__.ROSNode object at 0x7f0fdfed11f0>>
Traceback (most recent call last):
  File "/opt/ros/noetic/lib/python3/dist-packages/rospy/topics.py", line 750, in _invoke_callback
    cb(msg)
  File "./train.py", line 152, in laser_callback
    print("ROS:scan_data[",i,"] =" ,self.scan_data[i])
IndexError: index 221 is out of bounds for axis 0 with size 8

[rospy.internal][INFO] 2020-11-20 12:50:38,717: topic[/rosout] adding connection to [/rosout], count 0
[rospy.internal][INFO] 2020-11-20 12:50:38,719: topic[/is_created_scenarios] adding connection to [/episode_manager], count 0
[rospy.internal][INFO] 2020-11-20 12:50:38,720: topic[/cmd_vel] adding connection to [/gazebo], count 1
[rosout][ERROR] 2020-11-20 12:50:38,862: bad callback: <bound method ROSNode.laser_callback of <__main__.ROSNode object at 0x7f0fdfed11f0>>
Traceback (most recent call last):
  File "/opt/ros/noetic/lib/python3/dist-packages/rospy/topics.py", line 750, in _invoke_callback
    cb(msg)
  File "./train.py", line 152, in laser_callback
    print("ROS:scan_data[",i,"] =" ,self.scan_data[i])
IndexError: index 39 is out of bounds for axis 0 with size 15

[rosout][ERROR] 2020-11-20 12:50:38,898: bad callback: <bound method ROSNode.laser_callback of <__main__.ROSNode object at 0x7f0fdfed11f0>>
Traceback (most recent call last):
  File "/opt/ros/noetic/lib/python3/dist-packages/rospy/topics.py", line 750, in _invoke_callback
    cb(msg)
  File "./train.py", line 152, in laser_callback
    print("ROS:scan_data[",i,"] =" ,self.scan_data[i])
IndexError: index 225 is out of bounds for axis 0 with size 16

[rosout][ERROR] 2020-11-20 12:50:39,101: bad callback: <bound method ROSNode.laser_callback of <__main__.ROSNode object at 0x7f0fdfed11f0>>
Traceback (most recent call last):
  File "/opt/ros/noetic/lib/python3/dist-packages/rospy/topics.py", line 750, in _invoke_callback
    cb(msg)
  File "./train.py", line 152, in laser_callback
    print("ROS:scan_data[",i,"] =" ,self.scan_data[i])
IndexError: index 39 is out of bounds for axis 0 with size 25

[rosout][ERROR] 2020-11-20 12:50:39,131: bad callback: <bound method ROSNode.laser_callback of <__main__.ROSNode object at 0x7f0fdfed11f0>>
Traceback (most recent call last):
  File "/opt/ros/noetic/lib/python3/dist-packages/rospy/topics.py", line 750, in _invoke_callback
    cb(msg)
  File "./train.py", line 152, in laser_callback
    print("ROS:scan_data[",i,"] =" ,self.scan_data[i])
IndexError: index 225 is out of bounds for axis 0 with size 26

[rosout][ERROR] 2020-11-20 12:50:39,337: bad callback: <bound method ROSNode.laser_callback of <__main__.ROSNode object at 0x7f0fdfed11f0>>
Traceback (most recent call last):
  File "/opt/ros/noetic/lib/python3/dist-packages/rospy/topics.py", line 750, in _invoke_callback
    cb(msg)
  File "./train.py", line 152, in laser_callback
    print("ROS:scan_data[",i,"] =" ,self.scan_data[i])
IndexError: index 39 is out of bounds for axis 0 with size 37

[rosout][ERROR] 2020-11-20 12:50:39,365: bad callback: <bound method ROSNode.laser_callback of <__main__.ROSNode object at 0x7f0fdfed11f0>>
Traceback (most recent call last):
  File "/opt/ros/noetic/lib/python3/dist-packages/rospy/topics.py", line 750, in _invoke_callback
    cb(msg)
  File "./train.py", line 152, in laser_callback
    print("ROS:scan_data[",i,"] =" ,self.scan_data[i])
IndexError: index 221 is out of bounds for axis 0 with size 38

[rosout][ERROR] 2020-11-20 12:50:39,574: bad callback: <bound method ROSNode.laser_callback of <__main__.ROSNode object at 0x7f0fdfed11f0>>
Traceback (most recent call last):
  File "/opt/ros/noetic/lib/python3/dist-packages/rospy/topics.py", line 750, in _invoke_callback
    cb(msg)
  File "./train.py", line 152, in laser_callback
    print("ROS:scan_data[",i,"] =" ,self.scan_data[i])
IndexError: index 357 is out of bounds for axis 0 with size 304

[rosout][ERROR] 2020-11-20 12:50:39,599: bad callback: <bound method ROSNode.laser_callback of <__main__.ROSNode object at 0x7f0fdfed11f0>>
Traceback (most recent call last):
  File "/opt/ros/noetic/lib/python3/dist-packages/rospy/topics.py", line 750, in _invoke_callback
    cb(msg)
  File "./train.py", line 152, in laser_callback
    print("ROS:scan_data[",i,"] =" ,self.scan_data[i])
IndexError: index 336 is out of bounds for axis 0 with size 333

[rospy.core][INFO] 2020-11-20 12:50:41,102: signal_shutdown [atexit]
[rospy.internal][INFO] 2020-11-20 12:50:41,107: topic[/rosout] removing connection to /rosout
[rospy.internal][INFO] 2020-11-20 12:50:41,107: topic[/cmd_vel] removing connection to /bev_flow_estimator
[rospy.internal][INFO] 2020-11-20 12:50:41,107: topic[/cmd_vel] removing connection to /gazebo
[rospy.internal][INFO] 2020-11-20 12:50:41,107: topic[/is_created_scenarios] removing connection to /episode_manager
[rospy.internal][INFO] 2020-11-20 12:50:41,108: topic[/bev/flow_image] removing connection to http://192.168.0.201:37547/
[rospy.internal][INFO] 2020-11-20 12:50:41,108: topic[/bev/occupancy_image] removing connection to http://192.168.0.201:37547/
[rospy.internal][INFO] 2020-11-20 12:50:41,108: topic[/odom] removing connection to http://192.168.0.201:36467/
[rospy.internal][INFO] 2020-11-20 12:50:41,108: topic[/start_goal_points] removing connection to http://192.168.0.201:44137/
[rospy.internal][INFO] 2020-11-20 12:50:41,108: topic[/scan] removing connection to http://192.168.0.201:41431/
[rospy.internal][INFO] 2020-11-20 12:50:41,109: topic[/scan] removing connection to http://192.168.0.201:36467/
[rospy.impl.masterslave][INFO] 2020-11-20 12:50:41,109: atexit
[rospy.internal][WARNING] 2020-11-20 12:50:41,110: Unknown error initiating TCP/IP socket to 192.168.0.201:44769 (http://192.168.0.201:36467/): Traceback (most recent call last):
  File "/opt/ros/noetic/lib/python3/dist-packages/rospy/impl/tcpros_base.py", line 562, in connect
    self.read_header()
  File "/opt/ros/noetic/lib/python3/dist-packages/rospy/impl/tcpros_base.py", line 657, in read_header
    self._validate_header(read_ros_handshake_header(sock, self.read_buff, self.protocol.buff_size))
AttributeError: 'NoneType' object has no attribute 'buff_size'

