[rospy.client][INFO] 2020-11-20 12:15:09,427: init_node, name[/train_2027_1605874509395], pid[2027]
[xmlrpc][INFO] 2020-11-20 12:15:09,428: XML-RPC server binding to 0.0.0.0:0
[xmlrpc][INFO] 2020-11-20 12:15:09,428: Started XML-RPC server [http://192.168.0.191:46497/]
[rospy.init][INFO] 2020-11-20 12:15:09,429: ROS Slave URI: [http://192.168.0.191:46497/]
[rospy.impl.masterslave][INFO] 2020-11-20 12:15:09,429: _ready: http://192.168.0.191:46497/
[rospy.registration][INFO] 2020-11-20 12:15:09,430: Registering with master node http://192.168.0.201:11311
[xmlrpc][INFO] 2020-11-20 12:15:09,431: xml rpc node: starting XML-RPC server
[rospy.init][INFO] 2020-11-20 12:15:09,529: registered with master
[rospy.rosout][INFO] 2020-11-20 12:15:09,530: initializing /rosout core topic
[rospy.rosout][INFO] 2020-11-20 12:15:09,536: connected to core topic /rosout
[rospy.simtime][INFO] 2020-11-20 12:15:09,537: /use_sim_time is not set, will not subscribe to simulated time [/clock] topic
[rospy.internal][INFO] 2020-11-20 12:15:09,565: topic[/scan] adding connection to [http://192.168.0.201:37319/], count 0
[rospy.internal][INFO] 2020-11-20 12:15:09,567: topic[/scan] adding connection to [http://192.168.0.201:42031/], count 1
[rospy.internal][INFO] 2020-11-20 12:15:09,571: topic[/odom] adding connection to [http://192.168.0.201:37319/], count 0
[rospy.internal][INFO] 2020-11-20 12:15:09,574: topic[/start_goal_points] adding connection to [http://192.168.0.201:33733/], count 0
[rosout][ERROR] 2020-11-20 12:15:09,651: bad callback: <bound method ROSNode.laser_callback of <__main__.ROSNode object at 0x7f6ad58021f0>>
Traceback (most recent call last):
  File "/opt/ros/noetic/lib/python3/dist-packages/rospy/topics.py", line 750, in _invoke_callback
    cb(msg)
  File "./train.py", line 157, in laser_callback
    self.scan_data[i] = msg.ranges[i]
IndexError: index 269 is out of bounds for axis 0 with size 269

[rosout][ERROR] 2020-11-20 12:15:09,679: bad callback: <bound method ROSNode.laser_callback of <__main__.ROSNode object at 0x7f6ad58021f0>>
Traceback (most recent call last):
  File "/opt/ros/noetic/lib/python3/dist-packages/rospy/topics.py", line 750, in _invoke_callback
    cb(msg)
  File "./train.py", line 157, in laser_callback
    self.scan_data[i] = msg.ranges[i]
IndexError: index 53 is out of bounds for axis 0 with size 52

[rospy.internal][INFO] 2020-11-20 12:15:09,772: topic[/rosout] adding connection to [/rosout], count 0
[rospy.internal][INFO] 2020-11-20 12:15:09,774: topic[/is_created_scenarios] adding connection to [/episode_manager], count 0
[rospy.internal][INFO] 2020-11-20 12:15:09,774: topic[/cmd_vel] adding connection to [/gazebo], count 0
[rosout][ERROR] 2020-11-20 12:15:09,880: bad callback: <bound method ROSNode.laser_callback of <__main__.ROSNode object at 0x7f6ad58021f0>>
Traceback (most recent call last):
  File "/opt/ros/noetic/lib/python3/dist-packages/rospy/topics.py", line 750, in _invoke_callback
    cb(msg)
  File "./train.py", line 157, in laser_callback
    self.scan_data[i] = msg.ranges[i]
IndexError: index 269 is out of bounds for axis 0 with size 269

[rosout][ERROR] 2020-11-20 12:15:09,915: bad callback: <bound method ROSNode.laser_callback of <__main__.ROSNode object at 0x7f6ad58021f0>>
Traceback (most recent call last):
  File "/opt/ros/noetic/lib/python3/dist-packages/rospy/topics.py", line 750, in _invoke_callback
    cb(msg)
  File "./train.py", line 157, in laser_callback
    self.scan_data[i] = msg.ranges[i]
IndexError: index 53 is out of bounds for axis 0 with size 50

[rosout][ERROR] 2020-11-20 12:15:10,122: bad callback: <bound method ROSNode.laser_callback of <__main__.ROSNode object at 0x7f6ad58021f0>>
Traceback (most recent call last):
  File "/opt/ros/noetic/lib/python3/dist-packages/rospy/topics.py", line 750, in _invoke_callback
    cb(msg)
  File "./train.py", line 157, in laser_callback
    self.scan_data[i] = msg.ranges[i]
IndexError: index 270 is out of bounds for axis 0 with size 270

[rosout][ERROR] 2020-11-20 12:15:10,152: bad callback: <bound method ROSNode.laser_callback of <__main__.ROSNode object at 0x7f6ad58021f0>>
Traceback (most recent call last):
  File "/opt/ros/noetic/lib/python3/dist-packages/rospy/topics.py", line 750, in _invoke_callback
    cb(msg)
  File "./train.py", line 157, in laser_callback
    self.scan_data[i] = msg.ranges[i]
IndexError: index 53 is out of bounds for axis 0 with size 51

[rosout][ERROR] 2020-11-20 12:15:10,354: bad callback: <bound method ROSNode.laser_callback of <__main__.ROSNode object at 0x7f6ad58021f0>>
Traceback (most recent call last):
  File "/opt/ros/noetic/lib/python3/dist-packages/rospy/topics.py", line 750, in _invoke_callback
    cb(msg)
  File "./train.py", line 157, in laser_callback
    self.scan_data[i] = msg.ranges[i]
IndexError: index 271 is out of bounds for axis 0 with size 271

[rosout][ERROR] 2020-11-20 12:15:10,388: bad callback: <bound method ROSNode.laser_callback of <__main__.ROSNode object at 0x7f6ad58021f0>>
Traceback (most recent call last):
  File "/opt/ros/noetic/lib/python3/dist-packages/rospy/topics.py", line 750, in _invoke_callback
    cb(msg)
  File "./train.py", line 157, in laser_callback
    self.scan_data[i] = msg.ranges[i]
IndexError: index 53 is out of bounds for axis 0 with size 52

[rosout][ERROR] 2020-11-20 12:15:10,589: bad callback: <bound method ROSNode.laser_callback of <__main__.ROSNode object at 0x7f6ad58021f0>>
Traceback (most recent call last):
  File "/opt/ros/noetic/lib/python3/dist-packages/rospy/topics.py", line 750, in _invoke_callback
    cb(msg)
  File "./train.py", line 157, in laser_callback
    self.scan_data[i] = msg.ranges[i]
IndexError: index 271 is out of bounds for axis 0 with size 271

[rosout][ERROR] 2020-11-20 12:15:10,618: bad callback: <bound method ROSNode.laser_callback of <__main__.ROSNode object at 0x7f6ad58021f0>>
Traceback (most recent call last):
  File "/opt/ros/noetic/lib/python3/dist-packages/rospy/topics.py", line 750, in _invoke_callback
    cb(msg)
  File "./train.py", line 157, in laser_callback
    self.scan_data[i] = msg.ranges[i]
IndexError: index 57 is out of bounds for axis 0 with size 54

[rosout][ERROR] 2020-11-20 12:15:10,817: bad callback: <bound method ROSNode.laser_callback of <__main__.ROSNode object at 0x7f6ad58021f0>>
Traceback (most recent call last):
  File "/opt/ros/noetic/lib/python3/dist-packages/rospy/topics.py", line 750, in _invoke_callback
    cb(msg)
  File "./train.py", line 157, in laser_callback
    self.scan_data[i] = msg.ranges[i]
IndexError: index 272 is out of bounds for axis 0 with size 272

[rosout][ERROR] 2020-11-20 12:15:10,844: bad callback: <bound method ROSNode.laser_callback of <__main__.ROSNode object at 0x7f6ad58021f0>>
Traceback (most recent call last):
  File "/opt/ros/noetic/lib/python3/dist-packages/rospy/topics.py", line 750, in _invoke_callback
    cb(msg)
  File "./train.py", line 157, in laser_callback
    self.scan_data[i] = msg.ranges[i]
IndexError: index 53 is out of bounds for axis 0 with size 53

[rosout][ERROR] 2020-11-20 12:15:11,046: bad callback: <bound method ROSNode.laser_callback of <__main__.ROSNode object at 0x7f6ad58021f0>>
Traceback (most recent call last):
  File "/opt/ros/noetic/lib/python3/dist-packages/rospy/topics.py", line 750, in _invoke_callback
    cb(msg)
  File "./train.py", line 157, in laser_callback
    self.scan_data[i] = msg.ranges[i]
IndexError: index 272 is out of bounds for axis 0 with size 272

[rosout][ERROR] 2020-11-20 12:15:11,075: bad callback: <bound method ROSNode.laser_callback of <__main__.ROSNode object at 0x7f6ad58021f0>>
Traceback (most recent call last):
  File "/opt/ros/noetic/lib/python3/dist-packages/rospy/topics.py", line 750, in _invoke_callback
    cb(msg)
  File "./train.py", line 157, in laser_callback
    self.scan_data[i] = msg.ranges[i]
IndexError: index 57 is out of bounds for axis 0 with size 54

[rosout][ERROR] 2020-11-20 12:15:11,274: bad callback: <bound method ROSNode.laser_callback of <__main__.ROSNode object at 0x7f6ad58021f0>>
Traceback (most recent call last):
  File "/opt/ros/noetic/lib/python3/dist-packages/rospy/topics.py", line 750, in _invoke_callback
    cb(msg)
  File "./train.py", line 157, in laser_callback
    self.scan_data[i] = msg.ranges[i]
IndexError: index 272 is out of bounds for axis 0 with size 272

[rosout][ERROR] 2020-11-20 12:15:11,310: bad callback: <bound method ROSNode.laser_callback of <__main__.ROSNode object at 0x7f6ad58021f0>>
Traceback (most recent call last):
  File "/opt/ros/noetic/lib/python3/dist-packages/rospy/topics.py", line 750, in _invoke_callback
    cb(msg)
  File "./train.py", line 157, in laser_callback
    self.scan_data[i] = msg.ranges[i]
IndexError: index 57 is out of bounds for axis 0 with size 54

[rosout][ERROR] 2020-11-20 12:15:11,509: bad callback: <bound method ROSNode.laser_callback of <__main__.ROSNode object at 0x7f6ad58021f0>>
Traceback (most recent call last):
  File "/opt/ros/noetic/lib/python3/dist-packages/rospy/topics.py", line 750, in _invoke_callback
    cb(msg)
  File "./train.py", line 157, in laser_callback
    self.scan_data[i] = msg.ranges[i]
IndexError: index 272 is out of bounds for axis 0 with size 272

[rosout][ERROR] 2020-11-20 12:15:11,536: bad callback: <bound method ROSNode.laser_callback of <__main__.ROSNode object at 0x7f6ad58021f0>>
Traceback (most recent call last):
  File "/opt/ros/noetic/lib/python3/dist-packages/rospy/topics.py", line 750, in _invoke_callback
    cb(msg)
  File "./train.py", line 157, in laser_callback
    self.scan_data[i] = msg.ranges[i]
IndexError: index 45 is out of bounds for axis 0 with size 41

[rosout][ERROR] 2020-11-20 12:15:11,733: bad callback: <bound method ROSNode.laser_callback of <__main__.ROSNode object at 0x7f6ad58021f0>>
Traceback (most recent call last):
  File "/opt/ros/noetic/lib/python3/dist-packages/rospy/topics.py", line 750, in _invoke_callback
    cb(msg)
  File "./train.py", line 157, in laser_callback
    self.scan_data[i] = msg.ranges[i]
IndexError: index 271 is out of bounds for axis 0 with size 271

[rosout][ERROR] 2020-11-20 12:15:11,760: bad callback: <bound method ROSNode.laser_callback of <__main__.ROSNode object at 0x7f6ad58021f0>>
Traceback (most recent call last):
  File "/opt/ros/noetic/lib/python3/dist-packages/rospy/topics.py", line 750, in _invoke_callback
    cb(msg)
  File "./train.py", line 157, in laser_callback
    self.scan_data[i] = msg.ranges[i]
IndexError: index 45 is out of bounds for axis 0 with size 42

[rosout][ERROR] 2020-11-20 12:15:11,958: bad callback: <bound method ROSNode.laser_callback of <__main__.ROSNode object at 0x7f6ad58021f0>>
Traceback (most recent call last):
  File "/opt/ros/noetic/lib/python3/dist-packages/rospy/topics.py", line 750, in _invoke_callback
    cb(msg)
  File "./train.py", line 157, in laser_callback
    self.scan_data[i] = msg.ranges[i]
IndexError: index 268 is out of bounds for axis 0 with size 268

[rosout][ERROR] 2020-11-20 12:15:11,991: bad callback: <bound method ROSNode.laser_callback of <__main__.ROSNode object at 0x7f6ad58021f0>>
Traceback (most recent call last):
  File "/opt/ros/noetic/lib/python3/dist-packages/rospy/topics.py", line 750, in _invoke_callback
    cb(msg)
  File "./train.py", line 157, in laser_callback
    self.scan_data[i] = msg.ranges[i]
IndexError: index 53 is out of bounds for axis 0 with size 51

[rosout][ERROR] 2020-11-20 12:15:12,198: bad callback: <bound method ROSNode.laser_callback of <__main__.ROSNode object at 0x7f6ad58021f0>>
Traceback (most recent call last):
  File "/opt/ros/noetic/lib/python3/dist-packages/rospy/topics.py", line 750, in _invoke_callback
    cb(msg)
  File "./train.py", line 157, in laser_callback
    self.scan_data[i] = msg.ranges[i]
IndexError: index 273 is out of bounds for axis 0 with size 273

[rosout][ERROR] 2020-11-20 12:15:12,233: bad callback: <bound method ROSNode.laser_callback of <__main__.ROSNode object at 0x7f6ad58021f0>>
Traceback (most recent call last):
  File "/opt/ros/noetic/lib/python3/dist-packages/rospy/topics.py", line 750, in _invoke_callback
    cb(msg)
  File "./train.py", line 157, in laser_callback
    self.scan_data[i] = msg.ranges[i]
IndexError: index 57 is out of bounds for axis 0 with size 55

[rosout][ERROR] 2020-11-20 12:15:12,433: bad callback: <bound method ROSNode.laser_callback of <__main__.ROSNode object at 0x7f6ad58021f0>>
Traceback (most recent call last):
  File "/opt/ros/noetic/lib/python3/dist-packages/rospy/topics.py", line 750, in _invoke_callback
    cb(msg)
  File "./train.py", line 157, in laser_callback
    self.scan_data[i] = msg.ranges[i]
IndexError: index 279 is out of bounds for axis 0 with size 279

[rosout][ERROR] 2020-11-20 12:15:12,470: bad callback: <bound method ROSNode.laser_callback of <__main__.ROSNode object at 0x7f6ad58021f0>>
Traceback (most recent call last):
  File "/opt/ros/noetic/lib/python3/dist-packages/rospy/topics.py", line 750, in _invoke_callback
    cb(msg)
  File "./train.py", line 157, in laser_callback
    self.scan_data[i] = msg.ranges[i]
IndexError: index 61 is out of bounds for axis 0 with size 59

[rosout][ERROR] 2020-11-20 12:15:12,681: bad callback: <bound method ROSNode.laser_callback of <__main__.ROSNode object at 0x7f6ad58021f0>>
Traceback (most recent call last):
  File "/opt/ros/noetic/lib/python3/dist-packages/rospy/topics.py", line 750, in _invoke_callback
    cb(msg)
  File "./train.py", line 157, in laser_callback
    self.scan_data[i] = msg.ranges[i]
IndexError: index 281 is out of bounds for axis 0 with size 281

[rosout][ERROR] 2020-11-20 12:15:12,706: bad callback: <bound method ROSNode.laser_callback of <__main__.ROSNode object at 0x7f6ad58021f0>>
Traceback (most recent call last):
  File "/opt/ros/noetic/lib/python3/dist-packages/rospy/topics.py", line 750, in _invoke_callback
    cb(msg)
  File "./train.py", line 157, in laser_callback
    self.scan_data[i] = msg.ranges[i]
IndexError: index 61 is out of bounds for axis 0 with size 60

[rosout][ERROR] 2020-11-20 12:15:12,906: bad callback: <bound method ROSNode.laser_callback of <__main__.ROSNode object at 0x7f6ad58021f0>>
Traceback (most recent call last):
  File "/opt/ros/noetic/lib/python3/dist-packages/rospy/topics.py", line 750, in _invoke_callback
    cb(msg)
  File "./train.py", line 157, in laser_callback
    self.scan_data[i] = msg.ranges[i]
IndexError: index 284 is out of bounds for axis 0 with size 284

[rosout][ERROR] 2020-11-20 12:15:12,938: bad callback: <bound method ROSNode.laser_callback of <__main__.ROSNode object at 0x7f6ad58021f0>>
Traceback (most recent call last):
  File "/opt/ros/noetic/lib/python3/dist-packages/rospy/topics.py", line 750, in _invoke_callback
    cb(msg)
  File "./train.py", line 157, in laser_callback
    self.scan_data[i] = msg.ranges[i]
IndexError: index 65 is out of bounds for axis 0 with size 63

[rosout][ERROR] 2020-11-20 12:15:13,136: bad callback: <bound method ROSNode.laser_callback of <__main__.ROSNode object at 0x7f6ad58021f0>>
Traceback (most recent call last):
  File "/opt/ros/noetic/lib/python3/dist-packages/rospy/topics.py", line 750, in _invoke_callback
    cb(msg)
  File "./train.py", line 157, in laser_callback
    self.scan_data[i] = msg.ranges[i]
IndexError: index 287 is out of bounds for axis 0 with size 287

[rosout][ERROR] 2020-11-20 12:15:13,168: bad callback: <bound method ROSNode.laser_callback of <__main__.ROSNode object at 0x7f6ad58021f0>>
Traceback (most recent call last):
  File "/opt/ros/noetic/lib/python3/dist-packages/rospy/topics.py", line 750, in _invoke_callback
    cb(msg)
  File "./train.py", line 157, in laser_callback
    self.scan_data[i] = msg.ranges[i]
IndexError: index 65 is out of bounds for axis 0 with size 64

[rosout][ERROR] 2020-11-20 12:15:13,369: bad callback: <bound method ROSNode.laser_callback of <__main__.ROSNode object at 0x7f6ad58021f0>>
Traceback (most recent call last):
  File "/opt/ros/noetic/lib/python3/dist-packages/rospy/topics.py", line 750, in _invoke_callback
    cb(msg)
  File "./train.py", line 157, in laser_callback
    self.scan_data[i] = msg.ranges[i]
IndexError: index 290 is out of bounds for axis 0 with size 290

[rosout][ERROR] 2020-11-20 12:15:13,392: bad callback: <bound method ROSNode.laser_callback of <__main__.ROSNode object at 0x7f6ad58021f0>>
Traceback (most recent call last):
  File "/opt/ros/noetic/lib/python3/dist-packages/rospy/topics.py", line 750, in _invoke_callback
    cb(msg)
  File "./train.py", line 157, in laser_callback
    self.scan_data[i] = msg.ranges[i]
IndexError: index 45 is out of bounds for axis 0 with size 44

[rosout][ERROR] 2020-11-20 12:15:13,601: bad callback: <bound method ROSNode.laser_callback of <__main__.ROSNode object at 0x7f6ad58021f0>>
Traceback (most recent call last):
  File "/opt/ros/noetic/lib/python3/dist-packages/rospy/topics.py", line 750, in _invoke_callback
    cb(msg)
  File "./train.py", line 157, in laser_callback
    self.scan_data[i] = msg.ranges[i]
IndexError: index 290 is out of bounds for axis 0 with size 290

[rosout][ERROR] 2020-11-20 12:15:13,631: bad callback: <bound method ROSNode.laser_callback of <__main__.ROSNode object at 0x7f6ad58021f0>>
Traceback (most recent call last):
  File "/opt/ros/noetic/lib/python3/dist-packages/rospy/topics.py", line 750, in _invoke_callback
    cb(msg)
  File "./train.py", line 157, in laser_callback
    self.scan_data[i] = msg.ranges[i]
IndexError: index 65 is out of bounds for axis 0 with size 65

[rosout][ERROR] 2020-11-20 12:15:13,834: bad callback: <bound method ROSNode.laser_callback of <__main__.ROSNode object at 0x7f6ad58021f0>>
Traceback (most recent call last):
  File "/opt/ros/noetic/lib/python3/dist-packages/rospy/topics.py", line 750, in _invoke_callback
    cb(msg)
  File "./train.py", line 157, in laser_callback
    self.scan_data[i] = msg.ranges[i]
IndexError: index 293 is out of bounds for axis 0 with size 293

[rosout][ERROR] 2020-11-20 12:15:13,872: bad callback: <bound method ROSNode.laser_callback of <__main__.ROSNode object at 0x7f6ad58021f0>>
Traceback (most recent call last):
  File "/opt/ros/noetic/lib/python3/dist-packages/rospy/topics.py", line 750, in _invoke_callback
    cb(msg)
  File "./train.py", line 157, in laser_callback
    self.scan_data[i] = msg.ranges[i]
IndexError: index 65 is out of bounds for axis 0 with size 65

[rosout][ERROR] 2020-11-20 12:15:14,074: bad callback: <bound method ROSNode.laser_callback of <__main__.ROSNode object at 0x7f6ad58021f0>>
Traceback (most recent call last):
  File "/opt/ros/noetic/lib/python3/dist-packages/rospy/topics.py", line 750, in _invoke_callback
    cb(msg)
  File "./train.py", line 157, in laser_callback
    self.scan_data[i] = msg.ranges[i]
IndexError: index 293 is out of bounds for axis 0 with size 293

[rosout][ERROR] 2020-11-20 12:15:14,108: bad callback: <bound method ROSNode.laser_callback of <__main__.ROSNode object at 0x7f6ad58021f0>>
Traceback (most recent call last):
  File "/opt/ros/noetic/lib/python3/dist-packages/rospy/topics.py", line 750, in _invoke_callback
    cb(msg)
  File "./train.py", line 157, in laser_callback
    self.scan_data[i] = msg.ranges[i]
IndexError: index 69 is out of bounds for axis 0 with size 67

[rosout][ERROR] 2020-11-20 12:15:14,314: bad callback: <bound method ROSNode.laser_callback of <__main__.ROSNode object at 0x7f6ad58021f0>>
Traceback (most recent call last):
  File "/opt/ros/noetic/lib/python3/dist-packages/rospy/topics.py", line 750, in _invoke_callback
    cb(msg)
  File "./train.py", line 157, in laser_callback
    self.scan_data[i] = msg.ranges[i]
IndexError: index 294 is out of bounds for axis 0 with size 294

[rosout][ERROR] 2020-11-20 12:15:14,337: bad callback: <bound method ROSNode.laser_callback of <__main__.ROSNode object at 0x7f6ad58021f0>>
Traceback (most recent call last):
  File "/opt/ros/noetic/lib/python3/dist-packages/rospy/topics.py", line 750, in _invoke_callback
    cb(msg)
  File "./train.py", line 157, in laser_callback
    self.scan_data[i] = msg.ranges[i]
IndexError: index 45 is out of bounds for axis 0 with size 43

[rosout][ERROR] 2020-11-20 12:15:14,548: bad callback: <bound method ROSNode.laser_callback of <__main__.ROSNode object at 0x7f6ad58021f0>>
Traceback (most recent call last):
  File "/opt/ros/noetic/lib/python3/dist-packages/rospy/topics.py", line 750, in _invoke_callback
    cb(msg)
  File "./train.py", line 157, in laser_callback
    self.scan_data[i] = msg.ranges[i]
IndexError: index 292 is out of bounds for axis 0 with size 292

[rosout][ERROR] 2020-11-20 12:15:14,581: bad callback: <bound method ROSNode.laser_callback of <__main__.ROSNode object at 0x7f6ad58021f0>>
Traceback (most recent call last):
  File "/opt/ros/noetic/lib/python3/dist-packages/rospy/topics.py", line 750, in _invoke_callback
    cb(msg)
  File "./train.py", line 157, in laser_callback
    self.scan_data[i] = msg.ranges[i]
IndexError: index 69 is out of bounds for axis 0 with size 66

[rosout][ERROR] 2020-11-20 12:15:14,788: bad callback: <bound method ROSNode.laser_callback of <__main__.ROSNode object at 0x7f6ad58021f0>>
Traceback (most recent call last):
  File "/opt/ros/noetic/lib/python3/dist-packages/rospy/topics.py", line 750, in _invoke_callback
    cb(msg)
  File "./train.py", line 157, in laser_callback
    self.scan_data[i] = msg.ranges[i]
IndexError: index 292 is out of bounds for axis 0 with size 292

[rosout][ERROR] 2020-11-20 12:15:14,814: bad callback: <bound method ROSNode.laser_callback of <__main__.ROSNode object at 0x7f6ad58021f0>>
Traceback (most recent call last):
  File "/opt/ros/noetic/lib/python3/dist-packages/rospy/topics.py", line 750, in _invoke_callback
    cb(msg)
  File "./train.py", line 157, in laser_callback
    self.scan_data[i] = msg.ranges[i]
IndexError: index 45 is out of bounds for axis 0 with size 44

[rosout][ERROR] 2020-11-20 12:15:15,019: bad callback: <bound method ROSNode.laser_callback of <__main__.ROSNode object at 0x7f6ad58021f0>>
Traceback (most recent call last):
  File "/opt/ros/noetic/lib/python3/dist-packages/rospy/topics.py", line 750, in _invoke_callback
    cb(msg)
  File "./train.py", line 157, in laser_callback
    self.scan_data[i] = msg.ranges[i]
IndexError: index 288 is out of bounds for axis 0 with size 288

[rosout][ERROR] 2020-11-20 12:15:15,048: bad callback: <bound method ROSNode.laser_callback of <__main__.ROSNode object at 0x7f6ad58021f0>>
Traceback (most recent call last):
  File "/opt/ros/noetic/lib/python3/dist-packages/rospy/topics.py", line 750, in _invoke_callback
    cb(msg)
  File "./train.py", line 157, in laser_callback
    self.scan_data[i] = msg.ranges[i]
IndexError: index 65 is out of bounds for axis 0 with size 63

[rosout][ERROR] 2020-11-20 12:15:15,251: bad callback: <bound method ROSNode.laser_callback of <__main__.ROSNode object at 0x7f6ad58021f0>>
Traceback (most recent call last):
  File "/opt/ros/noetic/lib/python3/dist-packages/rospy/topics.py", line 750, in _invoke_callback
    cb(msg)
  File "./train.py", line 157, in laser_callback
    self.scan_data[i] = msg.ranges[i]
IndexError: index 286 is out of bounds for axis 0 with size 286

[rosout][ERROR] 2020-11-20 12:15:15,281: bad callback: <bound method ROSNode.laser_callback of <__main__.ROSNode object at 0x7f6ad58021f0>>
Traceback (most recent call last):
  File "/opt/ros/noetic/lib/python3/dist-packages/rospy/topics.py", line 750, in _invoke_callback
    cb(msg)
  File "./train.py", line 157, in laser_callback
    self.scan_data[i] = msg.ranges[i]
IndexError: index 53 is out of bounds for axis 0 with size 51

[rosout][ERROR] 2020-11-20 12:15:15,485: bad callback: <bound method ROSNode.laser_callback of <__main__.ROSNode object at 0x7f6ad58021f0>>
Traceback (most recent call last):
  File "/opt/ros/noetic/lib/python3/dist-packages/rospy/topics.py", line 750, in _invoke_callback
    cb(msg)
  File "./train.py", line 157, in laser_callback
    self.scan_data[i] = msg.ranges[i]
IndexError: index 282 is out of bounds for axis 0 with size 282

[rosout][ERROR] 2020-11-20 12:15:15,514: bad callback: <bound method ROSNode.laser_callback of <__main__.ROSNode object at 0x7f6ad58021f0>>
Traceback (most recent call last):
  File "/opt/ros/noetic/lib/python3/dist-packages/rospy/topics.py", line 750, in _invoke_callback
    cb(msg)
  File "./train.py", line 157, in laser_callback
    self.scan_data[i] = msg.ranges[i]
IndexError: index 61 is out of bounds for axis 0 with size 59

[rosout][ERROR] 2020-11-20 12:15:15,717: bad callback: <bound method ROSNode.laser_callback of <__main__.ROSNode object at 0x7f6ad58021f0>>
Traceback (most recent call last):
  File "/opt/ros/noetic/lib/python3/dist-packages/rospy/topics.py", line 750, in _invoke_callback
    cb(msg)
  File "./train.py", line 157, in laser_callback
    self.scan_data[i] = msg.ranges[i]
IndexError: index 276 is out of bounds for axis 0 with size 276

[rosout][ERROR] 2020-11-20 12:15:15,747: bad callback: <bound method ROSNode.laser_callback of <__main__.ROSNode object at 0x7f6ad58021f0>>
Traceback (most recent call last):
  File "/opt/ros/noetic/lib/python3/dist-packages/rospy/topics.py", line 750, in _invoke_callback
    cb(msg)
  File "./train.py", line 157, in laser_callback
    self.scan_data[i] = msg.ranges[i]
IndexError: index 57 is out of bounds for axis 0 with size 56

[rosout][ERROR] 2020-11-20 12:15:15,950: bad callback: <bound method ROSNode.laser_callback of <__main__.ROSNode object at 0x7f6ad58021f0>>
Traceback (most recent call last):
  File "/opt/ros/noetic/lib/python3/dist-packages/rospy/topics.py", line 750, in _invoke_callback
    cb(msg)
  File "./train.py", line 157, in laser_callback
    self.scan_data[i] = msg.ranges[i]
IndexError: index 275 is out of bounds for axis 0 with size 275

[rosout][ERROR] 2020-11-20 12:15:15,980: bad callback: <bound method ROSNode.laser_callback of <__main__.ROSNode object at 0x7f6ad58021f0>>
Traceback (most recent call last):
  File "/opt/ros/noetic/lib/python3/dist-packages/rospy/topics.py", line 750, in _invoke_callback
    cb(msg)
  File "./train.py", line 157, in laser_callback
    self.scan_data[i] = msg.ranges[i]
IndexError: index 57 is out of bounds for axis 0 with size 56

[rosout][ERROR] 2020-11-20 12:15:16,181: bad callback: <bound method ROSNode.laser_callback of <__main__.ROSNode object at 0x7f6ad58021f0>>
Traceback (most recent call last):
  File "/opt/ros/noetic/lib/python3/dist-packages/rospy/topics.py", line 750, in _invoke_callback
    cb(msg)
  File "./train.py", line 157, in laser_callback
    self.scan_data[i] = msg.ranges[i]
IndexError: index 276 is out of bounds for axis 0 with size 276

[rosout][ERROR] 2020-11-20 12:15:16,214: bad callback: <bound method ROSNode.laser_callback of <__main__.ROSNode object at 0x7f6ad58021f0>>
Traceback (most recent call last):
  File "/opt/ros/noetic/lib/python3/dist-packages/rospy/topics.py", line 750, in _invoke_callback
    cb(msg)
  File "./train.py", line 157, in laser_callback
    self.scan_data[i] = msg.ranges[i]
IndexError: index 57 is out of bounds for axis 0 with size 56

[rosout][ERROR] 2020-11-20 12:15:16,421: bad callback: <bound method ROSNode.laser_callback of <__main__.ROSNode object at 0x7f6ad58021f0>>
Traceback (most recent call last):
  File "/opt/ros/noetic/lib/python3/dist-packages/rospy/topics.py", line 750, in _invoke_callback
    cb(msg)
  File "./train.py", line 157, in laser_callback
    self.scan_data[i] = msg.ranges[i]
IndexError: index 276 is out of bounds for axis 0 with size 276

[rosout][ERROR] 2020-11-20 12:15:16,451: bad callback: <bound method ROSNode.laser_callback of <__main__.ROSNode object at 0x7f6ad58021f0>>
Traceback (most recent call last):
  File "/opt/ros/noetic/lib/python3/dist-packages/rospy/topics.py", line 750, in _invoke_callback
    cb(msg)
  File "./train.py", line 157, in laser_callback
    self.scan_data[i] = msg.ranges[i]
IndexError: index 49 is out of bounds for axis 0 with size 48

[rosout][ERROR] 2020-11-20 12:15:16,658: bad callback: <bound method ROSNode.laser_callback of <__main__.ROSNode object at 0x7f6ad58021f0>>
Traceback (most recent call last):
  File "/opt/ros/noetic/lib/python3/dist-packages/rospy/topics.py", line 750, in _invoke_callback
    cb(msg)
  File "./train.py", line 157, in laser_callback
    self.scan_data[i] = msg.ranges[i]
IndexError: index 279 is out of bounds for axis 0 with size 279

[rosout][ERROR] 2020-11-20 12:15:16,690: bad callback: <bound method ROSNode.laser_callback of <__main__.ROSNode object at 0x7f6ad58021f0>>
Traceback (most recent call last):
  File "/opt/ros/noetic/lib/python3/dist-packages/rospy/topics.py", line 750, in _invoke_callback
    cb(msg)
  File "./train.py", line 157, in laser_callback
    self.scan_data[i] = msg.ranges[i]
IndexError: index 61 is out of bounds for axis 0 with size 60

[rosout][ERROR] 2020-11-20 12:15:16,894: bad callback: <bound method ROSNode.laser_callback of <__main__.ROSNode object at 0x7f6ad58021f0>>
Traceback (most recent call last):
  File "/opt/ros/noetic/lib/python3/dist-packages/rospy/topics.py", line 750, in _invoke_callback
    cb(msg)
  File "./train.py", line 157, in laser_callback
    self.scan_data[i] = msg.ranges[i]
IndexError: index 280 is out of bounds for axis 0 with size 280

[rosout][ERROR] 2020-11-20 12:15:16,924: bad callback: <bound method ROSNode.laser_callback of <__main__.ROSNode object at 0x7f6ad58021f0>>
Traceback (most recent call last):
  File "/opt/ros/noetic/lib/python3/dist-packages/rospy/topics.py", line 750, in _invoke_callback
    cb(msg)
  File "./train.py", line 157, in laser_callback
    self.scan_data[i] = msg.ranges[i]
IndexError: index 45 is out of bounds for axis 0 with size 42

[rosout][ERROR] 2020-11-20 12:15:17,121: bad callback: <bound method ROSNode.laser_callback of <__main__.ROSNode object at 0x7f6ad58021f0>>
Traceback (most recent call last):
  File "/opt/ros/noetic/lib/python3/dist-packages/rospy/topics.py", line 750, in _invoke_callback
    cb(msg)
  File "./train.py", line 157, in laser_callback
    self.scan_data[i] = msg.ranges[i]
IndexError: index 282 is out of bounds for axis 0 with size 282

[rosout][ERROR] 2020-11-20 12:15:17,155: bad callback: <bound method ROSNode.laser_callback of <__main__.ROSNode object at 0x7f6ad58021f0>>
Traceback (most recent call last):
  File "/opt/ros/noetic/lib/python3/dist-packages/rospy/topics.py", line 750, in _invoke_callback
    cb(msg)
  File "./train.py", line 157, in laser_callback
    self.scan_data[i] = msg.ranges[i]
IndexError: index 61 is out of bounds for axis 0 with size 58

[rosout][ERROR] 2020-11-20 12:15:17,352: bad callback: <bound method ROSNode.laser_callback of <__main__.ROSNode object at 0x7f6ad58021f0>>
Traceback (most recent call last):
  File "/opt/ros/noetic/lib/python3/dist-packages/rospy/topics.py", line 750, in _invoke_callback
    cb(msg)
  File "./train.py", line 157, in laser_callback
    self.scan_data[i] = msg.ranges[i]
IndexError: index 281 is out of bounds for axis 0 with size 281

[rosout][ERROR] 2020-11-20 12:15:17,382: bad callback: <bound method ROSNode.laser_callback of <__main__.ROSNode object at 0x7f6ad58021f0>>
Traceback (most recent call last):
  File "/opt/ros/noetic/lib/python3/dist-packages/rospy/topics.py", line 750, in _invoke_callback
    cb(msg)
  File "./train.py", line 157, in laser_callback
    self.scan_data[i] = msg.ranges[i]
IndexError: index 61 is out of bounds for axis 0 with size 59

[rosout][ERROR] 2020-11-20 12:15:17,585: bad callback: <bound method ROSNode.laser_callback of <__main__.ROSNode object at 0x7f6ad58021f0>>
Traceback (most recent call last):
  File "/opt/ros/noetic/lib/python3/dist-packages/rospy/topics.py", line 750, in _invoke_callback
    cb(msg)
  File "./train.py", line 157, in laser_callback
    self.scan_data[i] = msg.ranges[i]
IndexError: index 281 is out of bounds for axis 0 with size 281

[rosout][ERROR] 2020-11-20 12:15:17,612: bad callback: <bound method ROSNode.laser_callback of <__main__.ROSNode object at 0x7f6ad58021f0>>
Traceback (most recent call last):
  File "/opt/ros/noetic/lib/python3/dist-packages/rospy/topics.py", line 750, in _invoke_callback
    cb(msg)
  File "./train.py", line 157, in laser_callback
    self.scan_data[i] = msg.ranges[i]
IndexError: index 45 is out of bounds for axis 0 with size 43

[rosout][ERROR] 2020-11-20 12:15:17,812: bad callback: <bound method ROSNode.laser_callback of <__main__.ROSNode object at 0x7f6ad58021f0>>
Traceback (most recent call last):
  File "/opt/ros/noetic/lib/python3/dist-packages/rospy/topics.py", line 750, in _invoke_callback
    cb(msg)
  File "./train.py", line 157, in laser_callback
    self.scan_data[i] = msg.ranges[i]
IndexError: index 282 is out of bounds for axis 0 with size 282

[rosout][ERROR] 2020-11-20 12:15:17,834: bad callback: <bound method ROSNode.laser_callback of <__main__.ROSNode object at 0x7f6ad58021f0>>
Traceback (most recent call last):
  File "/opt/ros/noetic/lib/python3/dist-packages/rospy/topics.py", line 750, in _invoke_callback
    cb(msg)
  File "./train.py", line 157, in laser_callback
    self.scan_data[i] = msg.ranges[i]
IndexError: index 45 is out of bounds for axis 0 with size 43

[rosout][ERROR] 2020-11-20 12:15:18,040: bad callback: <bound method ROSNode.laser_callback of <__main__.ROSNode object at 0x7f6ad58021f0>>
Traceback (most recent call last):
  File "/opt/ros/noetic/lib/python3/dist-packages/rospy/topics.py", line 750, in _invoke_callback
    cb(msg)
  File "./train.py", line 157, in laser_callback
    self.scan_data[i] = msg.ranges[i]
IndexError: index 282 is out of bounds for axis 0 with size 282

[rosout][ERROR] 2020-11-20 12:15:18,068: bad callback: <bound method ROSNode.laser_callback of <__main__.ROSNode object at 0x7f6ad58021f0>>
Traceback (most recent call last):
  File "/opt/ros/noetic/lib/python3/dist-packages/rospy/topics.py", line 750, in _invoke_callback
    cb(msg)
  File "./train.py", line 157, in laser_callback
    self.scan_data[i] = msg.ranges[i]
IndexError: index 61 is out of bounds for axis 0 with size 60

[rosout][ERROR] 2020-11-20 12:15:18,271: bad callback: <bound method ROSNode.laser_callback of <__main__.ROSNode object at 0x7f6ad58021f0>>
Traceback (most recent call last):
  File "/opt/ros/noetic/lib/python3/dist-packages/rospy/topics.py", line 750, in _invoke_callback
    cb(msg)
  File "./train.py", line 157, in laser_callback
    self.scan_data[i] = msg.ranges[i]
IndexError: index 281 is out of bounds for axis 0 with size 281

[rosout][ERROR] 2020-11-20 12:15:18,302: bad callback: <bound method ROSNode.laser_callback of <__main__.ROSNode object at 0x7f6ad58021f0>>
Traceback (most recent call last):
  File "/opt/ros/noetic/lib/python3/dist-packages/rospy/topics.py", line 750, in _invoke_callback
    cb(msg)
  File "./train.py", line 157, in laser_callback
    self.scan_data[i] = msg.ranges[i]
IndexError: index 61 is out of bounds for axis 0 with size 59

[rosout][ERROR] 2020-11-20 12:15:18,504: bad callback: <bound method ROSNode.laser_callback of <__main__.ROSNode object at 0x7f6ad58021f0>>
Traceback (most recent call last):
  File "/opt/ros/noetic/lib/python3/dist-packages/rospy/topics.py", line 750, in _invoke_callback
    cb(msg)
  File "./train.py", line 157, in laser_callback
    self.scan_data[i] = msg.ranges[i]
IndexError: index 283 is out of bounds for axis 0 with size 283

[rosout][ERROR] 2020-11-20 12:15:18,534: bad callback: <bound method ROSNode.laser_callback of <__main__.ROSNode object at 0x7f6ad58021f0>>
Traceback (most recent call last):
  File "/opt/ros/noetic/lib/python3/dist-packages/rospy/topics.py", line 750, in _invoke_callback
    cb(msg)
  File "./train.py", line 157, in laser_callback
    self.scan_data[i] = msg.ranges[i]
IndexError: index 61 is out of bounds for axis 0 with size 60

[rosout][ERROR] 2020-11-20 12:15:18,735: bad callback: <bound method ROSNode.laser_callback of <__main__.ROSNode object at 0x7f6ad58021f0>>
Traceback (most recent call last):
  File "/opt/ros/noetic/lib/python3/dist-packages/rospy/topics.py", line 750, in _invoke_callback
    cb(msg)
  File "./train.py", line 157, in laser_callback
    self.scan_data[i] = msg.ranges[i]
IndexError: index 282 is out of bounds for axis 0 with size 282

[rosout][ERROR] 2020-11-20 12:15:18,765: bad callback: <bound method ROSNode.laser_callback of <__main__.ROSNode object at 0x7f6ad58021f0>>
Traceback (most recent call last):
  File "/opt/ros/noetic/lib/python3/dist-packages/rospy/topics.py", line 750, in _invoke_callback
    cb(msg)
  File "./train.py", line 157, in laser_callback
    self.scan_data[i] = msg.ranges[i]
IndexError: index 61 is out of bounds for axis 0 with size 60

[rosout][ERROR] 2020-11-20 12:15:18,966: bad callback: <bound method ROSNode.laser_callback of <__main__.ROSNode object at 0x7f6ad58021f0>>
Traceback (most recent call last):
  File "/opt/ros/noetic/lib/python3/dist-packages/rospy/topics.py", line 750, in _invoke_callback
    cb(msg)
  File "./train.py", line 157, in laser_callback
    self.scan_data[i] = msg.ranges[i]
IndexError: index 282 is out of bounds for axis 0 with size 282

[rosout][ERROR] 2020-11-20 12:15:18,993: bad callback: <bound method ROSNode.laser_callback of <__main__.ROSNode object at 0x7f6ad58021f0>>
Traceback (most recent call last):
  File "/opt/ros/noetic/lib/python3/dist-packages/rospy/topics.py", line 750, in _invoke_callback
    cb(msg)
  File "./train.py", line 157, in laser_callback
    self.scan_data[i] = msg.ranges[i]
IndexError: index 45 is out of bounds for axis 0 with size 44

[rosout][ERROR] 2020-11-20 12:15:19,191: bad callback: <bound method ROSNode.laser_callback of <__main__.ROSNode object at 0x7f6ad58021f0>>
Traceback (most recent call last):
  File "/opt/ros/noetic/lib/python3/dist-packages/rospy/topics.py", line 750, in _invoke_callback
    cb(msg)
  File "./train.py", line 157, in laser_callback
    self.scan_data[i] = msg.ranges[i]
IndexError: index 282 is out of bounds for axis 0 with size 282

[rosout][ERROR] 2020-11-20 12:15:19,219: bad callback: <bound method ROSNode.laser_callback of <__main__.ROSNode object at 0x7f6ad58021f0>>
Traceback (most recent call last):
  File "/opt/ros/noetic/lib/python3/dist-packages/rospy/topics.py", line 750, in _invoke_callback
    cb(msg)
  File "./train.py", line 157, in laser_callback
    self.scan_data[i] = msg.ranges[i]
IndexError: index 61 is out of bounds for axis 0 with size 61

[rosout][ERROR] 2020-11-20 12:15:19,420: bad callback: <bound method ROSNode.laser_callback of <__main__.ROSNode object at 0x7f6ad58021f0>>
Traceback (most recent call last):
  File "/opt/ros/noetic/lib/python3/dist-packages/rospy/topics.py", line 750, in _invoke_callback
    cb(msg)
  File "./train.py", line 157, in laser_callback
    self.scan_data[i] = msg.ranges[i]
IndexError: index 281 is out of bounds for axis 0 with size 281

[rosout][ERROR] 2020-11-20 12:15:19,457: bad callback: <bound method ROSNode.laser_callback of <__main__.ROSNode object at 0x7f6ad58021f0>>
Traceback (most recent call last):
  File "/opt/ros/noetic/lib/python3/dist-packages/rospy/topics.py", line 750, in _invoke_callback
    cb(msg)
  File "./train.py", line 157, in laser_callback
    self.scan_data[i] = msg.ranges[i]
IndexError: index 61 is out of bounds for axis 0 with size 60

[rosout][ERROR] 2020-11-20 12:15:19,664: bad callback: <bound method ROSNode.laser_callback of <__main__.ROSNode object at 0x7f6ad58021f0>>
Traceback (most recent call last):
  File "/opt/ros/noetic/lib/python3/dist-packages/rospy/topics.py", line 750, in _invoke_callback
    cb(msg)
  File "./train.py", line 157, in laser_callback
    self.scan_data[i] = msg.ranges[i]
IndexError: index 280 is out of bounds for axis 0 with size 280

[rosout][ERROR] 2020-11-20 12:15:19,702: bad callback: <bound method ROSNode.laser_callback of <__main__.ROSNode object at 0x7f6ad58021f0>>
Traceback (most recent call last):
  File "/opt/ros/noetic/lib/python3/dist-packages/rospy/topics.py", line 750, in _invoke_callback
    cb(msg)
  File "./train.py", line 157, in laser_callback
    self.scan_data[i] = msg.ranges[i]
IndexError: index 57 is out of bounds for axis 0 with size 57

[rosout][ERROR] 2020-11-20 12:15:19,914: bad callback: <bound method ROSNode.laser_callback of <__main__.ROSNode object at 0x7f6ad58021f0>>
Traceback (most recent call last):
  File "/opt/ros/noetic/lib/python3/dist-packages/rospy/topics.py", line 750, in _invoke_callback
    cb(msg)
  File "./train.py", line 157, in laser_callback
    self.scan_data[i] = msg.ranges[i]
IndexError: index 278 is out of bounds for axis 0 with size 278

[rosout][ERROR] 2020-11-20 12:15:19,950: bad callback: <bound method ROSNode.laser_callback of <__main__.ROSNode object at 0x7f6ad58021f0>>
Traceback (most recent call last):
  File "/opt/ros/noetic/lib/python3/dist-packages/rospy/topics.py", line 750, in _invoke_callback
    cb(msg)
  File "./train.py", line 157, in laser_callback
    self.scan_data[i] = msg.ranges[i]
IndexError: index 61 is out of bounds for axis 0 with size 60

[rosout][ERROR] 2020-11-20 12:15:20,157: bad callback: <bound method ROSNode.laser_callback of <__main__.ROSNode object at 0x7f6ad58021f0>>
Traceback (most recent call last):
  File "/opt/ros/noetic/lib/python3/dist-packages/rospy/topics.py", line 750, in _invoke_callback
    cb(msg)
  File "./train.py", line 157, in laser_callback
    self.scan_data[i] = msg.ranges[i]
IndexError: index 277 is out of bounds for axis 0 with size 277

[rosout][ERROR] 2020-11-20 12:15:20,186: bad callback: <bound method ROSNode.laser_callback of <__main__.ROSNode object at 0x7f6ad58021f0>>
Traceback (most recent call last):
  File "/opt/ros/noetic/lib/python3/dist-packages/rospy/topics.py", line 750, in _invoke_callback
    cb(msg)
  File "./train.py", line 157, in laser_callback
    self.scan_data[i] = msg.ranges[i]
IndexError: index 57 is out of bounds for axis 0 with size 56

[rosout][ERROR] 2020-11-20 12:15:20,392: bad callback: <bound method ROSNode.laser_callback of <__main__.ROSNode object at 0x7f6ad58021f0>>
Traceback (most recent call last):
  File "/opt/ros/noetic/lib/python3/dist-packages/rospy/topics.py", line 750, in _invoke_callback
    cb(msg)
  File "./train.py", line 157, in laser_callback
    self.scan_data[i] = msg.ranges[i]
IndexError: index 281 is out of bounds for axis 0 with size 281

[rosout][ERROR] 2020-11-20 12:15:20,424: bad callback: <bound method ROSNode.laser_callback of <__main__.ROSNode object at 0x7f6ad58021f0>>
Traceback (most recent call last):
  File "/opt/ros/noetic/lib/python3/dist-packages/rospy/topics.py", line 750, in _invoke_callback
    cb(msg)
  File "./train.py", line 157, in laser_callback
    self.scan_data[i] = msg.ranges[i]
IndexError: index 61 is out of bounds for axis 0 with size 60

[rosout][ERROR] 2020-11-20 12:15:20,627: bad callback: <bound method ROSNode.laser_callback of <__main__.ROSNode object at 0x7f6ad58021f0>>
Traceback (most recent call last):
  File "/opt/ros/noetic/lib/python3/dist-packages/rospy/topics.py", line 750, in _invoke_callback
    cb(msg)
  File "./train.py", line 157, in laser_callback
    self.scan_data[i] = msg.ranges[i]
IndexError: index 287 is out of bounds for axis 0 with size 287

[rosout][ERROR] 2020-11-20 12:15:20,665: bad callback: <bound method ROSNode.laser_callback of <__main__.ROSNode object at 0x7f6ad58021f0>>
Traceback (most recent call last):
  File "/opt/ros/noetic/lib/python3/dist-packages/rospy/topics.py", line 750, in _invoke_callback
    cb(msg)
  File "./train.py", line 157, in laser_callback
    self.scan_data[i] = msg.ranges[i]
IndexError: index 65 is out of bounds for axis 0 with size 64

[rosout][ERROR] 2020-11-20 12:15:20,865: bad callback: <bound method ROSNode.laser_callback of <__main__.ROSNode object at 0x7f6ad58021f0>>
Traceback (most recent call last):
  File "/opt/ros/noetic/lib/python3/dist-packages/rospy/topics.py", line 750, in _invoke_callback
    cb(msg)
  File "./train.py", line 157, in laser_callback
    self.scan_data[i] = msg.ranges[i]
IndexError: index 290 is out of bounds for axis 0 with size 290

[rosout][ERROR] 2020-11-20 12:15:20,900: bad callback: <bound method ROSNode.laser_callback of <__main__.ROSNode object at 0x7f6ad58021f0>>
Traceback (most recent call last):
  File "/opt/ros/noetic/lib/python3/dist-packages/rospy/topics.py", line 750, in _invoke_callback
    cb(msg)
  File "./train.py", line 157, in laser_callback
    self.scan_data[i] = msg.ranges[i]
IndexError: index 65 is out of bounds for axis 0 with size 65

[rosout][ERROR] 2020-11-20 12:15:21,102: bad callback: <bound method ROSNode.laser_callback of <__main__.ROSNode object at 0x7f6ad58021f0>>
Traceback (most recent call last):
  File "/opt/ros/noetic/lib/python3/dist-packages/rospy/topics.py", line 750, in _invoke_callback
    cb(msg)
  File "./train.py", line 157, in laser_callback
    self.scan_data[i] = msg.ranges[i]
IndexError: index 293 is out of bounds for axis 0 with size 293

[rosout][ERROR] 2020-11-20 12:15:21,139: bad callback: <bound method ROSNode.laser_callback of <__main__.ROSNode object at 0x7f6ad58021f0>>
Traceback (most recent call last):
  File "/opt/ros/noetic/lib/python3/dist-packages/rospy/topics.py", line 750, in _invoke_callback
    cb(msg)
  File "./train.py", line 157, in laser_callback
    self.scan_data[i] = msg.ranges[i]
IndexError: index 69 is out of bounds for axis 0 with size 68

[rosout][ERROR] 2020-11-20 12:15:21,349: bad callback: <bound method ROSNode.laser_callback of <__main__.ROSNode object at 0x7f6ad58021f0>>
Traceback (most recent call last):
  File "/opt/ros/noetic/lib/python3/dist-packages/rospy/topics.py", line 750, in _invoke_callback
    cb(msg)
  File "./train.py", line 157, in laser_callback
    self.scan_data[i] = msg.ranges[i]
IndexError: index 296 is out of bounds for axis 0 with size 296

[rosout][ERROR] 2020-11-20 12:15:21,377: bad callback: <bound method ROSNode.laser_callback of <__main__.ROSNode object at 0x7f6ad58021f0>>
Traceback (most recent call last):
  File "/opt/ros/noetic/lib/python3/dist-packages/rospy/topics.py", line 750, in _invoke_callback
    cb(msg)
  File "./train.py", line 157, in laser_callback
    self.scan_data[i] = msg.ranges[i]
IndexError: index 73 is out of bounds for axis 0 with size 70

[rosout][ERROR] 2020-11-20 12:15:21,581: bad callback: <bound method ROSNode.laser_callback of <__main__.ROSNode object at 0x7f6ad58021f0>>
Traceback (most recent call last):
  File "/opt/ros/noetic/lib/python3/dist-packages/rospy/topics.py", line 750, in _invoke_callback
    cb(msg)
  File "./train.py", line 157, in laser_callback
    self.scan_data[i] = msg.ranges[i]
IndexError: index 297 is out of bounds for axis 0 with size 297

[rosout][ERROR] 2020-11-20 12:15:21,616: bad callback: <bound method ROSNode.laser_callback of <__main__.ROSNode object at 0x7f6ad58021f0>>
Traceback (most recent call last):
  File "/opt/ros/noetic/lib/python3/dist-packages/rospy/topics.py", line 750, in _invoke_callback
    cb(msg)
  File "./train.py", line 157, in laser_callback
    self.scan_data[i] = msg.ranges[i]
IndexError: index 73 is out of bounds for axis 0 with size 70

[rosout][ERROR] 2020-11-20 12:15:21,823: bad callback: <bound method ROSNode.laser_callback of <__main__.ROSNode object at 0x7f6ad58021f0>>
Traceback (most recent call last):
  File "/opt/ros/noetic/lib/python3/dist-packages/rospy/topics.py", line 750, in _invoke_callback
    cb(msg)
  File "./train.py", line 157, in laser_callback
    self.scan_data[i] = msg.ranges[i]
IndexError: index 298 is out of bounds for axis 0 with size 298

[rosout][ERROR] 2020-11-20 12:15:21,857: bad callback: <bound method ROSNode.laser_callback of <__main__.ROSNode object at 0x7f6ad58021f0>>
Traceback (most recent call last):
  File "/opt/ros/noetic/lib/python3/dist-packages/rospy/topics.py", line 750, in _invoke_callback
    cb(msg)
  File "./train.py", line 157, in laser_callback
    self.scan_data[i] = msg.ranges[i]
IndexError: index 73 is out of bounds for axis 0 with size 70

[rosout][ERROR] 2020-11-20 12:15:22,062: bad callback: <bound method ROSNode.laser_callback of <__main__.ROSNode object at 0x7f6ad58021f0>>
Traceback (most recent call last):
  File "/opt/ros/noetic/lib/python3/dist-packages/rospy/topics.py", line 750, in _invoke_callback
    cb(msg)
  File "./train.py", line 157, in laser_callback
    self.scan_data[i] = msg.ranges[i]
IndexError: index 299 is out of bounds for axis 0 with size 299

[rosout][ERROR] 2020-11-20 12:15:22,108: bad callback: <bound method ROSNode.laser_callback of <__main__.ROSNode object at 0x7f6ad58021f0>>
Traceback (most recent call last):
  File "/opt/ros/noetic/lib/python3/dist-packages/rospy/topics.py", line 750, in _invoke_callback
    cb(msg)
  File "./train.py", line 157, in laser_callback
    self.scan_data[i] = msg.ranges[i]
IndexError: index 73 is out of bounds for axis 0 with size 71

[rosout][ERROR] 2020-11-20 12:15:22,329: bad callback: <bound method ROSNode.laser_callback of <__main__.ROSNode object at 0x7f6ad58021f0>>
Traceback (most recent call last):
  File "/opt/ros/noetic/lib/python3/dist-packages/rospy/topics.py", line 750, in _invoke_callback
    cb(msg)
  File "./train.py", line 157, in laser_callback
    self.scan_data[i] = msg.ranges[i]
IndexError: index 296 is out of bounds for axis 0 with size 296

[rosout][ERROR] 2020-11-20 12:15:22,353: bad callback: <bound method ROSNode.laser_callback of <__main__.ROSNode object at 0x7f6ad58021f0>>
Traceback (most recent call last):
  File "/opt/ros/noetic/lib/python3/dist-packages/rospy/topics.py", line 750, in _invoke_callback
    cb(msg)
  File "./train.py", line 157, in laser_callback
    self.scan_data[i] = msg.ranges[i]
IndexError: index 49 is out of bounds for axis 0 with size 47

[rosout][ERROR] 2020-11-20 12:15:22,550: bad callback: <bound method ROSNode.laser_callback of <__main__.ROSNode object at 0x7f6ad58021f0>>
Traceback (most recent call last):
  File "/opt/ros/noetic/lib/python3/dist-packages/rospy/topics.py", line 750, in _invoke_callback
    cb(msg)
  File "./train.py", line 157, in laser_callback
    self.scan_data[i] = msg.ranges[i]
IndexError: index 297 is out of bounds for axis 0 with size 297

[rosout][ERROR] 2020-11-20 12:15:22,574: bad callback: <bound method ROSNode.laser_callback of <__main__.ROSNode object at 0x7f6ad58021f0>>
Traceback (most recent call last):
  File "/opt/ros/noetic/lib/python3/dist-packages/rospy/topics.py", line 750, in _invoke_callback
    cb(msg)
  File "./train.py", line 157, in laser_callback
    self.scan_data[i] = msg.ranges[i]
IndexError: index 49 is out of bounds for axis 0 with size 46

[rosout][ERROR] 2020-11-20 12:15:22,785: bad callback: <bound method ROSNode.laser_callback of <__main__.ROSNode object at 0x7f6ad58021f0>>
Traceback (most recent call last):
  File "/opt/ros/noetic/lib/python3/dist-packages/rospy/topics.py", line 750, in _invoke_callback
    cb(msg)
  File "./train.py", line 157, in laser_callback
    self.scan_data[i] = msg.ranges[i]
IndexError: index 295 is out of bounds for axis 0 with size 295

[rosout][ERROR] 2020-11-20 12:15:22,822: bad callback: <bound method ROSNode.laser_callback of <__main__.ROSNode object at 0x7f6ad58021f0>>
Traceback (most recent call last):
  File "/opt/ros/noetic/lib/python3/dist-packages/rospy/topics.py", line 750, in _invoke_callback
    cb(msg)
  File "./train.py", line 157, in laser_callback
    self.scan_data[i] = msg.ranges[i]
IndexError: index 69 is out of bounds for axis 0 with size 68

[rosout][ERROR] 2020-11-20 12:15:23,026: bad callback: <bound method ROSNode.laser_callback of <__main__.ROSNode object at 0x7f6ad58021f0>>
Traceback (most recent call last):
  File "/opt/ros/noetic/lib/python3/dist-packages/rospy/topics.py", line 750, in _invoke_callback
    cb(msg)
  File "./train.py", line 157, in laser_callback
    self.scan_data[i] = msg.ranges[i]
IndexError: index 294 is out of bounds for axis 0 with size 294

[rosout][ERROR] 2020-11-20 12:15:23,061: bad callback: <bound method ROSNode.laser_callback of <__main__.ROSNode object at 0x7f6ad58021f0>>
Traceback (most recent call last):
  File "/opt/ros/noetic/lib/python3/dist-packages/rospy/topics.py", line 750, in _invoke_callback
    cb(msg)
  File "./train.py", line 157, in laser_callback
    self.scan_data[i] = msg.ranges[i]
IndexError: index 69 is out of bounds for axis 0 with size 67

[rospy.core][INFO] 2020-11-20 12:15:23,098: signal_shutdown [signal-2]
[rospy.internal][INFO] 2020-11-20 12:15:23,104: topic[/rosout] removing connection to /rosout
[rospy.internal][INFO] 2020-11-20 12:15:23,104: topic[/cmd_vel] removing connection to /gazebo
[rospy.internal][INFO] 2020-11-20 12:15:23,105: topic[/is_created_scenarios] removing connection to /episode_manager
[rospy.internal][INFO] 2020-11-20 12:15:23,105: topic[/odom] removing connection to http://192.168.0.201:37319/
[rospy.internal][INFO] 2020-11-20 12:15:23,105: topic[/start_goal_points] removing connection to http://192.168.0.201:33733/
[rospy.internal][INFO] 2020-11-20 12:15:23,106: topic[/scan] removing connection to http://192.168.0.201:37319/
[rospy.internal][INFO] 2020-11-20 12:15:23,107: topic[/scan] removing connection to http://192.168.0.201:42031/
[rospy.impl.masterslave][INFO] 2020-11-20 12:15:23,107: signal-2
[rospy.internal][WARNING] 2020-11-20 12:15:23,108: Unknown error initiating TCP/IP socket to 192.168.0.201:54625 (http://192.168.0.201:37319/): Traceback (most recent call last):
  File "/opt/ros/noetic/lib/python3/dist-packages/rospy/impl/tcpros_base.py", line 562, in connect
    self.read_header()
  File "/opt/ros/noetic/lib/python3/dist-packages/rospy/impl/tcpros_base.py", line 657, in read_header
    self._validate_header(read_ros_handshake_header(sock, self.read_buff, self.protocol.buff_size))
AttributeError: 'NoneType' object has no attribute 'buff_size'

[rospy.internal][WARNING] 2020-11-20 12:15:23,109: Unknown error initiating TCP/IP socket to 192.168.0.201:54625 (http://192.168.0.201:37319/): Traceback (most recent call last):
  File "/opt/ros/noetic/lib/python3/dist-packages/rospy/impl/tcpros_base.py", line 562, in connect
    self.read_header()
  File "/opt/ros/noetic/lib/python3/dist-packages/rospy/impl/tcpros_base.py", line 657, in read_header
    self._validate_header(read_ros_handshake_header(sock, self.read_buff, self.protocol.buff_size))
AttributeError: 'NoneType' object has no attribute 'buff_size'

[rospy.internal][WARNING] 2020-11-20 12:15:23,110: Unknown error initiating TCP/IP socket to 192.168.0.201:50039 (http://192.168.0.201:33733/): Traceback (most recent call last):
  File "/opt/ros/noetic/lib/python3/dist-packages/rospy/impl/tcpros_base.py", line 562, in connect
    self.read_header()
  File "/opt/ros/noetic/lib/python3/dist-packages/rospy/impl/tcpros_base.py", line 657, in read_header
    self._validate_header(read_ros_handshake_header(sock, self.read_buff, self.protocol.buff_size))
AttributeError: 'NoneType' object has no attribute 'buff_size'

[rospy.core][INFO] 2020-11-20 12:15:23,598: signal_shutdown [signal-2]
[rospy.core][INFO] 2020-11-20 12:15:23,640: signal_shutdown [signal-2]
[rospy.core][INFO] 2020-11-20 12:15:23,660: signal_shutdown [signal-2]
[rospy.core][INFO] 2020-11-20 12:15:23,691: signal_shutdown [signal-2]
[rospy.core][INFO] 2020-11-20 12:15:23,736: signal_shutdown [signal-2]
[rospy.core][INFO] 2020-11-20 12:15:23,770: signal_shutdown [signal-2]
[rospy.core][INFO] 2020-11-20 12:15:23,778: signal_shutdown [atexit]
