[rospy.client][INFO] 2020-10-02 10:49:16,212: init_node, name[/train_1443_1601635756184], pid[1443]
[xmlrpc][INFO] 2020-10-02 10:49:16,213: XML-RPC server binding to 0.0.0.0:0
[xmlrpc][INFO] 2020-10-02 10:49:16,213: Started XML-RPC server [http://luigi:42833/]
[rospy.init][INFO] 2020-10-02 10:49:16,214: ROS Slave URI: [http://luigi:42833/]
[rospy.impl.masterslave][INFO] 2020-10-02 10:49:16,214: _ready: http://luigi:42833/
[rospy.registration][INFO] 2020-10-02 10:49:16,215: Registering with master node http://localhost:11311
[xmlrpc][INFO] 2020-10-02 10:49:16,215: xml rpc node: starting XML-RPC server
[rospy.init][INFO] 2020-10-02 10:49:16,314: registered with master
[rospy.rosout][INFO] 2020-10-02 10:49:16,314: initializing /rosout core topic
[rospy.rosout][INFO] 2020-10-02 10:49:16,320: connected to core topic /rosout
[rospy.simtime][INFO] 2020-10-02 10:49:16,321: /use_sim_time is not set, will not subscribe to simulated time [/clock] topic
[rospy.internal][INFO] 2020-10-02 10:49:16,615: topic[/rosout] adding connection to [/rosout], count 0
[rospy.core][INFO] 2020-10-02 10:49:20,284: signal_shutdown [signal-2]
[rospy.internal][INFO] 2020-10-02 10:49:20,289: topic[/rosout] removing connection to /rosout
[rospy.impl.masterslave][INFO] 2020-10-02 10:49:20,290: signal-2
[rospy.core][INFO] 2020-10-02 10:49:20,786: signal_shutdown [signal-2]
[rospy.core][INFO] 2020-10-02 10:49:20,825: signal_shutdown [signal-2]
[rospy.core][INFO] 2020-10-02 10:49:20,847: signal_shutdown [signal-2]
[rospy.core][INFO] 2020-10-02 10:49:20,878: signal_shutdown [signal-2]
[rospy.core][INFO] 2020-10-02 10:49:20,886: signal_shutdown [atexit]
