[rosmaster.main][INFO] 2020-10-05 06:46:12,494: initialization complete, waiting for shutdown
[rosmaster.main][INFO] 2020-10-05 06:46:12,494: Starting ROS Master Node
[xmlrpc][INFO] 2020-10-05 06:46:12,495: XML-RPC server binding to 0.0.0.0:11311
[xmlrpc][INFO] 2020-10-05 06:46:12,496: Started XML-RPC server [http://luigi:11311/]
[rosmaster.master][INFO] 2020-10-05 06:46:12,496: Master initialized: port[11311], uri[http://luigi:11311/]
[xmlrpc][INFO] 2020-10-05 06:46:12,496: xml rpc node: starting XML-RPC server
[rosmaster.master][INFO] 2020-10-05 06:46:12,577: +PARAM [/run_id] by /roslaunch
[rosmaster.master][INFO] 2020-10-05 06:46:12,579: +PARAM [/roslaunch/uris/host_luigi__33235] by /roslaunch
[rosmaster.master][INFO] 2020-10-05 06:46:12,638: +PARAM [/rosversion] by /roslaunch
[rosmaster.master][INFO] 2020-10-05 06:46:12,638: +PARAM [/rosdistro] by /roslaunch
[rosmaster.master][INFO] 2020-10-05 06:46:12,656: +SERVICE [/rosout/get_loggers] /rosout http://luigi:37441/
[rosmaster.master][INFO] 2020-10-05 06:46:12,657: +SERVICE [/rosout/set_logger_level] /rosout http://luigi:37441/
[rosmaster.master][INFO] 2020-10-05 06:46:12,659: +PUB [/rosout_agg] /rosout http://luigi:37441/
[rosmaster.master][INFO] 2020-10-05 06:46:12,663: +SUB [/rosout] /rosout http://luigi:37441/
[rosmaster.master][INFO] 2020-10-05 06:46:16,079: +PUB [/rosout] /train_1260_1601880375946 http://luigi:33327/
[rosmaster.master][INFO] 2020-10-05 06:46:16,083: +SERVICE [/train_1260_1601880375946/get_loggers] /train_1260_1601880375946 http://luigi:33327/
[rosmaster.master][INFO] 2020-10-05 06:46:16,084: +SERVICE [/train_1260_1601880375946/set_logger_level] /train_1260_1601880375946 http://luigi:33327/
[rosmaster.master][INFO] 2020-10-05 06:46:16,086: +SUB [/bev/flow_image] /train_1260_1601880375946 http://luigi:33327/
[rosmaster.master][INFO] 2020-10-05 06:46:16,088: +PUB [/cmd_vel/train] /train_1260_1601880375946 http://luigi:33327/
[rosmaster.master][INFO] 2020-10-05 06:46:16,100: publisherUpdate[/rosout] -> http://luigi:37441/ ['http://luigi:33327/']
[rosmaster.master][INFO] 2020-10-05 06:46:16,138: publisherUpdate[/rosout] -> http://luigi:37441/ ['http://luigi:33327/']: sec=0.04, result=[1, '', 0]
[rosmaster.master][INFO] 2020-10-05 06:46:48,722: -SUB [/bev/flow_image] /train_1260_1601880375946 http://luigi:33327/
[rosmaster.master][INFO] 2020-10-05 06:46:48,722: -PUB [/rosout] /train_1260_1601880375946 http://luigi:33327/
[rosmaster.master][INFO] 2020-10-05 06:46:48,722: -PUB [/cmd_vel/train] /train_1260_1601880375946 http://luigi:33327/
[rosmaster.master][INFO] 2020-10-05 06:46:48,722: -SERVICE [/train_1260_1601880375946/get_loggers] /train_1260_1601880375946 rosrpc://luigi:38973
[rosmaster.master][INFO] 2020-10-05 06:46:48,723: -SERVICE [/train_1260_1601880375946/set_logger_level] /train_1260_1601880375946 rosrpc://luigi:38973
[rosmaster.master][INFO] 2020-10-05 06:46:48,757: publisherUpdate[/rosout] -> http://luigi:37441/ []
[rosmaster.master][INFO] 2020-10-05 06:46:48,795: publisherUpdate[/rosout] -> http://luigi:37441/ []: sec=0.04, result=[1, '', 0]
[rosmaster.master][INFO] 2020-10-05 06:49:52,683: +PUB [/rosout] /train_1289_1601880592548 http://luigi:46373/
[rosmaster.master][INFO] 2020-10-05 06:49:52,687: +SERVICE [/train_1289_1601880592548/get_loggers] /train_1289_1601880592548 http://luigi:46373/
[rosmaster.master][INFO] 2020-10-05 06:49:52,688: +SERVICE [/train_1289_1601880592548/set_logger_level] /train_1289_1601880592548 http://luigi:46373/
[rosmaster.master][INFO] 2020-10-05 06:49:52,691: +SUB [/bev/flow_image] /train_1289_1601880592548 http://luigi:46373/
[rosmaster.master][INFO] 2020-10-05 06:49:52,692: +PUB [/cmd_vel/train] /train_1289_1601880592548 http://luigi:46373/
[rosmaster.master][INFO] 2020-10-05 06:49:52,714: publisherUpdate[/rosout] -> http://luigi:37441/ ['http://luigi:46373/']
[rosmaster.master][INFO] 2020-10-05 06:49:52,715: publisherUpdate[/rosout] -> http://luigi:37441/ ['http://luigi:46373/']: sec=0.00, result=[1, '', 0]
[rosmaster.master][INFO] 2020-10-05 06:50:56,977: -SUB [/bev/flow_image] /train_1289_1601880592548 http://luigi:46373/
[rosmaster.master][INFO] 2020-10-05 06:50:56,978: -PUB [/rosout] /train_1289_1601880592548 http://luigi:46373/
[rosmaster.master][INFO] 2020-10-05 06:50:56,978: -PUB [/cmd_vel/train] /train_1289_1601880592548 http://luigi:46373/
[rosmaster.master][INFO] 2020-10-05 06:50:56,978: -SERVICE [/train_1289_1601880592548/get_loggers] /train_1289_1601880592548 rosrpc://luigi:33521
[rosmaster.master][INFO] 2020-10-05 06:50:56,978: -SERVICE [/train_1289_1601880592548/set_logger_level] /train_1289_1601880592548 rosrpc://luigi:33521
[rosmaster.master][INFO] 2020-10-05 06:50:56,983: publisherUpdate[/rosout] -> http://luigi:37441/ []
[rosmaster.master][INFO] 2020-10-05 06:50:57,020: publisherUpdate[/rosout] -> http://luigi:37441/ []: sec=0.04, result=[1, '', 0]
[rosmaster.master][INFO] 2020-10-05 06:51:01,972: +PUB [/rosout] /train_1313_1601880661837 http://luigi:46017/
[rosmaster.master][INFO] 2020-10-05 06:51:01,976: +SERVICE [/train_1313_1601880661837/get_loggers] /train_1313_1601880661837 http://luigi:46017/
[rosmaster.master][INFO] 2020-10-05 06:51:01,978: +SERVICE [/train_1313_1601880661837/set_logger_level] /train_1313_1601880661837 http://luigi:46017/
[rosmaster.master][INFO] 2020-10-05 06:51:01,980: +SUB [/bev/flow_image] /train_1313_1601880661837 http://luigi:46017/
[rosmaster.master][INFO] 2020-10-05 06:51:01,981: +PUB [/cmd_vel/train] /train_1313_1601880661837 http://luigi:46017/
[rosmaster.master][INFO] 2020-10-05 06:51:02,029: publisherUpdate[/rosout] -> http://luigi:37441/ ['http://luigi:46017/']
[rosmaster.master][INFO] 2020-10-05 06:51:02,030: publisherUpdate[/rosout] -> http://luigi:37441/ ['http://luigi:46017/']: sec=0.00, result=[1, '', 0]
[rosmaster.master][INFO] 2020-10-05 06:51:02,677: -SUB [/bev/flow_image] /train_1313_1601880661837 http://luigi:46017/
[rosmaster.master][INFO] 2020-10-05 06:51:02,677: -PUB [/rosout] /train_1313_1601880661837 http://luigi:46017/
[rosmaster.master][INFO] 2020-10-05 06:51:02,677: -PUB [/cmd_vel/train] /train_1313_1601880661837 http://luigi:46017/
[rosmaster.master][INFO] 2020-10-05 06:51:02,677: -SERVICE [/train_1313_1601880661837/get_loggers] /train_1313_1601880661837 rosrpc://luigi:44037
[rosmaster.master][INFO] 2020-10-05 06:51:02,678: -SERVICE [/train_1313_1601880661837/set_logger_level] /train_1313_1601880661837 rosrpc://luigi:44037
[rosmaster.master][INFO] 2020-10-05 06:51:02,732: publisherUpdate[/rosout] -> http://luigi:37441/ []
[rosmaster.master][INFO] 2020-10-05 06:51:02,733: publisherUpdate[/rosout] -> http://luigi:37441/ []: sec=0.00, result=[1, '', 0]
[rosmaster.master][INFO] 2020-10-05 12:34:05,869: -PUB [/rosout_agg] /rosout http://luigi:37441/
[rosmaster.master][INFO] 2020-10-05 12:34:05,870: -SUB [/rosout] /rosout http://luigi:37441/
[rosmaster.master][INFO] 2020-10-05 12:34:05,871: -SERVICE [/rosout/get_loggers] /rosout rosrpc://luigi:39071
[rosmaster.master][INFO] 2020-10-05 12:34:05,872: -SERVICE [/rosout/set_logger_level] /rosout rosrpc://luigi:39071
[rosmaster.main][INFO] 2020-10-05 12:34:05,884: keyboard interrupt, will exit
[rosmaster.main][INFO] 2020-10-05 12:34:05,884: stopping master...
[rospy.core][INFO] 2020-10-05 12:34:05,884: signal_shutdown [atexit]
